[3.669s] Invoking command in '/home/jaay/Agnirath/Agnirath_LVS_Strategy/aarush_ros/src/main_package': PYTHONPATH=/home/jaay/Agnirath/Agnirath_LVS_Strategy/aarush_ros/build/main_package/prefix_override:/home/jaay/Agnirath/Agnirath_LVS_Strategy/aarush_ros/install/main_package/lib/python3.10/site-packages:${PYTHONPATH} /usr/bin/python3 setup.py egg_info --egg-base ../../build/main_package build --build-base /home/jaay/Agnirath/Agnirath_LVS_Strategy/aarush_ros/build/main_package/build install --record /home/jaay/Agnirath/Agnirath_LVS_Strategy/aarush_ros/build/main_package/install.log --single-version-externally-managed
[4.123s] running egg_info
[4.124s] writing ../../build/main_package/main_package.egg-info/PKG-INFO
[4.125s] writing dependency_links to ../../build/main_package/main_package.egg-info/dependency_links.txt
[4.125s] writing entry points to ../../build/main_package/main_package.egg-info/entry_points.txt
[4.125s] writing requirements to ../../build/main_package/main_package.egg-info/requires.txt
[4.125s] writing top-level names to ../../build/main_package/main_package.egg-info/top_level.txt
[4.128s] reading manifest file '../../build/main_package/main_package.egg-info/SOURCES.txt'
[4.128s] adding license file 'LICENSE'
[4.129s] writing manifest file '../../build/main_package/main_package.egg-info/SOURCES.txt'
[4.130s] running build
[4.130s] running build_py
[4.130s] copying main_package/main_node.py -> /home/jaay/Agnirath/Agnirath_LVS_Strategy/aarush_ros/build/main_package/build/lib/main_package
[4.130s] running install
[4.131s] running install_lib
[4.132s] copying /home/jaay/Agnirath/Agnirath_LVS_Strategy/aarush_ros/build/main_package/build/lib/main_package/main_node.py -> /home/jaay/Agnirath/Agnirath_LVS_Strategy/aarush_ros/install/main_package/lib/python3.10/site-packages/main_package
[4.132s] byte-compiling /home/jaay/Agnirath/Agnirath_LVS_Strategy/aarush_ros/install/main_package/lib/python3.10/site-packages/main_package/main_node.py to main_node.cpython-310.pyc
[4.136s] running install_data
[4.137s] running install_egg_info
[4.139s] removing '/home/jaay/Agnirath/Agnirath_LVS_Strategy/aarush_ros/install/main_package/lib/python3.10/site-packages/main_package-0.0.0-py3.10.egg-info' (and everything under it)
[4.140s] Copying ../../build/main_package/main_package.egg-info to /home/jaay/Agnirath/Agnirath_LVS_Strategy/aarush_ros/install/main_package/lib/python3.10/site-packages/main_package-0.0.0-py3.10.egg-info
[4.141s] running install_scripts
[4.170s] Installing main_node script to /home/jaay/Agnirath/Agnirath_LVS_Strategy/aarush_ros/install/main_package/lib/main_package
[4.170s] writing list of installed files to '/home/jaay/Agnirath/Agnirath_LVS_Strategy/aarush_ros/build/main_package/install.log'
[4.212s] Invoked command in '/home/jaay/Agnirath/Agnirath_LVS_Strategy/aarush_ros/src/main_package' returned '0': PYTHONPATH=/home/jaay/Agnirath/Agnirath_LVS_Strategy/aarush_ros/build/main_package/prefix_override:/home/jaay/Agnirath/Agnirath_LVS_Strategy/aarush_ros/install/main_package/lib/python3.10/site-packages:${PYTHONPATH} /usr/bin/python3 setup.py egg_info --egg-base ../../build/main_package build --build-base /home/jaay/Agnirath/Agnirath_LVS_Strategy/aarush_ros/build/main_package/build install --record /home/jaay/Agnirath/Agnirath_LVS_Strategy/aarush_ros/build/main_package/install.log --single-version-externally-managed
