[1.136s] Invoking command in '/home/jaay/Agnirath/Agnirath_LVS_Strategy/aarush_ros/src/main_package': PYTHONPATH=/home/jaay/Agnirath/Agnirath_LVS_Strategy/aarush_ros/build/main_package/prefix_override:/home/jaay/Agnirath/Agnirath_LVS_Strategy/aarush_ros/install/main_package/lib/python3.10/site-packages:${PYTHONPATH} /usr/bin/python3 setup.py egg_info --egg-base ../../build/main_package build --build-base /home/jaay/Agnirath/Agnirath_LVS_Strategy/aarush_ros/build/main_package/build install --record /home/jaay/Agnirath/Agnirath_LVS_Strategy/aarush_ros/build/main_package/install.log --single-version-externally-managed
[1.365s] running egg_info
[1.365s] writing ../../build/main_package/main_package.egg-info/PKG-INFO
[1.366s] writing dependency_links to ../../build/main_package/main_package.egg-info/dependency_links.txt
[1.366s] writing entry points to ../../build/main_package/main_package.egg-info/entry_points.txt
[1.366s] writing requirements to ../../build/main_package/main_package.egg-info/requires.txt
[1.366s] writing top-level names to ../../build/main_package/main_package.egg-info/top_level.txt
[1.367s] reading manifest file '../../build/main_package/main_package.egg-info/SOURCES.txt'
[1.368s] adding license file 'LICENSE'
[1.368s] writing manifest file '../../build/main_package/main_package.egg-info/SOURCES.txt'
[1.368s] running build
[1.368s] running build_py
[1.368s] copying main_package/main_node.py -> /home/jaay/Agnirath/Agnirath_LVS_Strategy/aarush_ros/build/main_package/build/lib/main_package
[1.369s] running install
[1.369s] running install_lib
[1.369s] copying /home/jaay/Agnirath/Agnirath_LVS_Strategy/aarush_ros/build/main_package/build/lib/main_package/main_node.py -> /home/jaay/Agnirath/Agnirath_LVS_Strategy/aarush_ros/install/main_package/lib/python3.10/site-packages/main_package
[1.370s] byte-compiling /home/jaay/Agnirath/Agnirath_LVS_Strategy/aarush_ros/install/main_package/lib/python3.10/site-packages/main_package/main_node.py to main_node.cpython-310.pyc
[1.371s] running install_data
[1.372s] running install_egg_info
[1.373s] removing '/home/jaay/Agnirath/Agnirath_LVS_Strategy/aarush_ros/install/main_package/lib/python3.10/site-packages/main_package-0.0.0-py3.10.egg-info' (and everything under it)
[1.373s] Copying ../../build/main_package/main_package.egg-info to /home/jaay/Agnirath/Agnirath_LVS_Strategy/aarush_ros/install/main_package/lib/python3.10/site-packages/main_package-0.0.0-py3.10.egg-info
[1.374s] running install_scripts
[1.389s] Installing main_node script to /home/jaay/Agnirath/Agnirath_LVS_Strategy/aarush_ros/install/main_package/lib/main_package
[1.389s] writing list of installed files to '/home/jaay/Agnirath/Agnirath_LVS_Strategy/aarush_ros/build/main_package/install.log'
[1.423s] Invoked command in '/home/jaay/Agnirath/Agnirath_LVS_Strategy/aarush_ros/src/main_package' returned '0': PYTHONPATH=/home/jaay/Agnirath/Agnirath_LVS_Strategy/aarush_ros/build/main_package/prefix_override:/home/jaay/Agnirath/Agnirath_LVS_Strategy/aarush_ros/install/main_package/lib/python3.10/site-packages:${PYTHONPATH} /usr/bin/python3 setup.py egg_info --egg-base ../../build/main_package build --build-base /home/jaay/Agnirath/Agnirath_LVS_Strategy/aarush_ros/build/main_package/build install --record /home/jaay/Agnirath/Agnirath_LVS_Strategy/aarush_ros/build/main_package/install.log --single-version-externally-managed
