[2.686s] Invoking command in '/home/ubuntu/Agnirath_LVS_Strategy/aarush_ros/src/my_package': PYTHONPATH=/home/ubuntu/Agnirath_LVS_Strategy/aarush_ros/build/my_package/prefix_override:/home/ubuntu/Agnirath_LVS_Strategy/aarush_ros/install/my_package/lib/python3.10/site-packages:${PYTHONPATH} /usr/bin/python3 setup.py egg_info --egg-base ../../build/my_package build --build-base /home/ubuntu/Agnirath_LVS_Strategy/aarush_ros/build/my_package/build install --record /home/ubuntu/Agnirath_LVS_Strategy/aarush_ros/build/my_package/install.log --single-version-externally-managed
[3.710s] running egg_info
[3.714s] writing ../../build/my_package/my_package.egg-info/PKG-INFO
[3.716s] writing dependency_links to ../../build/my_package/my_package.egg-info/dependency_links.txt
[3.717s] writing entry points to ../../build/my_package/my_package.egg-info/entry_points.txt
[3.717s] writing requirements to ../../build/my_package/my_package.egg-info/requires.txt
[3.718s] writing top-level names to ../../build/my_package/my_package.egg-info/top_level.txt
[3.825s] reading manifest file '../../build/my_package/my_package.egg-info/SOURCES.txt'
[3.842s] adding license file 'LICENSE'
[3.846s] writing manifest file '../../build/my_package/my_package.egg-info/SOURCES.txt'
[3.848s] running build
[3.850s] running build_py
[3.853s] running install
[3.855s] /usr/lib/python3/dist-packages/setuptools/command/install.py:34: SetuptoolsDeprecationWarning: setup.py install is deprecated. Use build and pip and other standards-based tools.
[3.855s]   warnings.warn(
[3.858s] running install_lib
[3.876s] running install_data
[3.881s] running install_egg_info
[3.892s] removing '/home/ubuntu/Agnirath_LVS_Strategy/aarush_ros/install/my_package/lib/python3.10/site-packages/my_package-0.0.0-py3.10.egg-info' (and everything under it)
[3.894s] Copying ../../build/my_package/my_package.egg-info to /home/ubuntu/Agnirath_LVS_Strategy/aarush_ros/install/my_package/lib/python3.10/site-packages/my_package-0.0.0-py3.10.egg-info
[3.902s] running install_scripts
[4.006s] Installing my_node script to /home/ubuntu/Agnirath_LVS_Strategy/aarush_ros/install/my_package/lib/my_package
[4.012s] writing list of installed files to '/home/ubuntu/Agnirath_LVS_Strategy/aarush_ros/build/my_package/install.log'
[4.151s] Invoked command in '/home/ubuntu/Agnirath_LVS_Strategy/aarush_ros/src/my_package' returned '0': PYTHONPATH=/home/ubuntu/Agnirath_LVS_Strategy/aarush_ros/build/my_package/prefix_override:/home/ubuntu/Agnirath_LVS_Strategy/aarush_ros/install/my_package/lib/python3.10/site-packages:${PYTHONPATH} /usr/bin/python3 setup.py egg_info --egg-base ../../build/my_package build --build-base /home/ubuntu/Agnirath_LVS_Strategy/aarush_ros/build/my_package/build install --record /home/ubuntu/Agnirath_LVS_Strategy/aarush_ros/build/my_package/install.log --single-version-externally-managed
