[0.683s] Invoking command in '/home/jaay/repositories/Agnirath_LVS_Strategy/aarush_ros/src/main_package': PYTHONPATH=/home/jaay/repositories/Agnirath_LVS_Strategy/aarush_ros/build/main_package/prefix_override:/home/jaay/repositories/Agnirath_LVS_Strategy/aarush_ros/install/main_package/lib/python3.10/site-packages:${PYTHONPATH} /usr/bin/python3 setup.py egg_info --egg-base ../../build/main_package build --build-base /home/jaay/repositories/Agnirath_LVS_Strategy/aarush_ros/build/main_package/build install --record /home/jaay/repositories/Agnirath_LVS_Strategy/aarush_ros/build/main_package/install.log --single-version-externally-managed
[0.873s] running egg_info
[0.873s] writing ../../build/main_package/main_package.egg-info/PKG-INFO
[0.873s] writing dependency_links to ../../build/main_package/main_package.egg-info/dependency_links.txt
[0.874s] writing entry points to ../../build/main_package/main_package.egg-info/entry_points.txt
[0.874s] writing requirements to ../../build/main_package/main_package.egg-info/requires.txt
[0.874s] writing top-level names to ../../build/main_package/main_package.egg-info/top_level.txt
[0.875s] reading manifest file '../../build/main_package/main_package.egg-info/SOURCES.txt'
[0.875s] adding license file 'LICENSE'
[0.875s] writing manifest file '../../build/main_package/main_package.egg-info/SOURCES.txt'
[0.875s] running build
[0.875s] running build_py
[0.876s] copying main_package/main_node.py -> /home/jaay/repositories/Agnirath_LVS_Strategy/aarush_ros/build/main_package/build/lib/main_package
[0.876s] running install
[0.876s] running install_lib
[0.876s] copying /home/jaay/repositories/Agnirath_LVS_Strategy/aarush_ros/build/main_package/build/lib/main_package/main_node.py -> /home/jaay/repositories/Agnirath_LVS_Strategy/aarush_ros/install/main_package/lib/python3.10/site-packages/main_package
[0.877s] byte-compiling /home/jaay/repositories/Agnirath_LVS_Strategy/aarush_ros/install/main_package/lib/python3.10/site-packages/main_package/main_node.py to main_node.cpython-310.pyc
[0.877s] running install_data
[0.877s] running install_egg_info
[0.878s] removing '/home/jaay/repositories/Agnirath_LVS_Strategy/aarush_ros/install/main_package/lib/python3.10/site-packages/main_package-0.0.0-py3.10.egg-info' (and everything under it)
[0.878s] Copying ../../build/main_package/main_package.egg-info to /home/jaay/repositories/Agnirath_LVS_Strategy/aarush_ros/install/main_package/lib/python3.10/site-packages/main_package-0.0.0-py3.10.egg-info
[0.879s] running install_scripts
[0.891s] Installing main_node script to /home/jaay/repositories/Agnirath_LVS_Strategy/aarush_ros/install/main_package/lib/main_package
[0.891s] writing list of installed files to '/home/jaay/repositories/Agnirath_LVS_Strategy/aarush_ros/build/main_package/install.log'
[0.912s] Invoked command in '/home/jaay/repositories/Agnirath_LVS_Strategy/aarush_ros/src/main_package' returned '0': PYTHONPATH=/home/jaay/repositories/Agnirath_LVS_Strategy/aarush_ros/build/main_package/prefix_override:/home/jaay/repositories/Agnirath_LVS_Strategy/aarush_ros/install/main_package/lib/python3.10/site-packages:${PYTHONPATH} /usr/bin/python3 setup.py egg_info --egg-base ../../build/main_package build --build-base /home/jaay/repositories/Agnirath_LVS_Strategy/aarush_ros/build/main_package/build install --record /home/jaay/repositories/Agnirath_LVS_Strategy/aarush_ros/build/main_package/install.log --single-version-externally-managed
