[3.399s] Invoking command in '/home/ubuntu/Agnirath_LVS_Strategy/aarush_ros/src/control_package': PYTHONPATH=/home/ubuntu/Agnirath_LVS_Strategy/aarush_ros/build/control_package/prefix_override:/home/ubuntu/Agnirath_LVS_Strategy/aarush_ros/install/control_package/lib/python3.10/site-packages:${PYTHONPATH} /usr/bin/python3 setup.py egg_info --egg-base ../../build/control_package build --build-base /home/ubuntu/Agnirath_LVS_Strategy/aarush_ros/build/control_package/build install --record /home/ubuntu/Agnirath_LVS_Strategy/aarush_ros/build/control_package/install.log --single-version-externally-managed
[4.423s] running egg_info
[4.426s] writing ../../build/control_package/control_package.egg-info/PKG-INFO
[4.427s] writing dependency_links to ../../build/control_package/control_package.egg-info/dependency_links.txt
[4.428s] writing entry points to ../../build/control_package/control_package.egg-info/entry_points.txt
[4.429s] writing requirements to ../../build/control_package/control_package.egg-info/requires.txt
[4.430s] writing top-level names to ../../build/control_package/control_package.egg-info/top_level.txt
[4.440s] reading manifest file '../../build/control_package/control_package.egg-info/SOURCES.txt'
[4.441s] adding license file 'LICENSE'
[4.444s] writing manifest file '../../build/control_package/control_package.egg-info/SOURCES.txt'
[4.445s] running build
[4.445s] running build_py
[4.447s] running install
[4.447s] /usr/lib/python3/dist-packages/setuptools/command/install.py:34: SetuptoolsDeprecationWarning: setup.py install is deprecated. Use build and pip and other standards-based tools.
[4.448s]   warnings.warn(
[4.449s] running install_lib
[4.454s] running install_data
[4.457s] running install_egg_info
[4.465s] removing '/home/ubuntu/Agnirath_LVS_Strategy/aarush_ros/install/control_package/lib/python3.10/site-packages/control_package-0.0.0-py3.10.egg-info' (and everything under it)
[4.466s] Copying ../../build/control_package/control_package.egg-info to /home/ubuntu/Agnirath_LVS_Strategy/aarush_ros/install/control_package/lib/python3.10/site-packages/control_package-0.0.0-py3.10.egg-info
[4.470s] running install_scripts
[4.558s] Installing control_node script to /home/ubuntu/Agnirath_LVS_Strategy/aarush_ros/install/control_package/lib/control_package
[4.560s] writing list of installed files to '/home/ubuntu/Agnirath_LVS_Strategy/aarush_ros/build/control_package/install.log'
[4.719s] Invoked command in '/home/ubuntu/Agnirath_LVS_Strategy/aarush_ros/src/control_package' returned '0': PYTHONPATH=/home/ubuntu/Agnirath_LVS_Strategy/aarush_ros/build/control_package/prefix_override:/home/ubuntu/Agnirath_LVS_Strategy/aarush_ros/install/control_package/lib/python3.10/site-packages:${PYTHONPATH} /usr/bin/python3 setup.py egg_info --egg-base ../../build/control_package build --build-base /home/ubuntu/Agnirath_LVS_Strategy/aarush_ros/build/control_package/build install --record /home/ubuntu/Agnirath_LVS_Strategy/aarush_ros/build/control_package/install.log --single-version-externally-managed
