[3.419s] Invoking command in '/home/ubuntu/Old_LV/aarush_ros/src/logging_package': PYTHONPATH=/home/ubuntu/Old_LV/aarush_ros/build/logging_package/prefix_override:/home/ubuntu/Old_LV/aarush_ros/install/logging_package/lib/python3.10/site-packages:${PYTHONPATH} /usr/bin/python3 setup.py egg_info --egg-base ../../build/logging_package build --build-base /home/ubuntu/Old_LV/aarush_ros/build/logging_package/build install --record /home/ubuntu/Old_LV/aarush_ros/build/logging_package/install.log --single-version-externally-managed
[4.989s] running egg_info
[4.994s] writing ../../build/logging_package/logging_package.egg-info/PKG-INFO
[5.002s] writing dependency_links to ../../build/logging_package/logging_package.egg-info/dependency_links.txt
[5.004s] writing entry points to ../../build/logging_package/logging_package.egg-info/entry_points.txt
[5.006s] writing requirements to ../../build/logging_package/logging_package.egg-info/requires.txt
[5.008s] writing top-level names to ../../build/logging_package/logging_package.egg-info/top_level.txt
[5.012s] reading manifest file '../../build/logging_package/logging_package.egg-info/SOURCES.txt'
[5.013s] adding license file 'LICENSE'
[5.018s] writing manifest file '../../build/logging_package/logging_package.egg-info/SOURCES.txt'
[5.021s] running build
[5.023s] running build_py
[5.027s] running install
[5.038s] /usr/lib/python3/dist-packages/setuptools/command/install.py:34: SetuptoolsDeprecationWarning: setup.py install is deprecated. Use build and pip and other standards-based tools.
[5.044s]   warnings.warn(
[5.048s] running install_lib
[5.053s] running install_data
[5.061s] running install_egg_info
[5.076s] removing '/home/ubuntu/Old_LV/aarush_ros/install/logging_package/lib/python3.10/site-packages/logging_package-0.0.0-py3.10.egg-info' (and everything under it)
[5.080s] Copying ../../build/logging_package/logging_package.egg-info to /home/ubuntu/Old_LV/aarush_ros/install/logging_package/lib/python3.10/site-packages/logging_package-0.0.0-py3.10.egg-info
[5.093s] running install_scripts
[5.229s] Installing logging_node script to /home/ubuntu/Old_LV/aarush_ros/install/logging_package/lib/logging_package
[5.232s] writing list of installed files to '/home/ubuntu/Old_LV/aarush_ros/build/logging_package/install.log'
[5.468s] Invoked command in '/home/ubuntu/Old_LV/aarush_ros/src/logging_package' returned '0': PYTHONPATH=/home/ubuntu/Old_LV/aarush_ros/build/logging_package/prefix_override:/home/ubuntu/Old_LV/aarush_ros/install/logging_package/lib/python3.10/site-packages:${PYTHONPATH} /usr/bin/python3 setup.py egg_info --egg-base ../../build/logging_package build --build-base /home/ubuntu/Old_LV/aarush_ros/build/logging_package/build install --record /home/ubuntu/Old_LV/aarush_ros/build/logging_package/install.log --single-version-externally-managed
