[2.541s] Invoking command in '/home/ubuntu/Old_LV/aarush_ros/src/gps_package': PYTHONPATH=/home/ubuntu/Old_LV/aarush_ros/build/gps_package/prefix_override:/home/ubuntu/Old_LV/aarush_ros/install/gps_package/lib/python3.10/site-packages:${PYTHONPATH} /usr/bin/python3 setup.py egg_info --egg-base ../../build/gps_package build --build-base /home/ubuntu/Old_LV/aarush_ros/build/gps_package/build install --record /home/ubuntu/Old_LV/aarush_ros/build/gps_package/install.log --single-version-externally-managed
[3.604s] running egg_info
[3.609s] writing ../../build/gps_package/gps_package.egg-info/PKG-INFO
[3.612s] writing dependency_links to ../../build/gps_package/gps_package.egg-info/dependency_links.txt
[3.614s] writing entry points to ../../build/gps_package/gps_package.egg-info/entry_points.txt
[3.616s] writing requirements to ../../build/gps_package/gps_package.egg-info/requires.txt
[3.617s] writing top-level names to ../../build/gps_package/gps_package.egg-info/top_level.txt
[3.630s] reading manifest file '../../build/gps_package/gps_package.egg-info/SOURCES.txt'
[3.632s] adding license file 'LICENSE'
[3.637s] writing manifest file '../../build/gps_package/gps_package.egg-info/SOURCES.txt'
[3.638s] running build
[3.640s] running build_py
[3.643s] running install
[3.645s] /usr/lib/python3/dist-packages/setuptools/command/install.py:34: SetuptoolsDeprecationWarning: setup.py install is deprecated. Use build and pip and other standards-based tools.
[3.646s]   warnings.warn(
[3.649s] running install_lib
[3.658s] running install_data
[3.662s] running install_egg_info
[3.671s] removing '/home/ubuntu/Old_LV/aarush_ros/install/gps_package/lib/python3.10/site-packages/gps_package-0.0.0-py3.10.egg-info' (and everything under it)
[3.673s] Copying ../../build/gps_package/gps_package.egg-info to /home/ubuntu/Old_LV/aarush_ros/install/gps_package/lib/python3.10/site-packages/gps_package-0.0.0-py3.10.egg-info
[3.679s] running install_scripts
[3.766s] Installing gps_node script to /home/ubuntu/Old_LV/aarush_ros/install/gps_package/lib/gps_package
[3.768s] writing list of installed files to '/home/ubuntu/Old_LV/aarush_ros/build/gps_package/install.log'
[3.910s] Invoked command in '/home/ubuntu/Old_LV/aarush_ros/src/gps_package' returned '0': PYTHONPATH=/home/ubuntu/Old_LV/aarush_ros/build/gps_package/prefix_override:/home/ubuntu/Old_LV/aarush_ros/install/gps_package/lib/python3.10/site-packages:${PYTHONPATH} /usr/bin/python3 setup.py egg_info --egg-base ../../build/gps_package build --build-base /home/ubuntu/Old_LV/aarush_ros/build/gps_package/build install --record /home/ubuntu/Old_LV/aarush_ros/build/gps_package/install.log --single-version-externally-managed
