[2.652s] Invoking command in '/home/ubuntu/Agnirath_LVS_Strategy/aarush_ros/src/mppt_package': PYTHONPATH=/home/ubuntu/Agnirath_LVS_Strategy/aarush_ros/build/mppt_package/prefix_override:/home/ubuntu/Agnirath_LVS_Strategy/aarush_ros/install/mppt_package/lib/python3.10/site-packages:${PYTHONPATH} /usr/bin/python3 setup.py egg_info --egg-base ../../build/mppt_package build --build-base /home/ubuntu/Agnirath_LVS_Strategy/aarush_ros/build/mppt_package/build install --record /home/ubuntu/Agnirath_LVS_Strategy/aarush_ros/build/mppt_package/install.log --single-version-externally-managed
[3.750s] running egg_info
[3.754s] writing ../../build/mppt_package/mppt_package.egg-info/PKG-INFO
[3.756s] writing dependency_links to ../../build/mppt_package/mppt_package.egg-info/dependency_links.txt
[3.757s] writing entry points to ../../build/mppt_package/mppt_package.egg-info/entry_points.txt
[3.759s] writing requirements to ../../build/mppt_package/mppt_package.egg-info/requires.txt
[3.760s] writing top-level names to ../../build/mppt_package/mppt_package.egg-info/top_level.txt
[3.770s] reading manifest file '../../build/mppt_package/mppt_package.egg-info/SOURCES.txt'
[3.772s] adding license file 'LICENSE'
[3.775s] writing manifest file '../../build/mppt_package/mppt_package.egg-info/SOURCES.txt'
[3.777s] running build
[3.777s] running build_py
[3.779s] running install
[3.780s] /usr/lib/python3/dist-packages/setuptools/command/install.py:34: SetuptoolsDeprecationWarning: setup.py install is deprecated. Use build and pip and other standards-based tools.
[3.781s]   warnings.warn(
[3.783s] running install_lib
[3.788s] running install_data
[3.792s] running install_egg_info
[3.799s] removing '/home/ubuntu/Agnirath_LVS_Strategy/aarush_ros/install/mppt_package/lib/python3.10/site-packages/mppt_package-0.0.0-py3.10.egg-info' (and everything under it)
[3.801s] Copying ../../build/mppt_package/mppt_package.egg-info to /home/ubuntu/Agnirath_LVS_Strategy/aarush_ros/install/mppt_package/lib/python3.10/site-packages/mppt_package-0.0.0-py3.10.egg-info
[3.807s] running install_scripts
[3.893s] Installing mppt_node script to /home/ubuntu/Agnirath_LVS_Strategy/aarush_ros/install/mppt_package/lib/mppt_package
[3.895s] writing list of installed files to '/home/ubuntu/Agnirath_LVS_Strategy/aarush_ros/build/mppt_package/install.log'
[4.121s] Invoked command in '/home/ubuntu/Agnirath_LVS_Strategy/aarush_ros/src/mppt_package' returned '0': PYTHONPATH=/home/ubuntu/Agnirath_LVS_Strategy/aarush_ros/build/mppt_package/prefix_override:/home/ubuntu/Agnirath_LVS_Strategy/aarush_ros/install/mppt_package/lib/python3.10/site-packages:${PYTHONPATH} /usr/bin/python3 setup.py egg_info --egg-base ../../build/mppt_package build --build-base /home/ubuntu/Agnirath_LVS_Strategy/aarush_ros/build/mppt_package/build install --record /home/ubuntu/Agnirath_LVS_Strategy/aarush_ros/build/mppt_package/install.log --single-version-externally-managed
