[3.539s] Invoking command in '/home/jaay/Agnirath/Agnirath_LVS_Strategy/aarush_ros/src/rf_package': PYTHONPATH=/home/jaay/Agnirath/Agnirath_LVS_Strategy/aarush_ros/build/rf_package/prefix_override:/home/jaay/Agnirath/Agnirath_LVS_Strategy/aarush_ros/install/rf_package/lib/python3.10/site-packages:${PYTHONPATH} /usr/bin/python3 setup.py egg_info --egg-base ../../build/rf_package build --build-base /home/jaay/Agnirath/Agnirath_LVS_Strategy/aarush_ros/build/rf_package/build install --record /home/jaay/Agnirath/Agnirath_LVS_Strategy/aarush_ros/build/rf_package/install.log --single-version-externally-managed
[3.935s] running egg_info
[3.936s] writing ../../build/rf_package/rf_package.egg-info/PKG-INFO
[3.936s] writing dependency_links to ../../build/rf_package/rf_package.egg-info/dependency_links.txt
[3.936s] writing entry points to ../../build/rf_package/rf_package.egg-info/entry_points.txt
[3.936s] writing requirements to ../../build/rf_package/rf_package.egg-info/requires.txt
[3.936s] writing top-level names to ../../build/rf_package/rf_package.egg-info/top_level.txt
[3.938s] reading manifest file '../../build/rf_package/rf_package.egg-info/SOURCES.txt'
[3.939s] adding license file 'LICENSE'
[3.940s] writing manifest file '../../build/rf_package/rf_package.egg-info/SOURCES.txt'
[3.940s] running build
[3.940s] running build_py
[3.940s] running install
[3.940s] running install_lib
[3.941s] running install_data
[3.942s] running install_egg_info
[3.943s] removing '/home/jaay/Agnirath/Agnirath_LVS_Strategy/aarush_ros/install/rf_package/lib/python3.10/site-packages/rf_package-0.0.0-py3.10.egg-info' (and everything under it)
[3.943s] Copying ../../build/rf_package/rf_package.egg-info to /home/jaay/Agnirath/Agnirath_LVS_Strategy/aarush_ros/install/rf_package/lib/python3.10/site-packages/rf_package-0.0.0-py3.10.egg-info
[3.944s] running install_scripts
[3.962s] Installing rf_node script to /home/jaay/Agnirath/Agnirath_LVS_Strategy/aarush_ros/install/rf_package/lib/rf_package
[3.963s] writing list of installed files to '/home/jaay/Agnirath/Agnirath_LVS_Strategy/aarush_ros/build/rf_package/install.log'
[4.020s] Invoked command in '/home/jaay/Agnirath/Agnirath_LVS_Strategy/aarush_ros/src/rf_package' returned '0': PYTHONPATH=/home/jaay/Agnirath/Agnirath_LVS_Strategy/aarush_ros/build/rf_package/prefix_override:/home/jaay/Agnirath/Agnirath_LVS_Strategy/aarush_ros/install/rf_package/lib/python3.10/site-packages:${PYTHONPATH} /usr/bin/python3 setup.py egg_info --egg-base ../../build/rf_package build --build-base /home/jaay/Agnirath/Agnirath_LVS_Strategy/aarush_ros/build/rf_package/build install --record /home/jaay/Agnirath/Agnirath_LVS_Strategy/aarush_ros/build/rf_package/install.log --single-version-externally-managed
