[2.556s] Invoking command in '/home/ubuntu/Old_LV/aarush_ros/src/mppt_package': PYTHONPATH=/home/ubuntu/Old_LV/aarush_ros/build/mppt_package/prefix_override:/home/ubuntu/Old_LV/aarush_ros/install/mppt_package/lib/python3.10/site-packages:${PYTHONPATH} /usr/bin/python3 setup.py egg_info --egg-base ../../build/mppt_package build --build-base /home/ubuntu/Old_LV/aarush_ros/build/mppt_package/build install --record /home/ubuntu/Old_LV/aarush_ros/build/mppt_package/install.log --single-version-externally-managed
[3.609s] running egg_info
[3.613s] writing ../../build/mppt_package/mppt_package.egg-info/PKG-INFO
[3.616s] writing dependency_links to ../../build/mppt_package/mppt_package.egg-info/dependency_links.txt
[3.618s] writing entry points to ../../build/mppt_package/mppt_package.egg-info/entry_points.txt
[3.620s] writing requirements to ../../build/mppt_package/mppt_package.egg-info/requires.txt
[3.626s] writing top-level names to ../../build/mppt_package/mppt_package.egg-info/top_level.txt
[3.629s] reading manifest file '../../build/mppt_package/mppt_package.egg-info/SOURCES.txt'
[3.632s] adding license file 'LICENSE'
[3.635s] writing manifest file '../../build/mppt_package/mppt_package.egg-info/SOURCES.txt'
[3.637s] running build
[3.649s] running build_py
[3.649s] copying mppt_package/mppt_node.py -> /home/ubuntu/Old_LV/aarush_ros/build/mppt_package/build/lib/mppt_package
[3.650s] running install
[3.650s] /usr/lib/python3/dist-packages/setuptools/command/install.py:34: SetuptoolsDeprecationWarning: setup.py install is deprecated. Use build and pip and other standards-based tools.
[3.650s]   warnings.warn(
[3.651s] running install_lib
[3.651s] copying /home/ubuntu/Old_LV/aarush_ros/build/mppt_package/build/lib/mppt_package/mppt_node.py -> /home/ubuntu/Old_LV/aarush_ros/install/mppt_package/lib/python3.10/site-packages/mppt_package
[3.651s] byte-compiling /home/ubuntu/Old_LV/aarush_ros/install/mppt_package/lib/python3.10/site-packages/mppt_package/mppt_node.py to mppt_node.cpython-310.pyc
[3.666s] running install_data
[3.668s] running install_egg_info
[3.676s] removing '/home/ubuntu/Old_LV/aarush_ros/install/mppt_package/lib/python3.10/site-packages/mppt_package-0.0.0-py3.10.egg-info' (and everything under it)
[3.677s] Copying ../../build/mppt_package/mppt_package.egg-info to /home/ubuntu/Old_LV/aarush_ros/install/mppt_package/lib/python3.10/site-packages/mppt_package-0.0.0-py3.10.egg-info
[3.679s] running install_scripts
[3.761s] Installing mppt_node script to /home/ubuntu/Old_LV/aarush_ros/install/mppt_package/lib/mppt_package
[3.763s] writing list of installed files to '/home/ubuntu/Old_LV/aarush_ros/build/mppt_package/install.log'
[3.900s] Invoked command in '/home/ubuntu/Old_LV/aarush_ros/src/mppt_package' returned '0': PYTHONPATH=/home/ubuntu/Old_LV/aarush_ros/build/mppt_package/prefix_override:/home/ubuntu/Old_LV/aarush_ros/install/mppt_package/lib/python3.10/site-packages:${PYTHONPATH} /usr/bin/python3 setup.py egg_info --egg-base ../../build/mppt_package build --build-base /home/ubuntu/Old_LV/aarush_ros/build/mppt_package/build install --record /home/ubuntu/Old_LV/aarush_ros/build/mppt_package/install.log --single-version-externally-managed
