[3.829s] Invoking command in '/home/ubuntu/Old_LV/aarush_ros/src/can_package': PYTHONPATH=/home/ubuntu/Old_LV/aarush_ros/build/can_package/prefix_override:/home/ubuntu/Old_LV/aarush_ros/install/can_package/lib/python3.10/site-packages:${PYTHONPATH} /usr/bin/python3 setup.py egg_info --egg-base ../../build/can_package build --build-base /home/ubuntu/Old_LV/aarush_ros/build/can_package/build install --record /home/ubuntu/Old_LV/aarush_ros/build/can_package/install.log --single-version-externally-managed
[4.988s] running egg_info
[5.001s] writing ../../build/can_package/can_package.egg-info/PKG-INFO
[5.003s] writing dependency_links to ../../build/can_package/can_package.egg-info/dependency_links.txt
[5.003s] writing entry points to ../../build/can_package/can_package.egg-info/entry_points.txt
[5.003s] writing requirements to ../../build/can_package/can_package.egg-info/requires.txt
[5.004s] writing top-level names to ../../build/can_package/can_package.egg-info/top_level.txt
[5.011s] reading manifest file '../../build/can_package/can_package.egg-info/SOURCES.txt'
[5.014s] adding license file 'LICENSE'
[5.017s] writing manifest file '../../build/can_package/can_package.egg-info/SOURCES.txt'
[5.020s] running build
[5.021s] running build_py
[5.027s] running install
[5.031s] /usr/lib/python3/dist-packages/setuptools/command/install.py:34: SetuptoolsDeprecationWarning: setup.py install is deprecated. Use build and pip and other standards-based tools.
[5.031s]   warnings.warn(
[5.033s] running install_lib
[5.040s] byte-compiling /home/ubuntu/Old_LV/aarush_ros/install/can_package/lib/python3.10/site-packages/can_package/py_tools_decode_test_dup.py to py_tools_decode_test_dup.cpython-310.pyc
[5.046s] running install_data
[5.049s] running install_egg_info
[5.057s] removing '/home/ubuntu/Old_LV/aarush_ros/install/can_package/lib/python3.10/site-packages/can_package-0.0.0-py3.10.egg-info' (and everything under it)
[5.064s] Copying ../../build/can_package/can_package.egg-info to /home/ubuntu/Old_LV/aarush_ros/install/can_package/lib/python3.10/site-packages/can_package-0.0.0-py3.10.egg-info
[5.086s] running install_scripts
[5.199s] Installing can_node_sim script to /home/ubuntu/Old_LV/aarush_ros/install/can_package/lib/can_package
[5.201s] Installing can_rx_node script to /home/ubuntu/Old_LV/aarush_ros/install/can_package/lib/can_package
[5.202s] Installing can_rx_node_dup script to /home/ubuntu/Old_LV/aarush_ros/install/can_package/lib/can_package
[5.204s] Installing can_rx_node_test script to /home/ubuntu/Old_LV/aarush_ros/install/can_package/lib/can_package
[5.206s] Installing can_tx_node script to /home/ubuntu/Old_LV/aarush_ros/install/can_package/lib/can_package
[5.209s] writing list of installed files to '/home/ubuntu/Old_LV/aarush_ros/build/can_package/install.log'
[5.403s] Invoked command in '/home/ubuntu/Old_LV/aarush_ros/src/can_package' returned '0': PYTHONPATH=/home/ubuntu/Old_LV/aarush_ros/build/can_package/prefix_override:/home/ubuntu/Old_LV/aarush_ros/install/can_package/lib/python3.10/site-packages:${PYTHONPATH} /usr/bin/python3 setup.py egg_info --egg-base ../../build/can_package build --build-base /home/ubuntu/Old_LV/aarush_ros/build/can_package/build install --record /home/ubuntu/Old_LV/aarush_ros/build/can_package/install.log --single-version-externally-managed
