[3.610s] Invoking command in '/home/jaay/Agnirath/Agnirath_LVS_Strategy/aarush_ros/src/control_package': PYTHONPATH=/home/jaay/Agnirath/Agnirath_LVS_Strategy/aarush_ros/build/control_package/prefix_override:/home/jaay/Agnirath/Agnirath_LVS_Strategy/aarush_ros/install/control_package/lib/python3.10/site-packages:${PYTHONPATH} /usr/bin/python3 setup.py egg_info --egg-base ../../build/control_package build --build-base /home/jaay/Agnirath/Agnirath_LVS_Strategy/aarush_ros/build/control_package/build install --record /home/jaay/Agnirath/Agnirath_LVS_Strategy/aarush_ros/build/control_package/install.log --single-version-externally-managed
[3.910s] running egg_info
[3.911s] writing ../../build/control_package/control_package.egg-info/PKG-INFO
[3.911s] writing dependency_links to ../../build/control_package/control_package.egg-info/dependency_links.txt
[3.911s] writing entry points to ../../build/control_package/control_package.egg-info/entry_points.txt
[3.911s] writing requirements to ../../build/control_package/control_package.egg-info/requires.txt
[3.912s] writing top-level names to ../../build/control_package/control_package.egg-info/top_level.txt
[3.914s] reading manifest file '../../build/control_package/control_package.egg-info/SOURCES.txt'
[3.914s] adding license file 'LICENSE'
[3.915s] writing manifest file '../../build/control_package/control_package.egg-info/SOURCES.txt'
[3.915s] running build
[3.915s] running build_py
[3.915s] copying control_package/control_node.py -> /home/jaay/Agnirath/Agnirath_LVS_Strategy/aarush_ros/build/control_package/build/lib/control_package
[3.916s] running install
[3.916s] running install_lib
[3.917s] copying /home/jaay/Agnirath/Agnirath_LVS_Strategy/aarush_ros/build/control_package/build/lib/control_package/control_node.py -> /home/jaay/Agnirath/Agnirath_LVS_Strategy/aarush_ros/install/control_package/lib/python3.10/site-packages/control_package
[3.918s] byte-compiling /home/jaay/Agnirath/Agnirath_LVS_Strategy/aarush_ros/install/control_package/lib/python3.10/site-packages/control_package/control_node.py to control_node.cpython-310.pyc
[3.919s] running install_data
[3.919s] running install_egg_info
[3.921s] removing '/home/jaay/Agnirath/Agnirath_LVS_Strategy/aarush_ros/install/control_package/lib/python3.10/site-packages/control_package-0.0.0-py3.10.egg-info' (and everything under it)
[3.921s] Copying ../../build/control_package/control_package.egg-info to /home/jaay/Agnirath/Agnirath_LVS_Strategy/aarush_ros/install/control_package/lib/python3.10/site-packages/control_package-0.0.0-py3.10.egg-info
[3.922s] running install_scripts
[3.948s] Installing control_node script to /home/jaay/Agnirath/Agnirath_LVS_Strategy/aarush_ros/install/control_package/lib/control_package
[3.948s] writing list of installed files to '/home/jaay/Agnirath/Agnirath_LVS_Strategy/aarush_ros/build/control_package/install.log'
[4.030s] Invoked command in '/home/jaay/Agnirath/Agnirath_LVS_Strategy/aarush_ros/src/control_package' returned '0': PYTHONPATH=/home/jaay/Agnirath/Agnirath_LVS_Strategy/aarush_ros/build/control_package/prefix_override:/home/jaay/Agnirath/Agnirath_LVS_Strategy/aarush_ros/install/control_package/lib/python3.10/site-packages:${PYTHONPATH} /usr/bin/python3 setup.py egg_info --egg-base ../../build/control_package build --build-base /home/jaay/Agnirath/Agnirath_LVS_Strategy/aarush_ros/build/control_package/build install --record /home/jaay/Agnirath/Agnirath_LVS_Strategy/aarush_ros/build/control_package/install.log --single-version-externally-managed
