[2.779s] Invoking command in '/home/ubuntu/Agnirath_LVS_Strategy/aarush_ros/src/mppt_package': PYTHONPATH=/home/ubuntu/Agnirath_LVS_Strategy/aarush_ros/build/mppt_package/prefix_override:/home/ubuntu/Agnirath_LVS_Strategy/aarush_ros/install/mppt_package/lib/python3.10/site-packages:${PYTHONPATH} /usr/bin/python3 setup.py egg_info --egg-base ../../build/mppt_package build --build-base /home/ubuntu/Agnirath_LVS_Strategy/aarush_ros/build/mppt_package/build install --record /home/ubuntu/Agnirath_LVS_Strategy/aarush_ros/build/mppt_package/install.log --single-version-externally-managed
[3.759s] running egg_info
[3.762s] writing ../../build/mppt_package/mppt_package.egg-info/PKG-INFO
[3.763s] writing dependency_links to ../../build/mppt_package/mppt_package.egg-info/dependency_links.txt
[3.763s] writing entry points to ../../build/mppt_package/mppt_package.egg-info/entry_points.txt
[3.764s] writing requirements to ../../build/mppt_package/mppt_package.egg-info/requires.txt
[3.765s] writing top-level names to ../../build/mppt_package/mppt_package.egg-info/top_level.txt
[3.774s] reading manifest file '../../build/mppt_package/mppt_package.egg-info/SOURCES.txt'
[3.776s] adding license file 'LICENSE'
[3.780s] writing manifest file '../../build/mppt_package/mppt_package.egg-info/SOURCES.txt'
[3.781s] running build
[3.782s] running build_py
[3.784s] running install
[3.785s] /usr/lib/python3/dist-packages/setuptools/command/install.py:34: SetuptoolsDeprecationWarning: setup.py install is deprecated. Use build and pip and other standards-based tools.
[3.786s]   warnings.warn(
[3.788s] running install_lib
[3.794s] running install_data
[3.798s] running install_egg_info
[3.808s] removing '/home/ubuntu/Agnirath_LVS_Strategy/aarush_ros/install/mppt_package/lib/python3.10/site-packages/mppt_package-0.0.0-py3.10.egg-info' (and everything under it)
[3.811s] Copying ../../build/mppt_package/mppt_package.egg-info to /home/ubuntu/Agnirath_LVS_Strategy/aarush_ros/install/mppt_package/lib/python3.10/site-packages/mppt_package-0.0.0-py3.10.egg-info
[3.819s] running install_scripts
[3.918s] Installing mppt_node script to /home/ubuntu/Agnirath_LVS_Strategy/aarush_ros/install/mppt_package/lib/mppt_package
[3.920s] writing list of installed files to '/home/ubuntu/Agnirath_LVS_Strategy/aarush_ros/build/mppt_package/install.log'
[4.066s] Invoked command in '/home/ubuntu/Agnirath_LVS_Strategy/aarush_ros/src/mppt_package' returned '0': PYTHONPATH=/home/ubuntu/Agnirath_LVS_Strategy/aarush_ros/build/mppt_package/prefix_override:/home/ubuntu/Agnirath_LVS_Strategy/aarush_ros/install/mppt_package/lib/python3.10/site-packages:${PYTHONPATH} /usr/bin/python3 setup.py egg_info --egg-base ../../build/mppt_package build --build-base /home/ubuntu/Agnirath_LVS_Strategy/aarush_ros/build/mppt_package/build install --record /home/ubuntu/Agnirath_LVS_Strategy/aarush_ros/build/mppt_package/install.log --single-version-externally-managed
