[0.299s] DEBUG:colcon:Command line arguments: ['/usr/bin/colcon', 'build', '--packages-select', 'main_package', 'daq_package']
[0.299s] DEBUG:colcon:Parsed command line arguments: Namespace(log_base=None, log_level=None, verb_name='build', build_base='build', install_base='install', merge_install=False, symlink_install=False, test_result_base=None, continue_on_error=False, executor='parallel', parallel_workers=16, event_handlers=None, ignore_user_meta=False, metas=['./colcon.meta'], base_paths=['.'], packages_ignore=None, packages_ignore_regex=None, paths=None, packages_up_to=None, packages_up_to_regex=None, packages_above=None, packages_above_and_dependencies=None, packages_above_depth=None, packages_select_by_dep=None, packages_skip_by_dep=None, packages_skip_up_to=None, packages_select_build_failed=False, packages_skip_build_finished=False, packages_select_test_failures=False, packages_skip_test_passed=False, packages_select=['main_package', 'daq_package'], packages_skip=None, packages_select_regex=None, packages_skip_regex=None, packages_start=None, packages_end=None, allow_overriding=[], cmake_args=None, cmake_target=None, cmake_target_skip_unavailable=False, cmake_clean_cache=False, cmake_clean_first=False, cmake_force_configure=False, ament_cmake_args=None, catkin_cmake_args=None, catkin_skip_building_tests=False, verb_parser=<colcon_defaults.argument_parser.defaults.DefaultArgumentsDecorator object at 0x7fab39d36e90>, verb_extension=<colcon_core.verb.build.BuildVerb object at 0x7fab3a734a60>, main=<bound method BuildVerb.main of <colcon_core.verb.build.BuildVerb object at 0x7fab3a734a60>>)
[0.320s] Level 1:colcon.colcon_core.package_discovery:discover_packages(colcon_meta) check parameters
[0.320s] Level 1:colcon.colcon_core.package_discovery:discover_packages(recursive) check parameters
[0.321s] Level 1:colcon.colcon_core.package_discovery:discover_packages(ignore) check parameters
[0.321s] Level 1:colcon.colcon_core.package_discovery:discover_packages(path) check parameters
[0.321s] Level 1:colcon.colcon_core.package_discovery:discover_packages(colcon_meta) discover
[0.321s] Level 1:colcon.colcon_core.package_discovery:discover_packages(recursive) discover
[0.321s] INFO:colcon.colcon_core.package_discovery:Crawling recursively for packages in '/home/jaay/Agnirath/Agnirath_LVS_Strategy/aarush_ros'
[0.321s] Level 1:colcon.colcon_core.package_identification:_identify(.) by extensions ['ignore', 'ignore_ament_install']
[0.321s] Level 1:colcon.colcon_core.package_identification:_identify(.) by extension 'ignore'
[0.321s] Level 1:colcon.colcon_core.package_identification:_identify(.) by extension 'ignore_ament_install'
[0.321s] Level 1:colcon.colcon_core.package_identification:_identify(.) by extensions ['colcon_pkg']
[0.321s] Level 1:colcon.colcon_core.package_identification:_identify(.) by extension 'colcon_pkg'
[0.321s] Level 1:colcon.colcon_core.package_identification:_identify(.) by extensions ['colcon_meta']
[0.321s] Level 1:colcon.colcon_core.package_identification:_identify(.) by extension 'colcon_meta'
[0.321s] Level 1:colcon.colcon_core.package_identification:_identify(.) by extensions ['ros']
[0.321s] Level 1:colcon.colcon_core.package_identification:_identify(.) by extension 'ros'
[0.332s] Level 1:colcon.colcon_core.package_identification:_identify(.) by extensions ['cmake', 'python']
[0.332s] Level 1:colcon.colcon_core.package_identification:_identify(.) by extension 'cmake'
[0.332s] Level 1:colcon.colcon_core.package_identification:_identify(.) by extension 'python'
[0.332s] Level 1:colcon.colcon_core.package_identification:_identify(.) by extensions ['python_setup_py']
[0.332s] Level 1:colcon.colcon_core.package_identification:_identify(.) by extension 'python_setup_py'
[0.332s] Level 1:colcon.colcon_core.package_identification:_identify(build) by extensions ['ignore', 'ignore_ament_install']
[0.332s] Level 1:colcon.colcon_core.package_identification:_identify(build) by extension 'ignore'
[0.332s] Level 1:colcon.colcon_core.package_identification:_identify(build) ignored
[0.333s] Level 1:colcon.colcon_core.package_identification:_identify(install) by extensions ['ignore', 'ignore_ament_install']
[0.333s] Level 1:colcon.colcon_core.package_identification:_identify(install) by extension 'ignore'
[0.333s] Level 1:colcon.colcon_core.package_identification:_identify(install) ignored
[0.333s] Level 1:colcon.colcon_core.package_identification:_identify(log) by extensions ['ignore', 'ignore_ament_install']
[0.333s] Level 1:colcon.colcon_core.package_identification:_identify(log) by extension 'ignore'
[0.333s] Level 1:colcon.colcon_core.package_identification:_identify(log) ignored
[0.333s] Level 1:colcon.colcon_core.package_identification:_identify(src) by extensions ['ignore', 'ignore_ament_install']
[0.333s] Level 1:colcon.colcon_core.package_identification:_identify(src) by extension 'ignore'
[0.334s] Level 1:colcon.colcon_core.package_identification:_identify(src) by extension 'ignore_ament_install'
[0.334s] Level 1:colcon.colcon_core.package_identification:_identify(src) by extensions ['colcon_pkg']
[0.334s] Level 1:colcon.colcon_core.package_identification:_identify(src) by extension 'colcon_pkg'
[0.334s] Level 1:colcon.colcon_core.package_identification:_identify(src) by extensions ['colcon_meta']
[0.334s] Level 1:colcon.colcon_core.package_identification:_identify(src) by extension 'colcon_meta'
[0.334s] Level 1:colcon.colcon_core.package_identification:_identify(src) by extensions ['ros']
[0.334s] Level 1:colcon.colcon_core.package_identification:_identify(src) by extension 'ros'
[0.334s] Level 1:colcon.colcon_core.package_identification:_identify(src) by extensions ['cmake', 'python']
[0.334s] Level 1:colcon.colcon_core.package_identification:_identify(src) by extension 'cmake'
[0.334s] Level 1:colcon.colcon_core.package_identification:_identify(src) by extension 'python'
[0.334s] Level 1:colcon.colcon_core.package_identification:_identify(src) by extensions ['python_setup_py']
[0.334s] Level 1:colcon.colcon_core.package_identification:_identify(src) by extension 'python_setup_py'
[0.334s] Level 1:colcon.colcon_core.package_identification:_identify(src/battery_package) by extensions ['ignore', 'ignore_ament_install']
[0.334s] Level 1:colcon.colcon_core.package_identification:_identify(src/battery_package) by extension 'ignore'
[0.334s] Level 1:colcon.colcon_core.package_identification:_identify(src/battery_package) by extension 'ignore_ament_install'
[0.334s] Level 1:colcon.colcon_core.package_identification:_identify(src/battery_package) by extensions ['colcon_pkg']
[0.334s] Level 1:colcon.colcon_core.package_identification:_identify(src/battery_package) by extension 'colcon_pkg'
[0.334s] Level 1:colcon.colcon_core.package_identification:_identify(src/battery_package) by extensions ['colcon_meta']
[0.334s] Level 1:colcon.colcon_core.package_identification:_identify(src/battery_package) by extension 'colcon_meta'
[0.334s] Level 1:colcon.colcon_core.package_identification:_identify(src/battery_package) by extensions ['ros']
[0.334s] Level 1:colcon.colcon_core.package_identification:_identify(src/battery_package) by extension 'ros'
[0.336s] DEBUG:colcon.colcon_core.package_identification:Package 'src/battery_package' with type 'ros.ament_python' and name 'battery_package'
[0.336s] Level 1:colcon.colcon_core.package_identification:_identify(src/can_package) by extensions ['ignore', 'ignore_ament_install']
[0.337s] Level 1:colcon.colcon_core.package_identification:_identify(src/can_package) by extension 'ignore'
[0.337s] Level 1:colcon.colcon_core.package_identification:_identify(src/can_package) by extension 'ignore_ament_install'
[0.337s] Level 1:colcon.colcon_core.package_identification:_identify(src/can_package) by extensions ['colcon_pkg']
[0.337s] Level 1:colcon.colcon_core.package_identification:_identify(src/can_package) by extension 'colcon_pkg'
[0.337s] Level 1:colcon.colcon_core.package_identification:_identify(src/can_package) by extensions ['colcon_meta']
[0.337s] Level 1:colcon.colcon_core.package_identification:_identify(src/can_package) by extension 'colcon_meta'
[0.337s] Level 1:colcon.colcon_core.package_identification:_identify(src/can_package) by extensions ['ros']
[0.337s] Level 1:colcon.colcon_core.package_identification:_identify(src/can_package) by extension 'ros'
[0.337s] DEBUG:colcon.colcon_core.package_identification:Package 'src/can_package' with type 'ros.ament_python' and name 'can_package'
[0.337s] Level 1:colcon.colcon_core.package_identification:_identify(src/control_package) by extensions ['ignore', 'ignore_ament_install']
[0.337s] Level 1:colcon.colcon_core.package_identification:_identify(src/control_package) by extension 'ignore'
[0.337s] Level 1:colcon.colcon_core.package_identification:_identify(src/control_package) by extension 'ignore_ament_install'
[0.337s] Level 1:colcon.colcon_core.package_identification:_identify(src/control_package) by extensions ['colcon_pkg']
[0.337s] Level 1:colcon.colcon_core.package_identification:_identify(src/control_package) by extension 'colcon_pkg'
[0.337s] Level 1:colcon.colcon_core.package_identification:_identify(src/control_package) by extensions ['colcon_meta']
[0.337s] Level 1:colcon.colcon_core.package_identification:_identify(src/control_package) by extension 'colcon_meta'
[0.338s] Level 1:colcon.colcon_core.package_identification:_identify(src/control_package) by extensions ['ros']
[0.338s] Level 1:colcon.colcon_core.package_identification:_identify(src/control_package) by extension 'ros'
[0.338s] DEBUG:colcon.colcon_core.package_identification:Package 'src/control_package' with type 'ros.ament_python' and name 'control_package'
[0.338s] Level 1:colcon.colcon_core.package_identification:_identify(src/daq_package) by extensions ['ignore', 'ignore_ament_install']
[0.338s] Level 1:colcon.colcon_core.package_identification:_identify(src/daq_package) by extension 'ignore'
[0.338s] Level 1:colcon.colcon_core.package_identification:_identify(src/daq_package) by extension 'ignore_ament_install'
[0.338s] Level 1:colcon.colcon_core.package_identification:_identify(src/daq_package) by extensions ['colcon_pkg']
[0.338s] Level 1:colcon.colcon_core.package_identification:_identify(src/daq_package) by extension 'colcon_pkg'
[0.338s] Level 1:colcon.colcon_core.package_identification:_identify(src/daq_package) by extensions ['colcon_meta']
[0.338s] Level 1:colcon.colcon_core.package_identification:_identify(src/daq_package) by extension 'colcon_meta'
[0.338s] Level 1:colcon.colcon_core.package_identification:_identify(src/daq_package) by extensions ['ros']
[0.338s] Level 1:colcon.colcon_core.package_identification:_identify(src/daq_package) by extension 'ros'
[0.338s] DEBUG:colcon.colcon_core.package_identification:Package 'src/daq_package' with type 'ros.ament_python' and name 'daq_package'
[0.339s] Level 1:colcon.colcon_core.package_identification:_identify(src/display_package) by extensions ['ignore', 'ignore_ament_install']
[0.339s] Level 1:colcon.colcon_core.package_identification:_identify(src/display_package) by extension 'ignore'
[0.339s] Level 1:colcon.colcon_core.package_identification:_identify(src/display_package) by extension 'ignore_ament_install'
[0.339s] Level 1:colcon.colcon_core.package_identification:_identify(src/display_package) by extensions ['colcon_pkg']
[0.339s] Level 1:colcon.colcon_core.package_identification:_identify(src/display_package) by extension 'colcon_pkg'
[0.339s] Level 1:colcon.colcon_core.package_identification:_identify(src/display_package) by extensions ['colcon_meta']
[0.339s] Level 1:colcon.colcon_core.package_identification:_identify(src/display_package) by extension 'colcon_meta'
[0.339s] Level 1:colcon.colcon_core.package_identification:_identify(src/display_package) by extensions ['ros']
[0.339s] Level 1:colcon.colcon_core.package_identification:_identify(src/display_package) by extension 'ros'
[0.339s] DEBUG:colcon.colcon_core.package_identification:Package 'src/display_package' with type 'ros.ament_python' and name 'display_package'
[0.339s] Level 1:colcon.colcon_core.package_identification:_identify(src/gps_package) by extensions ['ignore', 'ignore_ament_install']
[0.339s] Level 1:colcon.colcon_core.package_identification:_identify(src/gps_package) by extension 'ignore'
[0.339s] Level 1:colcon.colcon_core.package_identification:_identify(src/gps_package) by extension 'ignore_ament_install'
[0.339s] Level 1:colcon.colcon_core.package_identification:_identify(src/gps_package) by extensions ['colcon_pkg']
[0.339s] Level 1:colcon.colcon_core.package_identification:_identify(src/gps_package) by extension 'colcon_pkg'
[0.339s] Level 1:colcon.colcon_core.package_identification:_identify(src/gps_package) by extensions ['colcon_meta']
[0.339s] Level 1:colcon.colcon_core.package_identification:_identify(src/gps_package) by extension 'colcon_meta'
[0.340s] Level 1:colcon.colcon_core.package_identification:_identify(src/gps_package) by extensions ['ros']
[0.340s] Level 1:colcon.colcon_core.package_identification:_identify(src/gps_package) by extension 'ros'
[0.340s] DEBUG:colcon.colcon_core.package_identification:Package 'src/gps_package' with type 'ros.ament_python' and name 'gps_package'
[0.340s] Level 1:colcon.colcon_core.package_identification:_identify(src/imu_package) by extensions ['ignore', 'ignore_ament_install']
[0.340s] Level 1:colcon.colcon_core.package_identification:_identify(src/imu_package) by extension 'ignore'
[0.340s] Level 1:colcon.colcon_core.package_identification:_identify(src/imu_package) by extension 'ignore_ament_install'
[0.340s] Level 1:colcon.colcon_core.package_identification:_identify(src/imu_package) by extensions ['colcon_pkg']
[0.340s] Level 1:colcon.colcon_core.package_identification:_identify(src/imu_package) by extension 'colcon_pkg'
[0.340s] Level 1:colcon.colcon_core.package_identification:_identify(src/imu_package) by extensions ['colcon_meta']
[0.340s] Level 1:colcon.colcon_core.package_identification:_identify(src/imu_package) by extension 'colcon_meta'
[0.340s] Level 1:colcon.colcon_core.package_identification:_identify(src/imu_package) by extensions ['ros']
[0.340s] Level 1:colcon.colcon_core.package_identification:_identify(src/imu_package) by extension 'ros'
[0.341s] DEBUG:colcon.colcon_core.package_identification:Package 'src/imu_package' with type 'ros.ament_python' and name 'imu_package'
[0.341s] Level 1:colcon.colcon_core.package_identification:_identify(src/logging_package) by extensions ['ignore', 'ignore_ament_install']
[0.341s] Level 1:colcon.colcon_core.package_identification:_identify(src/logging_package) by extension 'ignore'
[0.341s] Level 1:colcon.colcon_core.package_identification:_identify(src/logging_package) by extension 'ignore_ament_install'
[0.341s] Level 1:colcon.colcon_core.package_identification:_identify(src/logging_package) by extensions ['colcon_pkg']
[0.341s] Level 1:colcon.colcon_core.package_identification:_identify(src/logging_package) by extension 'colcon_pkg'
[0.341s] Level 1:colcon.colcon_core.package_identification:_identify(src/logging_package) by extensions ['colcon_meta']
[0.341s] Level 1:colcon.colcon_core.package_identification:_identify(src/logging_package) by extension 'colcon_meta'
[0.341s] Level 1:colcon.colcon_core.package_identification:_identify(src/logging_package) by extensions ['ros']
[0.341s] Level 1:colcon.colcon_core.package_identification:_identify(src/logging_package) by extension 'ros'
[0.341s] DEBUG:colcon.colcon_core.package_identification:Package 'src/logging_package' with type 'ros.ament_python' and name 'logging_package'
[0.341s] Level 1:colcon.colcon_core.package_identification:_identify(src/main_package) by extensions ['ignore', 'ignore_ament_install']
[0.341s] Level 1:colcon.colcon_core.package_identification:_identify(src/main_package) by extension 'ignore'
[0.342s] Level 1:colcon.colcon_core.package_identification:_identify(src/main_package) by extension 'ignore_ament_install'
[0.342s] Level 1:colcon.colcon_core.package_identification:_identify(src/main_package) by extensions ['colcon_pkg']
[0.342s] Level 1:colcon.colcon_core.package_identification:_identify(src/main_package) by extension 'colcon_pkg'
[0.342s] Level 1:colcon.colcon_core.package_identification:_identify(src/main_package) by extensions ['colcon_meta']
[0.342s] Level 1:colcon.colcon_core.package_identification:_identify(src/main_package) by extension 'colcon_meta'
[0.342s] Level 1:colcon.colcon_core.package_identification:_identify(src/main_package) by extensions ['ros']
[0.342s] Level 1:colcon.colcon_core.package_identification:_identify(src/main_package) by extension 'ros'
[0.342s] DEBUG:colcon.colcon_core.package_identification:Package 'src/main_package' with type 'ros.ament_python' and name 'main_package'
[0.342s] Level 1:colcon.colcon_core.package_identification:_identify(src/mc_package) by extensions ['ignore', 'ignore_ament_install']
[0.342s] Level 1:colcon.colcon_core.package_identification:_identify(src/mc_package) by extension 'ignore'
[0.342s] Level 1:colcon.colcon_core.package_identification:_identify(src/mc_package) by extension 'ignore_ament_install'
[0.342s] Level 1:colcon.colcon_core.package_identification:_identify(src/mc_package) by extensions ['colcon_pkg']
[0.342s] Level 1:colcon.colcon_core.package_identification:_identify(src/mc_package) by extension 'colcon_pkg'
[0.342s] Level 1:colcon.colcon_core.package_identification:_identify(src/mc_package) by extensions ['colcon_meta']
[0.342s] Level 1:colcon.colcon_core.package_identification:_identify(src/mc_package) by extension 'colcon_meta'
[0.342s] Level 1:colcon.colcon_core.package_identification:_identify(src/mc_package) by extensions ['ros']
[0.342s] Level 1:colcon.colcon_core.package_identification:_identify(src/mc_package) by extension 'ros'
[0.343s] DEBUG:colcon.colcon_core.package_identification:Package 'src/mc_package' with type 'ros.ament_python' and name 'mc_package'
[0.343s] Level 1:colcon.colcon_core.package_identification:_identify(src/mppt_package) by extensions ['ignore', 'ignore_ament_install']
[0.343s] Level 1:colcon.colcon_core.package_identification:_identify(src/mppt_package) by extension 'ignore'
[0.343s] Level 1:colcon.colcon_core.package_identification:_identify(src/mppt_package) by extension 'ignore_ament_install'
[0.343s] Level 1:colcon.colcon_core.package_identification:_identify(src/mppt_package) by extensions ['colcon_pkg']
[0.343s] Level 1:colcon.colcon_core.package_identification:_identify(src/mppt_package) by extension 'colcon_pkg'
[0.343s] Level 1:colcon.colcon_core.package_identification:_identify(src/mppt_package) by extensions ['colcon_meta']
[0.343s] Level 1:colcon.colcon_core.package_identification:_identify(src/mppt_package) by extension 'colcon_meta'
[0.343s] Level 1:colcon.colcon_core.package_identification:_identify(src/mppt_package) by extensions ['ros']
[0.343s] Level 1:colcon.colcon_core.package_identification:_identify(src/mppt_package) by extension 'ros'
[0.343s] DEBUG:colcon.colcon_core.package_identification:Package 'src/mppt_package' with type 'ros.ament_python' and name 'mppt_package'
[0.343s] Level 1:colcon.colcon_core.package_identification:_identify(src/my_package) by extensions ['ignore', 'ignore_ament_install']
[0.343s] Level 1:colcon.colcon_core.package_identification:_identify(src/my_package) by extension 'ignore'
[0.344s] Level 1:colcon.colcon_core.package_identification:_identify(src/my_package) by extension 'ignore_ament_install'
[0.344s] Level 1:colcon.colcon_core.package_identification:_identify(src/my_package) by extensions ['colcon_pkg']
[0.344s] Level 1:colcon.colcon_core.package_identification:_identify(src/my_package) by extension 'colcon_pkg'
[0.344s] Level 1:colcon.colcon_core.package_identification:_identify(src/my_package) by extensions ['colcon_meta']
[0.344s] Level 1:colcon.colcon_core.package_identification:_identify(src/my_package) by extension 'colcon_meta'
[0.344s] Level 1:colcon.colcon_core.package_identification:_identify(src/my_package) by extensions ['ros']
[0.344s] Level 1:colcon.colcon_core.package_identification:_identify(src/my_package) by extension 'ros'
[0.344s] DEBUG:colcon.colcon_core.package_identification:Package 'src/my_package' with type 'ros.ament_python' and name 'my_package'
[0.344s] Level 1:colcon.colcon_core.package_identification:_identify(src/rf_package) by extensions ['ignore', 'ignore_ament_install']
[0.344s] Level 1:colcon.colcon_core.package_identification:_identify(src/rf_package) by extension 'ignore'
[0.344s] Level 1:colcon.colcon_core.package_identification:_identify(src/rf_package) by extension 'ignore_ament_install'
[0.344s] Level 1:colcon.colcon_core.package_identification:_identify(src/rf_package) by extensions ['colcon_pkg']
[0.344s] Level 1:colcon.colcon_core.package_identification:_identify(src/rf_package) by extension 'colcon_pkg'
[0.344s] Level 1:colcon.colcon_core.package_identification:_identify(src/rf_package) by extensions ['colcon_meta']
[0.344s] Level 1:colcon.colcon_core.package_identification:_identify(src/rf_package) by extension 'colcon_meta'
[0.344s] Level 1:colcon.colcon_core.package_identification:_identify(src/rf_package) by extensions ['ros']
[0.344s] Level 1:colcon.colcon_core.package_identification:_identify(src/rf_package) by extension 'ros'
[0.345s] DEBUG:colcon.colcon_core.package_identification:Package 'src/rf_package' with type 'ros.ament_python' and name 'rf_package'
[0.345s] Level 1:colcon.colcon_core.package_identification:_identify(src/test_package) by extensions ['ignore', 'ignore_ament_install']
[0.345s] Level 1:colcon.colcon_core.package_identification:_identify(src/test_package) by extension 'ignore'
[0.345s] Level 1:colcon.colcon_core.package_identification:_identify(src/test_package) by extension 'ignore_ament_install'
[0.345s] Level 1:colcon.colcon_core.package_identification:_identify(src/test_package) by extensions ['colcon_pkg']
[0.345s] Level 1:colcon.colcon_core.package_identification:_identify(src/test_package) by extension 'colcon_pkg'
[0.345s] Level 1:colcon.colcon_core.package_identification:_identify(src/test_package) by extensions ['colcon_meta']
[0.345s] Level 1:colcon.colcon_core.package_identification:_identify(src/test_package) by extension 'colcon_meta'
[0.345s] Level 1:colcon.colcon_core.package_identification:_identify(src/test_package) by extensions ['ros']
[0.345s] Level 1:colcon.colcon_core.package_identification:_identify(src/test_package) by extension 'ros'
[0.346s] DEBUG:colcon.colcon_core.package_identification:Package 'src/test_package' with type 'ros.ament_python' and name 'test_package'
[0.346s] Level 1:colcon.colcon_core.package_discovery:discover_packages(recursive) using defaults
[0.346s] Level 1:colcon.colcon_core.package_discovery:discover_packages(ignore) discover
[0.346s] Level 1:colcon.colcon_core.package_discovery:discover_packages(ignore) using defaults
[0.346s] Level 1:colcon.colcon_core.package_discovery:discover_packages(path) discover
[0.346s] Level 1:colcon.colcon_core.package_discovery:discover_packages(path) using defaults
[0.364s] INFO:colcon.colcon_core.package_selection:Skipping not selected package 'battery_package' in 'src/battery_package'
[0.364s] INFO:colcon.colcon_core.package_selection:Skipping not selected package 'can_package' in 'src/can_package'
[0.364s] INFO:colcon.colcon_core.package_selection:Skipping not selected package 'control_package' in 'src/control_package'
[0.364s] INFO:colcon.colcon_core.package_selection:Skipping not selected package 'display_package' in 'src/display_package'
[0.364s] INFO:colcon.colcon_core.package_selection:Skipping not selected package 'gps_package' in 'src/gps_package'
[0.364s] INFO:colcon.colcon_core.package_selection:Skipping not selected package 'imu_package' in 'src/imu_package'
[0.364s] INFO:colcon.colcon_core.package_selection:Skipping not selected package 'logging_package' in 'src/logging_package'
[0.364s] INFO:colcon.colcon_core.package_selection:Skipping not selected package 'mc_package' in 'src/mc_package'
[0.364s] INFO:colcon.colcon_core.package_selection:Skipping not selected package 'mppt_package' in 'src/mppt_package'
[0.364s] INFO:colcon.colcon_core.package_selection:Skipping not selected package 'my_package' in 'src/my_package'
[0.364s] INFO:colcon.colcon_core.package_selection:Skipping not selected package 'rf_package' in 'src/rf_package'
[0.364s] INFO:colcon.colcon_core.package_selection:Skipping not selected package 'test_package' in 'src/test_package'
[0.365s] Level 1:colcon.colcon_core.package_discovery:discover_packages(prefix_path) check parameters
[0.365s] Level 1:colcon.colcon_core.package_discovery:discover_packages(prefix_path) discover
[0.367s] DEBUG:colcon.colcon_installed_package_information.package_discovery:Found 281 installed packages in /opt/ros/iron
[0.369s] Level 1:colcon.colcon_core.package_discovery:discover_packages(prefix_path) using defaults
[0.406s] Level 5:colcon.colcon_core.verb:set package 'daq_package' build argument 'cmake_args' from command line to 'None'
[0.406s] Level 5:colcon.colcon_core.verb:set package 'daq_package' build argument 'cmake_target' from command line to 'None'
[0.406s] Level 5:colcon.colcon_core.verb:set package 'daq_package' build argument 'cmake_target_skip_unavailable' from command line to 'False'
[0.406s] Level 5:colcon.colcon_core.verb:set package 'daq_package' build argument 'cmake_clean_cache' from command line to 'False'
[0.406s] Level 5:colcon.colcon_core.verb:set package 'daq_package' build argument 'cmake_clean_first' from command line to 'False'
[0.406s] Level 5:colcon.colcon_core.verb:set package 'daq_package' build argument 'cmake_force_configure' from command line to 'False'
[0.406s] Level 5:colcon.colcon_core.verb:set package 'daq_package' build argument 'ament_cmake_args' from command line to 'None'
[0.406s] Level 5:colcon.colcon_core.verb:set package 'daq_package' build argument 'catkin_cmake_args' from command line to 'None'
[0.406s] Level 5:colcon.colcon_core.verb:set package 'daq_package' build argument 'catkin_skip_building_tests' from command line to 'False'
[0.406s] DEBUG:colcon.colcon_core.verb:Building package 'daq_package' with the following arguments: {'ament_cmake_args': None, 'build_base': '/home/jaay/Agnirath/Agnirath_LVS_Strategy/aarush_ros/build/daq_package', 'catkin_cmake_args': None, 'catkin_skip_building_tests': False, 'cmake_args': None, 'cmake_clean_cache': False, 'cmake_clean_first': False, 'cmake_force_configure': False, 'cmake_target': None, 'cmake_target_skip_unavailable': False, 'install_base': '/home/jaay/Agnirath/Agnirath_LVS_Strategy/aarush_ros/install/daq_package', 'merge_install': False, 'path': '/home/jaay/Agnirath/Agnirath_LVS_Strategy/aarush_ros/src/daq_package', 'symlink_install': False, 'test_result_base': None}
[0.407s] Level 5:colcon.colcon_core.verb:set package 'main_package' build argument 'cmake_args' from command line to 'None'
[0.407s] Level 5:colcon.colcon_core.verb:set package 'main_package' build argument 'cmake_target' from command line to 'None'
[0.407s] Level 5:colcon.colcon_core.verb:set package 'main_package' build argument 'cmake_target_skip_unavailable' from command line to 'False'
[0.407s] Level 5:colcon.colcon_core.verb:set package 'main_package' build argument 'cmake_clean_cache' from command line to 'False'
[0.407s] Level 5:colcon.colcon_core.verb:set package 'main_package' build argument 'cmake_clean_first' from command line to 'False'
[0.407s] Level 5:colcon.colcon_core.verb:set package 'main_package' build argument 'cmake_force_configure' from command line to 'False'
[0.407s] Level 5:colcon.colcon_core.verb:set package 'main_package' build argument 'ament_cmake_args' from command line to 'None'
[0.407s] Level 5:colcon.colcon_core.verb:set package 'main_package' build argument 'catkin_cmake_args' from command line to 'None'
[0.407s] Level 5:colcon.colcon_core.verb:set package 'main_package' build argument 'catkin_skip_building_tests' from command line to 'False'
[0.407s] DEBUG:colcon.colcon_core.verb:Building package 'main_package' with the following arguments: {'ament_cmake_args': None, 'build_base': '/home/jaay/Agnirath/Agnirath_LVS_Strategy/aarush_ros/build/main_package', 'catkin_cmake_args': None, 'catkin_skip_building_tests': False, 'cmake_args': None, 'cmake_clean_cache': False, 'cmake_clean_first': False, 'cmake_force_configure': False, 'cmake_target': None, 'cmake_target_skip_unavailable': False, 'install_base': '/home/jaay/Agnirath/Agnirath_LVS_Strategy/aarush_ros/install/main_package', 'merge_install': False, 'path': '/home/jaay/Agnirath/Agnirath_LVS_Strategy/aarush_ros/src/main_package', 'symlink_install': False, 'test_result_base': None}
[0.408s] INFO:colcon.colcon_core.executor:Executing jobs using 'parallel' executor
[0.410s] DEBUG:colcon.colcon_parallel_executor.executor.parallel:run_until_complete
[0.410s] INFO:colcon.colcon_ros.task.ament_python.build:Building ROS package in '/home/jaay/Agnirath/Agnirath_LVS_Strategy/aarush_ros/src/daq_package' with build type 'ament_python'
[0.410s] Level 1:colcon.colcon_core.shell:create_environment_hook('daq_package', 'ament_prefix_path')
[0.414s] INFO:colcon.colcon_core.plugin_system:Skipping extension 'colcon_core.shell.bat': Not used on non-Windows systems
[0.414s] INFO:colcon.colcon_core.shell:Creating environment hook '/home/jaay/Agnirath/Agnirath_LVS_Strategy/aarush_ros/install/daq_package/share/daq_package/hook/ament_prefix_path.ps1'
[0.415s] INFO:colcon.colcon_core.shell:Creating environment descriptor '/home/jaay/Agnirath/Agnirath_LVS_Strategy/aarush_ros/install/daq_package/share/daq_package/hook/ament_prefix_path.dsv'
[0.415s] INFO:colcon.colcon_core.shell:Creating environment hook '/home/jaay/Agnirath/Agnirath_LVS_Strategy/aarush_ros/install/daq_package/share/daq_package/hook/ament_prefix_path.sh'
[0.416s] INFO:colcon.colcon_core.shell:Skip shell extension 'powershell' for command environment: Not usable outside of PowerShell
[0.416s] DEBUG:colcon.colcon_core.shell:Skip shell extension 'dsv' for command environment
[0.419s] INFO:colcon.colcon_ros.task.ament_python.build:Building ROS package in '/home/jaay/Agnirath/Agnirath_LVS_Strategy/aarush_ros/src/main_package' with build type 'ament_python'
[0.419s] Level 1:colcon.colcon_core.shell:create_environment_hook('main_package', 'ament_prefix_path')
[0.420s] INFO:colcon.colcon_core.shell:Creating environment hook '/home/jaay/Agnirath/Agnirath_LVS_Strategy/aarush_ros/install/main_package/share/main_package/hook/ament_prefix_path.ps1'
[0.420s] INFO:colcon.colcon_core.shell:Creating environment descriptor '/home/jaay/Agnirath/Agnirath_LVS_Strategy/aarush_ros/install/main_package/share/main_package/hook/ament_prefix_path.dsv'
[0.420s] INFO:colcon.colcon_core.shell:Creating environment hook '/home/jaay/Agnirath/Agnirath_LVS_Strategy/aarush_ros/install/main_package/share/main_package/hook/ament_prefix_path.sh'
[0.422s] INFO:colcon.colcon_core.shell:Skip shell extension 'powershell' for command environment: Not usable outside of PowerShell
[0.422s] DEBUG:colcon.colcon_core.shell:Skip shell extension 'dsv' for command environment
[0.672s] INFO:colcon.colcon_core.task.python.build:Building Python package in '/home/jaay/Agnirath/Agnirath_LVS_Strategy/aarush_ros/src/daq_package'
[0.673s] INFO:colcon.colcon_core.shell:Skip shell extension 'powershell' for command environment: Not usable outside of PowerShell
[0.673s] DEBUG:colcon.colcon_core.shell:Skip shell extension 'dsv' for command environment
[0.940s] INFO:colcon.colcon_core.task.python.build:Building Python package in '/home/jaay/Agnirath/Agnirath_LVS_Strategy/aarush_ros/src/main_package'
[0.942s] INFO:colcon.colcon_core.shell:Skip shell extension 'powershell' for command environment: Not usable outside of PowerShell
[0.942s] DEBUG:colcon.colcon_core.shell:Skip shell extension 'dsv' for command environment
[1.243s] DEBUG:colcon.colcon_core.event_handler.log_command:Invoking command in '/home/jaay/Agnirath/Agnirath_LVS_Strategy/aarush_ros/src/main_package': PYTHONPATH=/home/jaay/Agnirath/Agnirath_LVS_Strategy/aarush_ros/build/main_package/prefix_override:/home/jaay/Agnirath/Agnirath_LVS_Strategy/aarush_ros/install/main_package/lib/python3.10/site-packages:${PYTHONPATH} /usr/bin/python3 setup.py egg_info --egg-base ../../build/main_package build --build-base /home/jaay/Agnirath/Agnirath_LVS_Strategy/aarush_ros/build/main_package/build install --record /home/jaay/Agnirath/Agnirath_LVS_Strategy/aarush_ros/build/main_package/install.log --single-version-externally-managed
[1.246s] DEBUG:colcon.colcon_core.event_handler.log_command:Invoking command in '/home/jaay/Agnirath/Agnirath_LVS_Strategy/aarush_ros/src/daq_package': PYTHONPATH=/home/jaay/Agnirath/Agnirath_LVS_Strategy/aarush_ros/build/daq_package/prefix_override:/home/jaay/Agnirath/Agnirath_LVS_Strategy/aarush_ros/install/daq_package/lib/python3.10/site-packages:${PYTHONPATH} /usr/bin/python3 setup.py egg_info --egg-base ../../build/daq_package build --build-base /home/jaay/Agnirath/Agnirath_LVS_Strategy/aarush_ros/build/daq_package/build install --record /home/jaay/Agnirath/Agnirath_LVS_Strategy/aarush_ros/build/daq_package/install.log --single-version-externally-managed
[1.493s] DEBUG:colcon.colcon_core.event_handler.log_command:Invoked command in '/home/jaay/Agnirath/Agnirath_LVS_Strategy/aarush_ros/src/main_package' returned '0': PYTHONPATH=/home/jaay/Agnirath/Agnirath_LVS_Strategy/aarush_ros/build/main_package/prefix_override:/home/jaay/Agnirath/Agnirath_LVS_Strategy/aarush_ros/install/main_package/lib/python3.10/site-packages:${PYTHONPATH} /usr/bin/python3 setup.py egg_info --egg-base ../../build/main_package build --build-base /home/jaay/Agnirath/Agnirath_LVS_Strategy/aarush_ros/build/main_package/build install --record /home/jaay/Agnirath/Agnirath_LVS_Strategy/aarush_ros/build/main_package/install.log --single-version-externally-managed
[1.496s] Level 1:colcon.colcon_core.environment:checking '/home/jaay/Agnirath/Agnirath_LVS_Strategy/aarush_ros/install/main_package' for CMake module files
[1.496s] Level 1:colcon.colcon_core.environment:checking '/home/jaay/Agnirath/Agnirath_LVS_Strategy/aarush_ros/install/main_package' for CMake config files
[1.497s] Level 1:colcon.colcon_core.environment:checking '/home/jaay/Agnirath/Agnirath_LVS_Strategy/aarush_ros/install/main_package/lib'
[1.497s] Level 1:colcon.colcon_core.environment:checking '/home/jaay/Agnirath/Agnirath_LVS_Strategy/aarush_ros/install/main_package/bin'
[1.497s] Level 1:colcon.colcon_core.environment:checking '/home/jaay/Agnirath/Agnirath_LVS_Strategy/aarush_ros/install/main_package/lib/pkgconfig/main_package.pc'
[1.498s] Level 1:colcon.colcon_core.environment:checking '/home/jaay/Agnirath/Agnirath_LVS_Strategy/aarush_ros/install/main_package/lib/python3.10/site-packages'
[1.498s] Level 1:colcon.colcon_core.shell:create_environment_hook('main_package', 'pythonpath')
[1.499s] INFO:colcon.colcon_core.shell:Creating environment hook '/home/jaay/Agnirath/Agnirath_LVS_Strategy/aarush_ros/install/main_package/share/main_package/hook/pythonpath.ps1'
[1.500s] INFO:colcon.colcon_core.shell:Creating environment descriptor '/home/jaay/Agnirath/Agnirath_LVS_Strategy/aarush_ros/install/main_package/share/main_package/hook/pythonpath.dsv'
[1.500s] INFO:colcon.colcon_core.shell:Creating environment hook '/home/jaay/Agnirath/Agnirath_LVS_Strategy/aarush_ros/install/main_package/share/main_package/hook/pythonpath.sh'
[1.501s] Level 1:colcon.colcon_core.environment:checking '/home/jaay/Agnirath/Agnirath_LVS_Strategy/aarush_ros/install/main_package/bin'
[1.501s] Level 1:colcon.colcon_core.environment:create_environment_scripts_only(main_package)
[1.502s] INFO:colcon.colcon_core.shell:Creating package script '/home/jaay/Agnirath/Agnirath_LVS_Strategy/aarush_ros/install/main_package/share/main_package/package.ps1'
[1.503s] INFO:colcon.colcon_core.shell:Creating package descriptor '/home/jaay/Agnirath/Agnirath_LVS_Strategy/aarush_ros/install/main_package/share/main_package/package.dsv'
[1.503s] INFO:colcon.colcon_core.shell:Creating package script '/home/jaay/Agnirath/Agnirath_LVS_Strategy/aarush_ros/install/main_package/share/main_package/package.sh'
[1.504s] INFO:colcon.colcon_core.shell:Creating package script '/home/jaay/Agnirath/Agnirath_LVS_Strategy/aarush_ros/install/main_package/share/main_package/package.bash'
[1.504s] INFO:colcon.colcon_core.shell:Creating package script '/home/jaay/Agnirath/Agnirath_LVS_Strategy/aarush_ros/install/main_package/share/main_package/package.zsh'
[1.504s] Level 1:colcon.colcon_core.environment:create_file_with_runtime_dependencies(/home/jaay/Agnirath/Agnirath_LVS_Strategy/aarush_ros/install/main_package/share/colcon-core/packages/main_package)
[1.537s] Level 1:colcon.colcon_core.environment:checking '/home/jaay/Agnirath/Agnirath_LVS_Strategy/aarush_ros/install/daq_package' for CMake module files
[1.538s] DEBUG:colcon.colcon_core.event_handler.log_command:Invoked command in '/home/jaay/Agnirath/Agnirath_LVS_Strategy/aarush_ros/src/daq_package' returned '0': PYTHONPATH=/home/jaay/Agnirath/Agnirath_LVS_Strategy/aarush_ros/build/daq_package/prefix_override:/home/jaay/Agnirath/Agnirath_LVS_Strategy/aarush_ros/install/daq_package/lib/python3.10/site-packages:${PYTHONPATH} /usr/bin/python3 setup.py egg_info --egg-base ../../build/daq_package build --build-base /home/jaay/Agnirath/Agnirath_LVS_Strategy/aarush_ros/build/daq_package/build install --record /home/jaay/Agnirath/Agnirath_LVS_Strategy/aarush_ros/build/daq_package/install.log --single-version-externally-managed
[1.538s] Level 1:colcon.colcon_core.environment:checking '/home/jaay/Agnirath/Agnirath_LVS_Strategy/aarush_ros/install/daq_package' for CMake config files
[1.538s] Level 1:colcon.colcon_core.environment:checking '/home/jaay/Agnirath/Agnirath_LVS_Strategy/aarush_ros/install/daq_package/lib'
[1.539s] Level 1:colcon.colcon_core.environment:checking '/home/jaay/Agnirath/Agnirath_LVS_Strategy/aarush_ros/install/daq_package/bin'
[1.539s] Level 1:colcon.colcon_core.environment:checking '/home/jaay/Agnirath/Agnirath_LVS_Strategy/aarush_ros/install/daq_package/lib/pkgconfig/daq_package.pc'
[1.539s] Level 1:colcon.colcon_core.environment:checking '/home/jaay/Agnirath/Agnirath_LVS_Strategy/aarush_ros/install/daq_package/lib/python3.10/site-packages'
[1.539s] Level 1:colcon.colcon_core.shell:create_environment_hook('daq_package', 'pythonpath')
[1.540s] INFO:colcon.colcon_core.shell:Creating environment hook '/home/jaay/Agnirath/Agnirath_LVS_Strategy/aarush_ros/install/daq_package/share/daq_package/hook/pythonpath.ps1'
[1.540s] INFO:colcon.colcon_core.shell:Creating environment descriptor '/home/jaay/Agnirath/Agnirath_LVS_Strategy/aarush_ros/install/daq_package/share/daq_package/hook/pythonpath.dsv'
[1.541s] INFO:colcon.colcon_core.shell:Creating environment hook '/home/jaay/Agnirath/Agnirath_LVS_Strategy/aarush_ros/install/daq_package/share/daq_package/hook/pythonpath.sh'
[1.541s] Level 1:colcon.colcon_core.environment:checking '/home/jaay/Agnirath/Agnirath_LVS_Strategy/aarush_ros/install/daq_package/bin'
[1.541s] Level 1:colcon.colcon_core.environment:create_environment_scripts_only(daq_package)
[1.542s] INFO:colcon.colcon_core.shell:Creating package script '/home/jaay/Agnirath/Agnirath_LVS_Strategy/aarush_ros/install/daq_package/share/daq_package/package.ps1'
[1.542s] INFO:colcon.colcon_core.shell:Creating package descriptor '/home/jaay/Agnirath/Agnirath_LVS_Strategy/aarush_ros/install/daq_package/share/daq_package/package.dsv'
[1.543s] INFO:colcon.colcon_core.shell:Creating package script '/home/jaay/Agnirath/Agnirath_LVS_Strategy/aarush_ros/install/daq_package/share/daq_package/package.sh'
[1.543s] INFO:colcon.colcon_core.shell:Creating package script '/home/jaay/Agnirath/Agnirath_LVS_Strategy/aarush_ros/install/daq_package/share/daq_package/package.bash'
[1.543s] INFO:colcon.colcon_core.shell:Creating package script '/home/jaay/Agnirath/Agnirath_LVS_Strategy/aarush_ros/install/daq_package/share/daq_package/package.zsh'
[1.543s] Level 1:colcon.colcon_core.environment:create_file_with_runtime_dependencies(/home/jaay/Agnirath/Agnirath_LVS_Strategy/aarush_ros/install/daq_package/share/colcon-core/packages/daq_package)
[1.544s] DEBUG:colcon.colcon_parallel_executor.executor.parallel:closing loop
[1.544s] DEBUG:colcon.colcon_parallel_executor.executor.parallel:loop closed
[1.544s] DEBUG:colcon.colcon_parallel_executor.executor.parallel:run_until_complete finished with '0'
[1.544s] DEBUG:colcon.colcon_core.event_reactor:joining thread
[1.549s] INFO:colcon.colcon_core.plugin_system:Skipping extension 'colcon_notification.desktop_notification.terminal_notifier': Not used on non-Darwin systems
[1.550s] INFO:colcon.colcon_core.plugin_system:Skipping extension 'colcon_notification.desktop_notification.win32': Not used on non-Windows systems
[1.550s] INFO:colcon.colcon_notification.desktop_notification:Sending desktop notification using 'notify2'
[1.552s] DEBUG:colcon.colcon_core.event_reactor:joined thread
[1.554s] INFO:colcon.colcon_core.shell:Creating prefix script '/home/jaay/Agnirath/Agnirath_LVS_Strategy/aarush_ros/install/local_setup.ps1'
[1.555s] INFO:colcon.colcon_core.shell:Creating prefix util module '/home/jaay/Agnirath/Agnirath_LVS_Strategy/aarush_ros/install/_local_setup_util_ps1.py'
[1.556s] INFO:colcon.colcon_core.shell:Creating prefix chain script '/home/jaay/Agnirath/Agnirath_LVS_Strategy/aarush_ros/install/setup.ps1'
[1.557s] INFO:colcon.colcon_core.shell:Creating prefix script '/home/jaay/Agnirath/Agnirath_LVS_Strategy/aarush_ros/install/local_setup.sh'
[1.557s] INFO:colcon.colcon_core.shell:Creating prefix util module '/home/jaay/Agnirath/Agnirath_LVS_Strategy/aarush_ros/install/_local_setup_util_sh.py'
[1.557s] INFO:colcon.colcon_core.shell:Creating prefix chain script '/home/jaay/Agnirath/Agnirath_LVS_Strategy/aarush_ros/install/setup.sh'
[1.558s] INFO:colcon.colcon_core.shell:Creating prefix script '/home/jaay/Agnirath/Agnirath_LVS_Strategy/aarush_ros/install/local_setup.bash'
[1.559s] INFO:colcon.colcon_core.shell:Creating prefix chain script '/home/jaay/Agnirath/Agnirath_LVS_Strategy/aarush_ros/install/setup.bash'
[1.560s] INFO:colcon.colcon_core.shell:Creating prefix script '/home/jaay/Agnirath/Agnirath_LVS_Strategy/aarush_ros/install/local_setup.zsh'
[1.560s] INFO:colcon.colcon_core.shell:Creating prefix chain script '/home/jaay/Agnirath/Agnirath_LVS_Strategy/aarush_ros/install/setup.zsh'
