[2.750s] Invoking command in '/home/ubuntu/Old_LV/aarush_ros/src/my_package': PYTHONPATH=/home/ubuntu/Old_LV/aarush_ros/build/my_package/prefix_override:/home/ubuntu/Old_LV/aarush_ros/install/my_package/lib/python3.10/site-packages:${PYTHONPATH} /usr/bin/python3 setup.py egg_info --egg-base ../../build/my_package build --build-base /home/ubuntu/Old_LV/aarush_ros/build/my_package/build install --record /home/ubuntu/Old_LV/aarush_ros/build/my_package/install.log --single-version-externally-managed
[3.796s] running egg_info
[3.801s] writing ../../build/my_package/my_package.egg-info/PKG-INFO
[3.804s] writing dependency_links to ../../build/my_package/my_package.egg-info/dependency_links.txt
[3.807s] writing entry points to ../../build/my_package/my_package.egg-info/entry_points.txt
[3.809s] writing requirements to ../../build/my_package/my_package.egg-info/requires.txt
[3.811s] writing top-level names to ../../build/my_package/my_package.egg-info/top_level.txt
[3.825s] reading manifest file '../../build/my_package/my_package.egg-info/SOURCES.txt'
[3.827s] adding license file 'LICENSE'
[3.833s] writing manifest file '../../build/my_package/my_package.egg-info/SOURCES.txt'
[3.835s] running build
[3.837s] running build_py
[3.840s] running install
[3.842s] /usr/lib/python3/dist-packages/setuptools/command/install.py:34: SetuptoolsDeprecationWarning: setup.py install is deprecated. Use build and pip and other standards-based tools.
[3.842s]   warnings.warn(
[3.845s] running install_lib
[3.852s] running install_data
[3.856s] running install_egg_info
[3.864s] removing '/home/ubuntu/Old_LV/aarush_ros/install/my_package/lib/python3.10/site-packages/my_package-0.0.0-py3.10.egg-info' (and everything under it)
[3.867s] Copying ../../build/my_package/my_package.egg-info to /home/ubuntu/Old_LV/aarush_ros/install/my_package/lib/python3.10/site-packages/my_package-0.0.0-py3.10.egg-info
[3.873s] running install_scripts
[3.969s] Installing my_node script to /home/ubuntu/Old_LV/aarush_ros/install/my_package/lib/my_package
[3.971s] writing list of installed files to '/home/ubuntu/Old_LV/aarush_ros/build/my_package/install.log'
[4.113s] Invoked command in '/home/ubuntu/Old_LV/aarush_ros/src/my_package' returned '0': PYTHONPATH=/home/ubuntu/Old_LV/aarush_ros/build/my_package/prefix_override:/home/ubuntu/Old_LV/aarush_ros/install/my_package/lib/python3.10/site-packages:${PYTHONPATH} /usr/bin/python3 setup.py egg_info --egg-base ../../build/my_package build --build-base /home/ubuntu/Old_LV/aarush_ros/build/my_package/build install --record /home/ubuntu/Old_LV/aarush_ros/build/my_package/install.log --single-version-externally-managed
