[3.600s] Invoking command in '/home/jaay/Agnirath/Agnirath_LVS_Strategy/aarush_ros/src/battery_package': PYTHONPATH=/home/jaay/Agnirath/Agnirath_LVS_Strategy/aarush_ros/build/battery_package/prefix_override:/home/jaay/Agnirath/Agnirath_LVS_Strategy/aarush_ros/install/battery_package/lib/python3.10/site-packages:${PYTHONPATH} /usr/bin/python3 setup.py egg_info --egg-base ../../build/battery_package build --build-base /home/jaay/Agnirath/Agnirath_LVS_Strategy/aarush_ros/build/battery_package/build install --record /home/jaay/Agnirath/Agnirath_LVS_Strategy/aarush_ros/build/battery_package/install.log --single-version-externally-managed
[3.983s] running egg_info
[3.983s] writing ../../build/battery_package/battery_package.egg-info/PKG-INFO
[3.984s] writing dependency_links to ../../build/battery_package/battery_package.egg-info/dependency_links.txt
[3.984s] writing entry points to ../../build/battery_package/battery_package.egg-info/entry_points.txt
[3.984s] writing requirements to ../../build/battery_package/battery_package.egg-info/requires.txt
[3.984s] writing top-level names to ../../build/battery_package/battery_package.egg-info/top_level.txt
[3.988s] reading manifest file '../../build/battery_package/battery_package.egg-info/SOURCES.txt'
[3.988s] adding license file 'LICENSE'
[3.989s] writing manifest file '../../build/battery_package/battery_package.egg-info/SOURCES.txt'
[3.989s] running build
[3.989s] running build_py
[3.991s] running install
[3.991s] running install_lib
[3.992s] running install_data
[3.993s] running install_egg_info
[3.995s] removing '/home/jaay/Agnirath/Agnirath_LVS_Strategy/aarush_ros/install/battery_package/lib/python3.10/site-packages/battery_package-0.0.0-py3.10.egg-info' (and everything under it)
[3.996s] Copying ../../build/battery_package/battery_package.egg-info to /home/jaay/Agnirath/Agnirath_LVS_Strategy/aarush_ros/install/battery_package/lib/python3.10/site-packages/battery_package-0.0.0-py3.10.egg-info
[3.997s] running install_scripts
[4.027s] Installing battery_node script to /home/jaay/Agnirath/Agnirath_LVS_Strategy/aarush_ros/install/battery_package/lib/battery_package
[4.028s] writing list of installed files to '/home/jaay/Agnirath/Agnirath_LVS_Strategy/aarush_ros/build/battery_package/install.log'
[4.083s] Invoked command in '/home/jaay/Agnirath/Agnirath_LVS_Strategy/aarush_ros/src/battery_package' returned '0': PYTHONPATH=/home/jaay/Agnirath/Agnirath_LVS_Strategy/aarush_ros/build/battery_package/prefix_override:/home/jaay/Agnirath/Agnirath_LVS_Strategy/aarush_ros/install/battery_package/lib/python3.10/site-packages:${PYTHONPATH} /usr/bin/python3 setup.py egg_info --egg-base ../../build/battery_package build --build-base /home/jaay/Agnirath/Agnirath_LVS_Strategy/aarush_ros/build/battery_package/build install --record /home/jaay/Agnirath/Agnirath_LVS_Strategy/aarush_ros/build/battery_package/install.log --single-version-externally-managed
