[1.428s] DEBUG:colcon:Command line arguments: ['/usr/bin/colcon', 'build', '--packages-select', 'mc_package']
[1.429s] DEBUG:colcon:Parsed command line arguments: Namespace(log_base=None, log_level=None, verb_name='build', build_base='build', install_base='install', merge_install=False, symlink_install=False, test_result_base=None, continue_on_error=False, executor='parallel', parallel_workers=2, event_handlers=None, ignore_user_meta=False, metas=['./colcon.meta'], base_paths=['.'], packages_ignore=None, packages_ignore_regex=None, paths=None, packages_up_to=None, packages_up_to_regex=None, packages_above=None, packages_above_and_dependencies=None, packages_above_depth=None, packages_select_by_dep=None, packages_skip_by_dep=None, packages_skip_up_to=None, packages_select_build_failed=False, packages_skip_build_finished=False, packages_select_test_failures=False, packages_skip_test_passed=False, packages_select=['mc_package'], packages_skip=None, packages_select_regex=None, packages_skip_regex=None, packages_start=None, packages_end=None, allow_overriding=[], cmake_args=None, cmake_target=None, cmake_target_skip_unavailable=False, cmake_clean_cache=False, cmake_clean_first=False, cmake_force_configure=False, ament_cmake_args=None, catkin_cmake_args=None, catkin_skip_building_tests=False, verb_parser=<colcon_defaults.argument_parser.defaults.DefaultArgumentsDecorator object at 0xffff896739a0>, verb_extension=<colcon_core.verb.build.BuildVerb object at 0xffff8a068a60>, main=<bound method BuildVerb.main of <colcon_core.verb.build.BuildVerb object at 0xffff8a068a60>>)
[1.571s] Level 1:colcon.colcon_core.package_discovery:discover_packages(colcon_meta) check parameters
[1.572s] Level 1:colcon.colcon_core.package_discovery:discover_packages(recursive) check parameters
[1.572s] Level 1:colcon.colcon_core.package_discovery:discover_packages(ignore) check parameters
[1.572s] Level 1:colcon.colcon_core.package_discovery:discover_packages(path) check parameters
[1.572s] Level 1:colcon.colcon_core.package_discovery:discover_packages(colcon_meta) discover
[1.573s] Level 1:colcon.colcon_core.package_discovery:discover_packages(recursive) discover
[1.573s] INFO:colcon.colcon_core.package_discovery:Crawling recursively for packages in '/home/ubuntu/Old_LV/aarush_ros'
[1.573s] Level 1:colcon.colcon_core.package_identification:_identify(.) by extensions ['ignore', 'ignore_ament_install']
[1.574s] Level 1:colcon.colcon_core.package_identification:_identify(.) by extension 'ignore'
[1.574s] Level 1:colcon.colcon_core.package_identification:_identify(.) by extension 'ignore_ament_install'
[1.575s] Level 1:colcon.colcon_core.package_identification:_identify(.) by extensions ['colcon_pkg']
[1.575s] Level 1:colcon.colcon_core.package_identification:_identify(.) by extension 'colcon_pkg'
[1.575s] Level 1:colcon.colcon_core.package_identification:_identify(.) by extensions ['colcon_meta']
[1.576s] Level 1:colcon.colcon_core.package_identification:_identify(.) by extension 'colcon_meta'
[1.576s] Level 1:colcon.colcon_core.package_identification:_identify(.) by extensions ['ros']
[1.576s] Level 1:colcon.colcon_core.package_identification:_identify(.) by extension 'ros'
[1.625s] Level 1:colcon.colcon_core.package_identification:_identify(.) by extensions ['cmake', 'python']
[1.625s] Level 1:colcon.colcon_core.package_identification:_identify(.) by extension 'cmake'
[1.625s] Level 1:colcon.colcon_core.package_identification:_identify(.) by extension 'python'
[1.626s] Level 1:colcon.colcon_core.package_identification:_identify(.) by extensions ['python_setup_py']
[1.626s] Level 1:colcon.colcon_core.package_identification:_identify(.) by extension 'python_setup_py'
[1.626s] Level 1:colcon.colcon_core.package_identification:_identify(build) by extensions ['ignore', 'ignore_ament_install']
[1.627s] Level 1:colcon.colcon_core.package_identification:_identify(build) by extension 'ignore'
[1.627s] Level 1:colcon.colcon_core.package_identification:_identify(build) ignored
[1.628s] Level 1:colcon.colcon_core.package_identification:_identify(install) by extensions ['ignore', 'ignore_ament_install']
[1.628s] Level 1:colcon.colcon_core.package_identification:_identify(install) by extension 'ignore'
[1.628s] Level 1:colcon.colcon_core.package_identification:_identify(install) ignored
[1.630s] Level 1:colcon.colcon_core.package_identification:_identify(log) by extensions ['ignore', 'ignore_ament_install']
[1.630s] Level 1:colcon.colcon_core.package_identification:_identify(log) by extension 'ignore'
[1.631s] Level 1:colcon.colcon_core.package_identification:_identify(log) ignored
[1.631s] Level 1:colcon.colcon_core.package_identification:_identify(src) by extensions ['ignore', 'ignore_ament_install']
[1.632s] Level 1:colcon.colcon_core.package_identification:_identify(src) by extension 'ignore'
[1.632s] Level 1:colcon.colcon_core.package_identification:_identify(src) by extension 'ignore_ament_install'
[1.632s] Level 1:colcon.colcon_core.package_identification:_identify(src) by extensions ['colcon_pkg']
[1.632s] Level 1:colcon.colcon_core.package_identification:_identify(src) by extension 'colcon_pkg'
[1.633s] Level 1:colcon.colcon_core.package_identification:_identify(src) by extensions ['colcon_meta']
[1.633s] Level 1:colcon.colcon_core.package_identification:_identify(src) by extension 'colcon_meta'
[1.633s] Level 1:colcon.colcon_core.package_identification:_identify(src) by extensions ['ros']
[1.633s] Level 1:colcon.colcon_core.package_identification:_identify(src) by extension 'ros'
[1.633s] Level 1:colcon.colcon_core.package_identification:_identify(src) by extensions ['cmake', 'python']
[1.634s] Level 1:colcon.colcon_core.package_identification:_identify(src) by extension 'cmake'
[1.634s] Level 1:colcon.colcon_core.package_identification:_identify(src) by extension 'python'
[1.634s] Level 1:colcon.colcon_core.package_identification:_identify(src) by extensions ['python_setup_py']
[1.634s] Level 1:colcon.colcon_core.package_identification:_identify(src) by extension 'python_setup_py'
[1.635s] Level 1:colcon.colcon_core.package_identification:_identify(src/battery_package) by extensions ['ignore', 'ignore_ament_install']
[1.635s] Level 1:colcon.colcon_core.package_identification:_identify(src/battery_package) by extension 'ignore'
[1.635s] Level 1:colcon.colcon_core.package_identification:_identify(src/battery_package) by extension 'ignore_ament_install'
[1.635s] Level 1:colcon.colcon_core.package_identification:_identify(src/battery_package) by extensions ['colcon_pkg']
[1.636s] Level 1:colcon.colcon_core.package_identification:_identify(src/battery_package) by extension 'colcon_pkg'
[1.636s] Level 1:colcon.colcon_core.package_identification:_identify(src/battery_package) by extensions ['colcon_meta']
[1.636s] Level 1:colcon.colcon_core.package_identification:_identify(src/battery_package) by extension 'colcon_meta'
[1.636s] Level 1:colcon.colcon_core.package_identification:_identify(src/battery_package) by extensions ['ros']
[1.636s] Level 1:colcon.colcon_core.package_identification:_identify(src/battery_package) by extension 'ros'
[1.645s] DEBUG:colcon.colcon_core.package_identification:Package 'src/battery_package' with type 'ros.ament_python' and name 'battery_package'
[1.645s] Level 1:colcon.colcon_core.package_identification:_identify(src/build) by extensions ['ignore', 'ignore_ament_install']
[1.646s] Level 1:colcon.colcon_core.package_identification:_identify(src/build) by extension 'ignore'
[1.646s] Level 1:colcon.colcon_core.package_identification:_identify(src/build) ignored
[1.647s] Level 1:colcon.colcon_core.package_identification:_identify(src/can_package) by extensions ['ignore', 'ignore_ament_install']
[1.647s] Level 1:colcon.colcon_core.package_identification:_identify(src/can_package) by extension 'ignore'
[1.647s] Level 1:colcon.colcon_core.package_identification:_identify(src/can_package) by extension 'ignore_ament_install'
[1.648s] Level 1:colcon.colcon_core.package_identification:_identify(src/can_package) by extensions ['colcon_pkg']
[1.648s] Level 1:colcon.colcon_core.package_identification:_identify(src/can_package) by extension 'colcon_pkg'
[1.648s] Level 1:colcon.colcon_core.package_identification:_identify(src/can_package) by extensions ['colcon_meta']
[1.648s] Level 1:colcon.colcon_core.package_identification:_identify(src/can_package) by extension 'colcon_meta'
[1.648s] Level 1:colcon.colcon_core.package_identification:_identify(src/can_package) by extensions ['ros']
[1.649s] Level 1:colcon.colcon_core.package_identification:_identify(src/can_package) by extension 'ros'
[1.651s] DEBUG:colcon.colcon_core.package_identification:Package 'src/can_package' with type 'ros.ament_python' and name 'can_package'
[1.652s] Level 1:colcon.colcon_core.package_identification:_identify(src/control_package) by extensions ['ignore', 'ignore_ament_install']
[1.652s] Level 1:colcon.colcon_core.package_identification:_identify(src/control_package) by extension 'ignore'
[1.653s] Level 1:colcon.colcon_core.package_identification:_identify(src/control_package) by extension 'ignore_ament_install'
[1.653s] Level 1:colcon.colcon_core.package_identification:_identify(src/control_package) by extensions ['colcon_pkg']
[1.653s] Level 1:colcon.colcon_core.package_identification:_identify(src/control_package) by extension 'colcon_pkg'
[1.653s] Level 1:colcon.colcon_core.package_identification:_identify(src/control_package) by extensions ['colcon_meta']
[1.654s] Level 1:colcon.colcon_core.package_identification:_identify(src/control_package) by extension 'colcon_meta'
[1.654s] Level 1:colcon.colcon_core.package_identification:_identify(src/control_package) by extensions ['ros']
[1.654s] Level 1:colcon.colcon_core.package_identification:_identify(src/control_package) by extension 'ros'
[1.657s] DEBUG:colcon.colcon_core.package_identification:Package 'src/control_package' with type 'ros.ament_python' and name 'control_package'
[1.658s] Level 1:colcon.colcon_core.package_identification:_identify(src/display_package) by extensions ['ignore', 'ignore_ament_install']
[1.658s] Level 1:colcon.colcon_core.package_identification:_identify(src/display_package) by extension 'ignore'
[1.659s] Level 1:colcon.colcon_core.package_identification:_identify(src/display_package) by extension 'ignore_ament_install'
[1.659s] Level 1:colcon.colcon_core.package_identification:_identify(src/display_package) by extensions ['colcon_pkg']
[1.659s] Level 1:colcon.colcon_core.package_identification:_identify(src/display_package) by extension 'colcon_pkg'
[1.660s] Level 1:colcon.colcon_core.package_identification:_identify(src/display_package) by extensions ['colcon_meta']
[1.660s] Level 1:colcon.colcon_core.package_identification:_identify(src/display_package) by extension 'colcon_meta'
[1.660s] Level 1:colcon.colcon_core.package_identification:_identify(src/display_package) by extensions ['ros']
[1.660s] Level 1:colcon.colcon_core.package_identification:_identify(src/display_package) by extension 'ros'
[1.662s] DEBUG:colcon.colcon_core.package_identification:Package 'src/display_package' with type 'ros.ament_python' and name 'display_package'
[1.663s] Level 1:colcon.colcon_core.package_identification:_identify(src/gps_package) by extensions ['ignore', 'ignore_ament_install']
[1.663s] Level 1:colcon.colcon_core.package_identification:_identify(src/gps_package) by extension 'ignore'
[1.664s] Level 1:colcon.colcon_core.package_identification:_identify(src/gps_package) by extension 'ignore_ament_install'
[1.664s] Level 1:colcon.colcon_core.package_identification:_identify(src/gps_package) by extensions ['colcon_pkg']
[1.664s] Level 1:colcon.colcon_core.package_identification:_identify(src/gps_package) by extension 'colcon_pkg'
[1.664s] Level 1:colcon.colcon_core.package_identification:_identify(src/gps_package) by extensions ['colcon_meta']
[1.664s] Level 1:colcon.colcon_core.package_identification:_identify(src/gps_package) by extension 'colcon_meta'
[1.665s] Level 1:colcon.colcon_core.package_identification:_identify(src/gps_package) by extensions ['ros']
[1.665s] Level 1:colcon.colcon_core.package_identification:_identify(src/gps_package) by extension 'ros'
[1.667s] DEBUG:colcon.colcon_core.package_identification:Package 'src/gps_package' with type 'ros.ament_python' and name 'gps_package'
[1.668s] Level 1:colcon.colcon_core.package_identification:_identify(src/imu_package) by extensions ['ignore', 'ignore_ament_install']
[1.668s] Level 1:colcon.colcon_core.package_identification:_identify(src/imu_package) by extension 'ignore'
[1.668s] Level 1:colcon.colcon_core.package_identification:_identify(src/imu_package) by extension 'ignore_ament_install'
[1.669s] Level 1:colcon.colcon_core.package_identification:_identify(src/imu_package) by extensions ['colcon_pkg']
[1.669s] Level 1:colcon.colcon_core.package_identification:_identify(src/imu_package) by extension 'colcon_pkg'
[1.669s] Level 1:colcon.colcon_core.package_identification:_identify(src/imu_package) by extensions ['colcon_meta']
[1.669s] Level 1:colcon.colcon_core.package_identification:_identify(src/imu_package) by extension 'colcon_meta'
[1.669s] Level 1:colcon.colcon_core.package_identification:_identify(src/imu_package) by extensions ['ros']
[1.669s] Level 1:colcon.colcon_core.package_identification:_identify(src/imu_package) by extension 'ros'
[1.671s] DEBUG:colcon.colcon_core.package_identification:Package 'src/imu_package' with type 'ros.ament_python' and name 'imu_package'
[1.672s] Level 1:colcon.colcon_core.package_identification:_identify(src/install) by extensions ['ignore', 'ignore_ament_install']
[1.672s] Level 1:colcon.colcon_core.package_identification:_identify(src/install) by extension 'ignore'
[1.673s] Level 1:colcon.colcon_core.package_identification:_identify(src/install) ignored
[1.673s] Level 1:colcon.colcon_core.package_identification:_identify(src/log) by extensions ['ignore', 'ignore_ament_install']
[1.673s] Level 1:colcon.colcon_core.package_identification:_identify(src/log) by extension 'ignore'
[1.674s] Level 1:colcon.colcon_core.package_identification:_identify(src/log) ignored
[1.674s] Level 1:colcon.colcon_core.package_identification:_identify(src/logging_package) by extensions ['ignore', 'ignore_ament_install']
[1.674s] Level 1:colcon.colcon_core.package_identification:_identify(src/logging_package) by extension 'ignore'
[1.675s] Level 1:colcon.colcon_core.package_identification:_identify(src/logging_package) by extension 'ignore_ament_install'
[1.675s] Level 1:colcon.colcon_core.package_identification:_identify(src/logging_package) by extensions ['colcon_pkg']
[1.675s] Level 1:colcon.colcon_core.package_identification:_identify(src/logging_package) by extension 'colcon_pkg'
[1.675s] Level 1:colcon.colcon_core.package_identification:_identify(src/logging_package) by extensions ['colcon_meta']
[1.675s] Level 1:colcon.colcon_core.package_identification:_identify(src/logging_package) by extension 'colcon_meta'
[1.676s] Level 1:colcon.colcon_core.package_identification:_identify(src/logging_package) by extensions ['ros']
[1.676s] Level 1:colcon.colcon_core.package_identification:_identify(src/logging_package) by extension 'ros'
[1.678s] DEBUG:colcon.colcon_core.package_identification:Package 'src/logging_package' with type 'ros.ament_python' and name 'logging_package'
[1.678s] Level 1:colcon.colcon_core.package_identification:_identify(src/main_package) by extensions ['ignore', 'ignore_ament_install']
[1.679s] Level 1:colcon.colcon_core.package_identification:_identify(src/main_package) by extension 'ignore'
[1.679s] Level 1:colcon.colcon_core.package_identification:_identify(src/main_package) by extension 'ignore_ament_install'
[1.680s] Level 1:colcon.colcon_core.package_identification:_identify(src/main_package) by extensions ['colcon_pkg']
[1.680s] Level 1:colcon.colcon_core.package_identification:_identify(src/main_package) by extension 'colcon_pkg'
[1.680s] Level 1:colcon.colcon_core.package_identification:_identify(src/main_package) by extensions ['colcon_meta']
[1.680s] Level 1:colcon.colcon_core.package_identification:_identify(src/main_package) by extension 'colcon_meta'
[1.681s] Level 1:colcon.colcon_core.package_identification:_identify(src/main_package) by extensions ['ros']
[1.681s] Level 1:colcon.colcon_core.package_identification:_identify(src/main_package) by extension 'ros'
[1.684s] DEBUG:colcon.colcon_core.package_identification:Package 'src/main_package' with type 'ros.ament_python' and name 'main_package'
[1.685s] Level 1:colcon.colcon_core.package_identification:_identify(src/mc_package) by extensions ['ignore', 'ignore_ament_install']
[1.686s] Level 1:colcon.colcon_core.package_identification:_identify(src/mc_package) by extension 'ignore'
[1.686s] Level 1:colcon.colcon_core.package_identification:_identify(src/mc_package) by extension 'ignore_ament_install'
[1.687s] Level 1:colcon.colcon_core.package_identification:_identify(src/mc_package) by extensions ['colcon_pkg']
[1.687s] Level 1:colcon.colcon_core.package_identification:_identify(src/mc_package) by extension 'colcon_pkg'
[1.687s] Level 1:colcon.colcon_core.package_identification:_identify(src/mc_package) by extensions ['colcon_meta']
[1.687s] Level 1:colcon.colcon_core.package_identification:_identify(src/mc_package) by extension 'colcon_meta'
[1.687s] Level 1:colcon.colcon_core.package_identification:_identify(src/mc_package) by extensions ['ros']
[1.688s] Level 1:colcon.colcon_core.package_identification:_identify(src/mc_package) by extension 'ros'
[1.690s] DEBUG:colcon.colcon_core.package_identification:Package 'src/mc_package' with type 'ros.ament_python' and name 'mc_package'
[1.690s] Level 1:colcon.colcon_core.package_identification:_identify(src/mppt_package) by extensions ['ignore', 'ignore_ament_install']
[1.691s] Level 1:colcon.colcon_core.package_identification:_identify(src/mppt_package) by extension 'ignore'
[1.691s] Level 1:colcon.colcon_core.package_identification:_identify(src/mppt_package) by extension 'ignore_ament_install'
[1.691s] Level 1:colcon.colcon_core.package_identification:_identify(src/mppt_package) by extensions ['colcon_pkg']
[1.692s] Level 1:colcon.colcon_core.package_identification:_identify(src/mppt_package) by extension 'colcon_pkg'
[1.692s] Level 1:colcon.colcon_core.package_identification:_identify(src/mppt_package) by extensions ['colcon_meta']
[1.692s] Level 1:colcon.colcon_core.package_identification:_identify(src/mppt_package) by extension 'colcon_meta'
[1.693s] Level 1:colcon.colcon_core.package_identification:_identify(src/mppt_package) by extensions ['ros']
[1.693s] Level 1:colcon.colcon_core.package_identification:_identify(src/mppt_package) by extension 'ros'
[1.695s] DEBUG:colcon.colcon_core.package_identification:Package 'src/mppt_package' with type 'ros.ament_python' and name 'mppt_package'
[1.696s] Level 1:colcon.colcon_core.package_identification:_identify(src/my_package) by extensions ['ignore', 'ignore_ament_install']
[1.697s] Level 1:colcon.colcon_core.package_identification:_identify(src/my_package) by extension 'ignore'
[1.697s] Level 1:colcon.colcon_core.package_identification:_identify(src/my_package) by extension 'ignore_ament_install'
[1.697s] Level 1:colcon.colcon_core.package_identification:_identify(src/my_package) by extensions ['colcon_pkg']
[1.697s] Level 1:colcon.colcon_core.package_identification:_identify(src/my_package) by extension 'colcon_pkg'
[1.698s] Level 1:colcon.colcon_core.package_identification:_identify(src/my_package) by extensions ['colcon_meta']
[1.698s] Level 1:colcon.colcon_core.package_identification:_identify(src/my_package) by extension 'colcon_meta'
[1.698s] Level 1:colcon.colcon_core.package_identification:_identify(src/my_package) by extensions ['ros']
[1.698s] Level 1:colcon.colcon_core.package_identification:_identify(src/my_package) by extension 'ros'
[1.701s] DEBUG:colcon.colcon_core.package_identification:Package 'src/my_package' with type 'ros.ament_python' and name 'my_package'
[1.702s] Level 1:colcon.colcon_core.package_identification:_identify(src/rf_package) by extensions ['ignore', 'ignore_ament_install']
[1.702s] Level 1:colcon.colcon_core.package_identification:_identify(src/rf_package) by extension 'ignore'
[1.703s] Level 1:colcon.colcon_core.package_identification:_identify(src/rf_package) by extension 'ignore_ament_install'
[1.703s] Level 1:colcon.colcon_core.package_identification:_identify(src/rf_package) by extensions ['colcon_pkg']
[1.703s] Level 1:colcon.colcon_core.package_identification:_identify(src/rf_package) by extension 'colcon_pkg'
[1.704s] Level 1:colcon.colcon_core.package_identification:_identify(src/rf_package) by extensions ['colcon_meta']
[1.704s] Level 1:colcon.colcon_core.package_identification:_identify(src/rf_package) by extension 'colcon_meta'
[1.704s] Level 1:colcon.colcon_core.package_identification:_identify(src/rf_package) by extensions ['ros']
[1.705s] Level 1:colcon.colcon_core.package_identification:_identify(src/rf_package) by extension 'ros'
[1.707s] DEBUG:colcon.colcon_core.package_identification:Package 'src/rf_package' with type 'ros.ament_python' and name 'rf_package'
[1.707s] Level 1:colcon.colcon_core.package_identification:_identify(src/test_package) by extensions ['ignore', 'ignore_ament_install']
[1.708s] Level 1:colcon.colcon_core.package_identification:_identify(src/test_package) by extension 'ignore'
[1.708s] Level 1:colcon.colcon_core.package_identification:_identify(src/test_package) by extension 'ignore_ament_install'
[1.708s] Level 1:colcon.colcon_core.package_identification:_identify(src/test_package) by extensions ['colcon_pkg']
[1.708s] Level 1:colcon.colcon_core.package_identification:_identify(src/test_package) by extension 'colcon_pkg'
[1.709s] Level 1:colcon.colcon_core.package_identification:_identify(src/test_package) by extensions ['colcon_meta']
[1.709s] Level 1:colcon.colcon_core.package_identification:_identify(src/test_package) by extension 'colcon_meta'
[1.709s] Level 1:colcon.colcon_core.package_identification:_identify(src/test_package) by extensions ['ros']
[1.709s] Level 1:colcon.colcon_core.package_identification:_identify(src/test_package) by extension 'ros'
[1.711s] DEBUG:colcon.colcon_core.package_identification:Package 'src/test_package' with type 'ros.ament_python' and name 'test_package'
[1.711s] Level 1:colcon.colcon_core.package_discovery:discover_packages(recursive) using defaults
[1.712s] Level 1:colcon.colcon_core.package_discovery:discover_packages(ignore) discover
[1.712s] Level 1:colcon.colcon_core.package_discovery:discover_packages(ignore) using defaults
[1.712s] Level 1:colcon.colcon_core.package_discovery:discover_packages(path) discover
[1.712s] Level 1:colcon.colcon_core.package_discovery:discover_packages(path) using defaults
[1.813s] INFO:colcon.colcon_core.package_selection:Skipping not selected package 'battery_package' in 'src/battery_package'
[1.813s] INFO:colcon.colcon_core.package_selection:Skipping not selected package 'can_package' in 'src/can_package'
[1.814s] INFO:colcon.colcon_core.package_selection:Skipping not selected package 'control_package' in 'src/control_package'
[1.814s] INFO:colcon.colcon_core.package_selection:Skipping not selected package 'display_package' in 'src/display_package'
[1.814s] INFO:colcon.colcon_core.package_selection:Skipping not selected package 'gps_package' in 'src/gps_package'
[1.814s] INFO:colcon.colcon_core.package_selection:Skipping not selected package 'imu_package' in 'src/imu_package'
[1.814s] INFO:colcon.colcon_core.package_selection:Skipping not selected package 'logging_package' in 'src/logging_package'
[1.814s] INFO:colcon.colcon_core.package_selection:Skipping not selected package 'main_package' in 'src/main_package'
[1.814s] INFO:colcon.colcon_core.package_selection:Skipping not selected package 'mppt_package' in 'src/mppt_package'
[1.814s] INFO:colcon.colcon_core.package_selection:Skipping not selected package 'my_package' in 'src/my_package'
[1.814s] INFO:colcon.colcon_core.package_selection:Skipping not selected package 'rf_package' in 'src/rf_package'
[1.814s] INFO:colcon.colcon_core.package_selection:Skipping not selected package 'test_package' in 'src/test_package'
[1.819s] Level 1:colcon.colcon_core.package_discovery:discover_packages(prefix_path) check parameters
[1.819s] Level 1:colcon.colcon_core.package_discovery:discover_packages(prefix_path) discover
[1.834s] DEBUG:colcon.colcon_installed_package_information.package_discovery:Found 281 installed packages in /opt/ros/iron
[1.841s] Level 1:colcon.colcon_core.package_discovery:discover_packages(prefix_path) using defaults
[2.089s] Level 5:colcon.colcon_core.verb:set package 'mc_package' build argument 'cmake_args' from command line to 'None'
[2.089s] Level 5:colcon.colcon_core.verb:set package 'mc_package' build argument 'cmake_target' from command line to 'None'
[2.089s] Level 5:colcon.colcon_core.verb:set package 'mc_package' build argument 'cmake_target_skip_unavailable' from command line to 'False'
[2.090s] Level 5:colcon.colcon_core.verb:set package 'mc_package' build argument 'cmake_clean_cache' from command line to 'False'
[2.090s] Level 5:colcon.colcon_core.verb:set package 'mc_package' build argument 'cmake_clean_first' from command line to 'False'
[2.090s] Level 5:colcon.colcon_core.verb:set package 'mc_package' build argument 'cmake_force_configure' from command line to 'False'
[2.090s] Level 5:colcon.colcon_core.verb:set package 'mc_package' build argument 'ament_cmake_args' from command line to 'None'
[2.090s] Level 5:colcon.colcon_core.verb:set package 'mc_package' build argument 'catkin_cmake_args' from command line to 'None'
[2.090s] Level 5:colcon.colcon_core.verb:set package 'mc_package' build argument 'catkin_skip_building_tests' from command line to 'False'
[2.090s] DEBUG:colcon.colcon_core.verb:Building package 'mc_package' with the following arguments: {'ament_cmake_args': None, 'build_base': '/home/ubuntu/Old_LV/aarush_ros/build/mc_package', 'catkin_cmake_args': None, 'catkin_skip_building_tests': False, 'cmake_args': None, 'cmake_clean_cache': False, 'cmake_clean_first': False, 'cmake_force_configure': False, 'cmake_target': None, 'cmake_target_skip_unavailable': False, 'install_base': '/home/ubuntu/Old_LV/aarush_ros/install/mc_package', 'merge_install': False, 'path': '/home/ubuntu/Old_LV/aarush_ros/src/mc_package', 'symlink_install': False, 'test_result_base': None}
[2.094s] INFO:colcon.colcon_core.executor:Executing jobs using 'parallel' executor
[2.111s] DEBUG:colcon.colcon_parallel_executor.executor.parallel:run_until_complete
[2.114s] INFO:colcon.colcon_ros.task.ament_python.build:Building ROS package in '/home/ubuntu/Old_LV/aarush_ros/src/mc_package' with build type 'ament_python'
[2.115s] Level 1:colcon.colcon_core.shell:create_environment_hook('mc_package', 'ament_prefix_path')
[2.135s] INFO:colcon.colcon_core.plugin_system:Skipping extension 'colcon_core.shell.bat': Not used on non-Windows systems
[2.136s] INFO:colcon.colcon_core.shell:Creating environment hook '/home/ubuntu/Old_LV/aarush_ros/install/mc_package/share/mc_package/hook/ament_prefix_path.ps1'
[2.140s] INFO:colcon.colcon_core.shell:Creating environment descriptor '/home/ubuntu/Old_LV/aarush_ros/install/mc_package/share/mc_package/hook/ament_prefix_path.dsv'
[2.142s] INFO:colcon.colcon_core.shell:Creating environment hook '/home/ubuntu/Old_LV/aarush_ros/install/mc_package/share/mc_package/hook/ament_prefix_path.sh'
[2.149s] INFO:colcon.colcon_core.shell:Skip shell extension 'powershell' for command environment: Not usable outside of PowerShell
[2.150s] DEBUG:colcon.colcon_core.shell:Skip shell extension 'dsv' for command environment
[3.239s] INFO:colcon.colcon_core.task.python.build:Building Python package in '/home/ubuntu/Old_LV/aarush_ros/src/mc_package'
[3.246s] INFO:colcon.colcon_core.shell:Skip shell extension 'powershell' for command environment: Not usable outside of PowerShell
[3.246s] DEBUG:colcon.colcon_core.shell:Skip shell extension 'dsv' for command environment
[4.691s] DEBUG:colcon.colcon_core.event_handler.log_command:Invoking command in '/home/ubuntu/Old_LV/aarush_ros/src/mc_package': PYTHONPATH=/home/ubuntu/Old_LV/aarush_ros/build/mc_package/prefix_override:/home/ubuntu/Old_LV/aarush_ros/install/mc_package/lib/python3.10/site-packages:${PYTHONPATH} /usr/bin/python3 setup.py egg_info --egg-base ../../build/mc_package build --build-base /home/ubuntu/Old_LV/aarush_ros/build/mc_package/build install --record /home/ubuntu/Old_LV/aarush_ros/build/mc_package/install.log --single-version-externally-managed
[6.049s] DEBUG:colcon.colcon_core.event_handler.log_command:Invoked command in '/home/ubuntu/Old_LV/aarush_ros/src/mc_package' returned '0': PYTHONPATH=/home/ubuntu/Old_LV/aarush_ros/build/mc_package/prefix_override:/home/ubuntu/Old_LV/aarush_ros/install/mc_package/lib/python3.10/site-packages:${PYTHONPATH} /usr/bin/python3 setup.py egg_info --egg-base ../../build/mc_package build --build-base /home/ubuntu/Old_LV/aarush_ros/build/mc_package/build install --record /home/ubuntu/Old_LV/aarush_ros/build/mc_package/install.log --single-version-externally-managed
[6.075s] Level 1:colcon.colcon_core.environment:checking '/home/ubuntu/Old_LV/aarush_ros/install/mc_package' for CMake module files
[6.077s] Level 1:colcon.colcon_core.environment:checking '/home/ubuntu/Old_LV/aarush_ros/install/mc_package' for CMake config files
[6.079s] Level 1:colcon.colcon_core.environment:checking '/home/ubuntu/Old_LV/aarush_ros/install/mc_package/lib'
[6.080s] Level 1:colcon.colcon_core.environment:checking '/home/ubuntu/Old_LV/aarush_ros/install/mc_package/bin'
[6.080s] Level 1:colcon.colcon_core.environment:checking '/home/ubuntu/Old_LV/aarush_ros/install/mc_package/lib/pkgconfig/mc_package.pc'
[6.081s] Level 1:colcon.colcon_core.environment:checking '/home/ubuntu/Old_LV/aarush_ros/install/mc_package/lib/python3.10/site-packages'
[6.081s] Level 1:colcon.colcon_core.shell:create_environment_hook('mc_package', 'pythonpath')
[6.087s] INFO:colcon.colcon_core.shell:Creating environment hook '/home/ubuntu/Old_LV/aarush_ros/install/mc_package/share/mc_package/hook/pythonpath.ps1'
[6.089s] INFO:colcon.colcon_core.shell:Creating environment descriptor '/home/ubuntu/Old_LV/aarush_ros/install/mc_package/share/mc_package/hook/pythonpath.dsv'
[6.090s] INFO:colcon.colcon_core.shell:Creating environment hook '/home/ubuntu/Old_LV/aarush_ros/install/mc_package/share/mc_package/hook/pythonpath.sh'
[6.096s] Level 1:colcon.colcon_core.environment:checking '/home/ubuntu/Old_LV/aarush_ros/install/mc_package/bin'
[6.097s] Level 1:colcon.colcon_core.environment:create_environment_scripts_only(mc_package)
[6.106s] INFO:colcon.colcon_core.shell:Creating package script '/home/ubuntu/Old_LV/aarush_ros/install/mc_package/share/mc_package/package.ps1'
[6.109s] INFO:colcon.colcon_core.shell:Creating package descriptor '/home/ubuntu/Old_LV/aarush_ros/install/mc_package/share/mc_package/package.dsv'
[6.112s] INFO:colcon.colcon_core.shell:Creating package script '/home/ubuntu/Old_LV/aarush_ros/install/mc_package/share/mc_package/package.sh'
[6.115s] INFO:colcon.colcon_core.shell:Creating package script '/home/ubuntu/Old_LV/aarush_ros/install/mc_package/share/mc_package/package.bash'
[6.118s] INFO:colcon.colcon_core.shell:Creating package script '/home/ubuntu/Old_LV/aarush_ros/install/mc_package/share/mc_package/package.zsh'
[6.121s] Level 1:colcon.colcon_core.environment:create_file_with_runtime_dependencies(/home/ubuntu/Old_LV/aarush_ros/install/mc_package/share/colcon-core/packages/mc_package)
[6.122s] DEBUG:colcon.colcon_parallel_executor.executor.parallel:closing loop
[6.124s] DEBUG:colcon.colcon_parallel_executor.executor.parallel:loop closed
[6.124s] DEBUG:colcon.colcon_parallel_executor.executor.parallel:run_until_complete finished with '0'
[6.125s] DEBUG:colcon.colcon_core.event_reactor:joining thread
[6.151s] INFO:colcon.colcon_core.plugin_system:Skipping extension 'colcon_notification.desktop_notification.terminal_notifier': Not used on non-Darwin systems
[6.151s] INFO:colcon.colcon_core.plugin_system:Skipping extension 'colcon_notification.desktop_notification.win32': Not used on non-Windows systems
[6.152s] INFO:colcon.colcon_notification.desktop_notification:Sending desktop notification using 'notify2'
[6.155s] DEBUG:colcon.colcon_notification.desktop_notification.notify2:Failed to initialize notify2: org.freedesktop.DBus.Error.ServiceUnknown: The name org.freedesktop.Notifications was not provided by any .service files
[6.155s] DEBUG:colcon.colcon_core.event_reactor:joined thread
[6.161s] INFO:colcon.colcon_core.shell:Creating prefix script '/home/ubuntu/Old_LV/aarush_ros/install/local_setup.ps1'
[6.166s] INFO:colcon.colcon_core.shell:Creating prefix util module '/home/ubuntu/Old_LV/aarush_ros/install/_local_setup_util_ps1.py'
[6.172s] INFO:colcon.colcon_core.shell:Creating prefix chain script '/home/ubuntu/Old_LV/aarush_ros/install/setup.ps1'
[6.180s] INFO:colcon.colcon_core.shell:Creating prefix script '/home/ubuntu/Old_LV/aarush_ros/install/local_setup.sh'
[6.182s] INFO:colcon.colcon_core.shell:Creating prefix util module '/home/ubuntu/Old_LV/aarush_ros/install/_local_setup_util_sh.py'
[6.185s] INFO:colcon.colcon_core.shell:Creating prefix chain script '/home/ubuntu/Old_LV/aarush_ros/install/setup.sh'
[6.191s] INFO:colcon.colcon_core.shell:Creating prefix script '/home/ubuntu/Old_LV/aarush_ros/install/local_setup.bash'
[6.193s] INFO:colcon.colcon_core.shell:Creating prefix chain script '/home/ubuntu/Old_LV/aarush_ros/install/setup.bash'
[6.199s] INFO:colcon.colcon_core.shell:Creating prefix script '/home/ubuntu/Old_LV/aarush_ros/install/local_setup.zsh'
[6.202s] INFO:colcon.colcon_core.shell:Creating prefix chain script '/home/ubuntu/Old_LV/aarush_ros/install/setup.zsh'
