[0.513s] Invoking command in '/home/jaay/Agnirath/Agnirath_LVS_Strategy/aarush_ros/src/serial_package': PYTHONPATH=/home/jaay/Agnirath/Agnirath_LVS_Strategy/aarush_ros/build/serial_package/prefix_override:/home/jaay/Agnirath/Agnirath_LVS_Strategy/aarush_ros/install/serial_package/lib/python3.10/site-packages:${PYTHONPATH} /usr/bin/python3 setup.py egg_info --egg-base ../../build/serial_package build --build-base /home/jaay/Agnirath/Agnirath_LVS_Strategy/aarush_ros/build/serial_package/build install --record /home/jaay/Agnirath/Agnirath_LVS_Strategy/aarush_ros/build/serial_package/install.log --single-version-externally-managed
[0.737s] running egg_info
[0.737s] writing ../../build/serial_package/serial_package.egg-info/PKG-INFO
[0.737s] writing dependency_links to ../../build/serial_package/serial_package.egg-info/dependency_links.txt
[0.738s] writing entry points to ../../build/serial_package/serial_package.egg-info/entry_points.txt
[0.738s] writing requirements to ../../build/serial_package/serial_package.egg-info/requires.txt
[0.738s] writing top-level names to ../../build/serial_package/serial_package.egg-info/top_level.txt
[0.740s] reading manifest file '../../build/serial_package/serial_package.egg-info/SOURCES.txt'
[0.740s] adding license file 'LICENSE'
[0.741s] writing manifest file '../../build/serial_package/serial_package.egg-info/SOURCES.txt'
[0.741s] running build
[0.741s] running build_py
[0.741s] copying serial_package/serial_node.py -> /home/jaay/Agnirath/Agnirath_LVS_Strategy/aarush_ros/build/serial_package/build/lib/serial_package
[0.741s] running install
[0.741s] /usr/lib/python3/dist-packages/setuptools/command/install.py:34: SetuptoolsDeprecationWarning: setup.py install is deprecated. Use build and pip and other standards-based tools.
[0.741s]   warnings.warn(
[0.741s] running install_lib
[0.742s] copying /home/jaay/Agnirath/Agnirath_LVS_Strategy/aarush_ros/build/serial_package/build/lib/serial_package/serial_node.py -> /home/jaay/Agnirath/Agnirath_LVS_Strategy/aarush_ros/install/serial_package/lib/python3.10/site-packages/serial_package
[0.742s] byte-compiling /home/jaay/Agnirath/Agnirath_LVS_Strategy/aarush_ros/install/serial_package/lib/python3.10/site-packages/serial_package/serial_node.py to serial_node.cpython-310.pyc
[0.743s] running install_data
[0.743s] running install_egg_info
[0.744s] removing '/home/jaay/Agnirath/Agnirath_LVS_Strategy/aarush_ros/install/serial_package/lib/python3.10/site-packages/serial_package-0.0.0-py3.10.egg-info' (and everything under it)
[0.745s] Copying ../../build/serial_package/serial_package.egg-info to /home/jaay/Agnirath/Agnirath_LVS_Strategy/aarush_ros/install/serial_package/lib/python3.10/site-packages/serial_package-0.0.0-py3.10.egg-info
[0.745s] running install_scripts
[0.760s] Installing serial_node script to /home/jaay/Agnirath/Agnirath_LVS_Strategy/aarush_ros/install/serial_package/lib/serial_package
[0.761s] writing list of installed files to '/home/jaay/Agnirath/Agnirath_LVS_Strategy/aarush_ros/build/serial_package/install.log'
[0.781s] Invoked command in '/home/jaay/Agnirath/Agnirath_LVS_Strategy/aarush_ros/src/serial_package' returned '0': PYTHONPATH=/home/jaay/Agnirath/Agnirath_LVS_Strategy/aarush_ros/build/serial_package/prefix_override:/home/jaay/Agnirath/Agnirath_LVS_Strategy/aarush_ros/install/serial_package/lib/python3.10/site-packages:${PYTHONPATH} /usr/bin/python3 setup.py egg_info --egg-base ../../build/serial_package build --build-base /home/jaay/Agnirath/Agnirath_LVS_Strategy/aarush_ros/build/serial_package/build install --record /home/jaay/Agnirath/Agnirath_LVS_Strategy/aarush_ros/build/serial_package/install.log --single-version-externally-managed
