[2.226s] Invoking command in '/home/ubuntu/Old_LV/aarush_ros/src/can_package': PYTHONPATH=/home/ubuntu/Old_LV/aarush_ros/build/can_package/prefix_override:/home/ubuntu/Old_LV/aarush_ros/install/can_package/lib/python3.10/site-packages:${PYTHONPATH} /usr/bin/python3 setup.py egg_info --egg-base ../../build/can_package build --build-base /home/ubuntu/Old_LV/aarush_ros/build/can_package/build install --record /home/ubuntu/Old_LV/aarush_ros/build/can_package/install.log --single-version-externally-managed
[3.084s] running egg_info
[3.087s] writing ../../build/can_package/can_package.egg-info/PKG-INFO
[3.088s] writing dependency_links to ../../build/can_package/can_package.egg-info/dependency_links.txt
[3.089s] writing entry points to ../../build/can_package/can_package.egg-info/entry_points.txt
[3.090s] writing requirements to ../../build/can_package/can_package.egg-info/requires.txt
[3.090s] writing top-level names to ../../build/can_package/can_package.egg-info/top_level.txt
[3.099s] reading manifest file '../../build/can_package/can_package.egg-info/SOURCES.txt'
[3.100s] adding license file 'LICENSE'
[3.103s] writing manifest file '../../build/can_package/can_package.egg-info/SOURCES.txt'
[3.103s] running build
[3.104s] running build_py
[3.105s] copying can_package/can_rx_node_v3.py -> /home/ubuntu/Old_LV/aarush_ros/build/can_package/build/lib/can_package
[3.108s] running install
[3.108s] /usr/lib/python3/dist-packages/setuptools/command/install.py:34: SetuptoolsDeprecationWarning: setup.py install is deprecated. Use build and pip and other standards-based tools.
[3.109s]   warnings.warn(
[3.109s] running install_lib
[3.113s] copying /home/ubuntu/Old_LV/aarush_ros/build/can_package/build/lib/can_package/can_rx_node_v3.py -> /home/ubuntu/Old_LV/aarush_ros/install/can_package/lib/python3.10/site-packages/can_package
[3.116s] byte-compiling /home/ubuntu/Old_LV/aarush_ros/install/can_package/lib/python3.10/site-packages/can_package/can_rx_node_v3.py to can_rx_node_v3.cpython-310.pyc
[3.119s] running install_data
[3.122s] running install_egg_info
[3.127s] removing '/home/ubuntu/Old_LV/aarush_ros/install/can_package/lib/python3.10/site-packages/can_package-0.0.0-py3.10.egg-info' (and everything under it)
[3.128s] Copying ../../build/can_package/can_package.egg-info to /home/ubuntu/Old_LV/aarush_ros/install/can_package/lib/python3.10/site-packages/can_package-0.0.0-py3.10.egg-info
[3.131s] running install_scripts
[3.205s] Installing can_node_sim script to /home/ubuntu/Old_LV/aarush_ros/install/can_package/lib/can_package
[3.206s] Installing can_rx_node script to /home/ubuntu/Old_LV/aarush_ros/install/can_package/lib/can_package
[3.207s] Installing can_rx_node_dup script to /home/ubuntu/Old_LV/aarush_ros/install/can_package/lib/can_package
[3.207s] Installing can_rx_node_v3 script to /home/ubuntu/Old_LV/aarush_ros/install/can_package/lib/can_package
[3.208s] Installing can_tx_node script to /home/ubuntu/Old_LV/aarush_ros/install/can_package/lib/can_package
[3.210s] writing list of installed files to '/home/ubuntu/Old_LV/aarush_ros/build/can_package/install.log'
[3.331s] Invoked command in '/home/ubuntu/Old_LV/aarush_ros/src/can_package' returned '0': PYTHONPATH=/home/ubuntu/Old_LV/aarush_ros/build/can_package/prefix_override:/home/ubuntu/Old_LV/aarush_ros/install/can_package/lib/python3.10/site-packages:${PYTHONPATH} /usr/bin/python3 setup.py egg_info --egg-base ../../build/can_package build --build-base /home/ubuntu/Old_LV/aarush_ros/build/can_package/build install --record /home/ubuntu/Old_LV/aarush_ros/build/can_package/install.log --single-version-externally-managed
