[4.513s] Invoking command in '/home/ubuntu/Old_LV/aarush_ros/src/mppt_package': PYTHONPATH=/home/ubuntu/Old_LV/aarush_ros/build/mppt_package/prefix_override:/home/ubuntu/Old_LV/aarush_ros/install/mppt_package/lib/python3.10/site-packages:${PYTHONPATH} /usr/bin/python3 setup.py egg_info --egg-base ../../build/mppt_package build --build-base /home/ubuntu/Old_LV/aarush_ros/build/mppt_package/build install --record /home/ubuntu/Old_LV/aarush_ros/build/mppt_package/install.log --single-version-externally-managed
[5.897s] running egg_info
[5.903s] writing ../../build/mppt_package/mppt_package.egg-info/PKG-INFO
[5.907s] writing dependency_links to ../../build/mppt_package/mppt_package.egg-info/dependency_links.txt
[5.913s] writing entry points to ../../build/mppt_package/mppt_package.egg-info/entry_points.txt
[5.917s] writing requirements to ../../build/mppt_package/mppt_package.egg-info/requires.txt
[5.920s] writing top-level names to ../../build/mppt_package/mppt_package.egg-info/top_level.txt
[5.932s] reading manifest file '../../build/mppt_package/mppt_package.egg-info/SOURCES.txt'
[5.935s] adding license file 'LICENSE'
[5.941s] writing manifest file '../../build/mppt_package/mppt_package.egg-info/SOURCES.txt'
[5.944s] running build
[5.946s] running build_py
[5.953s] running install
[5.957s] /usr/lib/python3/dist-packages/setuptools/command/install.py:34: SetuptoolsDeprecationWarning: setup.py install is deprecated. Use build and pip and other standards-based tools.
[5.959s]   warnings.warn(
[5.962s] running install_lib
[5.969s] running install_data
[5.974s] running install_egg_info
[5.984s] removing '/home/ubuntu/Old_LV/aarush_ros/install/mppt_package/lib/python3.10/site-packages/mppt_package-0.0.0-py3.10.egg-info' (and everything under it)
[5.993s] Copying ../../build/mppt_package/mppt_package.egg-info to /home/ubuntu/Old_LV/aarush_ros/install/mppt_package/lib/python3.10/site-packages/mppt_package-0.0.0-py3.10.egg-info
[6.019s] running install_scripts
[6.112s] Installing mppt_node script to /home/ubuntu/Old_LV/aarush_ros/install/mppt_package/lib/mppt_package
[6.117s] writing list of installed files to '/home/ubuntu/Old_LV/aarush_ros/build/mppt_package/install.log'
[6.312s] Invoked command in '/home/ubuntu/Old_LV/aarush_ros/src/mppt_package' returned '0': PYTHONPATH=/home/ubuntu/Old_LV/aarush_ros/build/mppt_package/prefix_override:/home/ubuntu/Old_LV/aarush_ros/install/mppt_package/lib/python3.10/site-packages:${PYTHONPATH} /usr/bin/python3 setup.py egg_info --egg-base ../../build/mppt_package build --build-base /home/ubuntu/Old_LV/aarush_ros/build/mppt_package/build install --record /home/ubuntu/Old_LV/aarush_ros/build/mppt_package/install.log --single-version-externally-managed
