running egg_info
writing ../../build/control_package/control_package.egg-info/PKG-INFO
writing dependency_links to ../../build/control_package/control_package.egg-info/dependency_links.txt
writing entry points to ../../build/control_package/control_package.egg-info/entry_points.txt
writing requirements to ../../build/control_package/control_package.egg-info/requires.txt
writing top-level names to ../../build/control_package/control_package.egg-info/top_level.txt
reading manifest file '../../build/control_package/control_package.egg-info/SOURCES.txt'
adding license file 'LICENSE'
writing manifest file '../../build/control_package/control_package.egg-info/SOURCES.txt'
running build
running build_py
copying control_package/control_node.py -> /home/jaay/repositories/Agnirath_LVS_Strategy/aarush_ros/build/control_package/build/lib/control_package
running install
running install_lib
copying /home/jaay/repositories/Agnirath_LVS_Strategy/aarush_ros/build/control_package/build/lib/control_package/control_node.py -> /home/jaay/repositories/Agnirath_LVS_Strategy/aarush_ros/install/control_package/lib/python3.10/site-packages/control_package
byte-compiling /home/jaay/repositories/Agnirath_LVS_Strategy/aarush_ros/install/control_package/lib/python3.10/site-packages/control_package/control_node.py to control_node.cpython-310.pyc
running install_data
running install_egg_info
removing '/home/jaay/repositories/Agnirath_LVS_Strategy/aarush_ros/install/control_package/lib/python3.10/site-packages/control_package-0.0.0-py3.10.egg-info' (and everything under it)
Copying ../../build/control_package/control_package.egg-info to /home/jaay/repositories/Agnirath_LVS_Strategy/aarush_ros/install/control_package/lib/python3.10/site-packages/control_package-0.0.0-py3.10.egg-info
running install_scripts
Installing control_node script to /home/jaay/repositories/Agnirath_LVS_Strategy/aarush_ros/install/control_package/lib/control_package
writing list of installed files to '/home/jaay/repositories/Agnirath_LVS_Strategy/aarush_ros/build/control_package/install.log'
