running egg_info
creating ../../build/daq_package/daq_package.egg-info
writing ../../build/daq_package/daq_package.egg-info/PKG-INFO
writing dependency_links to ../../build/daq_package/daq_package.egg-info/dependency_links.txt
writing entry points to ../../build/daq_package/daq_package.egg-info/entry_points.txt
writing requirements to ../../build/daq_package/daq_package.egg-info/requires.txt
writing top-level names to ../../build/daq_package/daq_package.egg-info/top_level.txt
writing manifest file '../../build/daq_package/daq_package.egg-info/SOURCES.txt'
reading manifest file '../../build/daq_package/daq_package.egg-info/SOURCES.txt'
adding license file 'LICENSE'
writing manifest file '../../build/daq_package/daq_package.egg-info/SOURCES.txt'
running build
running build_py
creating /home/jaay/Agnirath/Agnirath_LVS_Strategy/aarush_ros/build/daq_package/build
creating /home/jaay/Agnirath/Agnirath_LVS_Strategy/aarush_ros/build/daq_package/build/lib
creating /home/jaay/Agnirath/Agnirath_LVS_Strategy/aarush_ros/build/daq_package/build/lib/daq_package
copying daq_package/__init__.py -> /home/jaay/Agnirath/Agnirath_LVS_Strategy/aarush_ros/build/daq_package/build/lib/daq_package
copying daq_package/daq_node.py -> /home/jaay/Agnirath/Agnirath_LVS_Strategy/aarush_ros/build/daq_package/build/lib/daq_package
running install
/usr/lib/python3/dist-packages/setuptools/command/install.py:34: SetuptoolsDeprecationWarning: setup.py install is deprecated. Use build and pip and other standards-based tools.
  warnings.warn(
running install_lib
creating /home/jaay/Agnirath/Agnirath_LVS_Strategy/aarush_ros/install/daq_package/lib/python3.10/site-packages/daq_package
copying /home/jaay/Agnirath/Agnirath_LVS_Strategy/aarush_ros/build/daq_package/build/lib/daq_package/__init__.py -> /home/jaay/Agnirath/Agnirath_LVS_Strategy/aarush_ros/install/daq_package/lib/python3.10/site-packages/daq_package
copying /home/jaay/Agnirath/Agnirath_LVS_Strategy/aarush_ros/build/daq_package/build/lib/daq_package/daq_node.py -> /home/jaay/Agnirath/Agnirath_LVS_Strategy/aarush_ros/install/daq_package/lib/python3.10/site-packages/daq_package
byte-compiling /home/jaay/Agnirath/Agnirath_LVS_Strategy/aarush_ros/install/daq_package/lib/python3.10/site-packages/daq_package/__init__.py to __init__.cpython-310.pyc
byte-compiling /home/jaay/Agnirath/Agnirath_LVS_Strategy/aarush_ros/install/daq_package/lib/python3.10/site-packages/daq_package/daq_node.py to daq_node.cpython-310.pyc
running install_data
creating /home/jaay/Agnirath/Agnirath_LVS_Strategy/aarush_ros/install/daq_package/share/ament_index
creating /home/jaay/Agnirath/Agnirath_LVS_Strategy/aarush_ros/install/daq_package/share/ament_index/resource_index
creating /home/jaay/Agnirath/Agnirath_LVS_Strategy/aarush_ros/install/daq_package/share/ament_index/resource_index/packages
copying resource/daq_package -> /home/jaay/Agnirath/Agnirath_LVS_Strategy/aarush_ros/install/daq_package/share/ament_index/resource_index/packages
copying package.xml -> /home/jaay/Agnirath/Agnirath_LVS_Strategy/aarush_ros/install/daq_package/share/daq_package
running install_egg_info
Copying ../../build/daq_package/daq_package.egg-info to /home/jaay/Agnirath/Agnirath_LVS_Strategy/aarush_ros/install/daq_package/lib/python3.10/site-packages/daq_package-0.0.0-py3.10.egg-info
running install_scripts
Installing daq_node script to /home/jaay/Agnirath/Agnirath_LVS_Strategy/aarush_ros/install/daq_package/lib/daq_package
writing list of installed files to '/home/jaay/Agnirath/Agnirath_LVS_Strategy/aarush_ros/build/daq_package/install.log'
