[0.480s] Invoking command in '/home/jaay/Agnirath/Agnirath_LVS_Strategy/aarush_ros/src/daq_package': PYTHONPATH=/home/jaay/Agnirath/Agnirath_LVS_Strategy/aarush_ros/build/daq_package/prefix_override:/home/jaay/Agnirath/Agnirath_LVS_Strategy/aarush_ros/install/daq_package/lib/python3.10/site-packages:${PYTHONPATH} /usr/bin/python3 setup.py egg_info --egg-base ../../build/daq_package build --build-base /home/jaay/Agnirath/Agnirath_LVS_Strategy/aarush_ros/build/daq_package/build install --record /home/jaay/Agnirath/Agnirath_LVS_Strategy/aarush_ros/build/daq_package/install.log --single-version-externally-managed
[0.677s] running egg_info
[0.677s] creating ../../build/daq_package/daq_package.egg-info
[0.678s] writing ../../build/daq_package/daq_package.egg-info/PKG-INFO
[0.678s] writing dependency_links to ../../build/daq_package/daq_package.egg-info/dependency_links.txt
[0.678s] writing entry points to ../../build/daq_package/daq_package.egg-info/entry_points.txt
[0.678s] writing requirements to ../../build/daq_package/daq_package.egg-info/requires.txt
[0.678s] writing top-level names to ../../build/daq_package/daq_package.egg-info/top_level.txt
[0.679s] writing manifest file '../../build/daq_package/daq_package.egg-info/SOURCES.txt'
[0.680s] reading manifest file '../../build/daq_package/daq_package.egg-info/SOURCES.txt'
[0.680s] adding license file 'LICENSE'
[0.680s] writing manifest file '../../build/daq_package/daq_package.egg-info/SOURCES.txt'
[0.680s] running build
[0.681s] running build_py
[0.681s] creating /home/jaay/Agnirath/Agnirath_LVS_Strategy/aarush_ros/build/daq_package/build
[0.681s] creating /home/jaay/Agnirath/Agnirath_LVS_Strategy/aarush_ros/build/daq_package/build/lib
[0.681s] creating /home/jaay/Agnirath/Agnirath_LVS_Strategy/aarush_ros/build/daq_package/build/lib/daq_package
[0.681s] copying daq_package/__init__.py -> /home/jaay/Agnirath/Agnirath_LVS_Strategy/aarush_ros/build/daq_package/build/lib/daq_package
[0.681s] copying daq_package/daq_node.py -> /home/jaay/Agnirath/Agnirath_LVS_Strategy/aarush_ros/build/daq_package/build/lib/daq_package
[0.681s] running install
[0.681s] /usr/lib/python3/dist-packages/setuptools/command/install.py:34: SetuptoolsDeprecationWarning: setup.py install is deprecated. Use build and pip and other standards-based tools.
[0.681s]   warnings.warn(
[0.681s] running install_lib
[0.682s] creating /home/jaay/Agnirath/Agnirath_LVS_Strategy/aarush_ros/install/daq_package/lib/python3.10/site-packages/daq_package
[0.682s] copying /home/jaay/Agnirath/Agnirath_LVS_Strategy/aarush_ros/build/daq_package/build/lib/daq_package/__init__.py -> /home/jaay/Agnirath/Agnirath_LVS_Strategy/aarush_ros/install/daq_package/lib/python3.10/site-packages/daq_package
[0.682s] copying /home/jaay/Agnirath/Agnirath_LVS_Strategy/aarush_ros/build/daq_package/build/lib/daq_package/daq_node.py -> /home/jaay/Agnirath/Agnirath_LVS_Strategy/aarush_ros/install/daq_package/lib/python3.10/site-packages/daq_package
[0.682s] byte-compiling /home/jaay/Agnirath/Agnirath_LVS_Strategy/aarush_ros/install/daq_package/lib/python3.10/site-packages/daq_package/__init__.py to __init__.cpython-310.pyc
[0.682s] byte-compiling /home/jaay/Agnirath/Agnirath_LVS_Strategy/aarush_ros/install/daq_package/lib/python3.10/site-packages/daq_package/daq_node.py to daq_node.cpython-310.pyc
[0.682s] running install_data
[0.683s] creating /home/jaay/Agnirath/Agnirath_LVS_Strategy/aarush_ros/install/daq_package/share/ament_index
[0.683s] creating /home/jaay/Agnirath/Agnirath_LVS_Strategy/aarush_ros/install/daq_package/share/ament_index/resource_index
[0.683s] creating /home/jaay/Agnirath/Agnirath_LVS_Strategy/aarush_ros/install/daq_package/share/ament_index/resource_index/packages
[0.683s] copying resource/daq_package -> /home/jaay/Agnirath/Agnirath_LVS_Strategy/aarush_ros/install/daq_package/share/ament_index/resource_index/packages
[0.683s] copying package.xml -> /home/jaay/Agnirath/Agnirath_LVS_Strategy/aarush_ros/install/daq_package/share/daq_package
[0.683s] running install_egg_info
[0.684s] Copying ../../build/daq_package/daq_package.egg-info to /home/jaay/Agnirath/Agnirath_LVS_Strategy/aarush_ros/install/daq_package/lib/python3.10/site-packages/daq_package-0.0.0-py3.10.egg-info
[0.684s] running install_scripts
[0.698s] Installing daq_node script to /home/jaay/Agnirath/Agnirath_LVS_Strategy/aarush_ros/install/daq_package/lib/daq_package
[0.698s] writing list of installed files to '/home/jaay/Agnirath/Agnirath_LVS_Strategy/aarush_ros/build/daq_package/install.log'
[0.723s] Invoked command in '/home/jaay/Agnirath/Agnirath_LVS_Strategy/aarush_ros/src/daq_package' returned '0': PYTHONPATH=/home/jaay/Agnirath/Agnirath_LVS_Strategy/aarush_ros/build/daq_package/prefix_override:/home/jaay/Agnirath/Agnirath_LVS_Strategy/aarush_ros/install/daq_package/lib/python3.10/site-packages:${PYTHONPATH} /usr/bin/python3 setup.py egg_info --egg-base ../../build/daq_package build --build-base /home/jaay/Agnirath/Agnirath_LVS_Strategy/aarush_ros/build/daq_package/build install --record /home/jaay/Agnirath/Agnirath_LVS_Strategy/aarush_ros/build/daq_package/install.log --single-version-externally-managed
