[2.641s] Invoking command in '/home/ubuntu/Agnirath_LVS_Strategy/aarush_ros/src/rf_package': PYTHONPATH=/home/ubuntu/Agnirath_LVS_Strategy/aarush_ros/build/rf_package/prefix_override:/home/ubuntu/Agnirath_LVS_Strategy/aarush_ros/install/rf_package/lib/python3.10/site-packages:${PYTHONPATH} /usr/bin/python3 setup.py egg_info --egg-base ../../build/rf_package build --build-base /home/ubuntu/Agnirath_LVS_Strategy/aarush_ros/build/rf_package/build install --record /home/ubuntu/Agnirath_LVS_Strategy/aarush_ros/build/rf_package/install.log --single-version-externally-managed
[3.728s] running egg_info
[3.731s] writing ../../build/rf_package/rf_package.egg-info/PKG-INFO
[3.732s] writing dependency_links to ../../build/rf_package/rf_package.egg-info/dependency_links.txt
[3.733s] writing entry points to ../../build/rf_package/rf_package.egg-info/entry_points.txt
[3.734s] writing requirements to ../../build/rf_package/rf_package.egg-info/requires.txt
[3.734s] writing top-level names to ../../build/rf_package/rf_package.egg-info/top_level.txt
[3.743s] reading manifest file '../../build/rf_package/rf_package.egg-info/SOURCES.txt'
[3.744s] adding license file 'LICENSE'
[3.747s] writing manifest file '../../build/rf_package/rf_package.egg-info/SOURCES.txt'
[3.748s] running build
[3.748s] running build_py
[3.749s] running install
[3.750s] /usr/lib/python3/dist-packages/setuptools/command/install.py:34: SetuptoolsDeprecationWarning: setup.py install is deprecated. Use build and pip and other standards-based tools.
[3.750s]   warnings.warn(
[3.751s] running install_lib
[3.755s] running install_data
[3.758s] running install_egg_info
[3.765s] removing '/home/ubuntu/Agnirath_LVS_Strategy/aarush_ros/install/rf_package/lib/python3.10/site-packages/rf_package-0.0.0-py3.10.egg-info' (and everything under it)
[3.766s] Copying ../../build/rf_package/rf_package.egg-info to /home/ubuntu/Agnirath_LVS_Strategy/aarush_ros/install/rf_package/lib/python3.10/site-packages/rf_package-0.0.0-py3.10.egg-info
[3.769s] running install_scripts
[3.855s] Installing rf_node script to /home/ubuntu/Agnirath_LVS_Strategy/aarush_ros/install/rf_package/lib/rf_package
[3.856s] writing list of installed files to '/home/ubuntu/Agnirath_LVS_Strategy/aarush_ros/build/rf_package/install.log'
[4.138s] Invoked command in '/home/ubuntu/Agnirath_LVS_Strategy/aarush_ros/src/rf_package' returned '0': PYTHONPATH=/home/ubuntu/Agnirath_LVS_Strategy/aarush_ros/build/rf_package/prefix_override:/home/ubuntu/Agnirath_LVS_Strategy/aarush_ros/install/rf_package/lib/python3.10/site-packages:${PYTHONPATH} /usr/bin/python3 setup.py egg_info --egg-base ../../build/rf_package build --build-base /home/ubuntu/Agnirath_LVS_Strategy/aarush_ros/build/rf_package/build install --record /home/ubuntu/Agnirath_LVS_Strategy/aarush_ros/build/rf_package/install.log --single-version-externally-managed
