[5.089s] Invoking command in '/home/ubuntu/Old_LV/aarush_ros/src/display_package': PYTHONPATH=/home/ubuntu/Old_LV/aarush_ros/build/display_package/prefix_override:/home/ubuntu/Old_LV/aarush_ros/install/display_package/lib/python3.10/site-packages:${PYTHONPATH} /usr/bin/python3 setup.py egg_info --egg-base ../../build/display_package build --build-base /home/ubuntu/Old_LV/aarush_ros/build/display_package/build install --record /home/ubuntu/Old_LV/aarush_ros/build/display_package/install.log --single-version-externally-managed
[6.390s] running egg_info
[6.400s] writing ../../build/display_package/display_package.egg-info/PKG-INFO
[6.403s] writing dependency_links to ../../build/display_package/display_package.egg-info/dependency_links.txt
[6.404s] writing entry points to ../../build/display_package/display_package.egg-info/entry_points.txt
[6.406s] writing requirements to ../../build/display_package/display_package.egg-info/requires.txt
[6.408s] writing top-level names to ../../build/display_package/display_package.egg-info/top_level.txt
[6.409s] reading manifest file '../../build/display_package/display_package.egg-info/SOURCES.txt'
[6.412s] adding license file 'LICENSE'
[6.416s] writing manifest file '../../build/display_package/display_package.egg-info/SOURCES.txt'
[6.418s] running build
[6.420s] running build_py
[6.421s] running install
[6.426s] /usr/lib/python3/dist-packages/setuptools/command/install.py:34: SetuptoolsDeprecationWarning: setup.py install is deprecated. Use build and pip and other standards-based tools.
[6.428s]   warnings.warn(
[6.432s] running install_lib
[6.436s] running install_data
[6.438s] running install_egg_info
[6.449s] removing '/home/ubuntu/Old_LV/aarush_ros/install/display_package/lib/python3.10/site-packages/display_package-0.0.0-py3.10.egg-info' (and everything under it)
[6.452s] Copying ../../build/display_package/display_package.egg-info to /home/ubuntu/Old_LV/aarush_ros/install/display_package/lib/python3.10/site-packages/display_package-0.0.0-py3.10.egg-info
[6.453s] running install_scripts
[6.584s] Installing display_node script to /home/ubuntu/Old_LV/aarush_ros/install/display_package/lib/display_package
[6.595s] writing list of installed files to '/home/ubuntu/Old_LV/aarush_ros/build/display_package/install.log'
[6.806s] Invoked command in '/home/ubuntu/Old_LV/aarush_ros/src/display_package' returned '0': PYTHONPATH=/home/ubuntu/Old_LV/aarush_ros/build/display_package/prefix_override:/home/ubuntu/Old_LV/aarush_ros/install/display_package/lib/python3.10/site-packages:${PYTHONPATH} /usr/bin/python3 setup.py egg_info --egg-base ../../build/display_package build --build-base /home/ubuntu/Old_LV/aarush_ros/build/display_package/build install --record /home/ubuntu/Old_LV/aarush_ros/build/display_package/install.log --single-version-externally-managed
