[3.319s] Invoking command in '/home/jaay/Agnirath/Agnirath_LVS_Strategy/aarush_ros/src/imu_package': PYTHONPATH=/home/jaay/Agnirath/Agnirath_LVS_Strategy/aarush_ros/build/imu_package/prefix_override:/home/jaay/Agnirath/Agnirath_LVS_Strategy/aarush_ros/install/imu_package/lib/python3.10/site-packages:${PYTHONPATH} /usr/bin/python3 setup.py egg_info --egg-base ../../build/imu_package build --build-base /home/jaay/Agnirath/Agnirath_LVS_Strategy/aarush_ros/build/imu_package/build install --record /home/jaay/Agnirath/Agnirath_LVS_Strategy/aarush_ros/build/imu_package/install.log --single-version-externally-managed
[3.628s] running egg_info
[3.629s] writing ../../build/imu_package/imu_package.egg-info/PKG-INFO
[3.630s] writing dependency_links to ../../build/imu_package/imu_package.egg-info/dependency_links.txt
[3.630s] writing entry points to ../../build/imu_package/imu_package.egg-info/entry_points.txt
[3.630s] writing requirements to ../../build/imu_package/imu_package.egg-info/requires.txt
[3.630s] writing top-level names to ../../build/imu_package/imu_package.egg-info/top_level.txt
[3.632s] reading manifest file '../../build/imu_package/imu_package.egg-info/SOURCES.txt'
[3.633s] adding license file 'LICENSE'
[3.634s] writing manifest file '../../build/imu_package/imu_package.egg-info/SOURCES.txt'
[3.634s] running build
[3.634s] running build_py
[3.635s] running install
[3.635s] running install_lib
[3.636s] running install_data
[3.637s] running install_egg_info
[3.639s] removing '/home/jaay/Agnirath/Agnirath_LVS_Strategy/aarush_ros/install/imu_package/lib/python3.10/site-packages/imu_package-0.0.0-py3.10.egg-info' (and everything under it)
[3.640s] Copying ../../build/imu_package/imu_package.egg-info to /home/jaay/Agnirath/Agnirath_LVS_Strategy/aarush_ros/install/imu_package/lib/python3.10/site-packages/imu_package-0.0.0-py3.10.egg-info
[3.641s] running install_scripts
[3.673s] Installing imu_node script to /home/jaay/Agnirath/Agnirath_LVS_Strategy/aarush_ros/install/imu_package/lib/imu_package
[3.673s] writing list of installed files to '/home/jaay/Agnirath/Agnirath_LVS_Strategy/aarush_ros/build/imu_package/install.log'
[3.779s] Invoked command in '/home/jaay/Agnirath/Agnirath_LVS_Strategy/aarush_ros/src/imu_package' returned '0': PYTHONPATH=/home/jaay/Agnirath/Agnirath_LVS_Strategy/aarush_ros/build/imu_package/prefix_override:/home/jaay/Agnirath/Agnirath_LVS_Strategy/aarush_ros/install/imu_package/lib/python3.10/site-packages:${PYTHONPATH} /usr/bin/python3 setup.py egg_info --egg-base ../../build/imu_package build --build-base /home/jaay/Agnirath/Agnirath_LVS_Strategy/aarush_ros/build/imu_package/build install --record /home/jaay/Agnirath/Agnirath_LVS_Strategy/aarush_ros/build/imu_package/install.log --single-version-externally-managed
