[3.298s] Invoking command in '/home/jaay/Agnirath/Agnirath_LVS_Strategy/aarush_ros/src/can_package': PYTHONPATH=/home/jaay/Agnirath/Agnirath_LVS_Strategy/aarush_ros/build/can_package/prefix_override:/home/jaay/Agnirath/Agnirath_LVS_Strategy/aarush_ros/install/can_package/lib/python3.10/site-packages:${PYTHONPATH} /usr/bin/python3 setup.py egg_info --egg-base ../../build/can_package build --build-base /home/jaay/Agnirath/Agnirath_LVS_Strategy/aarush_ros/build/can_package/build install --record /home/jaay/Agnirath/Agnirath_LVS_Strategy/aarush_ros/build/can_package/install.log --single-version-externally-managed
[3.639s] running egg_info
[3.640s] writing ../../build/can_package/can_package.egg-info/PKG-INFO
[3.640s] writing dependency_links to ../../build/can_package/can_package.egg-info/dependency_links.txt
[3.641s] writing entry points to ../../build/can_package/can_package.egg-info/entry_points.txt
[3.641s] writing requirements to ../../build/can_package/can_package.egg-info/requires.txt
[3.641s] writing top-level names to ../../build/can_package/can_package.egg-info/top_level.txt
[3.644s] reading manifest file '../../build/can_package/can_package.egg-info/SOURCES.txt'
[3.644s] adding license file 'LICENSE'
[3.645s] writing manifest file '../../build/can_package/can_package.egg-info/SOURCES.txt'
[3.646s] running build
[3.646s] running build_py
[3.646s] running install
[3.647s] running install_lib
[3.648s] running install_data
[3.649s] running install_egg_info
[3.651s] removing '/home/jaay/Agnirath/Agnirath_LVS_Strategy/aarush_ros/install/can_package/lib/python3.10/site-packages/can_package-0.0.0-py3.10.egg-info' (and everything under it)
[3.652s] Copying ../../build/can_package/can_package.egg-info to /home/jaay/Agnirath/Agnirath_LVS_Strategy/aarush_ros/install/can_package/lib/python3.10/site-packages/can_package-0.0.0-py3.10.egg-info
[3.653s] running install_scripts
[3.681s] Installing can_node script to /home/jaay/Agnirath/Agnirath_LVS_Strategy/aarush_ros/install/can_package/lib/can_package
[3.681s] Installing can_node_sim script to /home/jaay/Agnirath/Agnirath_LVS_Strategy/aarush_ros/install/can_package/lib/can_package
[3.681s] Installing can_tx_node script to /home/jaay/Agnirath/Agnirath_LVS_Strategy/aarush_ros/install/can_package/lib/can_package
[3.681s] writing list of installed files to '/home/jaay/Agnirath/Agnirath_LVS_Strategy/aarush_ros/build/can_package/install.log'
[3.736s] Invoked command in '/home/jaay/Agnirath/Agnirath_LVS_Strategy/aarush_ros/src/can_package' returned '0': PYTHONPATH=/home/jaay/Agnirath/Agnirath_LVS_Strategy/aarush_ros/build/can_package/prefix_override:/home/jaay/Agnirath/Agnirath_LVS_Strategy/aarush_ros/install/can_package/lib/python3.10/site-packages:${PYTHONPATH} /usr/bin/python3 setup.py egg_info --egg-base ../../build/can_package build --build-base /home/jaay/Agnirath/Agnirath_LVS_Strategy/aarush_ros/build/can_package/build install --record /home/jaay/Agnirath/Agnirath_LVS_Strategy/aarush_ros/build/can_package/install.log --single-version-externally-managed
