[1.179s] Invoking command in '/home/jaay/Agnirath/Agnirath_LVS_Strategy/aarush_ros/src/control_package': PYTHONPATH=/home/jaay/Agnirath/Agnirath_LVS_Strategy/aarush_ros/build/control_package/prefix_override:/home/jaay/Agnirath/Agnirath_LVS_Strategy/aarush_ros/install/control_package/lib/python3.10/site-packages:${PYTHONPATH} /usr/bin/python3 setup.py egg_info --egg-base ../../build/control_package build --build-base /home/jaay/Agnirath/Agnirath_LVS_Strategy/aarush_ros/build/control_package/build install --record /home/jaay/Agnirath/Agnirath_LVS_Strategy/aarush_ros/build/control_package/install.log --single-version-externally-managed
[1.402s] running egg_info
[1.403s] writing ../../build/control_package/control_package.egg-info/PKG-INFO
[1.403s] writing dependency_links to ../../build/control_package/control_package.egg-info/dependency_links.txt
[1.403s] writing entry points to ../../build/control_package/control_package.egg-info/entry_points.txt
[1.403s] writing requirements to ../../build/control_package/control_package.egg-info/requires.txt
[1.403s] writing top-level names to ../../build/control_package/control_package.egg-info/top_level.txt
[1.404s] reading manifest file '../../build/control_package/control_package.egg-info/SOURCES.txt'
[1.404s] adding license file 'LICENSE'
[1.405s] writing manifest file '../../build/control_package/control_package.egg-info/SOURCES.txt'
[1.405s] running build
[1.405s] running build_py
[1.405s] copying control_package/control_node.py -> /home/jaay/Agnirath/Agnirath_LVS_Strategy/aarush_ros/build/control_package/build/lib/control_package
[1.406s] running install
[1.406s] running install_lib
[1.406s] copying /home/jaay/Agnirath/Agnirath_LVS_Strategy/aarush_ros/build/control_package/build/lib/control_package/control_node.py -> /home/jaay/Agnirath/Agnirath_LVS_Strategy/aarush_ros/install/control_package/lib/python3.10/site-packages/control_package
[1.407s] byte-compiling /home/jaay/Agnirath/Agnirath_LVS_Strategy/aarush_ros/install/control_package/lib/python3.10/site-packages/control_package/control_node.py to control_node.cpython-310.pyc
[1.407s] running install_data
[1.408s] running install_egg_info
[1.409s] removing '/home/jaay/Agnirath/Agnirath_LVS_Strategy/aarush_ros/install/control_package/lib/python3.10/site-packages/control_package-0.0.0-py3.10.egg-info' (and everything under it)
[1.409s] Copying ../../build/control_package/control_package.egg-info to /home/jaay/Agnirath/Agnirath_LVS_Strategy/aarush_ros/install/control_package/lib/python3.10/site-packages/control_package-0.0.0-py3.10.egg-info
[1.410s] running install_scripts
[1.425s] Installing control_node script to /home/jaay/Agnirath/Agnirath_LVS_Strategy/aarush_ros/install/control_package/lib/control_package
[1.425s] writing list of installed files to '/home/jaay/Agnirath/Agnirath_LVS_Strategy/aarush_ros/build/control_package/install.log'
[1.488s] Invoked command in '/home/jaay/Agnirath/Agnirath_LVS_Strategy/aarush_ros/src/control_package' returned '0': PYTHONPATH=/home/jaay/Agnirath/Agnirath_LVS_Strategy/aarush_ros/build/control_package/prefix_override:/home/jaay/Agnirath/Agnirath_LVS_Strategy/aarush_ros/install/control_package/lib/python3.10/site-packages:${PYTHONPATH} /usr/bin/python3 setup.py egg_info --egg-base ../../build/control_package build --build-base /home/jaay/Agnirath/Agnirath_LVS_Strategy/aarush_ros/build/control_package/build install --record /home/jaay/Agnirath/Agnirath_LVS_Strategy/aarush_ros/build/control_package/install.log --single-version-externally-managed
