[3.925s] Invoking command in '/home/jaay/Agnirath/Agnirath_LVS_Strategy/aarush_ros/src/logging_package': PYTHONPATH=/home/jaay/Agnirath/Agnirath_LVS_Strategy/aarush_ros/build/logging_package/prefix_override:/home/jaay/Agnirath/Agnirath_LVS_Strategy/aarush_ros/install/logging_package/lib/python3.10/site-packages:${PYTHONPATH} /usr/bin/python3 setup.py egg_info --egg-base ../../build/logging_package build --build-base /home/jaay/Agnirath/Agnirath_LVS_Strategy/aarush_ros/build/logging_package/build install --record /home/jaay/Agnirath/Agnirath_LVS_Strategy/aarush_ros/build/logging_package/install.log --single-version-externally-managed
[4.174s] running egg_info
[4.175s] writing ../../build/logging_package/logging_package.egg-info/PKG-INFO
[4.175s] writing dependency_links to ../../build/logging_package/logging_package.egg-info/dependency_links.txt
[4.175s] writing entry points to ../../build/logging_package/logging_package.egg-info/entry_points.txt
[4.175s] writing requirements to ../../build/logging_package/logging_package.egg-info/requires.txt
[4.175s] writing top-level names to ../../build/logging_package/logging_package.egg-info/top_level.txt
[4.179s] reading manifest file '../../build/logging_package/logging_package.egg-info/SOURCES.txt'
[4.180s] adding license file 'LICENSE'
[4.180s] writing manifest file '../../build/logging_package/logging_package.egg-info/SOURCES.txt'
[4.181s] running build
[4.181s] running build_py
[4.181s] running install
[4.182s] /usr/lib/python3/dist-packages/setuptools/command/install.py:34: SetuptoolsDeprecationWarning: setup.py install is deprecated. Use build and pip and other standards-based tools.
[4.182s]   warnings.warn(
[4.182s] running install_lib
[4.183s] running install_data
[4.184s] running install_egg_info
[4.187s] removing '/home/jaay/Agnirath/Agnirath_LVS_Strategy/aarush_ros/install/logging_package/lib/python3.10/site-packages/logging_package-0.0.0-py3.10.egg-info' (and everything under it)
[4.188s] Copying ../../build/logging_package/logging_package.egg-info to /home/jaay/Agnirath/Agnirath_LVS_Strategy/aarush_ros/install/logging_package/lib/python3.10/site-packages/logging_package-0.0.0-py3.10.egg-info
[4.189s] running install_scripts
[4.221s] Installing logging_node script to /home/jaay/Agnirath/Agnirath_LVS_Strategy/aarush_ros/install/logging_package/lib/logging_package
[4.222s] writing list of installed files to '/home/jaay/Agnirath/Agnirath_LVS_Strategy/aarush_ros/build/logging_package/install.log'
[4.371s] Invoked command in '/home/jaay/Agnirath/Agnirath_LVS_Strategy/aarush_ros/src/logging_package' returned '0': PYTHONPATH=/home/jaay/Agnirath/Agnirath_LVS_Strategy/aarush_ros/build/logging_package/prefix_override:/home/jaay/Agnirath/Agnirath_LVS_Strategy/aarush_ros/install/logging_package/lib/python3.10/site-packages:${PYTHONPATH} /usr/bin/python3 setup.py egg_info --egg-base ../../build/logging_package build --build-base /home/jaay/Agnirath/Agnirath_LVS_Strategy/aarush_ros/build/logging_package/build install --record /home/jaay/Agnirath/Agnirath_LVS_Strategy/aarush_ros/build/logging_package/install.log --single-version-externally-managed
