[2.167s] Invoking command in '/home/ubuntu/Old_LV/aarush_ros/src/can_package': PYTHONPATH=/home/ubuntu/Old_LV/aarush_ros/build/can_package/prefix_override:/home/ubuntu/Old_LV/aarush_ros/install/can_package/lib/python3.10/site-packages:${PYTHONPATH} /usr/bin/python3 setup.py egg_info --egg-base ../../build/can_package build --build-base /home/ubuntu/Old_LV/aarush_ros/build/can_package/build install --record /home/ubuntu/Old_LV/aarush_ros/build/can_package/install.log --single-version-externally-managed
[3.017s] running egg_info
[3.020s] writing ../../build/can_package/can_package.egg-info/PKG-INFO
[3.021s] writing dependency_links to ../../build/can_package/can_package.egg-info/dependency_links.txt
[3.022s] writing entry points to ../../build/can_package/can_package.egg-info/entry_points.txt
[3.023s] writing requirements to ../../build/can_package/can_package.egg-info/requires.txt
[3.023s] writing top-level names to ../../build/can_package/can_package.egg-info/top_level.txt
[3.040s] reading manifest file '../../build/can_package/can_package.egg-info/SOURCES.txt'
[3.042s] adding license file 'LICENSE'
[3.043s] writing manifest file '../../build/can_package/can_package.egg-info/SOURCES.txt'
[3.043s] running build
[3.043s] running build_py
[3.044s] running install
[3.044s] running install_lib
[3.044s] /usr/lib/python3/dist-packages/setuptools/command/install.py:34: SetuptoolsDeprecationWarning: setup.py install is deprecated. Use build and pip and other standards-based tools.
[3.045s]   warnings.warn(
[3.052s] byte-compiling /home/ubuntu/Old_LV/aarush_ros/install/can_package/lib/python3.10/site-packages/can_package/py_tools_decode_test_dup.py to py_tools_decode_test_dup.cpython-310.pyc
[3.053s] running install_data
[3.061s] running install_egg_info
[3.061s] removing '/home/ubuntu/Old_LV/aarush_ros/install/can_package/lib/python3.10/site-packages/can_package-0.0.0-py3.10.egg-info' (and everything under it)
[3.062s] Copying ../../build/can_package/can_package.egg-info to /home/ubuntu/Old_LV/aarush_ros/install/can_package/lib/python3.10/site-packages/can_package-0.0.0-py3.10.egg-info
[3.065s] running install_scripts
[3.142s] Installing can_node_sim script to /home/ubuntu/Old_LV/aarush_ros/install/can_package/lib/can_package
[3.143s] Installing can_rx_node script to /home/ubuntu/Old_LV/aarush_ros/install/can_package/lib/can_package
[3.143s] Installing can_rx_node_dup script to /home/ubuntu/Old_LV/aarush_ros/install/can_package/lib/can_package
[3.144s] Installing can_rx_node_v3 script to /home/ubuntu/Old_LV/aarush_ros/install/can_package/lib/can_package
[3.145s] Installing can_tx_node script to /home/ubuntu/Old_LV/aarush_ros/install/can_package/lib/can_package
[3.147s] writing list of installed files to '/home/ubuntu/Old_LV/aarush_ros/build/can_package/install.log'
[3.268s] Invoked command in '/home/ubuntu/Old_LV/aarush_ros/src/can_package' returned '0': PYTHONPATH=/home/ubuntu/Old_LV/aarush_ros/build/can_package/prefix_override:/home/ubuntu/Old_LV/aarush_ros/install/can_package/lib/python3.10/site-packages:${PYTHONPATH} /usr/bin/python3 setup.py egg_info --egg-base ../../build/can_package build --build-base /home/ubuntu/Old_LV/aarush_ros/build/can_package/build install --record /home/ubuntu/Old_LV/aarush_ros/build/can_package/install.log --single-version-externally-managed
