[3.554s] Invoking command in '/home/veadesh/Agnirath/Agnirath_LVS_Strategy/aarush_ros/src/control_package': CONDA_PROMPT_MODIFIER=(base) PYTHONPATH=/home/veadesh/Agnirath/Agnirath_LVS_Strategy/aarush_ros/build/control_package/prefix_override:/home/veadesh/Agnirath/Agnirath_LVS_Strategy/aarush_ros/install/control_package/lib/python3.10/site-packages:${PYTHONPATH} /usr/bin/python3 setup.py egg_info --egg-base ../../build/control_package build --build-base /home/veadesh/Agnirath/Agnirath_LVS_Strategy/aarush_ros/build/control_package/build install --record /home/veadesh/Agnirath/Agnirath_LVS_Strategy/aarush_ros/build/control_package/install.log --single-version-externally-managed
[3.925s] running egg_info
[3.928s] writing ../../build/control_package/control_package.egg-info/PKG-INFO
[3.928s] writing dependency_links to ../../build/control_package/control_package.egg-info/dependency_links.txt
[3.928s] writing entry points to ../../build/control_package/control_package.egg-info/entry_points.txt
[3.928s] writing requirements to ../../build/control_package/control_package.egg-info/requires.txt
[3.928s] writing top-level names to ../../build/control_package/control_package.egg-info/top_level.txt
[3.930s] reading manifest file '../../build/control_package/control_package.egg-info/SOURCES.txt'
[3.930s] adding license file 'LICENSE'
[3.931s] writing manifest file '../../build/control_package/control_package.egg-info/SOURCES.txt'
[3.931s] running build
[3.931s] running build_py
[3.931s] running install
[3.931s] /usr/lib/python3/dist-packages/setuptools/command/install.py:34: SetuptoolsDeprecationWarning: setup.py install is deprecated. Use build and pip and other standards-based tools.
[3.931s]   warnings.warn(
[3.932s] running install_lib
[3.934s] running install_data
[3.935s] running install_egg_info
[3.937s] removing '/home/veadesh/Agnirath/Agnirath_LVS_Strategy/aarush_ros/install/control_package/lib/python3.10/site-packages/control_package-0.0.0-py3.10.egg-info' (and everything under it)
[3.937s] Copying ../../build/control_package/control_package.egg-info to /home/veadesh/Agnirath/Agnirath_LVS_Strategy/aarush_ros/install/control_package/lib/python3.10/site-packages/control_package-0.0.0-py3.10.egg-info
[3.939s] running install_scripts
[3.977s] Installing control_node script to /home/veadesh/Agnirath/Agnirath_LVS_Strategy/aarush_ros/install/control_package/lib/control_package
[3.977s] writing list of installed files to '/home/veadesh/Agnirath/Agnirath_LVS_Strategy/aarush_ros/build/control_package/install.log'
[4.032s] Invoked command in '/home/veadesh/Agnirath/Agnirath_LVS_Strategy/aarush_ros/src/control_package' returned '0': CONDA_PROMPT_MODIFIER=(base) PYTHONPATH=/home/veadesh/Agnirath/Agnirath_LVS_Strategy/aarush_ros/build/control_package/prefix_override:/home/veadesh/Agnirath/Agnirath_LVS_Strategy/aarush_ros/install/control_package/lib/python3.10/site-packages:${PYTHONPATH} /usr/bin/python3 setup.py egg_info --egg-base ../../build/control_package build --build-base /home/veadesh/Agnirath/Agnirath_LVS_Strategy/aarush_ros/build/control_package/build install --record /home/veadesh/Agnirath/Agnirath_LVS_Strategy/aarush_ros/build/control_package/install.log --single-version-externally-managed
