[3.660s] Invoking command in '/home/jaay/Agnirath/Agnirath_LVS_Strategy/aarush_ros/src/gps_package': PYTHONPATH=/home/jaay/Agnirath/Agnirath_LVS_Strategy/aarush_ros/build/gps_package/prefix_override:/home/jaay/Agnirath/Agnirath_LVS_Strategy/aarush_ros/install/gps_package/lib/python3.10/site-packages:${PYTHONPATH} /usr/bin/python3 setup.py egg_info --egg-base ../../build/gps_package build --build-base /home/jaay/Agnirath/Agnirath_LVS_Strategy/aarush_ros/build/gps_package/build install --record /home/jaay/Agnirath/Agnirath_LVS_Strategy/aarush_ros/build/gps_package/install.log --single-version-externally-managed
[4.042s] running egg_info
[4.043s] writing ../../build/gps_package/gps_package.egg-info/PKG-INFO
[4.044s] writing dependency_links to ../../build/gps_package/gps_package.egg-info/dependency_links.txt
[4.044s] writing entry points to ../../build/gps_package/gps_package.egg-info/entry_points.txt
[4.044s] writing requirements to ../../build/gps_package/gps_package.egg-info/requires.txt
[4.044s] writing top-level names to ../../build/gps_package/gps_package.egg-info/top_level.txt
[4.049s] reading manifest file '../../build/gps_package/gps_package.egg-info/SOURCES.txt'
[4.049s] adding license file 'LICENSE'
[4.050s] writing manifest file '../../build/gps_package/gps_package.egg-info/SOURCES.txt'
[4.050s] running build
[4.050s] running build_py
[4.050s] running install
[4.051s] /usr/lib/python3/dist-packages/setuptools/command/install.py:34: SetuptoolsDeprecationWarning: setup.py install is deprecated. Use build and pip and other standards-based tools.
[4.051s]   warnings.warn(
[4.051s] running install_lib
[4.053s] running install_data
[4.054s] running install_egg_info
[4.056s] removing '/home/jaay/Agnirath/Agnirath_LVS_Strategy/aarush_ros/install/gps_package/lib/python3.10/site-packages/gps_package-0.0.0-py3.10.egg-info' (and everything under it)
[4.057s] Copying ../../build/gps_package/gps_package.egg-info to /home/jaay/Agnirath/Agnirath_LVS_Strategy/aarush_ros/install/gps_package/lib/python3.10/site-packages/gps_package-0.0.0-py3.10.egg-info
[4.058s] running install_scripts
[4.087s] Installing gps_node script to /home/jaay/Agnirath/Agnirath_LVS_Strategy/aarush_ros/install/gps_package/lib/gps_package
[4.087s] writing list of installed files to '/home/jaay/Agnirath/Agnirath_LVS_Strategy/aarush_ros/build/gps_package/install.log'
[4.159s] Invoked command in '/home/jaay/Agnirath/Agnirath_LVS_Strategy/aarush_ros/src/gps_package' returned '0': PYTHONPATH=/home/jaay/Agnirath/Agnirath_LVS_Strategy/aarush_ros/build/gps_package/prefix_override:/home/jaay/Agnirath/Agnirath_LVS_Strategy/aarush_ros/install/gps_package/lib/python3.10/site-packages:${PYTHONPATH} /usr/bin/python3 setup.py egg_info --egg-base ../../build/gps_package build --build-base /home/jaay/Agnirath/Agnirath_LVS_Strategy/aarush_ros/build/gps_package/build install --record /home/jaay/Agnirath/Agnirath_LVS_Strategy/aarush_ros/build/gps_package/install.log --single-version-externally-managed
