[0.715s] Invoking command in '/home/jaay/repositories/Agnirath_LVS_Strategy/aarush_ros/src/control_package': PYTHONPATH=/home/jaay/repositories/Agnirath_LVS_Strategy/aarush_ros/build/control_package/prefix_override:/home/jaay/repositories/Agnirath_LVS_Strategy/aarush_ros/install/control_package/lib/python3.10/site-packages:${PYTHONPATH} /usr/bin/python3 setup.py egg_info --egg-base ../../build/control_package build --build-base /home/jaay/repositories/Agnirath_LVS_Strategy/aarush_ros/build/control_package/build install --record /home/jaay/repositories/Agnirath_LVS_Strategy/aarush_ros/build/control_package/install.log --single-version-externally-managed
[0.924s] running egg_info
[0.924s] writing ../../build/control_package/control_package.egg-info/PKG-INFO
[0.924s] writing dependency_links to ../../build/control_package/control_package.egg-info/dependency_links.txt
[0.925s] writing entry points to ../../build/control_package/control_package.egg-info/entry_points.txt
[0.925s] writing requirements to ../../build/control_package/control_package.egg-info/requires.txt
[0.925s] writing top-level names to ../../build/control_package/control_package.egg-info/top_level.txt
[0.926s] reading manifest file '../../build/control_package/control_package.egg-info/SOURCES.txt'
[0.926s] adding license file 'LICENSE'
[0.927s] writing manifest file '../../build/control_package/control_package.egg-info/SOURCES.txt'
[0.927s] running build
[0.927s] running build_py
[0.927s] running install
[0.927s] running install_lib
[0.928s] running install_data
[0.929s] running install_egg_info
[0.930s] removing '/home/jaay/repositories/Agnirath_LVS_Strategy/aarush_ros/install/control_package/lib/python3.10/site-packages/control_package-0.0.0-py3.10.egg-info' (and everything under it)
[0.930s] Copying ../../build/control_package/control_package.egg-info to /home/jaay/repositories/Agnirath_LVS_Strategy/aarush_ros/install/control_package/lib/python3.10/site-packages/control_package-0.0.0-py3.10.egg-info
[0.930s] running install_scripts
[0.945s] Installing control_node script to /home/jaay/repositories/Agnirath_LVS_Strategy/aarush_ros/install/control_package/lib/control_package
[0.945s] writing list of installed files to '/home/jaay/repositories/Agnirath_LVS_Strategy/aarush_ros/build/control_package/install.log'
[0.986s] Invoked command in '/home/jaay/repositories/Agnirath_LVS_Strategy/aarush_ros/src/control_package' returned '0': PYTHONPATH=/home/jaay/repositories/Agnirath_LVS_Strategy/aarush_ros/build/control_package/prefix_override:/home/jaay/repositories/Agnirath_LVS_Strategy/aarush_ros/install/control_package/lib/python3.10/site-packages:${PYTHONPATH} /usr/bin/python3 setup.py egg_info --egg-base ../../build/control_package build --build-base /home/jaay/repositories/Agnirath_LVS_Strategy/aarush_ros/build/control_package/build install --record /home/jaay/repositories/Agnirath_LVS_Strategy/aarush_ros/build/control_package/install.log --single-version-externally-managed
