[2.299s] Invoking command in '/home/ubuntu/Agnirath_LVS_Strategy/aarush_ros/src/can_package': PYTHONPATH=/home/ubuntu/Agnirath_LVS_Strategy/aarush_ros/build/can_package/prefix_override:/home/ubuntu/Agnirath_LVS_Strategy/aarush_ros/install/can_package/lib/python3.10/site-packages:${PYTHONPATH} /usr/bin/python3 setup.py egg_info --egg-base ../../build/can_package build --build-base /home/ubuntu/Agnirath_LVS_Strategy/aarush_ros/build/can_package/build install --record /home/ubuntu/Agnirath_LVS_Strategy/aarush_ros/build/can_package/install.log --single-version-externally-managed
[3.383s] running egg_info
[3.387s] writing ../../build/can_package/can_package.egg-info/PKG-INFO
[3.389s] writing dependency_links to ../../build/can_package/can_package.egg-info/dependency_links.txt
[3.391s] writing entry points to ../../build/can_package/can_package.egg-info/entry_points.txt
[3.392s] writing requirements to ../../build/can_package/can_package.egg-info/requires.txt
[3.394s] writing top-level names to ../../build/can_package/can_package.egg-info/top_level.txt
[3.403s] reading manifest file '../../build/can_package/can_package.egg-info/SOURCES.txt'
[3.405s] adding license file 'LICENSE'
[3.409s] writing manifest file '../../build/can_package/can_package.egg-info/SOURCES.txt'
[3.410s] running build
[3.411s] running build_py
[3.413s] copying can_package/can_rx_node.py -> /home/ubuntu/Agnirath_LVS_Strategy/aarush_ros/build/can_package/build/lib/can_package
[3.415s] running install
[3.417s] /usr/lib/python3/dist-packages/setuptools/command/install.py:34: SetuptoolsDeprecationWarning: setup.py install is deprecated. Use build and pip and other standards-based tools.
[3.417s]   warnings.warn(
[3.419s] running install_lib
[3.425s] copying /home/ubuntu/Agnirath_LVS_Strategy/aarush_ros/build/can_package/build/lib/can_package/can_rx_node.py -> /home/ubuntu/Agnirath_LVS_Strategy/aarush_ros/install/can_package/lib/python3.10/site-packages/can_package
[3.428s] byte-compiling /home/ubuntu/Agnirath_LVS_Strategy/aarush_ros/install/can_package/lib/python3.10/site-packages/can_package/can_rx_node.py to can_rx_node.cpython-310.pyc
[3.432s] running install_data
[3.435s] running install_egg_info
[3.443s] removing '/home/ubuntu/Agnirath_LVS_Strategy/aarush_ros/install/can_package/lib/python3.10/site-packages/can_package-0.0.0-py3.10.egg-info' (and everything under it)
[3.445s] Copying ../../build/can_package/can_package.egg-info to /home/ubuntu/Agnirath_LVS_Strategy/aarush_ros/install/can_package/lib/python3.10/site-packages/can_package-0.0.0-py3.10.egg-info
[3.450s] running install_scripts
[3.539s] Installing can_node_sim script to /home/ubuntu/Agnirath_LVS_Strategy/aarush_ros/install/can_package/lib/can_package
[3.540s] Installing can_rx_node script to /home/ubuntu/Agnirath_LVS_Strategy/aarush_ros/install/can_package/lib/can_package
[3.542s] Installing can_tx_node script to /home/ubuntu/Agnirath_LVS_Strategy/aarush_ros/install/can_package/lib/can_package
[3.545s] writing list of installed files to '/home/ubuntu/Agnirath_LVS_Strategy/aarush_ros/build/can_package/install.log'
[3.689s] Invoked command in '/home/ubuntu/Agnirath_LVS_Strategy/aarush_ros/src/can_package' returned '0': PYTHONPATH=/home/ubuntu/Agnirath_LVS_Strategy/aarush_ros/build/can_package/prefix_override:/home/ubuntu/Agnirath_LVS_Strategy/aarush_ros/install/can_package/lib/python3.10/site-packages:${PYTHONPATH} /usr/bin/python3 setup.py egg_info --egg-base ../../build/can_package build --build-base /home/ubuntu/Agnirath_LVS_Strategy/aarush_ros/build/can_package/build install --record /home/ubuntu/Agnirath_LVS_Strategy/aarush_ros/build/can_package/install.log --single-version-externally-managed
