[2.538s] Invoking command in '/home/ubuntu/Agnirath_LVS_Strategy/aarush_ros/src/logging_package': PYTHONPATH=/home/ubuntu/Agnirath_LVS_Strategy/aarush_ros/build/logging_package/prefix_override:/home/ubuntu/Agnirath_LVS_Strategy/aarush_ros/install/logging_package/lib/python3.10/site-packages:${PYTHONPATH} /usr/bin/python3 setup.py egg_info --egg-base ../../build/logging_package build --build-base /home/ubuntu/Agnirath_LVS_Strategy/aarush_ros/build/logging_package/build install --record /home/ubuntu/Agnirath_LVS_Strategy/aarush_ros/build/logging_package/install.log --single-version-externally-managed
[3.607s] running egg_info
[3.611s] writing ../../build/logging_package/logging_package.egg-info/PKG-INFO
[3.614s] writing dependency_links to ../../build/logging_package/logging_package.egg-info/dependency_links.txt
[3.616s] writing entry points to ../../build/logging_package/logging_package.egg-info/entry_points.txt
[3.618s] writing requirements to ../../build/logging_package/logging_package.egg-info/requires.txt
[3.620s] writing top-level names to ../../build/logging_package/logging_package.egg-info/top_level.txt
[3.631s] reading manifest file '../../build/logging_package/logging_package.egg-info/SOURCES.txt'
[3.634s] adding license file 'LICENSE'
[3.638s] writing manifest file '../../build/logging_package/logging_package.egg-info/SOURCES.txt'
[3.640s] running build
[3.641s] running build_py
[3.643s] running install
[3.645s] /usr/lib/python3/dist-packages/setuptools/command/install.py:34: SetuptoolsDeprecationWarning: setup.py install is deprecated. Use build and pip and other standards-based tools.
[3.646s]   warnings.warn(
[3.649s] running install_lib
[3.657s] running install_data
[3.661s] running install_egg_info
[3.670s] removing '/home/ubuntu/Agnirath_LVS_Strategy/aarush_ros/install/logging_package/lib/python3.10/site-packages/logging_package-0.0.0-py3.10.egg-info' (and everything under it)
[3.674s] Copying ../../build/logging_package/logging_package.egg-info to /home/ubuntu/Agnirath_LVS_Strategy/aarush_ros/install/logging_package/lib/python3.10/site-packages/logging_package-0.0.0-py3.10.egg-info
[3.680s] running install_scripts
[3.770s] Installing logging_node script to /home/ubuntu/Agnirath_LVS_Strategy/aarush_ros/install/logging_package/lib/logging_package
[3.772s] writing list of installed files to '/home/ubuntu/Agnirath_LVS_Strategy/aarush_ros/build/logging_package/install.log'
[3.917s] Invoked command in '/home/ubuntu/Agnirath_LVS_Strategy/aarush_ros/src/logging_package' returned '0': PYTHONPATH=/home/ubuntu/Agnirath_LVS_Strategy/aarush_ros/build/logging_package/prefix_override:/home/ubuntu/Agnirath_LVS_Strategy/aarush_ros/install/logging_package/lib/python3.10/site-packages:${PYTHONPATH} /usr/bin/python3 setup.py egg_info --egg-base ../../build/logging_package build --build-base /home/ubuntu/Agnirath_LVS_Strategy/aarush_ros/build/logging_package/build install --record /home/ubuntu/Agnirath_LVS_Strategy/aarush_ros/build/logging_package/install.log --single-version-externally-managed
