[2.452s] Invoking command in '/home/ubuntu/Old_LV/aarush_ros/src/mppt_package': PYTHONPATH=/home/ubuntu/Old_LV/aarush_ros/build/mppt_package/prefix_override:/home/ubuntu/Old_LV/aarush_ros/install/mppt_package/lib/python3.10/site-packages:${PYTHONPATH} /usr/bin/python3 setup.py egg_info --egg-base ../../build/mppt_package build --build-base /home/ubuntu/Old_LV/aarush_ros/build/mppt_package/build install --record /home/ubuntu/Old_LV/aarush_ros/build/mppt_package/install.log --single-version-externally-managed
[3.450s] running egg_info
[3.453s] writing ../../build/mppt_package/mppt_package.egg-info/PKG-INFO
[3.455s] writing dependency_links to ../../build/mppt_package/mppt_package.egg-info/dependency_links.txt
[3.455s] writing entry points to ../../build/mppt_package/mppt_package.egg-info/entry_points.txt
[3.458s] writing requirements to ../../build/mppt_package/mppt_package.egg-info/requires.txt
[3.459s] writing top-level names to ../../build/mppt_package/mppt_package.egg-info/top_level.txt
[3.467s] reading manifest file '../../build/mppt_package/mppt_package.egg-info/SOURCES.txt'
[3.468s] adding license file 'LICENSE'
[3.471s] writing manifest file '../../build/mppt_package/mppt_package.egg-info/SOURCES.txt'
[3.472s] running build
[3.473s] running build_py
[3.473s] copying mppt_package/mppt_node.py -> /home/ubuntu/Old_LV/aarush_ros/build/mppt_package/build/lib/mppt_package
[3.476s] running install
[3.477s] /usr/lib/python3/dist-packages/setuptools/command/install.py:34: SetuptoolsDeprecationWarning: setup.py install is deprecated. Use build and pip and other standards-based tools.
[3.477s]   warnings.warn(
[3.477s] running install_lib
[3.482s] copying /home/ubuntu/Old_LV/aarush_ros/build/mppt_package/build/lib/mppt_package/mppt_node.py -> /home/ubuntu/Old_LV/aarush_ros/install/mppt_package/lib/python3.10/site-packages/mppt_package
[3.483s] byte-compiling /home/ubuntu/Old_LV/aarush_ros/install/mppt_package/lib/python3.10/site-packages/mppt_package/mppt_node.py to mppt_node.cpython-310.pyc
[3.501s] running install_data
[3.504s] running install_egg_info
[3.510s] removing '/home/ubuntu/Old_LV/aarush_ros/install/mppt_package/lib/python3.10/site-packages/mppt_package-0.0.0-py3.10.egg-info' (and everything under it)
[3.511s] Copying ../../build/mppt_package/mppt_package.egg-info to /home/ubuntu/Old_LV/aarush_ros/install/mppt_package/lib/python3.10/site-packages/mppt_package-0.0.0-py3.10.egg-info
[3.515s] running install_scripts
[3.613s] Installing mppt_node script to /home/ubuntu/Old_LV/aarush_ros/install/mppt_package/lib/mppt_package
[3.614s] writing list of installed files to '/home/ubuntu/Old_LV/aarush_ros/build/mppt_package/install.log'
[3.748s] Invoked command in '/home/ubuntu/Old_LV/aarush_ros/src/mppt_package' returned '0': PYTHONPATH=/home/ubuntu/Old_LV/aarush_ros/build/mppt_package/prefix_override:/home/ubuntu/Old_LV/aarush_ros/install/mppt_package/lib/python3.10/site-packages:${PYTHONPATH} /usr/bin/python3 setup.py egg_info --egg-base ../../build/mppt_package build --build-base /home/ubuntu/Old_LV/aarush_ros/build/mppt_package/build install --record /home/ubuntu/Old_LV/aarush_ros/build/mppt_package/install.log --single-version-externally-managed
