[2.380s] Invoking command in '/home/ubuntu/Old_LV/aarush_ros/src/main_package': PYTHONPATH=/home/ubuntu/Old_LV/aarush_ros/build/main_package/prefix_override:/home/ubuntu/Old_LV/aarush_ros/install/main_package/lib/python3.10/site-packages:${PYTHONPATH} /usr/bin/python3 setup.py egg_info --egg-base ../../build/main_package build --build-base /home/ubuntu/Old_LV/aarush_ros/build/main_package/build install --record /home/ubuntu/Old_LV/aarush_ros/build/main_package/install.log --single-version-externally-managed
[3.264s] running egg_info
[3.269s] writing ../../build/main_package/main_package.egg-info/PKG-INFO
[3.271s] writing dependency_links to ../../build/main_package/main_package.egg-info/dependency_links.txt
[3.272s] writing entry points to ../../build/main_package/main_package.egg-info/entry_points.txt
[3.273s] writing requirements to ../../build/main_package/main_package.egg-info/requires.txt
[3.277s] writing top-level names to ../../build/main_package/main_package.egg-info/top_level.txt
[3.279s] reading manifest file '../../build/main_package/main_package.egg-info/SOURCES.txt'
[3.281s] adding license file 'LICENSE'
[3.284s] writing manifest file '../../build/main_package/main_package.egg-info/SOURCES.txt'
[3.290s] running build
[3.292s] running build_py
[3.294s] running install
[3.295s] /usr/lib/python3/dist-packages/setuptools/command/install.py:34: SetuptoolsDeprecationWarning: setup.py install is deprecated. Use build and pip and other standards-based tools.
[3.297s]   warnings.warn(
[3.305s] running install_lib
[3.307s] running install_data
[3.309s] running install_egg_info
[3.311s] removing '/home/ubuntu/Old_LV/aarush_ros/install/main_package/lib/python3.10/site-packages/main_package-0.0.0-py3.10.egg-info' (and everything under it)
[3.312s] Copying ../../build/main_package/main_package.egg-info to /home/ubuntu/Old_LV/aarush_ros/install/main_package/lib/python3.10/site-packages/main_package-0.0.0-py3.10.egg-info
[3.315s] running install_scripts
[3.382s] Installing main_node script to /home/ubuntu/Old_LV/aarush_ros/install/main_package/lib/main_package
[3.385s] writing list of installed files to '/home/ubuntu/Old_LV/aarush_ros/build/main_package/install.log'
[3.527s] Invoked command in '/home/ubuntu/Old_LV/aarush_ros/src/main_package' returned '0': PYTHONPATH=/home/ubuntu/Old_LV/aarush_ros/build/main_package/prefix_override:/home/ubuntu/Old_LV/aarush_ros/install/main_package/lib/python3.10/site-packages:${PYTHONPATH} /usr/bin/python3 setup.py egg_info --egg-base ../../build/main_package build --build-base /home/ubuntu/Old_LV/aarush_ros/build/main_package/build install --record /home/ubuntu/Old_LV/aarush_ros/build/main_package/install.log --single-version-externally-managed
