[0.697s] Invoking command in '/home/jaay/repositories/Agnirath_LVS_Strategy/aarush_ros/src/control_package': PYTHONPATH=/home/jaay/repositories/Agnirath_LVS_Strategy/aarush_ros/build/control_package/prefix_override:/home/jaay/repositories/Agnirath_LVS_Strategy/aarush_ros/install/control_package/lib/python3.10/site-packages:${PYTHONPATH} /usr/bin/python3 setup.py egg_info --egg-base ../../build/control_package build --build-base /home/jaay/repositories/Agnirath_LVS_Strategy/aarush_ros/build/control_package/build install --record /home/jaay/repositories/Agnirath_LVS_Strategy/aarush_ros/build/control_package/install.log --single-version-externally-managed
[0.887s] running egg_info
[0.888s] writing ../../build/control_package/control_package.egg-info/PKG-INFO
[0.888s] writing dependency_links to ../../build/control_package/control_package.egg-info/dependency_links.txt
[0.888s] writing entry points to ../../build/control_package/control_package.egg-info/entry_points.txt
[0.888s] writing requirements to ../../build/control_package/control_package.egg-info/requires.txt
[0.888s] writing top-level names to ../../build/control_package/control_package.egg-info/top_level.txt
[0.889s] reading manifest file '../../build/control_package/control_package.egg-info/SOURCES.txt'
[0.889s] adding license file 'LICENSE'
[0.890s] writing manifest file '../../build/control_package/control_package.egg-info/SOURCES.txt'
[0.890s] running build
[0.890s] running build_py
[0.890s] running install
[0.890s] running install_lib
[0.891s] running install_data
[0.891s] running install_egg_info
[0.892s] removing '/home/jaay/repositories/Agnirath_LVS_Strategy/aarush_ros/install/control_package/lib/python3.10/site-packages/control_package-0.0.0-py3.10.egg-info' (and everything under it)
[0.892s] Copying ../../build/control_package/control_package.egg-info to /home/jaay/repositories/Agnirath_LVS_Strategy/aarush_ros/install/control_package/lib/python3.10/site-packages/control_package-0.0.0-py3.10.egg-info
[0.893s] running install_scripts
[0.905s] Installing control_node script to /home/jaay/repositories/Agnirath_LVS_Strategy/aarush_ros/install/control_package/lib/control_package
[0.906s] writing list of installed files to '/home/jaay/repositories/Agnirath_LVS_Strategy/aarush_ros/build/control_package/install.log'
[0.934s] Invoked command in '/home/jaay/repositories/Agnirath_LVS_Strategy/aarush_ros/src/control_package' returned '0': PYTHONPATH=/home/jaay/repositories/Agnirath_LVS_Strategy/aarush_ros/build/control_package/prefix_override:/home/jaay/repositories/Agnirath_LVS_Strategy/aarush_ros/install/control_package/lib/python3.10/site-packages:${PYTHONPATH} /usr/bin/python3 setup.py egg_info --egg-base ../../build/control_package build --build-base /home/jaay/repositories/Agnirath_LVS_Strategy/aarush_ros/build/control_package/build install --record /home/jaay/repositories/Agnirath_LVS_Strategy/aarush_ros/build/control_package/install.log --single-version-externally-managed
