[3.375s] Invoking command in '/home/jaay/Agnirath/Agnirath_LVS_Strategy/aarush_ros/src/imu_package': PYTHONPATH=/home/jaay/Agnirath/Agnirath_LVS_Strategy/aarush_ros/build/imu_package/prefix_override:/home/jaay/Agnirath/Agnirath_LVS_Strategy/aarush_ros/install/imu_package/lib/python3.10/site-packages:${PYTHONPATH} /usr/bin/python3 setup.py egg_info --egg-base ../../build/imu_package build --build-base /home/jaay/Agnirath/Agnirath_LVS_Strategy/aarush_ros/build/imu_package/build install --record /home/jaay/Agnirath/Agnirath_LVS_Strategy/aarush_ros/build/imu_package/install.log --single-version-externally-managed
[3.733s] running egg_info
[3.735s] writing ../../build/imu_package/imu_package.egg-info/PKG-INFO
[3.735s] writing dependency_links to ../../build/imu_package/imu_package.egg-info/dependency_links.txt
[3.735s] writing entry points to ../../build/imu_package/imu_package.egg-info/entry_points.txt
[3.736s] writing requirements to ../../build/imu_package/imu_package.egg-info/requires.txt
[3.736s] writing top-level names to ../../build/imu_package/imu_package.egg-info/top_level.txt
[3.738s] reading manifest file '../../build/imu_package/imu_package.egg-info/SOURCES.txt'
[3.738s] adding license file 'LICENSE'
[3.747s] writing manifest file '../../build/imu_package/imu_package.egg-info/SOURCES.txt'
[3.747s] running build
[3.747s] running build_py
[3.747s] copying imu_package/imu_node.py -> /home/jaay/Agnirath/Agnirath_LVS_Strategy/aarush_ros/build/imu_package/build/lib/imu_package
[3.747s] copying imu_package/__init__.py -> /home/jaay/Agnirath/Agnirath_LVS_Strategy/aarush_ros/build/imu_package/build/lib/imu_package
[3.747s] running install
[3.747s] running install_lib
[3.748s] copying /home/jaay/Agnirath/Agnirath_LVS_Strategy/aarush_ros/build/imu_package/build/lib/imu_package/imu_node.py -> /home/jaay/Agnirath/Agnirath_LVS_Strategy/aarush_ros/install/imu_package/lib/python3.10/site-packages/imu_package
[3.748s] copying /home/jaay/Agnirath/Agnirath_LVS_Strategy/aarush_ros/build/imu_package/build/lib/imu_package/__init__.py -> /home/jaay/Agnirath/Agnirath_LVS_Strategy/aarush_ros/install/imu_package/lib/python3.10/site-packages/imu_package
[3.748s] byte-compiling /home/jaay/Agnirath/Agnirath_LVS_Strategy/aarush_ros/install/imu_package/lib/python3.10/site-packages/imu_package/imu_node.py to imu_node.cpython-310.pyc
[3.749s] byte-compiling /home/jaay/Agnirath/Agnirath_LVS_Strategy/aarush_ros/install/imu_package/lib/python3.10/site-packages/imu_package/__init__.py to __init__.cpython-310.pyc
[3.749s] running install_data
[3.749s] copying resource/imu_package -> /home/jaay/Agnirath/Agnirath_LVS_Strategy/aarush_ros/install/imu_package/share/ament_index/resource_index/packages
[3.749s] copying package.xml -> /home/jaay/Agnirath/Agnirath_LVS_Strategy/aarush_ros/install/imu_package/share/imu_package
[3.749s] running install_egg_info
[3.750s] removing '/home/jaay/Agnirath/Agnirath_LVS_Strategy/aarush_ros/install/imu_package/lib/python3.10/site-packages/imu_package-0.0.0-py3.10.egg-info' (and everything under it)
[3.750s] Copying ../../build/imu_package/imu_package.egg-info to /home/jaay/Agnirath/Agnirath_LVS_Strategy/aarush_ros/install/imu_package/lib/python3.10/site-packages/imu_package-0.0.0-py3.10.egg-info
[3.751s] running install_scripts
[3.776s] Installing imu_node script to /home/jaay/Agnirath/Agnirath_LVS_Strategy/aarush_ros/install/imu_package/lib/imu_package
[3.776s] writing list of installed files to '/home/jaay/Agnirath/Agnirath_LVS_Strategy/aarush_ros/build/imu_package/install.log'
[3.831s] Invoked command in '/home/jaay/Agnirath/Agnirath_LVS_Strategy/aarush_ros/src/imu_package' returned '0': PYTHONPATH=/home/jaay/Agnirath/Agnirath_LVS_Strategy/aarush_ros/build/imu_package/prefix_override:/home/jaay/Agnirath/Agnirath_LVS_Strategy/aarush_ros/install/imu_package/lib/python3.10/site-packages:${PYTHONPATH} /usr/bin/python3 setup.py egg_info --egg-base ../../build/imu_package build --build-base /home/jaay/Agnirath/Agnirath_LVS_Strategy/aarush_ros/build/imu_package/build install --record /home/jaay/Agnirath/Agnirath_LVS_Strategy/aarush_ros/build/imu_package/install.log --single-version-externally-managed
