[2.672s] Invoking command in '/home/ubuntu/Agnirath_LVS_Strategy/aarush_ros/src/rf_package': PYTHONPATH=/home/ubuntu/Agnirath_LVS_Strategy/aarush_ros/build/rf_package/prefix_override:/home/ubuntu/Agnirath_LVS_Strategy/aarush_ros/install/rf_package/lib/python3.10/site-packages:${PYTHONPATH} /usr/bin/python3 setup.py egg_info --egg-base ../../build/rf_package build --build-base /home/ubuntu/Agnirath_LVS_Strategy/aarush_ros/build/rf_package/build install --record /home/ubuntu/Agnirath_LVS_Strategy/aarush_ros/build/rf_package/install.log --single-version-externally-managed
[3.764s] running egg_info
[3.767s] writing ../../build/rf_package/rf_package.egg-info/PKG-INFO
[3.769s] writing dependency_links to ../../build/rf_package/rf_package.egg-info/dependency_links.txt
[3.770s] writing entry points to ../../build/rf_package/rf_package.egg-info/entry_points.txt
[3.771s] writing requirements to ../../build/rf_package/rf_package.egg-info/requires.txt
[3.771s] writing top-level names to ../../build/rf_package/rf_package.egg-info/top_level.txt
[3.781s] reading manifest file '../../build/rf_package/rf_package.egg-info/SOURCES.txt'
[3.782s] adding license file 'LICENSE'
[3.786s] writing manifest file '../../build/rf_package/rf_package.egg-info/SOURCES.txt'
[3.786s] running build
[3.787s] running build_py
[3.788s] running install
[3.788s] /usr/lib/python3/dist-packages/setuptools/command/install.py:34: SetuptoolsDeprecationWarning: setup.py install is deprecated. Use build and pip and other standards-based tools.
[3.789s]   warnings.warn(
[3.790s] running install_lib
[3.795s] running install_data
[3.798s] running install_egg_info
[3.804s] removing '/home/ubuntu/Agnirath_LVS_Strategy/aarush_ros/install/rf_package/lib/python3.10/site-packages/rf_package-0.0.0-py3.10.egg-info' (and everything under it)
[3.806s] Copying ../../build/rf_package/rf_package.egg-info to /home/ubuntu/Agnirath_LVS_Strategy/aarush_ros/install/rf_package/lib/python3.10/site-packages/rf_package-0.0.0-py3.10.egg-info
[3.811s] running install_scripts
[3.894s] Installing rf_node script to /home/ubuntu/Agnirath_LVS_Strategy/aarush_ros/install/rf_package/lib/rf_package
[3.896s] writing list of installed files to '/home/ubuntu/Agnirath_LVS_Strategy/aarush_ros/build/rf_package/install.log'
[4.072s] Invoked command in '/home/ubuntu/Agnirath_LVS_Strategy/aarush_ros/src/rf_package' returned '0': PYTHONPATH=/home/ubuntu/Agnirath_LVS_Strategy/aarush_ros/build/rf_package/prefix_override:/home/ubuntu/Agnirath_LVS_Strategy/aarush_ros/install/rf_package/lib/python3.10/site-packages:${PYTHONPATH} /usr/bin/python3 setup.py egg_info --egg-base ../../build/rf_package build --build-base /home/ubuntu/Agnirath_LVS_Strategy/aarush_ros/build/rf_package/build install --record /home/ubuntu/Agnirath_LVS_Strategy/aarush_ros/build/rf_package/install.log --single-version-externally-managed
