[3.694s] Invoking command in '/home/jaay/Agnirath/Agnirath_LVS_Strategy/aarush_ros/src/my_package': PYTHONPATH=/home/jaay/Agnirath/Agnirath_LVS_Strategy/aarush_ros/build/my_package/prefix_override:/home/jaay/Agnirath/Agnirath_LVS_Strategy/aarush_ros/install/my_package/lib/python3.10/site-packages:${PYTHONPATH} /usr/bin/python3 setup.py egg_info --egg-base ../../build/my_package build --build-base /home/jaay/Agnirath/Agnirath_LVS_Strategy/aarush_ros/build/my_package/build install --record /home/jaay/Agnirath/Agnirath_LVS_Strategy/aarush_ros/build/my_package/install.log --single-version-externally-managed
[4.005s] running egg_info
[4.006s] writing ../../build/my_package/my_package.egg-info/PKG-INFO
[4.006s] writing dependency_links to ../../build/my_package/my_package.egg-info/dependency_links.txt
[4.006s] writing entry points to ../../build/my_package/my_package.egg-info/entry_points.txt
[4.006s] writing requirements to ../../build/my_package/my_package.egg-info/requires.txt
[4.006s] writing top-level names to ../../build/my_package/my_package.egg-info/top_level.txt
[4.009s] reading manifest file '../../build/my_package/my_package.egg-info/SOURCES.txt'
[4.010s] adding license file 'LICENSE'
[4.010s] writing manifest file '../../build/my_package/my_package.egg-info/SOURCES.txt'
[4.010s] running build
[4.010s] running build_py
[4.010s] running install
[4.011s] /usr/lib/python3/dist-packages/setuptools/command/install.py:34: SetuptoolsDeprecationWarning: setup.py install is deprecated. Use build and pip and other standards-based tools.
[4.011s]   warnings.warn(
[4.011s] running install_lib
[4.012s] running install_data
[4.013s] running install_egg_info
[4.014s] removing '/home/jaay/Agnirath/Agnirath_LVS_Strategy/aarush_ros/install/my_package/lib/python3.10/site-packages/my_package-0.0.0-py3.10.egg-info' (and everything under it)
[4.014s] Copying ../../build/my_package/my_package.egg-info to /home/jaay/Agnirath/Agnirath_LVS_Strategy/aarush_ros/install/my_package/lib/python3.10/site-packages/my_package-0.0.0-py3.10.egg-info
[4.015s] running install_scripts
[4.046s] Installing my_node script to /home/jaay/Agnirath/Agnirath_LVS_Strategy/aarush_ros/install/my_package/lib/my_package
[4.047s] writing list of installed files to '/home/jaay/Agnirath/Agnirath_LVS_Strategy/aarush_ros/build/my_package/install.log'
[4.105s] Invoked command in '/home/jaay/Agnirath/Agnirath_LVS_Strategy/aarush_ros/src/my_package' returned '0': PYTHONPATH=/home/jaay/Agnirath/Agnirath_LVS_Strategy/aarush_ros/build/my_package/prefix_override:/home/jaay/Agnirath/Agnirath_LVS_Strategy/aarush_ros/install/my_package/lib/python3.10/site-packages:${PYTHONPATH} /usr/bin/python3 setup.py egg_info --egg-base ../../build/my_package build --build-base /home/jaay/Agnirath/Agnirath_LVS_Strategy/aarush_ros/build/my_package/build install --record /home/jaay/Agnirath/Agnirath_LVS_Strategy/aarush_ros/build/my_package/install.log --single-version-externally-managed
