[3.415s] Invoking command in '/home/ubuntu/Agnirath_LVS_Strategy/aarush_ros/src/rf_package': PYTHONPATH=/home/ubuntu/Agnirath_LVS_Strategy/aarush_ros/build/rf_package/prefix_override:/home/ubuntu/Agnirath_LVS_Strategy/aarush_ros/install/rf_package/lib/python3.10/site-packages:${PYTHONPATH} /usr/bin/python3 setup.py egg_info --egg-base ../../build/rf_package build --build-base /home/ubuntu/Agnirath_LVS_Strategy/aarush_ros/build/rf_package/build install --record /home/ubuntu/Agnirath_LVS_Strategy/aarush_ros/build/rf_package/install.log --single-version-externally-managed
[4.463s] running egg_info
[4.466s] writing ../../build/rf_package/rf_package.egg-info/PKG-INFO
[4.468s] writing dependency_links to ../../build/rf_package/rf_package.egg-info/dependency_links.txt
[4.468s] writing entry points to ../../build/rf_package/rf_package.egg-info/entry_points.txt
[4.469s] writing requirements to ../../build/rf_package/rf_package.egg-info/requires.txt
[4.470s] writing top-level names to ../../build/rf_package/rf_package.egg-info/top_level.txt
[4.479s] reading manifest file '../../build/rf_package/rf_package.egg-info/SOURCES.txt'
[4.480s] adding license file 'LICENSE'
[4.483s] writing manifest file '../../build/rf_package/rf_package.egg-info/SOURCES.txt'
[4.483s] running build
[4.484s] running build_py
[4.485s] running install
[4.485s] /usr/lib/python3/dist-packages/setuptools/command/install.py:34: SetuptoolsDeprecationWarning: setup.py install is deprecated. Use build and pip and other standards-based tools.
[4.486s]   warnings.warn(
[4.486s] running install_lib
[4.491s] running install_data
[4.494s] running install_egg_info
[4.500s] removing '/home/ubuntu/Agnirath_LVS_Strategy/aarush_ros/install/rf_package/lib/python3.10/site-packages/rf_package-0.0.0-py3.10.egg-info' (and everything under it)
[4.501s] Copying ../../build/rf_package/rf_package.egg-info to /home/ubuntu/Agnirath_LVS_Strategy/aarush_ros/install/rf_package/lib/python3.10/site-packages/rf_package-0.0.0-py3.10.egg-info
[4.505s] running install_scripts
[4.625s] Installing rf_node script to /home/ubuntu/Agnirath_LVS_Strategy/aarush_ros/install/rf_package/lib/rf_package
[4.628s] writing list of installed files to '/home/ubuntu/Agnirath_LVS_Strategy/aarush_ros/build/rf_package/install.log'
[4.781s] Invoked command in '/home/ubuntu/Agnirath_LVS_Strategy/aarush_ros/src/rf_package' returned '0': PYTHONPATH=/home/ubuntu/Agnirath_LVS_Strategy/aarush_ros/build/rf_package/prefix_override:/home/ubuntu/Agnirath_LVS_Strategy/aarush_ros/install/rf_package/lib/python3.10/site-packages:${PYTHONPATH} /usr/bin/python3 setup.py egg_info --egg-base ../../build/rf_package build --build-base /home/ubuntu/Agnirath_LVS_Strategy/aarush_ros/build/rf_package/build install --record /home/ubuntu/Agnirath_LVS_Strategy/aarush_ros/build/rf_package/install.log --single-version-externally-managed
