[2.454s] Invoking command in '/home/ubuntu/Old_LV/aarush_ros/src/main_package': PYTHONPATH=/home/ubuntu/Old_LV/aarush_ros/build/main_package/prefix_override:/home/ubuntu/Old_LV/aarush_ros/install/main_package/lib/python3.10/site-packages:${PYTHONPATH} /usr/bin/python3 setup.py egg_info --egg-base ../../build/main_package build --build-base /home/ubuntu/Old_LV/aarush_ros/build/main_package/build install --record /home/ubuntu/Old_LV/aarush_ros/build/main_package/install.log --single-version-externally-managed
[3.408s] running egg_info
[3.413s] writing ../../build/main_package/main_package.egg-info/PKG-INFO
[3.416s] writing dependency_links to ../../build/main_package/main_package.egg-info/dependency_links.txt
[3.419s] writing entry points to ../../build/main_package/main_package.egg-info/entry_points.txt
[3.421s] writing requirements to ../../build/main_package/main_package.egg-info/requires.txt
[3.423s] writing top-level names to ../../build/main_package/main_package.egg-info/top_level.txt
[3.425s] reading manifest file '../../build/main_package/main_package.egg-info/SOURCES.txt'
[3.427s] adding license file 'LICENSE'
[3.429s] writing manifest file '../../build/main_package/main_package.egg-info/SOURCES.txt'
[3.431s] running build
[3.437s] running build_py
[3.457s] running install
[3.460s] /usr/lib/python3/dist-packages/setuptools/command/install.py:34: SetuptoolsDeprecationWarning: setup.py install is deprecated. Use build and pip and other standards-based tools.
[3.462s]   warnings.warn(
[3.465s] running install_lib
[3.467s] running install_data
[3.469s] running install_egg_info
[3.471s] removing '/home/ubuntu/Old_LV/aarush_ros/install/main_package/lib/python3.10/site-packages/main_package-0.0.0-py3.10.egg-info' (and everything under it)
[3.472s] Copying ../../build/main_package/main_package.egg-info to /home/ubuntu/Old_LV/aarush_ros/install/main_package/lib/python3.10/site-packages/main_package-0.0.0-py3.10.egg-info
[3.474s] running install_scripts
[3.537s] Installing main_node script to /home/ubuntu/Old_LV/aarush_ros/install/main_package/lib/main_package
[3.540s] writing list of installed files to '/home/ubuntu/Old_LV/aarush_ros/build/main_package/install.log'
[3.666s] Invoked command in '/home/ubuntu/Old_LV/aarush_ros/src/main_package' returned '0': PYTHONPATH=/home/ubuntu/Old_LV/aarush_ros/build/main_package/prefix_override:/home/ubuntu/Old_LV/aarush_ros/install/main_package/lib/python3.10/site-packages:${PYTHONPATH} /usr/bin/python3 setup.py egg_info --egg-base ../../build/main_package build --build-base /home/ubuntu/Old_LV/aarush_ros/build/main_package/build install --record /home/ubuntu/Old_LV/aarush_ros/build/main_package/install.log --single-version-externally-managed
