[0.496s] Invoking command in '/home/veadesh/Agnirath/Agnirath_LVS_Strategy/aarush_ros/src/display_package': CONDA_PROMPT_MODIFIER=(base) PYTHONPATH=/home/veadesh/Agnirath/Agnirath_LVS_Strategy/aarush_ros/build/display_package/prefix_override:/home/veadesh/Agnirath/Agnirath_LVS_Strategy/aarush_ros/install/display_package/lib/python3.10/site-packages:${PYTHONPATH} /usr/bin/python3 setup.py egg_info --egg-base ../../build/display_package build --build-base /home/veadesh/Agnirath/Agnirath_LVS_Strategy/aarush_ros/build/display_package/build install --record /home/veadesh/Agnirath/Agnirath_LVS_Strategy/aarush_ros/build/display_package/install.log --single-version-externally-managed
[0.706s] running egg_info
[0.707s] writing ../../build/display_package/display_package.egg-info/PKG-INFO
[0.707s] writing dependency_links to ../../build/display_package/display_package.egg-info/dependency_links.txt
[0.707s] writing entry points to ../../build/display_package/display_package.egg-info/entry_points.txt
[0.707s] writing requirements to ../../build/display_package/display_package.egg-info/requires.txt
[0.707s] writing top-level names to ../../build/display_package/display_package.egg-info/top_level.txt
[0.709s] reading manifest file '../../build/display_package/display_package.egg-info/SOURCES.txt'
[0.709s] adding license file 'LICENSE'
[0.709s] writing manifest file '../../build/display_package/display_package.egg-info/SOURCES.txt'
[0.709s] running build
[0.709s] running build_py
[0.709s] copying display_package/display_node.py -> /home/veadesh/Agnirath/Agnirath_LVS_Strategy/aarush_ros/build/display_package/build/lib/display_package
[0.710s] copying display_package/test.py -> /home/veadesh/Agnirath/Agnirath_LVS_Strategy/aarush_ros/build/display_package/build/lib/display_package
[0.710s] running install
[0.710s] /usr/lib/python3/dist-packages/setuptools/command/install.py:34: SetuptoolsDeprecationWarning: setup.py install is deprecated. Use build and pip and other standards-based tools.
[0.710s]   warnings.warn(
[0.710s] running install_lib
[0.710s] copying /home/veadesh/Agnirath/Agnirath_LVS_Strategy/aarush_ros/build/display_package/build/lib/display_package/display_node.py -> /home/veadesh/Agnirath/Agnirath_LVS_Strategy/aarush_ros/install/display_package/lib/python3.10/site-packages/display_package
[0.711s] copying /home/veadesh/Agnirath/Agnirath_LVS_Strategy/aarush_ros/build/display_package/build/lib/display_package/display_node copy.py -> /home/veadesh/Agnirath/Agnirath_LVS_Strategy/aarush_ros/install/display_package/lib/python3.10/site-packages/display_package
[0.711s] copying /home/veadesh/Agnirath/Agnirath_LVS_Strategy/aarush_ros/build/display_package/build/lib/display_package/test.py -> /home/veadesh/Agnirath/Agnirath_LVS_Strategy/aarush_ros/install/display_package/lib/python3.10/site-packages/display_package
[0.711s] byte-compiling /home/veadesh/Agnirath/Agnirath_LVS_Strategy/aarush_ros/install/display_package/lib/python3.10/site-packages/display_package/display_node.py to display_node.cpython-310.pyc
[0.717s] byte-compiling /home/veadesh/Agnirath/Agnirath_LVS_Strategy/aarush_ros/install/display_package/lib/python3.10/site-packages/display_package/test.py to test.cpython-310.pyc
[0.718s] running install_data
[0.719s] running install_egg_info
[0.720s] removing '/home/veadesh/Agnirath/Agnirath_LVS_Strategy/aarush_ros/install/display_package/lib/python3.10/site-packages/display_package-0.0.0-py3.10.egg-info' (and everything under it)
[0.720s] Copying ../../build/display_package/display_package.egg-info to /home/veadesh/Agnirath/Agnirath_LVS_Strategy/aarush_ros/install/display_package/lib/python3.10/site-packages/display_package-0.0.0-py3.10.egg-info
[0.720s] running install_scripts
[0.734s] Installing display_node script to /home/veadesh/Agnirath/Agnirath_LVS_Strategy/aarush_ros/install/display_package/lib/display_package
[0.734s] writing list of installed files to '/home/veadesh/Agnirath/Agnirath_LVS_Strategy/aarush_ros/build/display_package/install.log'
[0.750s] Invoked command in '/home/veadesh/Agnirath/Agnirath_LVS_Strategy/aarush_ros/src/display_package' returned '0': CONDA_PROMPT_MODIFIER=(base) PYTHONPATH=/home/veadesh/Agnirath/Agnirath_LVS_Strategy/aarush_ros/build/display_package/prefix_override:/home/veadesh/Agnirath/Agnirath_LVS_Strategy/aarush_ros/install/display_package/lib/python3.10/site-packages:${PYTHONPATH} /usr/bin/python3 setup.py egg_info --egg-base ../../build/display_package build --build-base /home/veadesh/Agnirath/Agnirath_LVS_Strategy/aarush_ros/build/display_package/build install --record /home/veadesh/Agnirath/Agnirath_LVS_Strategy/aarush_ros/build/display_package/install.log --single-version-externally-managed
