[2.744s] Invoking command in '/home/ubuntu/Old_LV/aarush_ros/src/logging_package': PYTHONPATH=/home/ubuntu/Old_LV/aarush_ros/build/logging_package/prefix_override:/home/ubuntu/Old_LV/aarush_ros/install/logging_package/lib/python3.10/site-packages:${PYTHONPATH} /usr/bin/python3 setup.py egg_info --egg-base ../../build/logging_package build --build-base /home/ubuntu/Old_LV/aarush_ros/build/logging_package/build install --record /home/ubuntu/Old_LV/aarush_ros/build/logging_package/install.log --single-version-externally-managed
[3.799s] running egg_info
[3.804s] writing ../../build/logging_package/logging_package.egg-info/PKG-INFO
[3.806s] writing dependency_links to ../../build/logging_package/logging_package.egg-info/dependency_links.txt
[3.808s] writing entry points to ../../build/logging_package/logging_package.egg-info/entry_points.txt
[3.810s] writing requirements to ../../build/logging_package/logging_package.egg-info/requires.txt
[3.811s] writing top-level names to ../../build/logging_package/logging_package.egg-info/top_level.txt
[3.823s] reading manifest file '../../build/logging_package/logging_package.egg-info/SOURCES.txt'
[3.825s] adding license file 'LICENSE'
[3.830s] writing manifest file '../../build/logging_package/logging_package.egg-info/SOURCES.txt'
[3.831s] running build
[3.832s] running build_py
[3.834s] running install
[3.836s] /usr/lib/python3/dist-packages/setuptools/command/install.py:34: SetuptoolsDeprecationWarning: setup.py install is deprecated. Use build and pip and other standards-based tools.
[3.836s]   warnings.warn(
[3.838s] running install_lib
[3.845s] running install_data
[3.849s] running install_egg_info
[3.859s] removing '/home/ubuntu/Old_LV/aarush_ros/install/logging_package/lib/python3.10/site-packages/logging_package-0.0.0-py3.10.egg-info' (and everything under it)
[3.861s] Copying ../../build/logging_package/logging_package.egg-info to /home/ubuntu/Old_LV/aarush_ros/install/logging_package/lib/python3.10/site-packages/logging_package-0.0.0-py3.10.egg-info
[3.869s] running install_scripts
[3.961s] Installing logging_node script to /home/ubuntu/Old_LV/aarush_ros/install/logging_package/lib/logging_package
[3.963s] writing list of installed files to '/home/ubuntu/Old_LV/aarush_ros/build/logging_package/install.log'
[4.107s] Invoked command in '/home/ubuntu/Old_LV/aarush_ros/src/logging_package' returned '0': PYTHONPATH=/home/ubuntu/Old_LV/aarush_ros/build/logging_package/prefix_override:/home/ubuntu/Old_LV/aarush_ros/install/logging_package/lib/python3.10/site-packages:${PYTHONPATH} /usr/bin/python3 setup.py egg_info --egg-base ../../build/logging_package build --build-base /home/ubuntu/Old_LV/aarush_ros/build/logging_package/build install --record /home/ubuntu/Old_LV/aarush_ros/build/logging_package/install.log --single-version-externally-managed
