[3.474s] Invoking command in '/home/ubuntu/Old_LV/aarush_ros/src/mc_package': PYTHONPATH=/home/ubuntu/Old_LV/aarush_ros/build/mc_package/prefix_override:/home/ubuntu/Old_LV/aarush_ros/install/mc_package/lib/python3.10/site-packages:${PYTHONPATH} /usr/bin/python3 setup.py egg_info --egg-base ../../build/mc_package build --build-base /home/ubuntu/Old_LV/aarush_ros/build/mc_package/build install --record /home/ubuntu/Old_LV/aarush_ros/build/mc_package/install.log --single-version-externally-managed
[4.510s] running egg_info
[4.513s] writing ../../build/mc_package/mc_package.egg-info/PKG-INFO
[4.514s] writing dependency_links to ../../build/mc_package/mc_package.egg-info/dependency_links.txt
[4.515s] writing entry points to ../../build/mc_package/mc_package.egg-info/entry_points.txt
[4.516s] writing requirements to ../../build/mc_package/mc_package.egg-info/requires.txt
[4.516s] writing top-level names to ../../build/mc_package/mc_package.egg-info/top_level.txt
[4.525s] reading manifest file '../../build/mc_package/mc_package.egg-info/SOURCES.txt'
[4.526s] adding license file 'LICENSE'
[4.529s] writing manifest file '../../build/mc_package/mc_package.egg-info/SOURCES.txt'
[4.530s] running build
[4.530s] running build_py
[4.531s] running install
[4.532s] /usr/lib/python3/dist-packages/setuptools/command/install.py:34: SetuptoolsDeprecationWarning: setup.py install is deprecated. Use build and pip and other standards-based tools.
[4.532s]   warnings.warn(
[4.533s] running install_lib
[4.537s] running install_data
[4.540s] running install_egg_info
[4.546s] removing '/home/ubuntu/Old_LV/aarush_ros/install/mc_package/lib/python3.10/site-packages/mc_package-0.0.0-py3.10.egg-info' (and everything under it)
[4.547s] Copying ../../build/mc_package/mc_package.egg-info to /home/ubuntu/Old_LV/aarush_ros/install/mc_package/lib/python3.10/site-packages/mc_package-0.0.0-py3.10.egg-info
[4.551s] running install_scripts
[4.637s] Installing mc_node script to /home/ubuntu/Old_LV/aarush_ros/install/mc_package/lib/mc_package
[4.639s] writing list of installed files to '/home/ubuntu/Old_LV/aarush_ros/build/mc_package/install.log'
[4.782s] Invoked command in '/home/ubuntu/Old_LV/aarush_ros/src/mc_package' returned '0': PYTHONPATH=/home/ubuntu/Old_LV/aarush_ros/build/mc_package/prefix_override:/home/ubuntu/Old_LV/aarush_ros/install/mc_package/lib/python3.10/site-packages:${PYTHONPATH} /usr/bin/python3 setup.py egg_info --egg-base ../../build/mc_package build --build-base /home/ubuntu/Old_LV/aarush_ros/build/mc_package/build install --record /home/ubuntu/Old_LV/aarush_ros/build/mc_package/install.log --single-version-externally-managed
