[2.520s] Invoking command in '/home/ubuntu/Old_LV/aarush_ros/src/mc_package': PYTHONPATH=/home/ubuntu/Old_LV/aarush_ros/build/mc_package/prefix_override:/home/ubuntu/Old_LV/aarush_ros/install/mc_package/lib/python3.10/site-packages:${PYTHONPATH} /usr/bin/python3 setup.py egg_info --egg-base ../../build/mc_package build --build-base /home/ubuntu/Old_LV/aarush_ros/build/mc_package/build install --record /home/ubuntu/Old_LV/aarush_ros/build/mc_package/install.log --single-version-externally-managed
[3.469s] running egg_info
[3.472s] writing ../../build/mc_package/mc_package.egg-info/PKG-INFO
[3.476s] writing dependency_links to ../../build/mc_package/mc_package.egg-info/dependency_links.txt
[3.480s] writing entry points to ../../build/mc_package/mc_package.egg-info/entry_points.txt
[3.489s] writing requirements to ../../build/mc_package/mc_package.egg-info/requires.txt
[3.495s] writing top-level names to ../../build/mc_package/mc_package.egg-info/top_level.txt
[3.497s] reading manifest file '../../build/mc_package/mc_package.egg-info/SOURCES.txt'
[3.499s] adding license file 'LICENSE'
[3.501s] writing manifest file '../../build/mc_package/mc_package.egg-info/SOURCES.txt'
[3.504s] running build
[3.506s] running build_py
[3.523s] running install
[3.526s] /usr/lib/python3/dist-packages/setuptools/command/install.py:34: SetuptoolsDeprecationWarning: setup.py install is deprecated. Use build and pip and other standards-based tools.
[3.528s]   warnings.warn(
[3.530s] running install_lib
[3.531s] running install_data
[3.533s] running install_egg_info
[3.535s] removing '/home/ubuntu/Old_LV/aarush_ros/install/mc_package/lib/python3.10/site-packages/mc_package-0.0.0-py3.10.egg-info' (and everything under it)
[3.538s] Copying ../../build/mc_package/mc_package.egg-info to /home/ubuntu/Old_LV/aarush_ros/install/mc_package/lib/python3.10/site-packages/mc_package-0.0.0-py3.10.egg-info
[3.540s] running install_scripts
[3.596s] Installing mc_node script to /home/ubuntu/Old_LV/aarush_ros/install/mc_package/lib/mc_package
[3.597s] writing list of installed files to '/home/ubuntu/Old_LV/aarush_ros/build/mc_package/install.log'
[3.726s] Invoked command in '/home/ubuntu/Old_LV/aarush_ros/src/mc_package' returned '0': PYTHONPATH=/home/ubuntu/Old_LV/aarush_ros/build/mc_package/prefix_override:/home/ubuntu/Old_LV/aarush_ros/install/mc_package/lib/python3.10/site-packages:${PYTHONPATH} /usr/bin/python3 setup.py egg_info --egg-base ../../build/mc_package build --build-base /home/ubuntu/Old_LV/aarush_ros/build/mc_package/build install --record /home/ubuntu/Old_LV/aarush_ros/build/mc_package/install.log --single-version-externally-managed
