[3.308s] Invoking command in '/home/ubuntu/Agnirath_LVS_Strategy/aarush_ros/src/imu_package': PYTHONPATH=/home/ubuntu/Agnirath_LVS_Strategy/aarush_ros/build/imu_package/prefix_override:/home/ubuntu/Agnirath_LVS_Strategy/aarush_ros/install/imu_package/lib/python3.10/site-packages:${PYTHONPATH} /usr/bin/python3 setup.py egg_info --egg-base ../../build/imu_package build --build-base /home/ubuntu/Agnirath_LVS_Strategy/aarush_ros/build/imu_package/build install --record /home/ubuntu/Agnirath_LVS_Strategy/aarush_ros/build/imu_package/install.log --single-version-externally-managed
[4.335s] running egg_info
[4.339s] writing ../../build/imu_package/imu_package.egg-info/PKG-INFO
[4.343s] writing dependency_links to ../../build/imu_package/imu_package.egg-info/dependency_links.txt
[4.349s] writing entry points to ../../build/imu_package/imu_package.egg-info/entry_points.txt
[4.350s] writing requirements to ../../build/imu_package/imu_package.egg-info/requires.txt
[4.352s] writing top-level names to ../../build/imu_package/imu_package.egg-info/top_level.txt
[4.365s] reading manifest file '../../build/imu_package/imu_package.egg-info/SOURCES.txt'
[4.367s] adding license file 'LICENSE'
[4.371s] writing manifest file '../../build/imu_package/imu_package.egg-info/SOURCES.txt'
[4.373s] running build
[4.373s] running build_py
[4.376s] running install
[4.378s] /usr/lib/python3/dist-packages/setuptools/command/install.py:34: SetuptoolsDeprecationWarning: setup.py install is deprecated. Use build and pip and other standards-based tools.
[4.379s]   warnings.warn(
[4.381s] running install_lib
[4.387s] running install_data
[4.390s] running install_egg_info
[4.398s] removing '/home/ubuntu/Agnirath_LVS_Strategy/aarush_ros/install/imu_package/lib/python3.10/site-packages/imu_package-0.0.0-py3.10.egg-info' (and everything under it)
[4.400s] Copying ../../build/imu_package/imu_package.egg-info to /home/ubuntu/Agnirath_LVS_Strategy/aarush_ros/install/imu_package/lib/python3.10/site-packages/imu_package-0.0.0-py3.10.egg-info
[4.404s] running install_scripts
[4.503s] Installing imu_node script to /home/ubuntu/Agnirath_LVS_Strategy/aarush_ros/install/imu_package/lib/imu_package
[4.506s] writing list of installed files to '/home/ubuntu/Agnirath_LVS_Strategy/aarush_ros/build/imu_package/install.log'
[4.697s] Invoked command in '/home/ubuntu/Agnirath_LVS_Strategy/aarush_ros/src/imu_package' returned '0': PYTHONPATH=/home/ubuntu/Agnirath_LVS_Strategy/aarush_ros/build/imu_package/prefix_override:/home/ubuntu/Agnirath_LVS_Strategy/aarush_ros/install/imu_package/lib/python3.10/site-packages:${PYTHONPATH} /usr/bin/python3 setup.py egg_info --egg-base ../../build/imu_package build --build-base /home/ubuntu/Agnirath_LVS_Strategy/aarush_ros/build/imu_package/build install --record /home/ubuntu/Agnirath_LVS_Strategy/aarush_ros/build/imu_package/install.log --single-version-externally-managed
