[3.428s] Invoking command in '/home/jaay/Agnirath/Agnirath_LVS_Strategy/aarush_ros/src/battery_package': PYTHONPATH=/home/jaay/Agnirath/Agnirath_LVS_Strategy/aarush_ros/build/battery_package/prefix_override:/home/jaay/Agnirath/Agnirath_LVS_Strategy/aarush_ros/install/battery_package/lib/python3.10/site-packages:${PYTHONPATH} /usr/bin/python3 setup.py egg_info --egg-base ../../build/battery_package build --build-base /home/jaay/Agnirath/Agnirath_LVS_Strategy/aarush_ros/build/battery_package/build install --record /home/jaay/Agnirath/Agnirath_LVS_Strategy/aarush_ros/build/battery_package/install.log --single-version-externally-managed
[3.757s] running egg_info
[3.758s] writing ../../build/battery_package/battery_package.egg-info/PKG-INFO
[3.758s] writing dependency_links to ../../build/battery_package/battery_package.egg-info/dependency_links.txt
[3.759s] writing entry points to ../../build/battery_package/battery_package.egg-info/entry_points.txt
[3.759s] writing requirements to ../../build/battery_package/battery_package.egg-info/requires.txt
[3.760s] writing top-level names to ../../build/battery_package/battery_package.egg-info/top_level.txt
[3.762s] reading manifest file '../../build/battery_package/battery_package.egg-info/SOURCES.txt'
[3.762s] adding license file 'LICENSE'
[3.763s] writing manifest file '../../build/battery_package/battery_package.egg-info/SOURCES.txt'
[3.764s] running build
[3.764s] running build_py
[3.764s] copying battery_package/__init__.py -> /home/jaay/Agnirath/Agnirath_LVS_Strategy/aarush_ros/build/battery_package/build/lib/battery_package
[3.764s] copying battery_package/battery_node.py -> /home/jaay/Agnirath/Agnirath_LVS_Strategy/aarush_ros/build/battery_package/build/lib/battery_package
[3.764s] running install
[3.765s] running install_lib
[3.766s] copying /home/jaay/Agnirath/Agnirath_LVS_Strategy/aarush_ros/build/battery_package/build/lib/battery_package/__init__.py -> /home/jaay/Agnirath/Agnirath_LVS_Strategy/aarush_ros/install/battery_package/lib/python3.10/site-packages/battery_package
[3.767s] copying /home/jaay/Agnirath/Agnirath_LVS_Strategy/aarush_ros/build/battery_package/build/lib/battery_package/battery_node.py -> /home/jaay/Agnirath/Agnirath_LVS_Strategy/aarush_ros/install/battery_package/lib/python3.10/site-packages/battery_package
[3.768s] byte-compiling /home/jaay/Agnirath/Agnirath_LVS_Strategy/aarush_ros/install/battery_package/lib/python3.10/site-packages/battery_package/__init__.py to __init__.cpython-310.pyc
[3.768s] byte-compiling /home/jaay/Agnirath/Agnirath_LVS_Strategy/aarush_ros/install/battery_package/lib/python3.10/site-packages/battery_package/battery_node.py to battery_node.cpython-310.pyc
[3.779s] running install_data
[3.779s] copying resource/battery_package -> /home/jaay/Agnirath/Agnirath_LVS_Strategy/aarush_ros/install/battery_package/share/ament_index/resource_index/packages
[3.780s] copying package.xml -> /home/jaay/Agnirath/Agnirath_LVS_Strategy/aarush_ros/install/battery_package/share/battery_package
[3.780s] running install_egg_info
[3.781s] removing '/home/jaay/Agnirath/Agnirath_LVS_Strategy/aarush_ros/install/battery_package/lib/python3.10/site-packages/battery_package-0.0.0-py3.10.egg-info' (and everything under it)
[3.781s] Copying ../../build/battery_package/battery_package.egg-info to /home/jaay/Agnirath/Agnirath_LVS_Strategy/aarush_ros/install/battery_package/lib/python3.10/site-packages/battery_package-0.0.0-py3.10.egg-info
[3.781s] running install_scripts
[3.800s] Installing battery_node script to /home/jaay/Agnirath/Agnirath_LVS_Strategy/aarush_ros/install/battery_package/lib/battery_package
[3.801s] writing list of installed files to '/home/jaay/Agnirath/Agnirath_LVS_Strategy/aarush_ros/build/battery_package/install.log'
[3.874s] Invoked command in '/home/jaay/Agnirath/Agnirath_LVS_Strategy/aarush_ros/src/battery_package' returned '0': PYTHONPATH=/home/jaay/Agnirath/Agnirath_LVS_Strategy/aarush_ros/build/battery_package/prefix_override:/home/jaay/Agnirath/Agnirath_LVS_Strategy/aarush_ros/install/battery_package/lib/python3.10/site-packages:${PYTHONPATH} /usr/bin/python3 setup.py egg_info --egg-base ../../build/battery_package build --build-base /home/jaay/Agnirath/Agnirath_LVS_Strategy/aarush_ros/build/battery_package/build install --record /home/jaay/Agnirath/Agnirath_LVS_Strategy/aarush_ros/build/battery_package/install.log --single-version-externally-managed
