[0.738s] Invoking command in '/home/jaay/Agnirath/Agnirath_LVS_Strategy/aarush_ros/src/main_package': PYTHONPATH=/home/jaay/Agnirath/Agnirath_LVS_Strategy/aarush_ros/build/main_package/prefix_override:/home/jaay/Agnirath/Agnirath_LVS_Strategy/aarush_ros/install/main_package/lib/python3.10/site-packages:${PYTHONPATH} /usr/bin/python3 setup.py egg_info --egg-base ../../build/main_package build --build-base /home/jaay/Agnirath/Agnirath_LVS_Strategy/aarush_ros/build/main_package/build install --record /home/jaay/Agnirath/Agnirath_LVS_Strategy/aarush_ros/build/main_package/install.log --single-version-externally-managed
[0.930s] running egg_info
[0.930s] writing ../../build/main_package/main_package.egg-info/PKG-INFO
[0.930s] writing dependency_links to ../../build/main_package/main_package.egg-info/dependency_links.txt
[0.930s] writing entry points to ../../build/main_package/main_package.egg-info/entry_points.txt
[0.930s] writing requirements to ../../build/main_package/main_package.egg-info/requires.txt
[0.930s] writing top-level names to ../../build/main_package/main_package.egg-info/top_level.txt
[0.933s] reading manifest file '../../build/main_package/main_package.egg-info/SOURCES.txt'
[0.933s] adding license file 'LICENSE'
[0.933s] writing manifest file '../../build/main_package/main_package.egg-info/SOURCES.txt'
[0.933s] running build
[0.933s] running build_py
[0.933s] copying main_package/main_node_1.py -> /home/jaay/Agnirath/Agnirath_LVS_Strategy/aarush_ros/build/main_package/build/lib/main_package
[0.934s] running install
[0.934s] /usr/lib/python3/dist-packages/setuptools/command/install.py:34: SetuptoolsDeprecationWarning: setup.py install is deprecated. Use build and pip and other standards-based tools.
[0.934s]   warnings.warn(
[0.934s] running install_lib
[0.935s] copying /home/jaay/Agnirath/Agnirath_LVS_Strategy/aarush_ros/build/main_package/build/lib/main_package/main_node_1.py -> /home/jaay/Agnirath/Agnirath_LVS_Strategy/aarush_ros/install/main_package/lib/python3.10/site-packages/main_package
[0.935s] byte-compiling /home/jaay/Agnirath/Agnirath_LVS_Strategy/aarush_ros/install/main_package/lib/python3.10/site-packages/main_package/main_node_1.py to main_node_1.cpython-310.pyc
[0.937s] running install_data
[0.938s] running install_egg_info
[0.939s] removing '/home/jaay/Agnirath/Agnirath_LVS_Strategy/aarush_ros/install/main_package/lib/python3.10/site-packages/main_package-0.0.0-py3.10.egg-info' (and everything under it)
[0.939s] Copying ../../build/main_package/main_package.egg-info to /home/jaay/Agnirath/Agnirath_LVS_Strategy/aarush_ros/install/main_package/lib/python3.10/site-packages/main_package-0.0.0-py3.10.egg-info
[0.940s] running install_scripts
[0.954s] Installing main_node script to /home/jaay/Agnirath/Agnirath_LVS_Strategy/aarush_ros/install/main_package/lib/main_package
[0.955s] writing list of installed files to '/home/jaay/Agnirath/Agnirath_LVS_Strategy/aarush_ros/build/main_package/install.log'
[0.997s] Invoked command in '/home/jaay/Agnirath/Agnirath_LVS_Strategy/aarush_ros/src/main_package' returned '0': PYTHONPATH=/home/jaay/Agnirath/Agnirath_LVS_Strategy/aarush_ros/build/main_package/prefix_override:/home/jaay/Agnirath/Agnirath_LVS_Strategy/aarush_ros/install/main_package/lib/python3.10/site-packages:${PYTHONPATH} /usr/bin/python3 setup.py egg_info --egg-base ../../build/main_package build --build-base /home/jaay/Agnirath/Agnirath_LVS_Strategy/aarush_ros/build/main_package/build install --record /home/jaay/Agnirath/Agnirath_LVS_Strategy/aarush_ros/build/main_package/install.log --single-version-externally-managed
