[0.533s] Invoking command in '/home/jaay/Agnirath/Agnirath_LVS_Strategy/aarush_ros/src/battery_package': PYTHONPATH=/home/jaay/Agnirath/Agnirath_LVS_Strategy/aarush_ros/build/battery_package/prefix_override:/home/jaay/Agnirath/Agnirath_LVS_Strategy/aarush_ros/install/battery_package/lib/python3.10/site-packages:${PYTHONPATH} /usr/bin/python3 setup.py egg_info --egg-base ../../build/battery_package build --build-base /home/jaay/Agnirath/Agnirath_LVS_Strategy/aarush_ros/build/battery_package/build install --record /home/jaay/Agnirath/Agnirath_LVS_Strategy/aarush_ros/build/battery_package/install.log --single-version-externally-managed
[0.747s] running egg_info
[0.748s] writing ../../build/battery_package/battery_package.egg-info/PKG-INFO
[0.748s] writing dependency_links to ../../build/battery_package/battery_package.egg-info/dependency_links.txt
[0.748s] writing entry points to ../../build/battery_package/battery_package.egg-info/entry_points.txt
[0.748s] writing requirements to ../../build/battery_package/battery_package.egg-info/requires.txt
[0.748s] writing top-level names to ../../build/battery_package/battery_package.egg-info/top_level.txt
[0.749s] reading manifest file '../../build/battery_package/battery_package.egg-info/SOURCES.txt'
[0.750s] adding license file 'LICENSE'
[0.750s] writing manifest file '../../build/battery_package/battery_package.egg-info/SOURCES.txt'
[0.750s] running build
[0.750s] running build_py
[0.750s] copying battery_package/battery_node.py -> /home/jaay/Agnirath/Agnirath_LVS_Strategy/aarush_ros/build/battery_package/build/lib/battery_package
[0.750s] running install
[0.751s] running install_lib
[0.751s] copying /home/jaay/Agnirath/Agnirath_LVS_Strategy/aarush_ros/build/battery_package/build/lib/battery_package/battery_node.py -> /home/jaay/Agnirath/Agnirath_LVS_Strategy/aarush_ros/install/battery_package/lib/python3.10/site-packages/battery_package
[0.752s] byte-compiling /home/jaay/Agnirath/Agnirath_LVS_Strategy/aarush_ros/install/battery_package/lib/python3.10/site-packages/battery_package/battery_node.py to battery_node.cpython-310.pyc
[0.753s] running install_data
[0.753s] running install_egg_info
[0.754s] removing '/home/jaay/Agnirath/Agnirath_LVS_Strategy/aarush_ros/install/battery_package/lib/python3.10/site-packages/battery_package-0.0.0-py3.10.egg-info' (and everything under it)
[0.754s] Copying ../../build/battery_package/battery_package.egg-info to /home/jaay/Agnirath/Agnirath_LVS_Strategy/aarush_ros/install/battery_package/lib/python3.10/site-packages/battery_package-0.0.0-py3.10.egg-info
[0.755s] running install_scripts
[0.768s] Installing battery_node script to /home/jaay/Agnirath/Agnirath_LVS_Strategy/aarush_ros/install/battery_package/lib/battery_package
[0.768s] writing list of installed files to '/home/jaay/Agnirath/Agnirath_LVS_Strategy/aarush_ros/build/battery_package/install.log'
[0.787s] Invoked command in '/home/jaay/Agnirath/Agnirath_LVS_Strategy/aarush_ros/src/battery_package' returned '0': PYTHONPATH=/home/jaay/Agnirath/Agnirath_LVS_Strategy/aarush_ros/build/battery_package/prefix_override:/home/jaay/Agnirath/Agnirath_LVS_Strategy/aarush_ros/install/battery_package/lib/python3.10/site-packages:${PYTHONPATH} /usr/bin/python3 setup.py egg_info --egg-base ../../build/battery_package build --build-base /home/jaay/Agnirath/Agnirath_LVS_Strategy/aarush_ros/build/battery_package/build install --record /home/jaay/Agnirath/Agnirath_LVS_Strategy/aarush_ros/build/battery_package/install.log --single-version-externally-managed
