[3.440s] Invoking command in '/home/ubuntu/Old_LV/aarush_ros/src/logging_package': PYTHONPATH=/home/ubuntu/Old_LV/aarush_ros/build/logging_package/prefix_override:/home/ubuntu/Old_LV/aarush_ros/install/logging_package/lib/python3.10/site-packages:${PYTHONPATH} /usr/bin/python3 setup.py egg_info --egg-base ../../build/logging_package build --build-base /home/ubuntu/Old_LV/aarush_ros/build/logging_package/build install --record /home/ubuntu/Old_LV/aarush_ros/build/logging_package/install.log --single-version-externally-managed
[4.452s] running egg_info
[4.456s] writing ../../build/logging_package/logging_package.egg-info/PKG-INFO
[4.457s] writing dependency_links to ../../build/logging_package/logging_package.egg-info/dependency_links.txt
[4.458s] writing entry points to ../../build/logging_package/logging_package.egg-info/entry_points.txt
[4.459s] writing requirements to ../../build/logging_package/logging_package.egg-info/requires.txt
[4.460s] writing top-level names to ../../build/logging_package/logging_package.egg-info/top_level.txt
[4.469s] reading manifest file '../../build/logging_package/logging_package.egg-info/SOURCES.txt'
[4.470s] adding license file 'LICENSE'
[4.474s] writing manifest file '../../build/logging_package/logging_package.egg-info/SOURCES.txt'
[4.474s] running build
[4.475s] running build_py
[4.476s] running install
[4.477s] /usr/lib/python3/dist-packages/setuptools/command/install.py:34: SetuptoolsDeprecationWarning: setup.py install is deprecated. Use build and pip and other standards-based tools.
[4.477s]   warnings.warn(
[4.478s] running install_lib
[4.483s] running install_data
[4.486s] running install_egg_info
[4.494s] removing '/home/ubuntu/Old_LV/aarush_ros/install/logging_package/lib/python3.10/site-packages/logging_package-0.0.0-py3.10.egg-info' (and everything under it)
[4.496s] Copying ../../build/logging_package/logging_package.egg-info to /home/ubuntu/Old_LV/aarush_ros/install/logging_package/lib/python3.10/site-packages/logging_package-0.0.0-py3.10.egg-info
[4.499s] running install_scripts
[4.589s] Installing logging_node script to /home/ubuntu/Old_LV/aarush_ros/install/logging_package/lib/logging_package
[4.591s] writing list of installed files to '/home/ubuntu/Old_LV/aarush_ros/build/logging_package/install.log'
[4.745s] Invoked command in '/home/ubuntu/Old_LV/aarush_ros/src/logging_package' returned '0': PYTHONPATH=/home/ubuntu/Old_LV/aarush_ros/build/logging_package/prefix_override:/home/ubuntu/Old_LV/aarush_ros/install/logging_package/lib/python3.10/site-packages:${PYTHONPATH} /usr/bin/python3 setup.py egg_info --egg-base ../../build/logging_package build --build-base /home/ubuntu/Old_LV/aarush_ros/build/logging_package/build install --record /home/ubuntu/Old_LV/aarush_ros/build/logging_package/install.log --single-version-externally-managed
