[3.485s] Invoking command in '/home/ubuntu/Agnirath_LVS_Strategy/aarush_ros/src/main_package': PYTHONPATH=/home/ubuntu/Agnirath_LVS_Strategy/aarush_ros/build/main_package/prefix_override:/home/ubuntu/Agnirath_LVS_Strategy/aarush_ros/install/main_package/lib/python3.10/site-packages:${PYTHONPATH} /usr/bin/python3 setup.py egg_info --egg-base ../../build/main_package build --build-base /home/ubuntu/Agnirath_LVS_Strategy/aarush_ros/build/main_package/build install --record /home/ubuntu/Agnirath_LVS_Strategy/aarush_ros/build/main_package/install.log --single-version-externally-managed
[4.559s] running egg_info
[4.563s] writing ../../build/main_package/main_package.egg-info/PKG-INFO
[4.564s] writing dependency_links to ../../build/main_package/main_package.egg-info/dependency_links.txt
[4.565s] writing entry points to ../../build/main_package/main_package.egg-info/entry_points.txt
[4.566s] writing requirements to ../../build/main_package/main_package.egg-info/requires.txt
[4.567s] writing top-level names to ../../build/main_package/main_package.egg-info/top_level.txt
[4.574s] reading manifest file '../../build/main_package/main_package.egg-info/SOURCES.txt'
[4.575s] adding license file 'LICENSE'
[4.578s] writing manifest file '../../build/main_package/main_package.egg-info/SOURCES.txt'
[4.579s] running build
[4.580s] running build_py
[4.580s] running install
[4.581s] /usr/lib/python3/dist-packages/setuptools/command/install.py:34: SetuptoolsDeprecationWarning: setup.py install is deprecated. Use build and pip and other standards-based tools.
[4.581s]   warnings.warn(
[4.582s] running install_lib
[4.587s] running install_data
[4.589s] running install_egg_info
[4.596s] removing '/home/ubuntu/Agnirath_LVS_Strategy/aarush_ros/install/main_package/lib/python3.10/site-packages/main_package-0.0.0-py3.10.egg-info' (and everything under it)
[4.597s] Copying ../../build/main_package/main_package.egg-info to /home/ubuntu/Agnirath_LVS_Strategy/aarush_ros/install/main_package/lib/python3.10/site-packages/main_package-0.0.0-py3.10.egg-info
[4.601s] running install_scripts
[4.691s] Installing main_node script to /home/ubuntu/Agnirath_LVS_Strategy/aarush_ros/install/main_package/lib/main_package
[4.693s] writing list of installed files to '/home/ubuntu/Agnirath_LVS_Strategy/aarush_ros/build/main_package/install.log'
[4.912s] Invoked command in '/home/ubuntu/Agnirath_LVS_Strategy/aarush_ros/src/main_package' returned '0': PYTHONPATH=/home/ubuntu/Agnirath_LVS_Strategy/aarush_ros/build/main_package/prefix_override:/home/ubuntu/Agnirath_LVS_Strategy/aarush_ros/install/main_package/lib/python3.10/site-packages:${PYTHONPATH} /usr/bin/python3 setup.py egg_info --egg-base ../../build/main_package build --build-base /home/ubuntu/Agnirath_LVS_Strategy/aarush_ros/build/main_package/build install --record /home/ubuntu/Agnirath_LVS_Strategy/aarush_ros/build/main_package/install.log --single-version-externally-managed
