[2.548s] Invoking command in '/home/ubuntu/Old_LV/aarush_ros/src/gps_package': PYTHONPATH=/home/ubuntu/Old_LV/aarush_ros/build/gps_package/prefix_override:/home/ubuntu/Old_LV/aarush_ros/install/gps_package/lib/python3.10/site-packages:${PYTHONPATH} /usr/bin/python3 setup.py egg_info --egg-base ../../build/gps_package build --build-base /home/ubuntu/Old_LV/aarush_ros/build/gps_package/build install --record /home/ubuntu/Old_LV/aarush_ros/build/gps_package/install.log --single-version-externally-managed
[3.633s] running egg_info
[3.638s] writing ../../build/gps_package/gps_package.egg-info/PKG-INFO
[3.640s] writing dependency_links to ../../build/gps_package/gps_package.egg-info/dependency_links.txt
[3.643s] writing entry points to ../../build/gps_package/gps_package.egg-info/entry_points.txt
[3.645s] writing requirements to ../../build/gps_package/gps_package.egg-info/requires.txt
[3.646s] writing top-level names to ../../build/gps_package/gps_package.egg-info/top_level.txt
[3.657s] reading manifest file '../../build/gps_package/gps_package.egg-info/SOURCES.txt'
[3.659s] adding license file 'LICENSE'
[3.662s] writing manifest file '../../build/gps_package/gps_package.egg-info/SOURCES.txt'
[3.663s] running build
[3.663s] running build_py
[3.665s] running install
[3.667s] /usr/lib/python3/dist-packages/setuptools/command/install.py:34: SetuptoolsDeprecationWarning: setup.py install is deprecated. Use build and pip and other standards-based tools.
[3.668s]   warnings.warn(
[3.668s] running install_lib
[3.673s] running install_data
[3.676s] running install_egg_info
[3.682s] removing '/home/ubuntu/Old_LV/aarush_ros/install/gps_package/lib/python3.10/site-packages/gps_package-0.0.0-py3.10.egg-info' (and everything under it)
[3.684s] Copying ../../build/gps_package/gps_package.egg-info to /home/ubuntu/Old_LV/aarush_ros/install/gps_package/lib/python3.10/site-packages/gps_package-0.0.0-py3.10.egg-info
[3.689s] running install_scripts
[3.774s] Installing gps_node script to /home/ubuntu/Old_LV/aarush_ros/install/gps_package/lib/gps_package
[3.777s] writing list of installed files to '/home/ubuntu/Old_LV/aarush_ros/build/gps_package/install.log'
[3.923s] Invoked command in '/home/ubuntu/Old_LV/aarush_ros/src/gps_package' returned '0': PYTHONPATH=/home/ubuntu/Old_LV/aarush_ros/build/gps_package/prefix_override:/home/ubuntu/Old_LV/aarush_ros/install/gps_package/lib/python3.10/site-packages:${PYTHONPATH} /usr/bin/python3 setup.py egg_info --egg-base ../../build/gps_package build --build-base /home/ubuntu/Old_LV/aarush_ros/build/gps_package/build install --record /home/ubuntu/Old_LV/aarush_ros/build/gps_package/install.log --single-version-externally-managed
