[3.509s] Invoking command in '/home/veadesh/Agnirath/Agnirath_LVS_Strategy/aarush_ros/src/main_package': CONDA_PROMPT_MODIFIER=(base) PYTHONPATH=/home/veadesh/Agnirath/Agnirath_LVS_Strategy/aarush_ros/build/main_package/prefix_override:/home/veadesh/Agnirath/Agnirath_LVS_Strategy/aarush_ros/install/main_package/lib/python3.10/site-packages:${PYTHONPATH} /usr/bin/python3 setup.py egg_info --egg-base ../../build/main_package build --build-base /home/veadesh/Agnirath/Agnirath_LVS_Strategy/aarush_ros/build/main_package/build install --record /home/veadesh/Agnirath/Agnirath_LVS_Strategy/aarush_ros/build/main_package/install.log --single-version-externally-managed
[3.820s] running egg_info
[3.824s] writing ../../build/main_package/main_package.egg-info/PKG-INFO
[3.824s] writing dependency_links to ../../build/main_package/main_package.egg-info/dependency_links.txt
[3.825s] writing entry points to ../../build/main_package/main_package.egg-info/entry_points.txt
[3.825s] writing requirements to ../../build/main_package/main_package.egg-info/requires.txt
[3.825s] writing top-level names to ../../build/main_package/main_package.egg-info/top_level.txt
[3.825s] reading manifest file '../../build/main_package/main_package.egg-info/SOURCES.txt'
[3.826s] adding license file 'LICENSE'
[3.829s] writing manifest file '../../build/main_package/main_package.egg-info/SOURCES.txt'
[3.829s] running build
[3.829s] running build_py
[3.830s] running install
[3.830s] /usr/lib/python3/dist-packages/setuptools/command/install.py:34: SetuptoolsDeprecationWarning: setup.py install is deprecated. Use build and pip and other standards-based tools.
[3.830s]   warnings.warn(
[3.830s] running install_lib
[3.831s] running install_data
[3.831s] running install_egg_info
[3.831s] removing '/home/veadesh/Agnirath/Agnirath_LVS_Strategy/aarush_ros/install/main_package/lib/python3.10/site-packages/main_package-0.0.0-py3.10.egg-info' (and everything under it)
[3.831s] Copying ../../build/main_package/main_package.egg-info to /home/veadesh/Agnirath/Agnirath_LVS_Strategy/aarush_ros/install/main_package/lib/python3.10/site-packages/main_package-0.0.0-py3.10.egg-info
[3.831s] running install_scripts
[3.856s] Installing main_node script to /home/veadesh/Agnirath/Agnirath_LVS_Strategy/aarush_ros/install/main_package/lib/main_package
[3.856s] writing list of installed files to '/home/veadesh/Agnirath/Agnirath_LVS_Strategy/aarush_ros/build/main_package/install.log'
[3.918s] Invoked command in '/home/veadesh/Agnirath/Agnirath_LVS_Strategy/aarush_ros/src/main_package' returned '0': CONDA_PROMPT_MODIFIER=(base) PYTHONPATH=/home/veadesh/Agnirath/Agnirath_LVS_Strategy/aarush_ros/build/main_package/prefix_override:/home/veadesh/Agnirath/Agnirath_LVS_Strategy/aarush_ros/install/main_package/lib/python3.10/site-packages:${PYTHONPATH} /usr/bin/python3 setup.py egg_info --egg-base ../../build/main_package build --build-base /home/veadesh/Agnirath/Agnirath_LVS_Strategy/aarush_ros/build/main_package/build install --record /home/veadesh/Agnirath/Agnirath_LVS_Strategy/aarush_ros/build/main_package/install.log --single-version-externally-managed
