[2.600s] Invoking command in '/home/ubuntu/Old_LV/aarush_ros/src/imu_package': PYTHONPATH=/home/ubuntu/Old_LV/aarush_ros/build/imu_package/prefix_override:/home/ubuntu/Old_LV/aarush_ros/install/imu_package/lib/python3.10/site-packages:${PYTHONPATH} /usr/bin/python3 setup.py egg_info --egg-base ../../build/imu_package build --build-base /home/ubuntu/Old_LV/aarush_ros/build/imu_package/build install --record /home/ubuntu/Old_LV/aarush_ros/build/imu_package/install.log --single-version-externally-managed
[3.686s] running egg_info
[3.689s] writing ../../build/imu_package/imu_package.egg-info/PKG-INFO
[3.690s] writing dependency_links to ../../build/imu_package/imu_package.egg-info/dependency_links.txt
[3.691s] writing entry points to ../../build/imu_package/imu_package.egg-info/entry_points.txt
[3.691s] writing requirements to ../../build/imu_package/imu_package.egg-info/requires.txt
[3.692s] writing top-level names to ../../build/imu_package/imu_package.egg-info/top_level.txt
[3.700s] reading manifest file '../../build/imu_package/imu_package.egg-info/SOURCES.txt'
[3.701s] adding license file 'LICENSE'
[3.704s] writing manifest file '../../build/imu_package/imu_package.egg-info/SOURCES.txt'
[3.705s] running build
[3.705s] running build_py
[3.706s] running install
[3.706s] /usr/lib/python3/dist-packages/setuptools/command/install.py:34: SetuptoolsDeprecationWarning: setup.py install is deprecated. Use build and pip and other standards-based tools.
[3.707s]   warnings.warn(
[3.708s] running install_lib
[3.713s] running install_data
[3.715s] running install_egg_info
[3.721s] removing '/home/ubuntu/Old_LV/aarush_ros/install/imu_package/lib/python3.10/site-packages/imu_package-0.0.0-py3.10.egg-info' (and everything under it)
[3.722s] Copying ../../build/imu_package/imu_package.egg-info to /home/ubuntu/Old_LV/aarush_ros/install/imu_package/lib/python3.10/site-packages/imu_package-0.0.0-py3.10.egg-info
[3.726s] running install_scripts
[3.812s] Installing imu_node script to /home/ubuntu/Old_LV/aarush_ros/install/imu_package/lib/imu_package
[3.814s] writing list of installed files to '/home/ubuntu/Old_LV/aarush_ros/build/imu_package/install.log'
[4.152s] Invoked command in '/home/ubuntu/Old_LV/aarush_ros/src/imu_package' returned '0': PYTHONPATH=/home/ubuntu/Old_LV/aarush_ros/build/imu_package/prefix_override:/home/ubuntu/Old_LV/aarush_ros/install/imu_package/lib/python3.10/site-packages:${PYTHONPATH} /usr/bin/python3 setup.py egg_info --egg-base ../../build/imu_package build --build-base /home/ubuntu/Old_LV/aarush_ros/build/imu_package/build install --record /home/ubuntu/Old_LV/aarush_ros/build/imu_package/install.log --single-version-externally-managed
