running egg_info
creating ../../build/main_package/main_package.egg-info
writing ../../build/main_package/main_package.egg-info/PKG-INFO
writing dependency_links to ../../build/main_package/main_package.egg-info/dependency_links.txt
writing entry points to ../../build/main_package/main_package.egg-info/entry_points.txt
writing requirements to ../../build/main_package/main_package.egg-info/requires.txt
writing top-level names to ../../build/main_package/main_package.egg-info/top_level.txt
writing manifest file '../../build/main_package/main_package.egg-info/SOURCES.txt'
reading manifest file '../../build/main_package/main_package.egg-info/SOURCES.txt'
adding license file 'LICENSE'
writing manifest file '../../build/main_package/main_package.egg-info/SOURCES.txt'
running build
running build_py
creating /home/jaay/repositories/Agnirath_LVS_Strategy/aarush_ros/build/main_package/build
creating /home/jaay/repositories/Agnirath_LVS_Strategy/aarush_ros/build/main_package/build/lib
creating /home/jaay/repositories/Agnirath_LVS_Strategy/aarush_ros/build/main_package/build/lib/main_package
copying main_package/__init__.py -> /home/jaay/repositories/Agnirath_LVS_Strategy/aarush_ros/build/main_package/build/lib/main_package
copying main_package/main_node.py -> /home/jaay/repositories/Agnirath_LVS_Strategy/aarush_ros/build/main_package/build/lib/main_package
running install
running install_lib
creating /home/jaay/repositories/Agnirath_LVS_Strategy/aarush_ros/install/main_package/lib/python3.10/site-packages/main_package
copying /home/jaay/repositories/Agnirath_LVS_Strategy/aarush_ros/build/main_package/build/lib/main_package/__init__.py -> /home/jaay/repositories/Agnirath_LVS_Strategy/aarush_ros/install/main_package/lib/python3.10/site-packages/main_package
copying /home/jaay/repositories/Agnirath_LVS_Strategy/aarush_ros/build/main_package/build/lib/main_package/main_node.py -> /home/jaay/repositories/Agnirath_LVS_Strategy/aarush_ros/install/main_package/lib/python3.10/site-packages/main_package
byte-compiling /home/jaay/repositories/Agnirath_LVS_Strategy/aarush_ros/install/main_package/lib/python3.10/site-packages/main_package/__init__.py to __init__.cpython-310.pyc
byte-compiling /home/jaay/repositories/Agnirath_LVS_Strategy/aarush_ros/install/main_package/lib/python3.10/site-packages/main_package/main_node.py to main_node.cpython-310.pyc
running install_data
creating /home/jaay/repositories/Agnirath_LVS_Strategy/aarush_ros/install/main_package/share/ament_index
creating /home/jaay/repositories/Agnirath_LVS_Strategy/aarush_ros/install/main_package/share/ament_index/resource_index
creating /home/jaay/repositories/Agnirath_LVS_Strategy/aarush_ros/install/main_package/share/ament_index/resource_index/packages
copying resource/main_package -> /home/jaay/repositories/Agnirath_LVS_Strategy/aarush_ros/install/main_package/share/ament_index/resource_index/packages
copying package.xml -> /home/jaay/repositories/Agnirath_LVS_Strategy/aarush_ros/install/main_package/share/main_package
running install_egg_info
Copying ../../build/main_package/main_package.egg-info to /home/jaay/repositories/Agnirath_LVS_Strategy/aarush_ros/install/main_package/lib/python3.10/site-packages/main_package-0.0.0-py3.10.egg-info
running install_scripts
Installing main_node script to /home/jaay/repositories/Agnirath_LVS_Strategy/aarush_ros/install/main_package/lib/main_package
writing list of installed files to '/home/jaay/repositories/Agnirath_LVS_Strategy/aarush_ros/build/main_package/install.log'
