[0.455s] Invoking command in '/home/jaay/repositories/Agnirath_LVS_Strategy/aarush_ros/src/main_package': PYTHONPATH=/home/jaay/repositories/Agnirath_LVS_Strategy/aarush_ros/build/main_package/prefix_override:/home/jaay/repositories/Agnirath_LVS_Strategy/aarush_ros/install/main_package/lib/python3.10/site-packages:${PYTHONPATH} /usr/bin/python3 setup.py egg_info --egg-base ../../build/main_package build --build-base /home/jaay/repositories/Agnirath_LVS_Strategy/aarush_ros/build/main_package/build install --record /home/jaay/repositories/Agnirath_LVS_Strategy/aarush_ros/build/main_package/install.log --single-version-externally-managed
[0.636s] running egg_info
[0.636s] creating ../../build/main_package/main_package.egg-info
[0.636s] writing ../../build/main_package/main_package.egg-info/PKG-INFO
[0.636s] writing dependency_links to ../../build/main_package/main_package.egg-info/dependency_links.txt
[0.636s] writing entry points to ../../build/main_package/main_package.egg-info/entry_points.txt
[0.636s] writing requirements to ../../build/main_package/main_package.egg-info/requires.txt
[0.636s] writing top-level names to ../../build/main_package/main_package.egg-info/top_level.txt
[0.636s] writing manifest file '../../build/main_package/main_package.egg-info/SOURCES.txt'
[0.637s] reading manifest file '../../build/main_package/main_package.egg-info/SOURCES.txt'
[0.637s] adding license file 'LICENSE'
[0.637s] writing manifest file '../../build/main_package/main_package.egg-info/SOURCES.txt'
[0.638s] running build
[0.638s] running build_py
[0.638s] creating /home/jaay/repositories/Agnirath_LVS_Strategy/aarush_ros/build/main_package/build
[0.638s] creating /home/jaay/repositories/Agnirath_LVS_Strategy/aarush_ros/build/main_package/build/lib
[0.638s] creating /home/jaay/repositories/Agnirath_LVS_Strategy/aarush_ros/build/main_package/build/lib/main_package
[0.638s] copying main_package/__init__.py -> /home/jaay/repositories/Agnirath_LVS_Strategy/aarush_ros/build/main_package/build/lib/main_package
[0.638s] copying main_package/main_node.py -> /home/jaay/repositories/Agnirath_LVS_Strategy/aarush_ros/build/main_package/build/lib/main_package
[0.638s] running install
[0.638s] running install_lib
[0.638s] creating /home/jaay/repositories/Agnirath_LVS_Strategy/aarush_ros/install/main_package/lib/python3.10/site-packages/main_package
[0.639s] copying /home/jaay/repositories/Agnirath_LVS_Strategy/aarush_ros/build/main_package/build/lib/main_package/__init__.py -> /home/jaay/repositories/Agnirath_LVS_Strategy/aarush_ros/install/main_package/lib/python3.10/site-packages/main_package
[0.639s] copying /home/jaay/repositories/Agnirath_LVS_Strategy/aarush_ros/build/main_package/build/lib/main_package/main_node.py -> /home/jaay/repositories/Agnirath_LVS_Strategy/aarush_ros/install/main_package/lib/python3.10/site-packages/main_package
[0.639s] byte-compiling /home/jaay/repositories/Agnirath_LVS_Strategy/aarush_ros/install/main_package/lib/python3.10/site-packages/main_package/__init__.py to __init__.cpython-310.pyc
[0.639s] byte-compiling /home/jaay/repositories/Agnirath_LVS_Strategy/aarush_ros/install/main_package/lib/python3.10/site-packages/main_package/main_node.py to main_node.cpython-310.pyc
[0.639s] running install_data
[0.639s] creating /home/jaay/repositories/Agnirath_LVS_Strategy/aarush_ros/install/main_package/share/ament_index
[0.639s] creating /home/jaay/repositories/Agnirath_LVS_Strategy/aarush_ros/install/main_package/share/ament_index/resource_index
[0.639s] creating /home/jaay/repositories/Agnirath_LVS_Strategy/aarush_ros/install/main_package/share/ament_index/resource_index/packages
[0.640s] copying resource/main_package -> /home/jaay/repositories/Agnirath_LVS_Strategy/aarush_ros/install/main_package/share/ament_index/resource_index/packages
[0.640s] copying package.xml -> /home/jaay/repositories/Agnirath_LVS_Strategy/aarush_ros/install/main_package/share/main_package
[0.640s] running install_egg_info
[0.640s] Copying ../../build/main_package/main_package.egg-info to /home/jaay/repositories/Agnirath_LVS_Strategy/aarush_ros/install/main_package/lib/python3.10/site-packages/main_package-0.0.0-py3.10.egg-info
[0.641s] running install_scripts
[0.653s] Installing main_node script to /home/jaay/repositories/Agnirath_LVS_Strategy/aarush_ros/install/main_package/lib/main_package
[0.653s] writing list of installed files to '/home/jaay/repositories/Agnirath_LVS_Strategy/aarush_ros/build/main_package/install.log'
[0.672s] Invoked command in '/home/jaay/repositories/Agnirath_LVS_Strategy/aarush_ros/src/main_package' returned '0': PYTHONPATH=/home/jaay/repositories/Agnirath_LVS_Strategy/aarush_ros/build/main_package/prefix_override:/home/jaay/repositories/Agnirath_LVS_Strategy/aarush_ros/install/main_package/lib/python3.10/site-packages:${PYTHONPATH} /usr/bin/python3 setup.py egg_info --egg-base ../../build/main_package build --build-base /home/jaay/repositories/Agnirath_LVS_Strategy/aarush_ros/build/main_package/build install --record /home/jaay/repositories/Agnirath_LVS_Strategy/aarush_ros/build/main_package/install.log --single-version-externally-managed
