[2.699s] Invoking command in '/home/jaay/Agnirath/Agnirath_LVS_Strategy/aarush_ros/src/logging_package': PYTHONPATH=/home/jaay/Agnirath/Agnirath_LVS_Strategy/aarush_ros/build/logging_package/prefix_override:/home/jaay/Agnirath/Agnirath_LVS_Strategy/aarush_ros/install/logging_package/lib/python3.10/site-packages:${PYTHONPATH} /usr/bin/python3 setup.py egg_info --egg-base ../../build/logging_package build --build-base /home/jaay/Agnirath/Agnirath_LVS_Strategy/aarush_ros/build/logging_package/build install --record /home/jaay/Agnirath/Agnirath_LVS_Strategy/aarush_ros/build/logging_package/install.log --single-version-externally-managed
[2.981s] running egg_info
[2.982s] writing ../../build/logging_package/logging_package.egg-info/PKG-INFO
[2.982s] writing dependency_links to ../../build/logging_package/logging_package.egg-info/dependency_links.txt
[2.982s] writing entry points to ../../build/logging_package/logging_package.egg-info/entry_points.txt
[2.982s] writing requirements to ../../build/logging_package/logging_package.egg-info/requires.txt
[2.983s] writing top-level names to ../../build/logging_package/logging_package.egg-info/top_level.txt
[2.985s] reading manifest file '../../build/logging_package/logging_package.egg-info/SOURCES.txt'
[2.985s] adding license file 'LICENSE'
[2.986s] writing manifest file '../../build/logging_package/logging_package.egg-info/SOURCES.txt'
[2.986s] running build
[2.986s] running build_py
[2.986s] running install
[2.986s] running install_lib
[2.987s] running install_data
[2.988s] running install_egg_info
[2.990s] removing '/home/jaay/Agnirath/Agnirath_LVS_Strategy/aarush_ros/install/logging_package/lib/python3.10/site-packages/logging_package-0.0.0-py3.10.egg-info' (and everything under it)
[2.990s] Copying ../../build/logging_package/logging_package.egg-info to /home/jaay/Agnirath/Agnirath_LVS_Strategy/aarush_ros/install/logging_package/lib/python3.10/site-packages/logging_package-0.0.0-py3.10.egg-info
[2.991s] running install_scripts
[3.009s] Installing logging_node script to /home/jaay/Agnirath/Agnirath_LVS_Strategy/aarush_ros/install/logging_package/lib/logging_package
[3.009s] writing list of installed files to '/home/jaay/Agnirath/Agnirath_LVS_Strategy/aarush_ros/build/logging_package/install.log'
[3.059s] Invoked command in '/home/jaay/Agnirath/Agnirath_LVS_Strategy/aarush_ros/src/logging_package' returned '0': PYTHONPATH=/home/jaay/Agnirath/Agnirath_LVS_Strategy/aarush_ros/build/logging_package/prefix_override:/home/jaay/Agnirath/Agnirath_LVS_Strategy/aarush_ros/install/logging_package/lib/python3.10/site-packages:${PYTHONPATH} /usr/bin/python3 setup.py egg_info --egg-base ../../build/logging_package build --build-base /home/jaay/Agnirath/Agnirath_LVS_Strategy/aarush_ros/build/logging_package/build install --record /home/jaay/Agnirath/Agnirath_LVS_Strategy/aarush_ros/build/logging_package/install.log --single-version-externally-managed
