[0.900s] Invoking command in '/home/jaay/Agnirath/Agnirath_LVS_Strategy/aarush_ros/src/can_package': PYTHONPATH=/home/jaay/Agnirath/Agnirath_LVS_Strategy/aarush_ros/build/can_package/prefix_override:/home/jaay/Agnirath/Agnirath_LVS_Strategy/aarush_ros/install/can_package/lib/python3.10/site-packages:${PYTHONPATH} /usr/bin/python3 setup.py egg_info --egg-base ../../build/can_package build --build-base /home/jaay/Agnirath/Agnirath_LVS_Strategy/aarush_ros/build/can_package/build install --record /home/jaay/Agnirath/Agnirath_LVS_Strategy/aarush_ros/build/can_package/install.log --single-version-externally-managed
[1.105s] running egg_info
[1.106s] writing ../../build/can_package/can_package.egg-info/PKG-INFO
[1.106s] writing dependency_links to ../../build/can_package/can_package.egg-info/dependency_links.txt
[1.106s] writing entry points to ../../build/can_package/can_package.egg-info/entry_points.txt
[1.106s] writing requirements to ../../build/can_package/can_package.egg-info/requires.txt
[1.106s] writing top-level names to ../../build/can_package/can_package.egg-info/top_level.txt
[1.109s] reading manifest file '../../build/can_package/can_package.egg-info/SOURCES.txt'
[1.109s] adding license file 'LICENSE'
[1.110s] writing manifest file '../../build/can_package/can_package.egg-info/SOURCES.txt'
[1.110s] running build
[1.110s] running build_py
[1.110s] copying can_package/can_rx_node_v3.py -> /home/jaay/Agnirath/Agnirath_LVS_Strategy/aarush_ros/build/can_package/build/lib/can_package
[1.111s] running install
[1.111s] /usr/lib/python3/dist-packages/setuptools/command/install.py:34: SetuptoolsDeprecationWarning: setup.py install is deprecated. Use build and pip and other standards-based tools.
[1.111s]   warnings.warn(
[1.111s] running install_lib
[1.112s] copying /home/jaay/Agnirath/Agnirath_LVS_Strategy/aarush_ros/build/can_package/build/lib/can_package/can_rx_node_v3.py -> /home/jaay/Agnirath/Agnirath_LVS_Strategy/aarush_ros/install/can_package/lib/python3.10/site-packages/can_package
[1.112s] byte-compiling /home/jaay/Agnirath/Agnirath_LVS_Strategy/aarush_ros/install/can_package/lib/python3.10/site-packages/can_package/can_rx_node_v3.py to can_rx_node_v3.cpython-310.pyc
[1.113s] running install_data
[1.113s] running install_egg_info
[1.115s] removing '/home/jaay/Agnirath/Agnirath_LVS_Strategy/aarush_ros/install/can_package/lib/python3.10/site-packages/can_package-0.0.0-py3.10.egg-info' (and everything under it)
[1.115s] Copying ../../build/can_package/can_package.egg-info to /home/jaay/Agnirath/Agnirath_LVS_Strategy/aarush_ros/install/can_package/lib/python3.10/site-packages/can_package-0.0.0-py3.10.egg-info
[1.115s] running install_scripts
[1.133s] Installing can_node_sim script to /home/jaay/Agnirath/Agnirath_LVS_Strategy/aarush_ros/install/can_package/lib/can_package
[1.133s] Installing can_rx_node script to /home/jaay/Agnirath/Agnirath_LVS_Strategy/aarush_ros/install/can_package/lib/can_package
[1.133s] Installing can_rx_node_dup script to /home/jaay/Agnirath/Agnirath_LVS_Strategy/aarush_ros/install/can_package/lib/can_package
[1.133s] Installing can_rx_node_test script to /home/jaay/Agnirath/Agnirath_LVS_Strategy/aarush_ros/install/can_package/lib/can_package
[1.134s] Installing can_tx_node script to /home/jaay/Agnirath/Agnirath_LVS_Strategy/aarush_ros/install/can_package/lib/can_package
[1.134s] writing list of installed files to '/home/jaay/Agnirath/Agnirath_LVS_Strategy/aarush_ros/build/can_package/install.log'
[1.162s] Invoked command in '/home/jaay/Agnirath/Agnirath_LVS_Strategy/aarush_ros/src/can_package' returned '0': PYTHONPATH=/home/jaay/Agnirath/Agnirath_LVS_Strategy/aarush_ros/build/can_package/prefix_override:/home/jaay/Agnirath/Agnirath_LVS_Strategy/aarush_ros/install/can_package/lib/python3.10/site-packages:${PYTHONPATH} /usr/bin/python3 setup.py egg_info --egg-base ../../build/can_package build --build-base /home/jaay/Agnirath/Agnirath_LVS_Strategy/aarush_ros/build/can_package/build install --record /home/jaay/Agnirath/Agnirath_LVS_Strategy/aarush_ros/build/can_package/install.log --single-version-externally-managed
