[1.279s] DEBUG:colcon:Command line arguments: ['/usr/bin/colcon', 'build', '--packages-select', 'can_package']
[1.279s] DEBUG:colcon:Parsed command line arguments: Namespace(log_base=None, log_level=None, verb_name='build', build_base='build', install_base='install', merge_install=False, symlink_install=False, test_result_base=None, continue_on_error=False, executor='parallel', parallel_workers=2, event_handlers=None, ignore_user_meta=False, metas=['./colcon.meta'], base_paths=['.'], packages_ignore=None, packages_ignore_regex=None, paths=None, packages_up_to=None, packages_up_to_regex=None, packages_above=None, packages_above_and_dependencies=None, packages_above_depth=None, packages_select_by_dep=None, packages_skip_by_dep=None, packages_skip_up_to=None, packages_select_build_failed=False, packages_skip_build_finished=False, packages_select_test_failures=False, packages_skip_test_passed=False, packages_select=['can_package'], packages_skip=None, packages_select_regex=None, packages_skip_regex=None, packages_start=None, packages_end=None, allow_overriding=[], cmake_args=None, cmake_target=None, cmake_target_skip_unavailable=False, cmake_clean_cache=False, cmake_clean_first=False, cmake_force_configure=False, ament_cmake_args=None, catkin_cmake_args=None, catkin_skip_building_tests=False, verb_parser=<colcon_defaults.argument_parser.defaults.DefaultArgumentsDecorator object at 0xffff9a34ee30>, verb_extension=<colcon_core.verb.build.BuildVerb object at 0xffff9abcf3a0>, main=<bound method BuildVerb.main of <colcon_core.verb.build.BuildVerb object at 0xffff9abcf3a0>>)
[1.412s] Level 1:colcon.colcon_core.package_discovery:discover_packages(colcon_meta) check parameters
[1.413s] Level 1:colcon.colcon_core.package_discovery:discover_packages(recursive) check parameters
[1.413s] Level 1:colcon.colcon_core.package_discovery:discover_packages(ignore) check parameters
[1.413s] Level 1:colcon.colcon_core.package_discovery:discover_packages(path) check parameters
[1.413s] Level 1:colcon.colcon_core.package_discovery:discover_packages(colcon_meta) discover
[1.413s] Level 1:colcon.colcon_core.package_discovery:discover_packages(recursive) discover
[1.413s] INFO:colcon.colcon_core.package_discovery:Crawling recursively for packages in '/home/ubuntu/Agnirath_LVS_Strategy/aarush_ros'
[1.414s] Level 1:colcon.colcon_core.package_identification:_identify(.) by extensions ['ignore', 'ignore_ament_install']
[1.414s] Level 1:colcon.colcon_core.package_identification:_identify(.) by extension 'ignore'
[1.414s] Level 1:colcon.colcon_core.package_identification:_identify(.) by extension 'ignore_ament_install'
[1.415s] Level 1:colcon.colcon_core.package_identification:_identify(.) by extensions ['colcon_pkg']
[1.415s] Level 1:colcon.colcon_core.package_identification:_identify(.) by extension 'colcon_pkg'
[1.415s] Level 1:colcon.colcon_core.package_identification:_identify(.) by extensions ['colcon_meta']
[1.415s] Level 1:colcon.colcon_core.package_identification:_identify(.) by extension 'colcon_meta'
[1.415s] Level 1:colcon.colcon_core.package_identification:_identify(.) by extensions ['ros']
[1.415s] Level 1:colcon.colcon_core.package_identification:_identify(.) by extension 'ros'
[1.461s] Level 1:colcon.colcon_core.package_identification:_identify(.) by extensions ['cmake', 'python']
[1.461s] Level 1:colcon.colcon_core.package_identification:_identify(.) by extension 'cmake'
[1.462s] Level 1:colcon.colcon_core.package_identification:_identify(.) by extension 'python'
[1.462s] Level 1:colcon.colcon_core.package_identification:_identify(.) by extensions ['python_setup_py']
[1.462s] Level 1:colcon.colcon_core.package_identification:_identify(.) by extension 'python_setup_py'
[1.462s] Level 1:colcon.colcon_core.package_identification:_identify(build) by extensions ['ignore', 'ignore_ament_install']
[1.463s] Level 1:colcon.colcon_core.package_identification:_identify(build) by extension 'ignore'
[1.463s] Level 1:colcon.colcon_core.package_identification:_identify(build) ignored
[1.463s] Level 1:colcon.colcon_core.package_identification:_identify(install) by extensions ['ignore', 'ignore_ament_install']
[1.464s] Level 1:colcon.colcon_core.package_identification:_identify(install) by extension 'ignore'
[1.464s] Level 1:colcon.colcon_core.package_identification:_identify(install) ignored
[1.465s] Level 1:colcon.colcon_core.package_identification:_identify(log) by extensions ['ignore', 'ignore_ament_install']
[1.465s] Level 1:colcon.colcon_core.package_identification:_identify(log) by extension 'ignore'
[1.465s] Level 1:colcon.colcon_core.package_identification:_identify(log) ignored
[1.466s] Level 1:colcon.colcon_core.package_identification:_identify(src) by extensions ['ignore', 'ignore_ament_install']
[1.466s] Level 1:colcon.colcon_core.package_identification:_identify(src) by extension 'ignore'
[1.466s] Level 1:colcon.colcon_core.package_identification:_identify(src) by extension 'ignore_ament_install'
[1.466s] Level 1:colcon.colcon_core.package_identification:_identify(src) by extensions ['colcon_pkg']
[1.466s] Level 1:colcon.colcon_core.package_identification:_identify(src) by extension 'colcon_pkg'
[1.467s] Level 1:colcon.colcon_core.package_identification:_identify(src) by extensions ['colcon_meta']
[1.467s] Level 1:colcon.colcon_core.package_identification:_identify(src) by extension 'colcon_meta'
[1.467s] Level 1:colcon.colcon_core.package_identification:_identify(src) by extensions ['ros']
[1.467s] Level 1:colcon.colcon_core.package_identification:_identify(src) by extension 'ros'
[1.467s] Level 1:colcon.colcon_core.package_identification:_identify(src) by extensions ['cmake', 'python']
[1.467s] Level 1:colcon.colcon_core.package_identification:_identify(src) by extension 'cmake'
[1.468s] Level 1:colcon.colcon_core.package_identification:_identify(src) by extension 'python'
[1.468s] Level 1:colcon.colcon_core.package_identification:_identify(src) by extensions ['python_setup_py']
[1.468s] Level 1:colcon.colcon_core.package_identification:_identify(src) by extension 'python_setup_py'
[1.468s] Level 1:colcon.colcon_core.package_identification:_identify(src/battery_package) by extensions ['ignore', 'ignore_ament_install']
[1.469s] Level 1:colcon.colcon_core.package_identification:_identify(src/battery_package) by extension 'ignore'
[1.469s] Level 1:colcon.colcon_core.package_identification:_identify(src/battery_package) by extension 'ignore_ament_install'
[1.469s] Level 1:colcon.colcon_core.package_identification:_identify(src/battery_package) by extensions ['colcon_pkg']
[1.469s] Level 1:colcon.colcon_core.package_identification:_identify(src/battery_package) by extension 'colcon_pkg'
[1.469s] Level 1:colcon.colcon_core.package_identification:_identify(src/battery_package) by extensions ['colcon_meta']
[1.469s] Level 1:colcon.colcon_core.package_identification:_identify(src/battery_package) by extension 'colcon_meta'
[1.469s] Level 1:colcon.colcon_core.package_identification:_identify(src/battery_package) by extensions ['ros']
[1.470s] Level 1:colcon.colcon_core.package_identification:_identify(src/battery_package) by extension 'ros'
[1.478s] DEBUG:colcon.colcon_core.package_identification:Package 'src/battery_package' with type 'ros.ament_python' and name 'battery_package'
[1.478s] Level 1:colcon.colcon_core.package_identification:_identify(src/can_package) by extensions ['ignore', 'ignore_ament_install']
[1.479s] Level 1:colcon.colcon_core.package_identification:_identify(src/can_package) by extension 'ignore'
[1.479s] Level 1:colcon.colcon_core.package_identification:_identify(src/can_package) by extension 'ignore_ament_install'
[1.479s] Level 1:colcon.colcon_core.package_identification:_identify(src/can_package) by extensions ['colcon_pkg']
[1.479s] Level 1:colcon.colcon_core.package_identification:_identify(src/can_package) by extension 'colcon_pkg'
[1.479s] Level 1:colcon.colcon_core.package_identification:_identify(src/can_package) by extensions ['colcon_meta']
[1.479s] Level 1:colcon.colcon_core.package_identification:_identify(src/can_package) by extension 'colcon_meta'
[1.480s] Level 1:colcon.colcon_core.package_identification:_identify(src/can_package) by extensions ['ros']
[1.480s] Level 1:colcon.colcon_core.package_identification:_identify(src/can_package) by extension 'ros'
[1.482s] DEBUG:colcon.colcon_core.package_identification:Package 'src/can_package' with type 'ros.ament_python' and name 'can_package'
[1.483s] Level 1:colcon.colcon_core.package_identification:_identify(src/control_package) by extensions ['ignore', 'ignore_ament_install']
[1.483s] Level 1:colcon.colcon_core.package_identification:_identify(src/control_package) by extension 'ignore'
[1.483s] Level 1:colcon.colcon_core.package_identification:_identify(src/control_package) by extension 'ignore_ament_install'
[1.484s] Level 1:colcon.colcon_core.package_identification:_identify(src/control_package) by extensions ['colcon_pkg']
[1.484s] Level 1:colcon.colcon_core.package_identification:_identify(src/control_package) by extension 'colcon_pkg'
[1.484s] Level 1:colcon.colcon_core.package_identification:_identify(src/control_package) by extensions ['colcon_meta']
[1.484s] Level 1:colcon.colcon_core.package_identification:_identify(src/control_package) by extension 'colcon_meta'
[1.484s] Level 1:colcon.colcon_core.package_identification:_identify(src/control_package) by extensions ['ros']
[1.484s] Level 1:colcon.colcon_core.package_identification:_identify(src/control_package) by extension 'ros'
[1.486s] DEBUG:colcon.colcon_core.package_identification:Package 'src/control_package' with type 'ros.ament_python' and name 'control_package'
[1.487s] Level 1:colcon.colcon_core.package_identification:_identify(src/display_package) by extensions ['ignore', 'ignore_ament_install']
[1.487s] Level 1:colcon.colcon_core.package_identification:_identify(src/display_package) by extension 'ignore'
[1.487s] Level 1:colcon.colcon_core.package_identification:_identify(src/display_package) by extension 'ignore_ament_install'
[1.488s] Level 1:colcon.colcon_core.package_identification:_identify(src/display_package) by extensions ['colcon_pkg']
[1.488s] Level 1:colcon.colcon_core.package_identification:_identify(src/display_package) by extension 'colcon_pkg'
[1.488s] Level 1:colcon.colcon_core.package_identification:_identify(src/display_package) by extensions ['colcon_meta']
[1.488s] Level 1:colcon.colcon_core.package_identification:_identify(src/display_package) by extension 'colcon_meta'
[1.488s] Level 1:colcon.colcon_core.package_identification:_identify(src/display_package) by extensions ['ros']
[1.488s] Level 1:colcon.colcon_core.package_identification:_identify(src/display_package) by extension 'ros'
[1.490s] DEBUG:colcon.colcon_core.package_identification:Package 'src/display_package' with type 'ros.ament_python' and name 'display_package'
[1.491s] Level 1:colcon.colcon_core.package_identification:_identify(src/gps_package) by extensions ['ignore', 'ignore_ament_install']
[1.491s] Level 1:colcon.colcon_core.package_identification:_identify(src/gps_package) by extension 'ignore'
[1.491s] Level 1:colcon.colcon_core.package_identification:_identify(src/gps_package) by extension 'ignore_ament_install'
[1.492s] Level 1:colcon.colcon_core.package_identification:_identify(src/gps_package) by extensions ['colcon_pkg']
[1.492s] Level 1:colcon.colcon_core.package_identification:_identify(src/gps_package) by extension 'colcon_pkg'
[1.492s] Level 1:colcon.colcon_core.package_identification:_identify(src/gps_package) by extensions ['colcon_meta']
[1.492s] Level 1:colcon.colcon_core.package_identification:_identify(src/gps_package) by extension 'colcon_meta'
[1.492s] Level 1:colcon.colcon_core.package_identification:_identify(src/gps_package) by extensions ['ros']
[1.492s] Level 1:colcon.colcon_core.package_identification:_identify(src/gps_package) by extension 'ros'
[1.494s] DEBUG:colcon.colcon_core.package_identification:Package 'src/gps_package' with type 'ros.ament_python' and name 'gps_package'
[1.495s] Level 1:colcon.colcon_core.package_identification:_identify(src/imu_package) by extensions ['ignore', 'ignore_ament_install']
[1.495s] Level 1:colcon.colcon_core.package_identification:_identify(src/imu_package) by extension 'ignore'
[1.496s] Level 1:colcon.colcon_core.package_identification:_identify(src/imu_package) by extension 'ignore_ament_install'
[1.496s] Level 1:colcon.colcon_core.package_identification:_identify(src/imu_package) by extensions ['colcon_pkg']
[1.496s] Level 1:colcon.colcon_core.package_identification:_identify(src/imu_package) by extension 'colcon_pkg'
[1.496s] Level 1:colcon.colcon_core.package_identification:_identify(src/imu_package) by extensions ['colcon_meta']
[1.496s] Level 1:colcon.colcon_core.package_identification:_identify(src/imu_package) by extension 'colcon_meta'
[1.496s] Level 1:colcon.colcon_core.package_identification:_identify(src/imu_package) by extensions ['ros']
[1.497s] Level 1:colcon.colcon_core.package_identification:_identify(src/imu_package) by extension 'ros'
[1.498s] DEBUG:colcon.colcon_core.package_identification:Package 'src/imu_package' with type 'ros.ament_python' and name 'imu_package'
[1.499s] Level 1:colcon.colcon_core.package_identification:_identify(src/logging_package) by extensions ['ignore', 'ignore_ament_install']
[1.499s] Level 1:colcon.colcon_core.package_identification:_identify(src/logging_package) by extension 'ignore'
[1.500s] Level 1:colcon.colcon_core.package_identification:_identify(src/logging_package) by extension 'ignore_ament_install'
[1.500s] Level 1:colcon.colcon_core.package_identification:_identify(src/logging_package) by extensions ['colcon_pkg']
[1.500s] Level 1:colcon.colcon_core.package_identification:_identify(src/logging_package) by extension 'colcon_pkg'
[1.500s] Level 1:colcon.colcon_core.package_identification:_identify(src/logging_package) by extensions ['colcon_meta']
[1.500s] Level 1:colcon.colcon_core.package_identification:_identify(src/logging_package) by extension 'colcon_meta'
[1.500s] Level 1:colcon.colcon_core.package_identification:_identify(src/logging_package) by extensions ['ros']
[1.500s] Level 1:colcon.colcon_core.package_identification:_identify(src/logging_package) by extension 'ros'
[1.502s] DEBUG:colcon.colcon_core.package_identification:Package 'src/logging_package' with type 'ros.ament_python' and name 'logging_package'
[1.503s] Level 1:colcon.colcon_core.package_identification:_identify(src/main_package) by extensions ['ignore', 'ignore_ament_install']
[1.503s] Level 1:colcon.colcon_core.package_identification:_identify(src/main_package) by extension 'ignore'
[1.503s] Level 1:colcon.colcon_core.package_identification:_identify(src/main_package) by extension 'ignore_ament_install'
[1.504s] Level 1:colcon.colcon_core.package_identification:_identify(src/main_package) by extensions ['colcon_pkg']
[1.504s] Level 1:colcon.colcon_core.package_identification:_identify(src/main_package) by extension 'colcon_pkg'
[1.504s] Level 1:colcon.colcon_core.package_identification:_identify(src/main_package) by extensions ['colcon_meta']
[1.504s] Level 1:colcon.colcon_core.package_identification:_identify(src/main_package) by extension 'colcon_meta'
[1.504s] Level 1:colcon.colcon_core.package_identification:_identify(src/main_package) by extensions ['ros']
[1.504s] Level 1:colcon.colcon_core.package_identification:_identify(src/main_package) by extension 'ros'
[1.507s] DEBUG:colcon.colcon_core.package_identification:Package 'src/main_package' with type 'ros.ament_python' and name 'main_package'
[1.507s] Level 1:colcon.colcon_core.package_identification:_identify(src/mc_package) by extensions ['ignore', 'ignore_ament_install']
[1.508s] Level 1:colcon.colcon_core.package_identification:_identify(src/mc_package) by extension 'ignore'
[1.508s] Level 1:colcon.colcon_core.package_identification:_identify(src/mc_package) by extension 'ignore_ament_install'
[1.508s] Level 1:colcon.colcon_core.package_identification:_identify(src/mc_package) by extensions ['colcon_pkg']
[1.508s] Level 1:colcon.colcon_core.package_identification:_identify(src/mc_package) by extension 'colcon_pkg'
[1.508s] Level 1:colcon.colcon_core.package_identification:_identify(src/mc_package) by extensions ['colcon_meta']
[1.508s] Level 1:colcon.colcon_core.package_identification:_identify(src/mc_package) by extension 'colcon_meta'
[1.509s] Level 1:colcon.colcon_core.package_identification:_identify(src/mc_package) by extensions ['ros']
[1.509s] Level 1:colcon.colcon_core.package_identification:_identify(src/mc_package) by extension 'ros'
[1.511s] DEBUG:colcon.colcon_core.package_identification:Package 'src/mc_package' with type 'ros.ament_python' and name 'mc_package'
[1.512s] Level 1:colcon.colcon_core.package_identification:_identify(src/mppt_package) by extensions ['ignore', 'ignore_ament_install']
[1.512s] Level 1:colcon.colcon_core.package_identification:_identify(src/mppt_package) by extension 'ignore'
[1.512s] Level 1:colcon.colcon_core.package_identification:_identify(src/mppt_package) by extension 'ignore_ament_install'
[1.513s] Level 1:colcon.colcon_core.package_identification:_identify(src/mppt_package) by extensions ['colcon_pkg']
[1.513s] Level 1:colcon.colcon_core.package_identification:_identify(src/mppt_package) by extension 'colcon_pkg'
[1.513s] Level 1:colcon.colcon_core.package_identification:_identify(src/mppt_package) by extensions ['colcon_meta']
[1.513s] Level 1:colcon.colcon_core.package_identification:_identify(src/mppt_package) by extension 'colcon_meta'
[1.513s] Level 1:colcon.colcon_core.package_identification:_identify(src/mppt_package) by extensions ['ros']
[1.513s] Level 1:colcon.colcon_core.package_identification:_identify(src/mppt_package) by extension 'ros'
[1.515s] DEBUG:colcon.colcon_core.package_identification:Package 'src/mppt_package' with type 'ros.ament_python' and name 'mppt_package'
[1.516s] Level 1:colcon.colcon_core.package_identification:_identify(src/rf_package) by extensions ['ignore', 'ignore_ament_install']
[1.516s] Level 1:colcon.colcon_core.package_identification:_identify(src/rf_package) by extension 'ignore'
[1.516s] Level 1:colcon.colcon_core.package_identification:_identify(src/rf_package) by extension 'ignore_ament_install'
[1.517s] Level 1:colcon.colcon_core.package_identification:_identify(src/rf_package) by extensions ['colcon_pkg']
[1.517s] Level 1:colcon.colcon_core.package_identification:_identify(src/rf_package) by extension 'colcon_pkg'
[1.517s] Level 1:colcon.colcon_core.package_identification:_identify(src/rf_package) by extensions ['colcon_meta']
[1.517s] Level 1:colcon.colcon_core.package_identification:_identify(src/rf_package) by extension 'colcon_meta'
[1.517s] Level 1:colcon.colcon_core.package_identification:_identify(src/rf_package) by extensions ['ros']
[1.517s] Level 1:colcon.colcon_core.package_identification:_identify(src/rf_package) by extension 'ros'
[1.519s] DEBUG:colcon.colcon_core.package_identification:Package 'src/rf_package' with type 'ros.ament_python' and name 'rf_package'
[1.520s] Level 1:colcon.colcon_core.package_identification:_identify(src/test_package) by extensions ['ignore', 'ignore_ament_install']
[1.520s] Level 1:colcon.colcon_core.package_identification:_identify(src/test_package) by extension 'ignore'
[1.520s] Level 1:colcon.colcon_core.package_identification:_identify(src/test_package) by extension 'ignore_ament_install'
[1.521s] Level 1:colcon.colcon_core.package_identification:_identify(src/test_package) by extensions ['colcon_pkg']
[1.521s] Level 1:colcon.colcon_core.package_identification:_identify(src/test_package) by extension 'colcon_pkg'
[1.521s] Level 1:colcon.colcon_core.package_identification:_identify(src/test_package) by extensions ['colcon_meta']
[1.521s] Level 1:colcon.colcon_core.package_identification:_identify(src/test_package) by extension 'colcon_meta'
[1.521s] Level 1:colcon.colcon_core.package_identification:_identify(src/test_package) by extensions ['ros']
[1.521s] Level 1:colcon.colcon_core.package_identification:_identify(src/test_package) by extension 'ros'
[1.523s] DEBUG:colcon.colcon_core.package_identification:Package 'src/test_package' with type 'ros.ament_python' and name 'test_package'
[1.523s] Level 1:colcon.colcon_core.package_discovery:discover_packages(recursive) using defaults
[1.524s] Level 1:colcon.colcon_core.package_discovery:discover_packages(ignore) discover
[1.524s] Level 1:colcon.colcon_core.package_discovery:discover_packages(ignore) using defaults
[1.524s] Level 1:colcon.colcon_core.package_discovery:discover_packages(path) discover
[1.524s] Level 1:colcon.colcon_core.package_discovery:discover_packages(path) using defaults
[1.617s] INFO:colcon.colcon_core.package_selection:Skipping not selected package 'battery_package' in 'src/battery_package'
[1.617s] INFO:colcon.colcon_core.package_selection:Skipping not selected package 'control_package' in 'src/control_package'
[1.617s] INFO:colcon.colcon_core.package_selection:Skipping not selected package 'display_package' in 'src/display_package'
[1.617s] INFO:colcon.colcon_core.package_selection:Skipping not selected package 'gps_package' in 'src/gps_package'
[1.618s] INFO:colcon.colcon_core.package_selection:Skipping not selected package 'imu_package' in 'src/imu_package'
[1.618s] INFO:colcon.colcon_core.package_selection:Skipping not selected package 'logging_package' in 'src/logging_package'
[1.618s] INFO:colcon.colcon_core.package_selection:Skipping not selected package 'main_package' in 'src/main_package'
[1.618s] INFO:colcon.colcon_core.package_selection:Skipping not selected package 'mc_package' in 'src/mc_package'
[1.618s] INFO:colcon.colcon_core.package_selection:Skipping not selected package 'mppt_package' in 'src/mppt_package'
[1.618s] INFO:colcon.colcon_core.package_selection:Skipping not selected package 'rf_package' in 'src/rf_package'
[1.618s] INFO:colcon.colcon_core.package_selection:Skipping not selected package 'test_package' in 'src/test_package'
[1.621s] Level 1:colcon.colcon_core.package_discovery:discover_packages(prefix_path) check parameters
[1.622s] Level 1:colcon.colcon_core.package_discovery:discover_packages(prefix_path) discover
[1.636s] DEBUG:colcon.colcon_installed_package_information.package_discovery:Found 281 installed packages in /opt/ros/iron
[1.642s] Level 1:colcon.colcon_core.package_discovery:discover_packages(prefix_path) using defaults
[1.853s] Level 5:colcon.colcon_core.verb:set package 'can_package' build argument 'cmake_args' from command line to 'None'
[1.854s] Level 5:colcon.colcon_core.verb:set package 'can_package' build argument 'cmake_target' from command line to 'None'
[1.854s] Level 5:colcon.colcon_core.verb:set package 'can_package' build argument 'cmake_target_skip_unavailable' from command line to 'False'
[1.854s] Level 5:colcon.colcon_core.verb:set package 'can_package' build argument 'cmake_clean_cache' from command line to 'False'
[1.854s] Level 5:colcon.colcon_core.verb:set package 'can_package' build argument 'cmake_clean_first' from command line to 'False'
[1.854s] Level 5:colcon.colcon_core.verb:set package 'can_package' build argument 'cmake_force_configure' from command line to 'False'
[1.854s] Level 5:colcon.colcon_core.verb:set package 'can_package' build argument 'ament_cmake_args' from command line to 'None'
[1.854s] Level 5:colcon.colcon_core.verb:set package 'can_package' build argument 'catkin_cmake_args' from command line to 'None'
[1.854s] Level 5:colcon.colcon_core.verb:set package 'can_package' build argument 'catkin_skip_building_tests' from command line to 'False'
[1.855s] DEBUG:colcon.colcon_core.verb:Building package 'can_package' with the following arguments: {'ament_cmake_args': None, 'build_base': '/home/ubuntu/Agnirath_LVS_Strategy/aarush_ros/build/can_package', 'catkin_cmake_args': None, 'catkin_skip_building_tests': False, 'cmake_args': None, 'cmake_clean_cache': False, 'cmake_clean_first': False, 'cmake_force_configure': False, 'cmake_target': None, 'cmake_target_skip_unavailable': False, 'install_base': '/home/ubuntu/Agnirath_LVS_Strategy/aarush_ros/install/can_package', 'merge_install': False, 'path': '/home/ubuntu/Agnirath_LVS_Strategy/aarush_ros/src/can_package', 'symlink_install': False, 'test_result_base': None}
[1.858s] INFO:colcon.colcon_core.executor:Executing jobs using 'parallel' executor
[1.871s] DEBUG:colcon.colcon_parallel_executor.executor.parallel:run_until_complete
[1.872s] INFO:colcon.colcon_ros.task.ament_python.build:Building ROS package in '/home/ubuntu/Agnirath_LVS_Strategy/aarush_ros/src/can_package' with build type 'ament_python'
[1.873s] Level 1:colcon.colcon_core.shell:create_environment_hook('can_package', 'ament_prefix_path')
[1.891s] INFO:colcon.colcon_core.plugin_system:Skipping extension 'colcon_core.shell.bat': Not used on non-Windows systems
[1.892s] INFO:colcon.colcon_core.shell:Creating environment hook '/home/ubuntu/Agnirath_LVS_Strategy/aarush_ros/install/can_package/share/can_package/hook/ament_prefix_path.ps1'
[1.894s] INFO:colcon.colcon_core.shell:Creating environment descriptor '/home/ubuntu/Agnirath_LVS_Strategy/aarush_ros/install/can_package/share/can_package/hook/ament_prefix_path.dsv'
[1.896s] INFO:colcon.colcon_core.shell:Creating environment hook '/home/ubuntu/Agnirath_LVS_Strategy/aarush_ros/install/can_package/share/can_package/hook/ament_prefix_path.sh'
[1.904s] INFO:colcon.colcon_core.shell:Skip shell extension 'powershell' for command environment: Not usable outside of PowerShell
[1.904s] DEBUG:colcon.colcon_core.shell:Skip shell extension 'dsv' for command environment
[2.858s] INFO:colcon.colcon_core.task.python.build:Building Python package in '/home/ubuntu/Agnirath_LVS_Strategy/aarush_ros/src/can_package'
[2.863s] INFO:colcon.colcon_core.shell:Skip shell extension 'powershell' for command environment: Not usable outside of PowerShell
[2.864s] DEBUG:colcon.colcon_core.shell:Skip shell extension 'dsv' for command environment
[4.146s] DEBUG:colcon.colcon_core.event_handler.log_command:Invoking command in '/home/ubuntu/Agnirath_LVS_Strategy/aarush_ros/src/can_package': PYTHONPATH=/home/ubuntu/Agnirath_LVS_Strategy/aarush_ros/build/can_package/prefix_override:/home/ubuntu/Agnirath_LVS_Strategy/aarush_ros/install/can_package/lib/python3.10/site-packages:${PYTHONPATH} /usr/bin/python3 setup.py egg_info --egg-base ../../build/can_package build --build-base /home/ubuntu/Agnirath_LVS_Strategy/aarush_ros/build/can_package/build install --record /home/ubuntu/Agnirath_LVS_Strategy/aarush_ros/build/can_package/install.log --single-version-externally-managed
[5.207s] DEBUG:colcon.colcon_core.event_handler.log_command:Invoked command in '/home/ubuntu/Agnirath_LVS_Strategy/aarush_ros/src/can_package' returned '0': PYTHONPATH=/home/ubuntu/Agnirath_LVS_Strategy/aarush_ros/build/can_package/prefix_override:/home/ubuntu/Agnirath_LVS_Strategy/aarush_ros/install/can_package/lib/python3.10/site-packages:${PYTHONPATH} /usr/bin/python3 setup.py egg_info --egg-base ../../build/can_package build --build-base /home/ubuntu/Agnirath_LVS_Strategy/aarush_ros/build/can_package/build install --record /home/ubuntu/Agnirath_LVS_Strategy/aarush_ros/build/can_package/install.log --single-version-externally-managed
[5.223s] Level 1:colcon.colcon_core.environment:checking '/home/ubuntu/Agnirath_LVS_Strategy/aarush_ros/install/can_package' for CMake module files
[5.225s] Level 1:colcon.colcon_core.environment:checking '/home/ubuntu/Agnirath_LVS_Strategy/aarush_ros/install/can_package' for CMake config files
[5.227s] Level 1:colcon.colcon_core.environment:checking '/home/ubuntu/Agnirath_LVS_Strategy/aarush_ros/install/can_package/lib'
[5.228s] Level 1:colcon.colcon_core.environment:checking '/home/ubuntu/Agnirath_LVS_Strategy/aarush_ros/install/can_package/bin'
[5.228s] Level 1:colcon.colcon_core.environment:checking '/home/ubuntu/Agnirath_LVS_Strategy/aarush_ros/install/can_package/lib/pkgconfig/can_package.pc'
[5.229s] Level 1:colcon.colcon_core.environment:checking '/home/ubuntu/Agnirath_LVS_Strategy/aarush_ros/install/can_package/lib/python3.10/site-packages'
[5.229s] Level 1:colcon.colcon_core.shell:create_environment_hook('can_package', 'pythonpath')
[5.234s] INFO:colcon.colcon_core.shell:Creating environment hook '/home/ubuntu/Agnirath_LVS_Strategy/aarush_ros/install/can_package/share/can_package/hook/pythonpath.ps1'
[5.236s] INFO:colcon.colcon_core.shell:Creating environment descriptor '/home/ubuntu/Agnirath_LVS_Strategy/aarush_ros/install/can_package/share/can_package/hook/pythonpath.dsv'
[5.237s] INFO:colcon.colcon_core.shell:Creating environment hook '/home/ubuntu/Agnirath_LVS_Strategy/aarush_ros/install/can_package/share/can_package/hook/pythonpath.sh'
[5.240s] Level 1:colcon.colcon_core.environment:checking '/home/ubuntu/Agnirath_LVS_Strategy/aarush_ros/install/can_package/bin'
[5.240s] Level 1:colcon.colcon_core.environment:create_environment_scripts_only(can_package)
[5.246s] INFO:colcon.colcon_core.shell:Creating package script '/home/ubuntu/Agnirath_LVS_Strategy/aarush_ros/install/can_package/share/can_package/package.ps1'
[5.249s] INFO:colcon.colcon_core.shell:Creating package descriptor '/home/ubuntu/Agnirath_LVS_Strategy/aarush_ros/install/can_package/share/can_package/package.dsv'
[5.252s] INFO:colcon.colcon_core.shell:Creating package script '/home/ubuntu/Agnirath_LVS_Strategy/aarush_ros/install/can_package/share/can_package/package.sh'
[5.255s] INFO:colcon.colcon_core.shell:Creating package script '/home/ubuntu/Agnirath_LVS_Strategy/aarush_ros/install/can_package/share/can_package/package.bash'
[5.258s] INFO:colcon.colcon_core.shell:Creating package script '/home/ubuntu/Agnirath_LVS_Strategy/aarush_ros/install/can_package/share/can_package/package.zsh'
[5.260s] Level 1:colcon.colcon_core.environment:create_file_with_runtime_dependencies(/home/ubuntu/Agnirath_LVS_Strategy/aarush_ros/install/can_package/share/colcon-core/packages/can_package)
[5.262s] DEBUG:colcon.colcon_parallel_executor.executor.parallel:closing loop
[5.263s] DEBUG:colcon.colcon_parallel_executor.executor.parallel:loop closed
[5.263s] DEBUG:colcon.colcon_parallel_executor.executor.parallel:run_until_complete finished with '0'
[5.264s] DEBUG:colcon.colcon_core.event_reactor:joining thread
[5.282s] INFO:colcon.colcon_core.plugin_system:Skipping extension 'colcon_notification.desktop_notification.terminal_notifier': Not used on non-Darwin systems
[5.282s] INFO:colcon.colcon_core.plugin_system:Skipping extension 'colcon_notification.desktop_notification.win32': Not used on non-Windows systems
[5.282s] INFO:colcon.colcon_notification.desktop_notification:Sending desktop notification using 'notify2'
[5.285s] DEBUG:colcon.colcon_notification.desktop_notification.notify2:Failed to initialize notify2: org.freedesktop.DBus.Error.ServiceUnknown: The name org.freedesktop.Notifications was not provided by any .service files
[5.285s] DEBUG:colcon.colcon_core.event_reactor:joined thread
[5.291s] INFO:colcon.colcon_core.shell:Creating prefix script '/home/ubuntu/Agnirath_LVS_Strategy/aarush_ros/install/local_setup.ps1'
[5.295s] INFO:colcon.colcon_core.shell:Creating prefix util module '/home/ubuntu/Agnirath_LVS_Strategy/aarush_ros/install/_local_setup_util_ps1.py'
[5.301s] INFO:colcon.colcon_core.shell:Creating prefix chain script '/home/ubuntu/Agnirath_LVS_Strategy/aarush_ros/install/setup.ps1'
[5.306s] INFO:colcon.colcon_core.shell:Creating prefix script '/home/ubuntu/Agnirath_LVS_Strategy/aarush_ros/install/local_setup.sh'
[5.309s] INFO:colcon.colcon_core.shell:Creating prefix util module '/home/ubuntu/Agnirath_LVS_Strategy/aarush_ros/install/_local_setup_util_sh.py'
[5.311s] INFO:colcon.colcon_core.shell:Creating prefix chain script '/home/ubuntu/Agnirath_LVS_Strategy/aarush_ros/install/setup.sh'
[5.316s] INFO:colcon.colcon_core.shell:Creating prefix script '/home/ubuntu/Agnirath_LVS_Strategy/aarush_ros/install/local_setup.bash'
[5.319s] INFO:colcon.colcon_core.shell:Creating prefix chain script '/home/ubuntu/Agnirath_LVS_Strategy/aarush_ros/install/setup.bash'
[5.324s] INFO:colcon.colcon_core.shell:Creating prefix script '/home/ubuntu/Agnirath_LVS_Strategy/aarush_ros/install/local_setup.zsh'
[5.326s] INFO:colcon.colcon_core.shell:Creating prefix chain script '/home/ubuntu/Agnirath_LVS_Strategy/aarush_ros/install/setup.zsh'
