[2.421s] Invoking command in '/home/ubuntu/Old_LV/aarush_ros/src/main_package': PYTHONPATH=/home/ubuntu/Old_LV/aarush_ros/build/main_package/prefix_override:/home/ubuntu/Old_LV/aarush_ros/install/main_package/lib/python3.10/site-packages:${PYTHONPATH} /usr/bin/python3 setup.py egg_info --egg-base ../../build/main_package build --build-base /home/ubuntu/Old_LV/aarush_ros/build/main_package/build install --record /home/ubuntu/Old_LV/aarush_ros/build/main_package/install.log --single-version-externally-managed
[3.393s] running egg_info
[3.398s] writing ../../build/main_package/main_package.egg-info/PKG-INFO
[3.399s] writing dependency_links to ../../build/main_package/main_package.egg-info/dependency_links.txt
[3.402s] writing entry points to ../../build/main_package/main_package.egg-info/entry_points.txt
[3.404s] writing requirements to ../../build/main_package/main_package.egg-info/requires.txt
[3.411s] writing top-level names to ../../build/main_package/main_package.egg-info/top_level.txt
[3.419s] reading manifest file '../../build/main_package/main_package.egg-info/SOURCES.txt'
[3.424s] adding license file 'LICENSE'
[3.426s] writing manifest file '../../build/main_package/main_package.egg-info/SOURCES.txt'
[3.428s] running build
[3.430s] running build_py
[3.433s] copying main_package/main_node_1.py -> /home/ubuntu/Old_LV/aarush_ros/build/main_package/build/lib/main_package
[3.437s] running install
[3.439s] /usr/lib/python3/dist-packages/setuptools/command/install.py:34: SetuptoolsDeprecationWarning: setup.py install is deprecated. Use build and pip and other standards-based tools.
[3.441s]   warnings.warn(
[3.443s] running install_lib
[3.450s] copying /home/ubuntu/Old_LV/aarush_ros/build/main_package/build/lib/main_package/main_node_1.py -> /home/ubuntu/Old_LV/aarush_ros/install/main_package/lib/python3.10/site-packages/main_package
[3.452s] byte-compiling /home/ubuntu/Old_LV/aarush_ros/install/main_package/lib/python3.10/site-packages/main_package/main_node_1.py to main_node_1.cpython-310.pyc
[3.462s] running install_data
[3.464s] running install_egg_info
[3.466s] removing '/home/ubuntu/Old_LV/aarush_ros/install/main_package/lib/python3.10/site-packages/main_package-0.0.0-py3.10.egg-info' (and everything under it)
[3.470s] Copying ../../build/main_package/main_package.egg-info to /home/ubuntu/Old_LV/aarush_ros/install/main_package/lib/python3.10/site-packages/main_package-0.0.0-py3.10.egg-info
[3.472s] running install_scripts
[3.532s] Installing main_node script to /home/ubuntu/Old_LV/aarush_ros/install/main_package/lib/main_package
[3.544s] writing list of installed files to '/home/ubuntu/Old_LV/aarush_ros/build/main_package/install.log'
[3.661s] Invoked command in '/home/ubuntu/Old_LV/aarush_ros/src/main_package' returned '0': PYTHONPATH=/home/ubuntu/Old_LV/aarush_ros/build/main_package/prefix_override:/home/ubuntu/Old_LV/aarush_ros/install/main_package/lib/python3.10/site-packages:${PYTHONPATH} /usr/bin/python3 setup.py egg_info --egg-base ../../build/main_package build --build-base /home/ubuntu/Old_LV/aarush_ros/build/main_package/build install --record /home/ubuntu/Old_LV/aarush_ros/build/main_package/install.log --single-version-externally-managed
