[3.799s] Invoking command in '/home/jaay/Agnirath/Agnirath_LVS_Strategy/aarush_ros/src/imu_package': PYTHONPATH=/home/jaay/Agnirath/Agnirath_LVS_Strategy/aarush_ros/build/imu_package/prefix_override:/home/jaay/Agnirath/Agnirath_LVS_Strategy/aarush_ros/install/imu_package/lib/python3.10/site-packages:${PYTHONPATH} /usr/bin/python3 setup.py egg_info --egg-base ../../build/imu_package build --build-base /home/jaay/Agnirath/Agnirath_LVS_Strategy/aarush_ros/build/imu_package/build install --record /home/jaay/Agnirath/Agnirath_LVS_Strategy/aarush_ros/build/imu_package/install.log --single-version-externally-managed
[4.138s] running egg_info
[4.139s] writing ../../build/imu_package/imu_package.egg-info/PKG-INFO
[4.139s] writing dependency_links to ../../build/imu_package/imu_package.egg-info/dependency_links.txt
[4.140s] writing entry points to ../../build/imu_package/imu_package.egg-info/entry_points.txt
[4.140s] writing requirements to ../../build/imu_package/imu_package.egg-info/requires.txt
[4.140s] writing top-level names to ../../build/imu_package/imu_package.egg-info/top_level.txt
[4.147s] reading manifest file '../../build/imu_package/imu_package.egg-info/SOURCES.txt'
[4.147s] adding license file 'LICENSE'
[4.148s] writing manifest file '../../build/imu_package/imu_package.egg-info/SOURCES.txt'
[4.148s] running build
[4.148s] running build_py
[4.149s] running install
[4.149s] /usr/lib/python3/dist-packages/setuptools/command/install.py:34: SetuptoolsDeprecationWarning: setup.py install is deprecated. Use build and pip and other standards-based tools.
[4.149s]   warnings.warn(
[4.149s] running install_lib
[4.151s] running install_data
[4.152s] running install_egg_info
[4.160s] removing '/home/jaay/Agnirath/Agnirath_LVS_Strategy/aarush_ros/install/imu_package/lib/python3.10/site-packages/imu_package-0.0.0-py3.10.egg-info' (and everything under it)
[4.160s] Copying ../../build/imu_package/imu_package.egg-info to /home/jaay/Agnirath/Agnirath_LVS_Strategy/aarush_ros/install/imu_package/lib/python3.10/site-packages/imu_package-0.0.0-py3.10.egg-info
[4.160s] running install_scripts
[4.188s] Installing imu_node script to /home/jaay/Agnirath/Agnirath_LVS_Strategy/aarush_ros/install/imu_package/lib/imu_package
[4.188s] writing list of installed files to '/home/jaay/Agnirath/Agnirath_LVS_Strategy/aarush_ros/build/imu_package/install.log'
[4.228s] Invoked command in '/home/jaay/Agnirath/Agnirath_LVS_Strategy/aarush_ros/src/imu_package' returned '0': PYTHONPATH=/home/jaay/Agnirath/Agnirath_LVS_Strategy/aarush_ros/build/imu_package/prefix_override:/home/jaay/Agnirath/Agnirath_LVS_Strategy/aarush_ros/install/imu_package/lib/python3.10/site-packages:${PYTHONPATH} /usr/bin/python3 setup.py egg_info --egg-base ../../build/imu_package build --build-base /home/jaay/Agnirath/Agnirath_LVS_Strategy/aarush_ros/build/imu_package/build install --record /home/jaay/Agnirath/Agnirath_LVS_Strategy/aarush_ros/build/imu_package/install.log --single-version-externally-managed
