[2.625s] Invoking command in '/home/ubuntu/Agnirath_LVS_Strategy/aarush_ros/src/main_package': PYTHONPATH=/home/ubuntu/Agnirath_LVS_Strategy/aarush_ros/build/main_package/prefix_override:/home/ubuntu/Agnirath_LVS_Strategy/aarush_ros/install/main_package/lib/python3.10/site-packages:${PYTHONPATH} /usr/bin/python3 setup.py egg_info --egg-base ../../build/main_package build --build-base /home/ubuntu/Agnirath_LVS_Strategy/aarush_ros/build/main_package/build install --record /home/ubuntu/Agnirath_LVS_Strategy/aarush_ros/build/main_package/install.log --single-version-externally-managed
[3.683s] running egg_info
[3.686s] writing ../../build/main_package/main_package.egg-info/PKG-INFO
[3.688s] writing dependency_links to ../../build/main_package/main_package.egg-info/dependency_links.txt
[3.689s] writing entry points to ../../build/main_package/main_package.egg-info/entry_points.txt
[3.690s] writing requirements to ../../build/main_package/main_package.egg-info/requires.txt
[3.690s] writing top-level names to ../../build/main_package/main_package.egg-info/top_level.txt
[3.699s] reading manifest file '../../build/main_package/main_package.egg-info/SOURCES.txt'
[3.700s] adding license file 'LICENSE'
[3.703s] writing manifest file '../../build/main_package/main_package.egg-info/SOURCES.txt'
[3.704s] running build
[3.704s] running build_py
[3.705s] running install
[3.706s] /usr/lib/python3/dist-packages/setuptools/command/install.py:34: SetuptoolsDeprecationWarning: setup.py install is deprecated. Use build and pip and other standards-based tools.
[3.706s]   warnings.warn(
[3.707s] running install_lib
[3.713s] running install_data
[3.715s] running install_egg_info
[3.722s] removing '/home/ubuntu/Agnirath_LVS_Strategy/aarush_ros/install/main_package/lib/python3.10/site-packages/main_package-0.0.0-py3.10.egg-info' (and everything under it)
[3.723s] Copying ../../build/main_package/main_package.egg-info to /home/ubuntu/Agnirath_LVS_Strategy/aarush_ros/install/main_package/lib/python3.10/site-packages/main_package-0.0.0-py3.10.egg-info
[3.728s] running install_scripts
[3.810s] Installing main_node script to /home/ubuntu/Agnirath_LVS_Strategy/aarush_ros/install/main_package/lib/main_package
[3.812s] writing list of installed files to '/home/ubuntu/Agnirath_LVS_Strategy/aarush_ros/build/main_package/install.log'
[4.123s] Invoked command in '/home/ubuntu/Agnirath_LVS_Strategy/aarush_ros/src/main_package' returned '0': PYTHONPATH=/home/ubuntu/Agnirath_LVS_Strategy/aarush_ros/build/main_package/prefix_override:/home/ubuntu/Agnirath_LVS_Strategy/aarush_ros/install/main_package/lib/python3.10/site-packages:${PYTHONPATH} /usr/bin/python3 setup.py egg_info --egg-base ../../build/main_package build --build-base /home/ubuntu/Agnirath_LVS_Strategy/aarush_ros/build/main_package/build install --record /home/ubuntu/Agnirath_LVS_Strategy/aarush_ros/build/main_package/install.log --single-version-externally-managed
