[3.195s] Invoking command in '/home/ubuntu/Old_LV/aarush_ros/src/mc_package': PYTHONPATH=/home/ubuntu/Old_LV/aarush_ros/build/mc_package/prefix_override:/home/ubuntu/Old_LV/aarush_ros/install/mc_package/lib/python3.10/site-packages:${PYTHONPATH} /usr/bin/python3 setup.py egg_info --egg-base ../../build/mc_package build --build-base /home/ubuntu/Old_LV/aarush_ros/build/mc_package/build install --record /home/ubuntu/Old_LV/aarush_ros/build/mc_package/install.log --single-version-externally-managed
[4.422s] running egg_info
[4.427s] writing ../../build/mc_package/mc_package.egg-info/PKG-INFO
[4.429s] writing dependency_links to ../../build/mc_package/mc_package.egg-info/dependency_links.txt
[4.431s] writing entry points to ../../build/mc_package/mc_package.egg-info/entry_points.txt
[4.433s] writing requirements to ../../build/mc_package/mc_package.egg-info/requires.txt
[4.435s] writing top-level names to ../../build/mc_package/mc_package.egg-info/top_level.txt
[4.446s] reading manifest file '../../build/mc_package/mc_package.egg-info/SOURCES.txt'
[4.448s] adding license file 'LICENSE'
[4.452s] writing manifest file '../../build/mc_package/mc_package.egg-info/SOURCES.txt'
[4.453s] running build
[4.454s] running build_py
[4.456s] running install
[4.457s] /usr/lib/python3/dist-packages/setuptools/command/install.py:34: SetuptoolsDeprecationWarning: setup.py install is deprecated. Use build and pip and other standards-based tools.
[4.457s]   warnings.warn(
[4.460s] running install_lib
[4.467s] byte-compiling /home/ubuntu/Old_LV/aarush_ros/install/mc_package/lib/python3.10/site-packages/mc_package/mc_node_bkup.py to mc_node_bkup.cpython-310.pyc
[4.473s] running install_data
[4.479s] running install_egg_info
[4.491s] removing '/home/ubuntu/Old_LV/aarush_ros/install/mc_package/lib/python3.10/site-packages/mc_package-0.0.0-py3.10.egg-info' (and everything under it)
[4.496s] Copying ../../build/mc_package/mc_package.egg-info to /home/ubuntu/Old_LV/aarush_ros/install/mc_package/lib/python3.10/site-packages/mc_package-0.0.0-py3.10.egg-info
[4.497s] running install_scripts
[4.600s] Installing mc_node script to /home/ubuntu/Old_LV/aarush_ros/install/mc_package/lib/mc_package
[4.603s] writing list of installed files to '/home/ubuntu/Old_LV/aarush_ros/build/mc_package/install.log'
[4.744s] Invoked command in '/home/ubuntu/Old_LV/aarush_ros/src/mc_package' returned '0': PYTHONPATH=/home/ubuntu/Old_LV/aarush_ros/build/mc_package/prefix_override:/home/ubuntu/Old_LV/aarush_ros/install/mc_package/lib/python3.10/site-packages:${PYTHONPATH} /usr/bin/python3 setup.py egg_info --egg-base ../../build/mc_package build --build-base /home/ubuntu/Old_LV/aarush_ros/build/mc_package/build install --record /home/ubuntu/Old_LV/aarush_ros/build/mc_package/install.log --single-version-externally-managed
