[3.374s] Invoking command in '/home/ubuntu/Agnirath_LVS_Strategy/aarush_ros/src/display_package': PYTHONPATH=/home/ubuntu/Agnirath_LVS_Strategy/aarush_ros/build/display_package/prefix_override:/home/ubuntu/Agnirath_LVS_Strategy/aarush_ros/install/display_package/lib/python3.10/site-packages:${PYTHONPATH} /usr/bin/python3 setup.py egg_info --egg-base ../../build/display_package build --build-base /home/ubuntu/Agnirath_LVS_Strategy/aarush_ros/build/display_package/build install --record /home/ubuntu/Agnirath_LVS_Strategy/aarush_ros/build/display_package/install.log --single-version-externally-managed
[4.415s] running egg_info
[4.420s] writing ../../build/display_package/display_package.egg-info/PKG-INFO
[4.425s] writing dependency_links to ../../build/display_package/display_package.egg-info/dependency_links.txt
[4.427s] writing entry points to ../../build/display_package/display_package.egg-info/entry_points.txt
[4.428s] writing requirements to ../../build/display_package/display_package.egg-info/requires.txt
[4.430s] writing top-level names to ../../build/display_package/display_package.egg-info/top_level.txt
[4.446s] reading manifest file '../../build/display_package/display_package.egg-info/SOURCES.txt'
[4.448s] adding license file 'LICENSE'
[4.453s] writing manifest file '../../build/display_package/display_package.egg-info/SOURCES.txt'
[4.455s] running build
[4.455s] running build_py
[4.459s] running install
[4.461s] /usr/lib/python3/dist-packages/setuptools/command/install.py:34: SetuptoolsDeprecationWarning: setup.py install is deprecated. Use build and pip and other standards-based tools.
[4.461s]   warnings.warn(
[4.464s] running install_lib
[4.470s] running install_data
[4.474s] running install_egg_info
[4.481s] removing '/home/ubuntu/Agnirath_LVS_Strategy/aarush_ros/install/display_package/lib/python3.10/site-packages/display_package-0.0.0-py3.10.egg-info' (and everything under it)
[4.483s] Copying ../../build/display_package/display_package.egg-info to /home/ubuntu/Agnirath_LVS_Strategy/aarush_ros/install/display_package/lib/python3.10/site-packages/display_package-0.0.0-py3.10.egg-info
[4.488s] running install_scripts
[4.585s] Installing display_node script to /home/ubuntu/Agnirath_LVS_Strategy/aarush_ros/install/display_package/lib/display_package
[4.588s] writing list of installed files to '/home/ubuntu/Agnirath_LVS_Strategy/aarush_ros/build/display_package/install.log'
[4.791s] Invoked command in '/home/ubuntu/Agnirath_LVS_Strategy/aarush_ros/src/display_package' returned '0': PYTHONPATH=/home/ubuntu/Agnirath_LVS_Strategy/aarush_ros/build/display_package/prefix_override:/home/ubuntu/Agnirath_LVS_Strategy/aarush_ros/install/display_package/lib/python3.10/site-packages:${PYTHONPATH} /usr/bin/python3 setup.py egg_info --egg-base ../../build/display_package build --build-base /home/ubuntu/Agnirath_LVS_Strategy/aarush_ros/build/display_package/build install --record /home/ubuntu/Agnirath_LVS_Strategy/aarush_ros/build/display_package/install.log --single-version-externally-managed
