running egg_info
creating ../../build/logging_package/logging_package.egg-info
writing ../../build/logging_package/logging_package.egg-info/PKG-INFO
writing dependency_links to ../../build/logging_package/logging_package.egg-info/dependency_links.txt
writing entry points to ../../build/logging_package/logging_package.egg-info/entry_points.txt
writing requirements to ../../build/logging_package/logging_package.egg-info/requires.txt
writing top-level names to ../../build/logging_package/logging_package.egg-info/top_level.txt
writing manifest file '../../build/logging_package/logging_package.egg-info/SOURCES.txt'
reading manifest file '../../build/logging_package/logging_package.egg-info/SOURCES.txt'
adding license file 'LICENSE'
writing manifest file '../../build/logging_package/logging_package.egg-info/SOURCES.txt'
running build
running build_py
creating /home/jaay/Agnirath/Agnirath_LVS_Strategy/aarush_ros/build/logging_package/build
creating /home/jaay/Agnirath/Agnirath_LVS_Strategy/aarush_ros/build/logging_package/build/lib
creating /home/jaay/Agnirath/Agnirath_LVS_Strategy/aarush_ros/build/logging_package/build/lib/logging_package
copying logging_package/__init__.py -> /home/jaay/Agnirath/Agnirath_LVS_Strategy/aarush_ros/build/logging_package/build/lib/logging_package
copying logging_package/logging_node.py -> /home/jaay/Agnirath/Agnirath_LVS_Strategy/aarush_ros/build/logging_package/build/lib/logging_package
running install
running install_lib
creating /home/jaay/Agnirath/Agnirath_LVS_Strategy/aarush_ros/install/logging_package/lib/python3.10/site-packages/logging_package
copying /home/jaay/Agnirath/Agnirath_LVS_Strategy/aarush_ros/build/logging_package/build/lib/logging_package/__init__.py -> /home/jaay/Agnirath/Agnirath_LVS_Strategy/aarush_ros/install/logging_package/lib/python3.10/site-packages/logging_package
copying /home/jaay/Agnirath/Agnirath_LVS_Strategy/aarush_ros/build/logging_package/build/lib/logging_package/logging_node.py -> /home/jaay/Agnirath/Agnirath_LVS_Strategy/aarush_ros/install/logging_package/lib/python3.10/site-packages/logging_package
byte-compiling /home/jaay/Agnirath/Agnirath_LVS_Strategy/aarush_ros/install/logging_package/lib/python3.10/site-packages/logging_package/__init__.py to __init__.cpython-310.pyc
byte-compiling /home/jaay/Agnirath/Agnirath_LVS_Strategy/aarush_ros/install/logging_package/lib/python3.10/site-packages/logging_package/logging_node.py to logging_node.cpython-310.pyc
running install_data
creating /home/jaay/Agnirath/Agnirath_LVS_Strategy/aarush_ros/install/logging_package/share/ament_index
creating /home/jaay/Agnirath/Agnirath_LVS_Strategy/aarush_ros/install/logging_package/share/ament_index/resource_index
creating /home/jaay/Agnirath/Agnirath_LVS_Strategy/aarush_ros/install/logging_package/share/ament_index/resource_index/packages
copying resource/logging_package -> /home/jaay/Agnirath/Agnirath_LVS_Strategy/aarush_ros/install/logging_package/share/ament_index/resource_index/packages
copying package.xml -> /home/jaay/Agnirath/Agnirath_LVS_Strategy/aarush_ros/install/logging_package/share/logging_package
running install_egg_info
Copying ../../build/logging_package/logging_package.egg-info to /home/jaay/Agnirath/Agnirath_LVS_Strategy/aarush_ros/install/logging_package/lib/python3.10/site-packages/logging_package-0.0.0-py3.10.egg-info
running install_scripts
Installing logging_node script to /home/jaay/Agnirath/Agnirath_LVS_Strategy/aarush_ros/install/logging_package/lib/logging_package
writing list of installed files to '/home/jaay/Agnirath/Agnirath_LVS_Strategy/aarush_ros/build/logging_package/install.log'
