[2.744s] Invoking command in '/home/jaay/Agnirath/Agnirath_LVS_Strategy/aarush_ros/src/logging_package': PYTHONPATH=/home/jaay/Agnirath/Agnirath_LVS_Strategy/aarush_ros/build/logging_package/prefix_override:/home/jaay/Agnirath/Agnirath_LVS_Strategy/aarush_ros/install/logging_package/lib/python3.10/site-packages:${PYTHONPATH} /usr/bin/python3 setup.py egg_info --egg-base ../../build/logging_package build --build-base /home/jaay/Agnirath/Agnirath_LVS_Strategy/aarush_ros/build/logging_package/build install --record /home/jaay/Agnirath/Agnirath_LVS_Strategy/aarush_ros/build/logging_package/install.log --single-version-externally-managed
[3.019s] running egg_info
[3.019s] creating ../../build/logging_package/logging_package.egg-info
[3.020s] writing ../../build/logging_package/logging_package.egg-info/PKG-INFO
[3.020s] writing dependency_links to ../../build/logging_package/logging_package.egg-info/dependency_links.txt
[3.020s] writing entry points to ../../build/logging_package/logging_package.egg-info/entry_points.txt
[3.021s] writing requirements to ../../build/logging_package/logging_package.egg-info/requires.txt
[3.021s] writing top-level names to ../../build/logging_package/logging_package.egg-info/top_level.txt
[3.021s] writing manifest file '../../build/logging_package/logging_package.egg-info/SOURCES.txt'
[3.023s] reading manifest file '../../build/logging_package/logging_package.egg-info/SOURCES.txt'
[3.023s] adding license file 'LICENSE'
[3.024s] writing manifest file '../../build/logging_package/logging_package.egg-info/SOURCES.txt'
[3.024s] running build
[3.024s] running build_py
[3.024s] creating /home/jaay/Agnirath/Agnirath_LVS_Strategy/aarush_ros/build/logging_package/build
[3.024s] creating /home/jaay/Agnirath/Agnirath_LVS_Strategy/aarush_ros/build/logging_package/build/lib
[3.024s] creating /home/jaay/Agnirath/Agnirath_LVS_Strategy/aarush_ros/build/logging_package/build/lib/logging_package
[3.024s] copying logging_package/__init__.py -> /home/jaay/Agnirath/Agnirath_LVS_Strategy/aarush_ros/build/logging_package/build/lib/logging_package
[3.025s] copying logging_package/logging_node.py -> /home/jaay/Agnirath/Agnirath_LVS_Strategy/aarush_ros/build/logging_package/build/lib/logging_package
[3.025s] running install
[3.025s] running install_lib
[3.026s] creating /home/jaay/Agnirath/Agnirath_LVS_Strategy/aarush_ros/install/logging_package/lib/python3.10/site-packages/logging_package
[3.026s] copying /home/jaay/Agnirath/Agnirath_LVS_Strategy/aarush_ros/build/logging_package/build/lib/logging_package/__init__.py -> /home/jaay/Agnirath/Agnirath_LVS_Strategy/aarush_ros/install/logging_package/lib/python3.10/site-packages/logging_package
[3.027s] copying /home/jaay/Agnirath/Agnirath_LVS_Strategy/aarush_ros/build/logging_package/build/lib/logging_package/logging_node.py -> /home/jaay/Agnirath/Agnirath_LVS_Strategy/aarush_ros/install/logging_package/lib/python3.10/site-packages/logging_package
[3.027s] byte-compiling /home/jaay/Agnirath/Agnirath_LVS_Strategy/aarush_ros/install/logging_package/lib/python3.10/site-packages/logging_package/__init__.py to __init__.cpython-310.pyc
[3.027s] byte-compiling /home/jaay/Agnirath/Agnirath_LVS_Strategy/aarush_ros/install/logging_package/lib/python3.10/site-packages/logging_package/logging_node.py to logging_node.cpython-310.pyc
[3.027s] running install_data
[3.028s] creating /home/jaay/Agnirath/Agnirath_LVS_Strategy/aarush_ros/install/logging_package/share/ament_index
[3.029s] creating /home/jaay/Agnirath/Agnirath_LVS_Strategy/aarush_ros/install/logging_package/share/ament_index/resource_index
[3.029s] creating /home/jaay/Agnirath/Agnirath_LVS_Strategy/aarush_ros/install/logging_package/share/ament_index/resource_index/packages
[3.029s] copying resource/logging_package -> /home/jaay/Agnirath/Agnirath_LVS_Strategy/aarush_ros/install/logging_package/share/ament_index/resource_index/packages
[3.029s] copying package.xml -> /home/jaay/Agnirath/Agnirath_LVS_Strategy/aarush_ros/install/logging_package/share/logging_package
[3.029s] running install_egg_info
[3.031s] Copying ../../build/logging_package/logging_package.egg-info to /home/jaay/Agnirath/Agnirath_LVS_Strategy/aarush_ros/install/logging_package/lib/python3.10/site-packages/logging_package-0.0.0-py3.10.egg-info
[3.032s] running install_scripts
[3.054s] Installing logging_node script to /home/jaay/Agnirath/Agnirath_LVS_Strategy/aarush_ros/install/logging_package/lib/logging_package
[3.055s] writing list of installed files to '/home/jaay/Agnirath/Agnirath_LVS_Strategy/aarush_ros/build/logging_package/install.log'
[3.122s] Invoked command in '/home/jaay/Agnirath/Agnirath_LVS_Strategy/aarush_ros/src/logging_package' returned '0': PYTHONPATH=/home/jaay/Agnirath/Agnirath_LVS_Strategy/aarush_ros/build/logging_package/prefix_override:/home/jaay/Agnirath/Agnirath_LVS_Strategy/aarush_ros/install/logging_package/lib/python3.10/site-packages:${PYTHONPATH} /usr/bin/python3 setup.py egg_info --egg-base ../../build/logging_package build --build-base /home/jaay/Agnirath/Agnirath_LVS_Strategy/aarush_ros/build/logging_package/build install --record /home/jaay/Agnirath/Agnirath_LVS_Strategy/aarush_ros/build/logging_package/install.log --single-version-externally-managed
