[3.656s] Invoking command in '/home/ubuntu/Old_LV/aarush_ros/src/control_package': PYTHONPATH=/home/ubuntu/Old_LV/aarush_ros/build/control_package/prefix_override:/home/ubuntu/Old_LV/aarush_ros/install/control_package/lib/python3.10/site-packages:${PYTHONPATH} /usr/bin/python3 setup.py egg_info --egg-base ../../build/control_package build --build-base /home/ubuntu/Old_LV/aarush_ros/build/control_package/build install --record /home/ubuntu/Old_LV/aarush_ros/build/control_package/install.log --single-version-externally-managed
[4.785s] running egg_info
[4.790s] writing ../../build/control_package/control_package.egg-info/PKG-INFO
[4.793s] writing dependency_links to ../../build/control_package/control_package.egg-info/dependency_links.txt
[4.795s] writing entry points to ../../build/control_package/control_package.egg-info/entry_points.txt
[4.797s] writing requirements to ../../build/control_package/control_package.egg-info/requires.txt
[4.799s] writing top-level names to ../../build/control_package/control_package.egg-info/top_level.txt
[4.814s] reading manifest file '../../build/control_package/control_package.egg-info/SOURCES.txt'
[4.816s] adding license file 'LICENSE'
[4.822s] writing manifest file '../../build/control_package/control_package.egg-info/SOURCES.txt'
[4.824s] running build
[4.825s] running build_py
[4.828s] running install
[4.829s] /usr/lib/python3/dist-packages/setuptools/command/install.py:34: SetuptoolsDeprecationWarning: setup.py install is deprecated. Use build and pip and other standards-based tools.
[4.830s]   warnings.warn(
[4.832s] running install_lib
[4.840s] running install_data
[4.844s] running install_egg_info
[4.855s] removing '/home/ubuntu/Old_LV/aarush_ros/install/control_package/lib/python3.10/site-packages/control_package-0.0.0-py3.10.egg-info' (and everything under it)
[4.857s] Copying ../../build/control_package/control_package.egg-info to /home/ubuntu/Old_LV/aarush_ros/install/control_package/lib/python3.10/site-packages/control_package-0.0.0-py3.10.egg-info
[4.867s] running install_scripts
[4.963s] Installing control_node script to /home/ubuntu/Old_LV/aarush_ros/install/control_package/lib/control_package
[4.965s] writing list of installed files to '/home/ubuntu/Old_LV/aarush_ros/build/control_package/install.log'
[5.996s] Invoked command in '/home/ubuntu/Old_LV/aarush_ros/src/control_package' returned '0': PYTHONPATH=/home/ubuntu/Old_LV/aarush_ros/build/control_package/prefix_override:/home/ubuntu/Old_LV/aarush_ros/install/control_package/lib/python3.10/site-packages:${PYTHONPATH} /usr/bin/python3 setup.py egg_info --egg-base ../../build/control_package build --build-base /home/ubuntu/Old_LV/aarush_ros/build/control_package/build install --record /home/ubuntu/Old_LV/aarush_ros/build/control_package/install.log --single-version-externally-managed
