[3.828s] Invoking command in '/home/jaay/Agnirath/Agnirath_LVS_Strategy/aarush_ros/src/peripheral_package': PYTHONPATH=/home/jaay/Agnirath/Agnirath_LVS_Strategy/aarush_ros/build/peripheral_package/prefix_override:/home/jaay/Agnirath/Agnirath_LVS_Strategy/aarush_ros/install/peripheral_package/lib/python3.10/site-packages:${PYTHONPATH} /usr/bin/python3 setup.py egg_info --egg-base ../../build/peripheral_package build --build-base /home/jaay/Agnirath/Agnirath_LVS_Strategy/aarush_ros/build/peripheral_package/build install --record /home/jaay/Agnirath/Agnirath_LVS_Strategy/aarush_ros/build/peripheral_package/install.log --single-version-externally-managed
[4.197s] running egg_info
[4.197s] writing ../../build/peripheral_package/peripheral_package.egg-info/PKG-INFO
[4.198s] writing dependency_links to ../../build/peripheral_package/peripheral_package.egg-info/dependency_links.txt
[4.198s] writing entry points to ../../build/peripheral_package/peripheral_package.egg-info/entry_points.txt
[4.198s] writing requirements to ../../build/peripheral_package/peripheral_package.egg-info/requires.txt
[4.198s] writing top-level names to ../../build/peripheral_package/peripheral_package.egg-info/top_level.txt
[4.203s] reading manifest file '../../build/peripheral_package/peripheral_package.egg-info/SOURCES.txt'
[4.203s] adding license file 'LICENSE'
[4.203s] writing manifest file '../../build/peripheral_package/peripheral_package.egg-info/SOURCES.txt'
[4.203s] running build
[4.203s] running build_py
[4.204s] running install
[4.204s] /usr/lib/python3/dist-packages/setuptools/command/install.py:34: SetuptoolsDeprecationWarning: setup.py install is deprecated. Use build and pip and other standards-based tools.
[4.204s]   warnings.warn(
[4.204s] running install_lib
[4.204s] running install_data
[4.207s] running install_egg_info
[4.207s] removing '/home/jaay/Agnirath/Agnirath_LVS_Strategy/aarush_ros/install/peripheral_package/lib/python3.10/site-packages/peripheral_package-0.0.0-py3.10.egg-info' (and everything under it)
[4.207s] Copying ../../build/peripheral_package/peripheral_package.egg-info to /home/jaay/Agnirath/Agnirath_LVS_Strategy/aarush_ros/install/peripheral_package/lib/python3.10/site-packages/peripheral_package-0.0.0-py3.10.egg-info
[4.208s] running install_scripts
[4.230s] Installing peripheral_node script to /home/jaay/Agnirath/Agnirath_LVS_Strategy/aarush_ros/install/peripheral_package/lib/peripheral_package
[4.230s] writing list of installed files to '/home/jaay/Agnirath/Agnirath_LVS_Strategy/aarush_ros/build/peripheral_package/install.log'
[4.289s] Invoked command in '/home/jaay/Agnirath/Agnirath_LVS_Strategy/aarush_ros/src/peripheral_package' returned '0': PYTHONPATH=/home/jaay/Agnirath/Agnirath_LVS_Strategy/aarush_ros/build/peripheral_package/prefix_override:/home/jaay/Agnirath/Agnirath_LVS_Strategy/aarush_ros/install/peripheral_package/lib/python3.10/site-packages:${PYTHONPATH} /usr/bin/python3 setup.py egg_info --egg-base ../../build/peripheral_package build --build-base /home/jaay/Agnirath/Agnirath_LVS_Strategy/aarush_ros/build/peripheral_package/build install --record /home/jaay/Agnirath/Agnirath_LVS_Strategy/aarush_ros/build/peripheral_package/install.log --single-version-externally-managed
