[3.561s] Invoking command in '/home/jaay/Agnirath/Agnirath_LVS_Strategy/aarush_ros/src/main_package': PYTHONPATH=/home/jaay/Agnirath/Agnirath_LVS_Strategy/aarush_ros/build/main_package/prefix_override:/home/jaay/Agnirath/Agnirath_LVS_Strategy/aarush_ros/install/main_package/lib/python3.10/site-packages:${PYTHONPATH} /usr/bin/python3 setup.py egg_info --egg-base ../../build/main_package build --build-base /home/jaay/Agnirath/Agnirath_LVS_Strategy/aarush_ros/build/main_package/build install --record /home/jaay/Agnirath/Agnirath_LVS_Strategy/aarush_ros/build/main_package/install.log --single-version-externally-managed
[3.903s] running egg_info
[3.904s] writing ../../build/main_package/main_package.egg-info/PKG-INFO
[3.905s] writing dependency_links to ../../build/main_package/main_package.egg-info/dependency_links.txt
[3.905s] writing entry points to ../../build/main_package/main_package.egg-info/entry_points.txt
[3.906s] writing requirements to ../../build/main_package/main_package.egg-info/requires.txt
[3.906s] writing top-level names to ../../build/main_package/main_package.egg-info/top_level.txt
[3.909s] reading manifest file '../../build/main_package/main_package.egg-info/SOURCES.txt'
[3.909s] adding license file 'LICENSE'
[3.910s] writing manifest file '../../build/main_package/main_package.egg-info/SOURCES.txt'
[3.911s] running build
[3.912s] running build_py
[3.912s] running install
[3.912s] running install_lib
[3.914s] running install_data
[3.914s] running install_egg_info
[3.917s] removing '/home/jaay/Agnirath/Agnirath_LVS_Strategy/aarush_ros/install/main_package/lib/python3.10/site-packages/main_package-0.0.0-py3.10.egg-info' (and everything under it)
[3.917s] Copying ../../build/main_package/main_package.egg-info to /home/jaay/Agnirath/Agnirath_LVS_Strategy/aarush_ros/install/main_package/lib/python3.10/site-packages/main_package-0.0.0-py3.10.egg-info
[3.917s] running install_scripts
[3.942s] Installing main_node script to /home/jaay/Agnirath/Agnirath_LVS_Strategy/aarush_ros/install/main_package/lib/main_package
[3.942s] writing list of installed files to '/home/jaay/Agnirath/Agnirath_LVS_Strategy/aarush_ros/build/main_package/install.log'
[3.999s] Invoked command in '/home/jaay/Agnirath/Agnirath_LVS_Strategy/aarush_ros/src/main_package' returned '0': PYTHONPATH=/home/jaay/Agnirath/Agnirath_LVS_Strategy/aarush_ros/build/main_package/prefix_override:/home/jaay/Agnirath/Agnirath_LVS_Strategy/aarush_ros/install/main_package/lib/python3.10/site-packages:${PYTHONPATH} /usr/bin/python3 setup.py egg_info --egg-base ../../build/main_package build --build-base /home/jaay/Agnirath/Agnirath_LVS_Strategy/aarush_ros/build/main_package/build install --record /home/jaay/Agnirath/Agnirath_LVS_Strategy/aarush_ros/build/main_package/install.log --single-version-externally-managed
