[3.474s] Invoking command in '/home/ubuntu/Old_LV/aarush_ros/src/display_package': PYTHONPATH=/home/ubuntu/Old_LV/aarush_ros/build/display_package/prefix_override:/home/ubuntu/Old_LV/aarush_ros/install/display_package/lib/python3.10/site-packages:${PYTHONPATH} /usr/bin/python3 setup.py egg_info --egg-base ../../build/display_package build --build-base /home/ubuntu/Old_LV/aarush_ros/build/display_package/build install --record /home/ubuntu/Old_LV/aarush_ros/build/display_package/install.log --single-version-externally-managed
[4.528s] running egg_info
[4.531s] writing ../../build/display_package/display_package.egg-info/PKG-INFO
[4.533s] writing dependency_links to ../../build/display_package/display_package.egg-info/dependency_links.txt
[4.534s] writing entry points to ../../build/display_package/display_package.egg-info/entry_points.txt
[4.534s] writing requirements to ../../build/display_package/display_package.egg-info/requires.txt
[4.535s] writing top-level names to ../../build/display_package/display_package.egg-info/top_level.txt
[4.545s] reading manifest file '../../build/display_package/display_package.egg-info/SOURCES.txt'
[4.550s] adding license file 'LICENSE'
[4.554s] writing manifest file '../../build/display_package/display_package.egg-info/SOURCES.txt'
[4.555s] running build
[4.555s] running build_py
[4.556s] running install
[4.557s] /usr/lib/python3/dist-packages/setuptools/command/install.py:34: SetuptoolsDeprecationWarning: setup.py install is deprecated. Use build and pip and other standards-based tools.
[4.557s]   warnings.warn(
[4.558s] running install_lib
[4.562s] copying /home/ubuntu/Old_LV/aarush_ros/build/display_package/build/lib/display_package/display_node copy.py -> /home/ubuntu/Old_LV/aarush_ros/install/display_package/lib/python3.10/site-packages/display_package
[4.564s] running install_data
[4.567s] running install_egg_info
[4.573s] removing '/home/ubuntu/Old_LV/aarush_ros/install/display_package/lib/python3.10/site-packages/display_package-0.0.0-py3.10.egg-info' (and everything under it)
[4.574s] Copying ../../build/display_package/display_package.egg-info to /home/ubuntu/Old_LV/aarush_ros/install/display_package/lib/python3.10/site-packages/display_package-0.0.0-py3.10.egg-info
[4.579s] running install_scripts
[4.663s] Installing display_node script to /home/ubuntu/Old_LV/aarush_ros/install/display_package/lib/display_package
[4.665s] writing list of installed files to '/home/ubuntu/Old_LV/aarush_ros/build/display_package/install.log'
[4.813s] Invoked command in '/home/ubuntu/Old_LV/aarush_ros/src/display_package' returned '0': PYTHONPATH=/home/ubuntu/Old_LV/aarush_ros/build/display_package/prefix_override:/home/ubuntu/Old_LV/aarush_ros/install/display_package/lib/python3.10/site-packages:${PYTHONPATH} /usr/bin/python3 setup.py egg_info --egg-base ../../build/display_package build --build-base /home/ubuntu/Old_LV/aarush_ros/build/display_package/build install --record /home/ubuntu/Old_LV/aarush_ros/build/display_package/install.log --single-version-externally-managed
