[2.128s] Invoking command in '/home/ubuntu/Agnirath_LVS_Strategy/aarush_ros/src/can_package': PYTHONPATH=/home/ubuntu/Agnirath_LVS_Strategy/aarush_ros/build/can_package/prefix_override:/home/ubuntu/Agnirath_LVS_Strategy/aarush_ros/install/can_package/lib/python3.10/site-packages:${PYTHONPATH} /usr/bin/python3 setup.py egg_info --egg-base ../../build/can_package build --build-base /home/ubuntu/Agnirath_LVS_Strategy/aarush_ros/build/can_package/build install --record /home/ubuntu/Agnirath_LVS_Strategy/aarush_ros/build/can_package/install.log --single-version-externally-managed
[2.920s] running egg_info
[2.922s] writing ../../build/can_package/can_package.egg-info/PKG-INFO
[2.924s] writing dependency_links to ../../build/can_package/can_package.egg-info/dependency_links.txt
[2.925s] writing entry points to ../../build/can_package/can_package.egg-info/entry_points.txt
[2.926s] writing requirements to ../../build/can_package/can_package.egg-info/requires.txt
[2.926s] writing top-level names to ../../build/can_package/can_package.egg-info/top_level.txt
[2.933s] reading manifest file '../../build/can_package/can_package.egg-info/SOURCES.txt'
[2.934s] adding license file 'LICENSE'
[2.937s] writing manifest file '../../build/can_package/can_package.egg-info/SOURCES.txt'
[2.937s] running build
[2.938s] running build_py
[2.938s] copying can_package/can_rx_node.py -> /home/ubuntu/Agnirath_LVS_Strategy/aarush_ros/build/can_package/build/lib/can_package
[2.939s] running install
[2.940s] /usr/lib/python3/dist-packages/setuptools/command/install.py:34: SetuptoolsDeprecationWarning: setup.py install is deprecated. Use build and pip and other standards-based tools.
[2.940s]   warnings.warn(
[2.941s] running install_lib
[2.944s] copying /home/ubuntu/Agnirath_LVS_Strategy/aarush_ros/build/can_package/build/lib/can_package/can_rx_node.py -> /home/ubuntu/Agnirath_LVS_Strategy/aarush_ros/install/can_package/lib/python3.10/site-packages/can_package
[2.946s] byte-compiling /home/ubuntu/Agnirath_LVS_Strategy/aarush_ros/install/can_package/lib/python3.10/site-packages/can_package/can_rx_node.py to can_rx_node.cpython-310.pyc
[2.948s] running install_data
[2.951s] running install_egg_info
[2.956s] removing '/home/ubuntu/Agnirath_LVS_Strategy/aarush_ros/install/can_package/lib/python3.10/site-packages/can_package-0.0.0-py3.10.egg-info' (and everything under it)
[2.957s] Copying ../../build/can_package/can_package.egg-info to /home/ubuntu/Agnirath_LVS_Strategy/aarush_ros/install/can_package/lib/python3.10/site-packages/can_package-0.0.0-py3.10.egg-info
[2.960s] running install_scripts
[3.034s] Installing can_node_sim script to /home/ubuntu/Agnirath_LVS_Strategy/aarush_ros/install/can_package/lib/can_package
[3.034s] Installing can_rx_node script to /home/ubuntu/Agnirath_LVS_Strategy/aarush_ros/install/can_package/lib/can_package
[3.035s] Installing can_tx_node script to /home/ubuntu/Agnirath_LVS_Strategy/aarush_ros/install/can_package/lib/can_package
[3.036s] writing list of installed files to '/home/ubuntu/Agnirath_LVS_Strategy/aarush_ros/build/can_package/install.log'
[3.157s] Invoked command in '/home/ubuntu/Agnirath_LVS_Strategy/aarush_ros/src/can_package' returned '0': PYTHONPATH=/home/ubuntu/Agnirath_LVS_Strategy/aarush_ros/build/can_package/prefix_override:/home/ubuntu/Agnirath_LVS_Strategy/aarush_ros/install/can_package/lib/python3.10/site-packages:${PYTHONPATH} /usr/bin/python3 setup.py egg_info --egg-base ../../build/can_package build --build-base /home/ubuntu/Agnirath_LVS_Strategy/aarush_ros/build/can_package/build install --record /home/ubuntu/Agnirath_LVS_Strategy/aarush_ros/build/can_package/install.log --single-version-externally-managed
