[2.655s] Invoking command in '/home/ubuntu/Agnirath_LVS_Strategy/aarush_ros/src/imu_package': PYTHONPATH=/home/ubuntu/Agnirath_LVS_Strategy/aarush_ros/build/imu_package/prefix_override:/home/ubuntu/Agnirath_LVS_Strategy/aarush_ros/install/imu_package/lib/python3.10/site-packages:${PYTHONPATH} /usr/bin/python3 setup.py egg_info --egg-base ../../build/imu_package build --build-base /home/ubuntu/Agnirath_LVS_Strategy/aarush_ros/build/imu_package/build install --record /home/ubuntu/Agnirath_LVS_Strategy/aarush_ros/build/imu_package/install.log --single-version-externally-managed
[3.704s] running egg_info
[3.707s] writing ../../build/imu_package/imu_package.egg-info/PKG-INFO
[3.708s] writing dependency_links to ../../build/imu_package/imu_package.egg-info/dependency_links.txt
[3.709s] writing entry points to ../../build/imu_package/imu_package.egg-info/entry_points.txt
[3.709s] writing requirements to ../../build/imu_package/imu_package.egg-info/requires.txt
[3.710s] writing top-level names to ../../build/imu_package/imu_package.egg-info/top_level.txt
[3.718s] reading manifest file '../../build/imu_package/imu_package.egg-info/SOURCES.txt'
[3.719s] adding license file 'LICENSE'
[3.722s] writing manifest file '../../build/imu_package/imu_package.egg-info/SOURCES.txt'
[3.722s] running build
[3.723s] running build_py
[3.723s] running install
[3.724s] /usr/lib/python3/dist-packages/setuptools/command/install.py:34: SetuptoolsDeprecationWarning: setup.py install is deprecated. Use build and pip and other standards-based tools.
[3.724s]   warnings.warn(
[3.725s] running install_lib
[3.730s] running install_data
[3.732s] running install_egg_info
[3.738s] removing '/home/ubuntu/Agnirath_LVS_Strategy/aarush_ros/install/imu_package/lib/python3.10/site-packages/imu_package-0.0.0-py3.10.egg-info' (and everything under it)
[3.739s] Copying ../../build/imu_package/imu_package.egg-info to /home/ubuntu/Agnirath_LVS_Strategy/aarush_ros/install/imu_package/lib/python3.10/site-packages/imu_package-0.0.0-py3.10.egg-info
[3.743s] running install_scripts
[3.824s] Installing imu_node script to /home/ubuntu/Agnirath_LVS_Strategy/aarush_ros/install/imu_package/lib/imu_package
[3.826s] writing list of installed files to '/home/ubuntu/Agnirath_LVS_Strategy/aarush_ros/build/imu_package/install.log'
[4.144s] Invoked command in '/home/ubuntu/Agnirath_LVS_Strategy/aarush_ros/src/imu_package' returned '0': PYTHONPATH=/home/ubuntu/Agnirath_LVS_Strategy/aarush_ros/build/imu_package/prefix_override:/home/ubuntu/Agnirath_LVS_Strategy/aarush_ros/install/imu_package/lib/python3.10/site-packages:${PYTHONPATH} /usr/bin/python3 setup.py egg_info --egg-base ../../build/imu_package build --build-base /home/ubuntu/Agnirath_LVS_Strategy/aarush_ros/build/imu_package/build install --record /home/ubuntu/Agnirath_LVS_Strategy/aarush_ros/build/imu_package/install.log --single-version-externally-managed
