[3.318s] Invoking command in '/home/ubuntu/Agnirath_LVS_Strategy/aarush_ros/src/mppt_package': PYTHONPATH=/home/ubuntu/Agnirath_LVS_Strategy/aarush_ros/build/mppt_package/prefix_override:/home/ubuntu/Agnirath_LVS_Strategy/aarush_ros/install/mppt_package/lib/python3.10/site-packages:${PYTHONPATH} /usr/bin/python3 setup.py egg_info --egg-base ../../build/mppt_package build --build-base /home/ubuntu/Agnirath_LVS_Strategy/aarush_ros/build/mppt_package/build install --record /home/ubuntu/Agnirath_LVS_Strategy/aarush_ros/build/mppt_package/install.log --single-version-externally-managed
[4.351s] running egg_info
[4.355s] writing ../../build/mppt_package/mppt_package.egg-info/PKG-INFO
[4.356s] writing dependency_links to ../../build/mppt_package/mppt_package.egg-info/dependency_links.txt
[4.357s] writing entry points to ../../build/mppt_package/mppt_package.egg-info/entry_points.txt
[4.358s] writing requirements to ../../build/mppt_package/mppt_package.egg-info/requires.txt
[4.358s] writing top-level names to ../../build/mppt_package/mppt_package.egg-info/top_level.txt
[4.366s] reading manifest file '../../build/mppt_package/mppt_package.egg-info/SOURCES.txt'
[4.367s] adding license file 'LICENSE'
[4.371s] writing manifest file '../../build/mppt_package/mppt_package.egg-info/SOURCES.txt'
[4.371s] running build
[4.372s] running build_py
[4.373s] running install
[4.373s] /usr/lib/python3/dist-packages/setuptools/command/install.py:34: SetuptoolsDeprecationWarning: setup.py install is deprecated. Use build and pip and other standards-based tools.
[4.373s]   warnings.warn(
[4.374s] running install_lib
[4.379s] running install_data
[4.381s] running install_egg_info
[4.388s] removing '/home/ubuntu/Agnirath_LVS_Strategy/aarush_ros/install/mppt_package/lib/python3.10/site-packages/mppt_package-0.0.0-py3.10.egg-info' (and everything under it)
[4.389s] Copying ../../build/mppt_package/mppt_package.egg-info to /home/ubuntu/Agnirath_LVS_Strategy/aarush_ros/install/mppt_package/lib/python3.10/site-packages/mppt_package-0.0.0-py3.10.egg-info
[4.393s] running install_scripts
[4.479s] Installing mppt_node script to /home/ubuntu/Agnirath_LVS_Strategy/aarush_ros/install/mppt_package/lib/mppt_package
[4.480s] writing list of installed files to '/home/ubuntu/Agnirath_LVS_Strategy/aarush_ros/build/mppt_package/install.log'
[4.640s] Invoked command in '/home/ubuntu/Agnirath_LVS_Strategy/aarush_ros/src/mppt_package' returned '0': PYTHONPATH=/home/ubuntu/Agnirath_LVS_Strategy/aarush_ros/build/mppt_package/prefix_override:/home/ubuntu/Agnirath_LVS_Strategy/aarush_ros/install/mppt_package/lib/python3.10/site-packages:${PYTHONPATH} /usr/bin/python3 setup.py egg_info --egg-base ../../build/mppt_package build --build-base /home/ubuntu/Agnirath_LVS_Strategy/aarush_ros/build/mppt_package/build install --record /home/ubuntu/Agnirath_LVS_Strategy/aarush_ros/build/mppt_package/install.log --single-version-externally-managed
