[3.595s] Invoking command in '/home/jaay/Agnirath/Agnirath_LVS_Strategy/aarush_ros/src/display_package': PYTHONPATH=/home/jaay/Agnirath/Agnirath_LVS_Strategy/aarush_ros/build/display_package/prefix_override:/home/jaay/Agnirath/Agnirath_LVS_Strategy/aarush_ros/install/display_package/lib/python3.10/site-packages:${PYTHONPATH} /usr/bin/python3 setup.py egg_info --egg-base ../../build/display_package build --build-base /home/jaay/Agnirath/Agnirath_LVS_Strategy/aarush_ros/build/display_package/build install --record /home/jaay/Agnirath/Agnirath_LVS_Strategy/aarush_ros/build/display_package/install.log --single-version-externally-managed
[3.948s] running egg_info
[3.949s] writing ../../build/display_package/display_package.egg-info/PKG-INFO
[3.950s] writing dependency_links to ../../build/display_package/display_package.egg-info/dependency_links.txt
[3.950s] writing entry points to ../../build/display_package/display_package.egg-info/entry_points.txt
[3.950s] writing requirements to ../../build/display_package/display_package.egg-info/requires.txt
[3.951s] writing top-level names to ../../build/display_package/display_package.egg-info/top_level.txt
[3.955s] reading manifest file '../../build/display_package/display_package.egg-info/SOURCES.txt'
[3.955s] adding license file 'LICENSE'
[3.956s] writing manifest file '../../build/display_package/display_package.egg-info/SOURCES.txt'
[3.956s] running build
[3.956s] running build_py
[3.957s] running install
[3.957s] /usr/lib/python3/dist-packages/setuptools/command/install.py:34: SetuptoolsDeprecationWarning: setup.py install is deprecated. Use build and pip and other standards-based tools.
[3.957s]   warnings.warn(
[3.957s] running install_lib
[3.959s] running install_data
[3.960s] running install_egg_info
[3.963s] removing '/home/jaay/Agnirath/Agnirath_LVS_Strategy/aarush_ros/install/display_package/lib/python3.10/site-packages/display_package-0.0.0-py3.10.egg-info' (and everything under it)
[3.963s] Copying ../../build/display_package/display_package.egg-info to /home/jaay/Agnirath/Agnirath_LVS_Strategy/aarush_ros/install/display_package/lib/python3.10/site-packages/display_package-0.0.0-py3.10.egg-info
[3.964s] running install_scripts
[4.000s] Installing display_node script to /home/jaay/Agnirath/Agnirath_LVS_Strategy/aarush_ros/install/display_package/lib/display_package
[4.000s] writing list of installed files to '/home/jaay/Agnirath/Agnirath_LVS_Strategy/aarush_ros/build/display_package/install.log'
[4.104s] Invoked command in '/home/jaay/Agnirath/Agnirath_LVS_Strategy/aarush_ros/src/display_package' returned '0': PYTHONPATH=/home/jaay/Agnirath/Agnirath_LVS_Strategy/aarush_ros/build/display_package/prefix_override:/home/jaay/Agnirath/Agnirath_LVS_Strategy/aarush_ros/install/display_package/lib/python3.10/site-packages:${PYTHONPATH} /usr/bin/python3 setup.py egg_info --egg-base ../../build/display_package build --build-base /home/jaay/Agnirath/Agnirath_LVS_Strategy/aarush_ros/build/display_package/build install --record /home/jaay/Agnirath/Agnirath_LVS_Strategy/aarush_ros/build/display_package/install.log --single-version-externally-managed
