[3.835s] Invoking command in '/home/jaay/Agnirath/Agnirath_LVS_Strategy/aarush_ros/src/battery_package': PYTHONPATH=/home/jaay/Agnirath/Agnirath_LVS_Strategy/aarush_ros/build/battery_package/prefix_override:/home/jaay/Agnirath/Agnirath_LVS_Strategy/aarush_ros/install/battery_package/lib/python3.10/site-packages:${PYTHONPATH} /usr/bin/python3 setup.py egg_info --egg-base ../../build/battery_package build --build-base /home/jaay/Agnirath/Agnirath_LVS_Strategy/aarush_ros/build/battery_package/build install --record /home/jaay/Agnirath/Agnirath_LVS_Strategy/aarush_ros/build/battery_package/install.log --single-version-externally-managed
[4.164s] running egg_info
[4.165s] writing ../../build/battery_package/battery_package.egg-info/PKG-INFO
[4.165s] writing dependency_links to ../../build/battery_package/battery_package.egg-info/dependency_links.txt
[4.165s] writing entry points to ../../build/battery_package/battery_package.egg-info/entry_points.txt
[4.166s] writing requirements to ../../build/battery_package/battery_package.egg-info/requires.txt
[4.166s] writing top-level names to ../../build/battery_package/battery_package.egg-info/top_level.txt
[4.168s] reading manifest file '../../build/battery_package/battery_package.egg-info/SOURCES.txt'
[4.169s] adding license file 'LICENSE'
[4.170s] writing manifest file '../../build/battery_package/battery_package.egg-info/SOURCES.txt'
[4.170s] running build
[4.170s] running build_py
[4.171s] running install
[4.174s] running install_lib
[4.187s] running install_data
[4.187s] running install_egg_info
[4.188s] removing '/home/jaay/Agnirath/Agnirath_LVS_Strategy/aarush_ros/install/battery_package/lib/python3.10/site-packages/battery_package-0.0.0-py3.10.egg-info' (and everything under it)
[4.188s] Copying ../../build/battery_package/battery_package.egg-info to /home/jaay/Agnirath/Agnirath_LVS_Strategy/aarush_ros/install/battery_package/lib/python3.10/site-packages/battery_package-0.0.0-py3.10.egg-info
[4.188s] running install_scripts
[4.207s] Installing battery_node script to /home/jaay/Agnirath/Agnirath_LVS_Strategy/aarush_ros/install/battery_package/lib/battery_package
[4.207s] writing list of installed files to '/home/jaay/Agnirath/Agnirath_LVS_Strategy/aarush_ros/build/battery_package/install.log'
[4.289s] Invoked command in '/home/jaay/Agnirath/Agnirath_LVS_Strategy/aarush_ros/src/battery_package' returned '0': PYTHONPATH=/home/jaay/Agnirath/Agnirath_LVS_Strategy/aarush_ros/build/battery_package/prefix_override:/home/jaay/Agnirath/Agnirath_LVS_Strategy/aarush_ros/install/battery_package/lib/python3.10/site-packages:${PYTHONPATH} /usr/bin/python3 setup.py egg_info --egg-base ../../build/battery_package build --build-base /home/jaay/Agnirath/Agnirath_LVS_Strategy/aarush_ros/build/battery_package/build install --record /home/jaay/Agnirath/Agnirath_LVS_Strategy/aarush_ros/build/battery_package/install.log --single-version-externally-managed
