[3.435s] Invoking command in '/home/ubuntu/Old_LV/aarush_ros/src/my_package': PYTHONPATH=/home/ubuntu/Old_LV/aarush_ros/build/my_package/prefix_override:/home/ubuntu/Old_LV/aarush_ros/install/my_package/lib/python3.10/site-packages:${PYTHONPATH} /usr/bin/python3 setup.py egg_info --egg-base ../../build/my_package build --build-base /home/ubuntu/Old_LV/aarush_ros/build/my_package/build install --record /home/ubuntu/Old_LV/aarush_ros/build/my_package/install.log --single-version-externally-managed
[4.461s] running egg_info
[4.464s] writing ../../build/my_package/my_package.egg-info/PKG-INFO
[4.465s] writing dependency_links to ../../build/my_package/my_package.egg-info/dependency_links.txt
[4.466s] writing entry points to ../../build/my_package/my_package.egg-info/entry_points.txt
[4.467s] writing requirements to ../../build/my_package/my_package.egg-info/requires.txt
[4.467s] writing top-level names to ../../build/my_package/my_package.egg-info/top_level.txt
[4.476s] reading manifest file '../../build/my_package/my_package.egg-info/SOURCES.txt'
[4.477s] adding license file 'LICENSE'
[4.480s] writing manifest file '../../build/my_package/my_package.egg-info/SOURCES.txt'
[4.481s] running build
[4.481s] running build_py
[4.482s] running install
[4.482s] /usr/lib/python3/dist-packages/setuptools/command/install.py:34: SetuptoolsDeprecationWarning: setup.py install is deprecated. Use build and pip and other standards-based tools.
[4.483s]   warnings.warn(
[4.483s] running install_lib
[4.488s] running install_data
[4.490s] running install_egg_info
[4.497s] removing '/home/ubuntu/Old_LV/aarush_ros/install/my_package/lib/python3.10/site-packages/my_package-0.0.0-py3.10.egg-info' (and everything under it)
[4.498s] Copying ../../build/my_package/my_package.egg-info to /home/ubuntu/Old_LV/aarush_ros/install/my_package/lib/python3.10/site-packages/my_package-0.0.0-py3.10.egg-info
[4.502s] running install_scripts
[4.581s] Installing my_node script to /home/ubuntu/Old_LV/aarush_ros/install/my_package/lib/my_package
[4.583s] writing list of installed files to '/home/ubuntu/Old_LV/aarush_ros/build/my_package/install.log'
[4.727s] Invoked command in '/home/ubuntu/Old_LV/aarush_ros/src/my_package' returned '0': PYTHONPATH=/home/ubuntu/Old_LV/aarush_ros/build/my_package/prefix_override:/home/ubuntu/Old_LV/aarush_ros/install/my_package/lib/python3.10/site-packages:${PYTHONPATH} /usr/bin/python3 setup.py egg_info --egg-base ../../build/my_package build --build-base /home/ubuntu/Old_LV/aarush_ros/build/my_package/build install --record /home/ubuntu/Old_LV/aarush_ros/build/my_package/install.log --single-version-externally-managed
