[3.314s] Invoking command in '/home/jaay/Agnirath/Agnirath_LVS_Strategy/aarush_ros/src/gps_package': PYTHONPATH=/home/jaay/Agnirath/Agnirath_LVS_Strategy/aarush_ros/build/gps_package/prefix_override:/home/jaay/Agnirath/Agnirath_LVS_Strategy/aarush_ros/install/gps_package/lib/python3.10/site-packages:${PYTHONPATH} /usr/bin/python3 setup.py egg_info --egg-base ../../build/gps_package build --build-base /home/jaay/Agnirath/Agnirath_LVS_Strategy/aarush_ros/build/gps_package/build install --record /home/jaay/Agnirath/Agnirath_LVS_Strategy/aarush_ros/build/gps_package/install.log --single-version-externally-managed
[3.608s] running egg_info
[3.609s] writing ../../build/gps_package/gps_package.egg-info/PKG-INFO
[3.609s] writing dependency_links to ../../build/gps_package/gps_package.egg-info/dependency_links.txt
[3.610s] writing entry points to ../../build/gps_package/gps_package.egg-info/entry_points.txt
[3.610s] writing requirements to ../../build/gps_package/gps_package.egg-info/requires.txt
[3.610s] writing top-level names to ../../build/gps_package/gps_package.egg-info/top_level.txt
[3.617s] reading manifest file '../../build/gps_package/gps_package.egg-info/SOURCES.txt'
[3.617s] adding license file 'LICENSE'
[3.617s] writing manifest file '../../build/gps_package/gps_package.egg-info/SOURCES.txt'
[3.617s] running build
[3.617s] running build_py
[3.618s] running install
[3.618s] running install_lib
[3.619s] running install_data
[3.620s] running install_egg_info
[3.623s] removing '/home/jaay/Agnirath/Agnirath_LVS_Strategy/aarush_ros/install/gps_package/lib/python3.10/site-packages/gps_package-0.0.0-py3.10.egg-info' (and everything under it)
[3.623s] Copying ../../build/gps_package/gps_package.egg-info to /home/jaay/Agnirath/Agnirath_LVS_Strategy/aarush_ros/install/gps_package/lib/python3.10/site-packages/gps_package-0.0.0-py3.10.egg-info
[3.627s] running install_scripts
[3.647s] Installing gps_node script to /home/jaay/Agnirath/Agnirath_LVS_Strategy/aarush_ros/install/gps_package/lib/gps_package
[3.647s] writing list of installed files to '/home/jaay/Agnirath/Agnirath_LVS_Strategy/aarush_ros/build/gps_package/install.log'
[3.703s] Invoked command in '/home/jaay/Agnirath/Agnirath_LVS_Strategy/aarush_ros/src/gps_package' returned '0': PYTHONPATH=/home/jaay/Agnirath/Agnirath_LVS_Strategy/aarush_ros/build/gps_package/prefix_override:/home/jaay/Agnirath/Agnirath_LVS_Strategy/aarush_ros/install/gps_package/lib/python3.10/site-packages:${PYTHONPATH} /usr/bin/python3 setup.py egg_info --egg-base ../../build/gps_package build --build-base /home/jaay/Agnirath/Agnirath_LVS_Strategy/aarush_ros/build/gps_package/build install --record /home/jaay/Agnirath/Agnirath_LVS_Strategy/aarush_ros/build/gps_package/install.log --single-version-externally-managed
