[2.658s] Invoking command in '/home/ubuntu/Agnirath_LVS_Strategy/aarush_ros/src/mppt_package': PYTHONPATH=/home/ubuntu/Agnirath_LVS_Strategy/aarush_ros/build/mppt_package/prefix_override:/home/ubuntu/Agnirath_LVS_Strategy/aarush_ros/install/mppt_package/lib/python3.10/site-packages:${PYTHONPATH} /usr/bin/python3 setup.py egg_info --egg-base ../../build/mppt_package build --build-base /home/ubuntu/Agnirath_LVS_Strategy/aarush_ros/build/mppt_package/build install --record /home/ubuntu/Agnirath_LVS_Strategy/aarush_ros/build/mppt_package/install.log --single-version-externally-managed
[3.730s] running egg_info
[3.733s] writing ../../build/mppt_package/mppt_package.egg-info/PKG-INFO
[3.734s] writing dependency_links to ../../build/mppt_package/mppt_package.egg-info/dependency_links.txt
[3.735s] writing entry points to ../../build/mppt_package/mppt_package.egg-info/entry_points.txt
[3.736s] writing requirements to ../../build/mppt_package/mppt_package.egg-info/requires.txt
[3.737s] writing top-level names to ../../build/mppt_package/mppt_package.egg-info/top_level.txt
[3.746s] reading manifest file '../../build/mppt_package/mppt_package.egg-info/SOURCES.txt'
[3.746s] adding license file 'LICENSE'
[3.750s] writing manifest file '../../build/mppt_package/mppt_package.egg-info/SOURCES.txt'
[3.750s] running build
[3.751s] running build_py
[3.751s] running install
[3.752s] /usr/lib/python3/dist-packages/setuptools/command/install.py:34: SetuptoolsDeprecationWarning: setup.py install is deprecated. Use build and pip and other standards-based tools.
[3.752s]   warnings.warn(
[3.753s] running install_lib
[3.758s] running install_data
[3.760s] running install_egg_info
[3.767s] removing '/home/ubuntu/Agnirath_LVS_Strategy/aarush_ros/install/mppt_package/lib/python3.10/site-packages/mppt_package-0.0.0-py3.10.egg-info' (and everything under it)
[3.768s] Copying ../../build/mppt_package/mppt_package.egg-info to /home/ubuntu/Agnirath_LVS_Strategy/aarush_ros/install/mppt_package/lib/python3.10/site-packages/mppt_package-0.0.0-py3.10.egg-info
[3.773s] running install_scripts
[3.859s] Installing mppt_node script to /home/ubuntu/Agnirath_LVS_Strategy/aarush_ros/install/mppt_package/lib/mppt_package
[3.860s] writing list of installed files to '/home/ubuntu/Agnirath_LVS_Strategy/aarush_ros/build/mppt_package/install.log'
[4.162s] Invoked command in '/home/ubuntu/Agnirath_LVS_Strategy/aarush_ros/src/mppt_package' returned '0': PYTHONPATH=/home/ubuntu/Agnirath_LVS_Strategy/aarush_ros/build/mppt_package/prefix_override:/home/ubuntu/Agnirath_LVS_Strategy/aarush_ros/install/mppt_package/lib/python3.10/site-packages:${PYTHONPATH} /usr/bin/python3 setup.py egg_info --egg-base ../../build/mppt_package build --build-base /home/ubuntu/Agnirath_LVS_Strategy/aarush_ros/build/mppt_package/build install --record /home/ubuntu/Agnirath_LVS_Strategy/aarush_ros/build/mppt_package/install.log --single-version-externally-managed
