[4.155s] Invoking command in '/home/jaay/Agnirath/Agnirath_LVS_Strategy/aarush_ros/src/mc_package': PYTHONPATH=/home/jaay/Agnirath/Agnirath_LVS_Strategy/aarush_ros/build/mc_package/prefix_override:/home/jaay/Agnirath/Agnirath_LVS_Strategy/aarush_ros/install/mc_package/lib/python3.10/site-packages:${PYTHONPATH} /usr/bin/python3 setup.py egg_info --egg-base ../../build/mc_package build --build-base /home/jaay/Agnirath/Agnirath_LVS_Strategy/aarush_ros/build/mc_package/build install --record /home/jaay/Agnirath/Agnirath_LVS_Strategy/aarush_ros/build/mc_package/install.log --single-version-externally-managed
[4.683s] /usr/lib/python3/dist-packages/setuptools/command/install.py:34: SetuptoolsDeprecationWarning: setup.py install is deprecated. Use build and pip and other standards-based tools.
[4.684s]   warnings.warn(
[4.684s] running egg_info
[4.685s] writing ../../build/mc_package/mc_package.egg-info/PKG-INFO
[4.685s] writing dependency_links to ../../build/mc_package/mc_package.egg-info/dependency_links.txt
[4.686s] writing entry points to ../../build/mc_package/mc_package.egg-info/entry_points.txt
[4.687s] writing requirements to ../../build/mc_package/mc_package.egg-info/requires.txt
[4.687s] writing top-level names to ../../build/mc_package/mc_package.egg-info/top_level.txt
[4.687s] reading manifest file '../../build/mc_package/mc_package.egg-info/SOURCES.txt'
[4.687s] adding license file 'LICENSE'
[4.687s] writing manifest file '../../build/mc_package/mc_package.egg-info/SOURCES.txt'
[4.687s] running build
[4.687s] running build_py
[4.687s] copying mc_package/mc_node.py -> /home/jaay/Agnirath/Agnirath_LVS_Strategy/aarush_ros/build/mc_package/build/lib/mc_package
[4.687s] running install
[4.687s] running install_lib
[4.688s] copying /home/jaay/Agnirath/Agnirath_LVS_Strategy/aarush_ros/build/mc_package/build/lib/mc_package/mc_node.py -> /home/jaay/Agnirath/Agnirath_LVS_Strategy/aarush_ros/install/mc_package/lib/python3.10/site-packages/mc_package
[4.688s] byte-compiling /home/jaay/Agnirath/Agnirath_LVS_Strategy/aarush_ros/install/mc_package/lib/python3.10/site-packages/mc_package/mc_node.py to mc_node.cpython-310.pyc
[4.688s] running install_data
[4.688s] running install_egg_info
[4.688s] removing '/home/jaay/Agnirath/Agnirath_LVS_Strategy/aarush_ros/install/mc_package/lib/python3.10/site-packages/mc_package-0.0.0-py3.10.egg-info' (and everything under it)
[4.688s] Copying ../../build/mc_package/mc_package.egg-info to /home/jaay/Agnirath/Agnirath_LVS_Strategy/aarush_ros/install/mc_package/lib/python3.10/site-packages/mc_package-0.0.0-py3.10.egg-info
[4.688s] running install_scripts
[4.688s] Installing mc_node script to /home/jaay/Agnirath/Agnirath_LVS_Strategy/aarush_ros/install/mc_package/lib/mc_package
[4.688s] writing list of installed files to '/home/jaay/Agnirath/Agnirath_LVS_Strategy/aarush_ros/build/mc_package/install.log'
[4.834s] Invoked command in '/home/jaay/Agnirath/Agnirath_LVS_Strategy/aarush_ros/src/mc_package' returned '0': PYTHONPATH=/home/jaay/Agnirath/Agnirath_LVS_Strategy/aarush_ros/build/mc_package/prefix_override:/home/jaay/Agnirath/Agnirath_LVS_Strategy/aarush_ros/install/mc_package/lib/python3.10/site-packages:${PYTHONPATH} /usr/bin/python3 setup.py egg_info --egg-base ../../build/mc_package build --build-base /home/jaay/Agnirath/Agnirath_LVS_Strategy/aarush_ros/build/mc_package/build install --record /home/jaay/Agnirath/Agnirath_LVS_Strategy/aarush_ros/build/mc_package/install.log --single-version-externally-managed
