Traceback (most recent call last):
  File "/home/ubuntu/Old_LV/aarush_ros/src/can_package/setup.py", line 1, in <module>
    from setuptools import find_packages, setup
  File "/usr/lib/python3/dist-packages/setuptools/__init__.py", line 10, in <module>
    import distutils.core
  File "/usr/lib/python3.10/distutils/core.py", line 17, in <module>
    from distutils.cmd import Command
  File "/usr/lib/python3.10/distutils/cmd.py", line 9, in <module>
    from distutils import util, dir_util, file_util, archive_util, dep_util
  File "/usr/lib/python3.10/distutils/archive_util.py", line 11, in <module>
    import zipfile
  File "/usr/lib/python3.10/zipfile.py", line 19, in <module>
    import pathlib
  File "<frozen importlib._bootstrap>", line 1027, in _find_and_load
  File "<frozen importlib._bootstrap>", line 1002, in _find_and_load_unlocked
  File "<frozen importlib._bootstrap>", line 945, in _find_spec
  File "<frozen importlib._bootstrap_external>", line 1439, in find_spec
  File "<frozen importlib._bootstrap_external>", line 1411, in _get_spec
  File "<frozen importlib._bootstrap_external>", line 1558, in find_spec
KeyboardInterrupt
