[2.496s] Invoking command in '/home/ubuntu/Old_LV/aarush_ros/src/can_package': PYTHONPATH=/home/ubuntu/Old_LV/aarush_ros/build/can_package/prefix_override:/home/ubuntu/Old_LV/aarush_ros/install/can_package/lib/python3.10/site-packages:${PYTHONPATH} /usr/bin/python3 setup.py egg_info --egg-base ../../build/can_package build --build-base /home/ubuntu/Old_LV/aarush_ros/build/can_package/build install --record /home/ubuntu/Old_LV/aarush_ros/build/can_package/install.log --single-version-externally-managed
[2.644s] Traceback (most recent call last):
[2.644s]   File "/home/ubuntu/Old_LV/aarush_ros/src/can_package/setup.py", line 1, in <module>
[2.645s]     from setuptools import find_packages, setup
[2.645s]   File "/usr/lib/python3/dist-packages/setuptools/__init__.py", line 10, in <module>
[2.648s]     import distutils.core
[2.649s]   File "/usr/lib/python3.10/distutils/core.py", line 17, in <module>
[2.649s]     from distutils.cmd import Command
[2.650s]   File "/usr/lib/python3.10/distutils/cmd.py", line 9, in <module>
[2.650s]     from distutils import util, dir_util, file_util, archive_util, dep_util
[2.651s]   File "/usr/lib/python3.10/distutils/archive_util.py", line 11, in <module>
[2.651s]     import zipfile
[2.652s]   File "/usr/lib/python3.10/zipfile.py", line 19, in <module>
[2.652s]     import pathlib
[2.653s]   File "<frozen importlib._bootstrap>", line 1027, in _find_and_load
[2.653s]   File "<frozen importlib._bootstrap>", line 1002, in _find_and_load_unlocked
[2.653s]   File "<frozen importlib._bootstrap>", line 945, in _find_spec
[2.654s]   File "<frozen importlib._bootstrap_external>", line 1439, in find_spec
[2.655s]   File "<frozen importlib._bootstrap_external>", line 1411, in _get_spec
[2.656s]   File "<frozen importlib._bootstrap_external>", line 1558, in find_spec
[2.656s] KeyboardInterrupt
[2.680s] Invoked command in '/home/ubuntu/Old_LV/aarush_ros/src/can_package' returned '-2': PYTHONPATH=/home/ubuntu/Old_LV/aarush_ros/build/can_package/prefix_override:/home/ubuntu/Old_LV/aarush_ros/install/can_package/lib/python3.10/site-packages:${PYTHONPATH} /usr/bin/python3 setup.py egg_info --egg-base ../../build/can_package build --build-base /home/ubuntu/Old_LV/aarush_ros/build/can_package/build install --record /home/ubuntu/Old_LV/aarush_ros/build/can_package/install.log --single-version-externally-managed
