[2.746s] Invoking command in '/home/ubuntu/Old_LV/aarush_ros/src/mc_package': PYTHONPATH=/home/ubuntu/Old_LV/aarush_ros/build/mc_package/prefix_override:/home/ubuntu/Old_LV/aarush_ros/install/mc_package/lib/python3.10/site-packages:${PYTHONPATH} /usr/bin/python3 setup.py egg_info --egg-base ../../build/mc_package build --build-base /home/ubuntu/Old_LV/aarush_ros/build/mc_package/build install --record /home/ubuntu/Old_LV/aarush_ros/build/mc_package/install.log --single-version-externally-managed
[3.838s] running egg_info
[3.843s] writing ../../build/mc_package/mc_package.egg-info/PKG-INFO
[3.846s] writing dependency_links to ../../build/mc_package/mc_package.egg-info/dependency_links.txt
[3.848s] writing entry points to ../../build/mc_package/mc_package.egg-info/entry_points.txt
[3.850s] writing requirements to ../../build/mc_package/mc_package.egg-info/requires.txt
[3.852s] writing top-level names to ../../build/mc_package/mc_package.egg-info/top_level.txt
[3.864s] reading manifest file '../../build/mc_package/mc_package.egg-info/SOURCES.txt'
[3.866s] adding license file 'LICENSE'
[3.871s] writing manifest file '../../build/mc_package/mc_package.egg-info/SOURCES.txt'
[3.872s] running build
[3.873s] running build_py
[3.876s] running install
[3.878s] /usr/lib/python3/dist-packages/setuptools/command/install.py:34: SetuptoolsDeprecationWarning: setup.py install is deprecated. Use build and pip and other standards-based tools.
[3.878s]   warnings.warn(
[3.881s] running install_lib
[3.889s] running install_data
[3.890s] running install_egg_info
[3.899s] removing '/home/ubuntu/Old_LV/aarush_ros/install/mc_package/lib/python3.10/site-packages/mc_package-0.0.0-py3.10.egg-info' (and everything under it)
[3.899s] Copying ../../build/mc_package/mc_package.egg-info to /home/ubuntu/Old_LV/aarush_ros/install/mc_package/lib/python3.10/site-packages/mc_package-0.0.0-py3.10.egg-info
[3.902s] running install_scripts
[3.988s] Installing mc_node script to /home/ubuntu/Old_LV/aarush_ros/install/mc_package/lib/mc_package
[3.989s] writing list of installed files to '/home/ubuntu/Old_LV/aarush_ros/build/mc_package/install.log'
[4.133s] Invoked command in '/home/ubuntu/Old_LV/aarush_ros/src/mc_package' returned '0': PYTHONPATH=/home/ubuntu/Old_LV/aarush_ros/build/mc_package/prefix_override:/home/ubuntu/Old_LV/aarush_ros/install/mc_package/lib/python3.10/site-packages:${PYTHONPATH} /usr/bin/python3 setup.py egg_info --egg-base ../../build/mc_package build --build-base /home/ubuntu/Old_LV/aarush_ros/build/mc_package/build install --record /home/ubuntu/Old_LV/aarush_ros/build/mc_package/install.log --single-version-externally-managed
