[1.375s] DEBUG:colcon:Command line arguments: ['/usr/bin/colcon', 'build', '--packages-select', 'main_package']
[1.376s] DEBUG:colcon:Parsed command line arguments: Namespace(log_base=None, log_level=None, verb_name='build', build_base='build', install_base='install', merge_install=False, symlink_install=False, test_result_base=None, continue_on_error=False, executor='parallel', parallel_workers=2, event_handlers=None, ignore_user_meta=False, metas=['./colcon.meta'], base_paths=['.'], packages_ignore=None, packages_ignore_regex=None, paths=None, packages_up_to=None, packages_up_to_regex=None, packages_above=None, packages_above_and_dependencies=None, packages_above_depth=None, packages_select_by_dep=None, packages_skip_by_dep=None, packages_skip_up_to=None, packages_select_build_failed=False, packages_skip_build_finished=False, packages_select_test_failures=False, packages_skip_test_passed=False, packages_select=['main_package'], packages_skip=None, packages_select_regex=None, packages_skip_regex=None, packages_start=None, packages_end=None, allow_overriding=[], cmake_args=None, cmake_target=None, cmake_target_skip_unavailable=False, cmake_clean_cache=False, cmake_clean_first=False, cmake_force_configure=False, ament_cmake_args=None, catkin_cmake_args=None, catkin_skip_building_tests=False, verb_parser=<colcon_defaults.argument_parser.defaults.DefaultArgumentsDecorator object at 0xfffface934c0>, verb_extension=<colcon_core.verb.build.BuildVerb object at 0xffffad889030>, main=<bound method BuildVerb.main of <colcon_core.verb.build.BuildVerb object at 0xffffad889030>>)
[1.521s] Level 1:colcon.colcon_core.package_discovery:discover_packages(colcon_meta) check parameters
[1.522s] Level 1:colcon.colcon_core.package_discovery:discover_packages(recursive) check parameters
[1.522s] Level 1:colcon.colcon_core.package_discovery:discover_packages(ignore) check parameters
[1.522s] Level 1:colcon.colcon_core.package_discovery:discover_packages(path) check parameters
[1.522s] Level 1:colcon.colcon_core.package_discovery:discover_packages(colcon_meta) discover
[1.523s] Level 1:colcon.colcon_core.package_discovery:discover_packages(recursive) discover
[1.523s] INFO:colcon.colcon_core.package_discovery:Crawling recursively for packages in '/home/ubuntu/Old_LV/aarush_ros'
[1.523s] Level 1:colcon.colcon_core.package_identification:_identify(.) by extensions ['ignore', 'ignore_ament_install']
[1.524s] Level 1:colcon.colcon_core.package_identification:_identify(.) by extension 'ignore'
[1.524s] Level 1:colcon.colcon_core.package_identification:_identify(.) by extension 'ignore_ament_install'
[1.524s] Level 1:colcon.colcon_core.package_identification:_identify(.) by extensions ['colcon_pkg']
[1.524s] Level 1:colcon.colcon_core.package_identification:_identify(.) by extension 'colcon_pkg'
[1.525s] Level 1:colcon.colcon_core.package_identification:_identify(.) by extensions ['colcon_meta']
[1.525s] Level 1:colcon.colcon_core.package_identification:_identify(.) by extension 'colcon_meta'
[1.525s] Level 1:colcon.colcon_core.package_identification:_identify(.) by extensions ['ros']
[1.525s] Level 1:colcon.colcon_core.package_identification:_identify(.) by extension 'ros'
[1.573s] Level 1:colcon.colcon_core.package_identification:_identify(.) by extensions ['cmake', 'python']
[1.573s] Level 1:colcon.colcon_core.package_identification:_identify(.) by extension 'cmake'
[1.574s] Level 1:colcon.colcon_core.package_identification:_identify(.) by extension 'python'
[1.574s] Level 1:colcon.colcon_core.package_identification:_identify(.) by extensions ['python_setup_py']
[1.574s] Level 1:colcon.colcon_core.package_identification:_identify(.) by extension 'python_setup_py'
[1.575s] Level 1:colcon.colcon_core.package_identification:_identify(build) by extensions ['ignore', 'ignore_ament_install']
[1.576s] Level 1:colcon.colcon_core.package_identification:_identify(build) by extension 'ignore'
[1.576s] Level 1:colcon.colcon_core.package_identification:_identify(build) ignored
[1.577s] Level 1:colcon.colcon_core.package_identification:_identify(install) by extensions ['ignore', 'ignore_ament_install']
[1.577s] Level 1:colcon.colcon_core.package_identification:_identify(install) by extension 'ignore'
[1.578s] Level 1:colcon.colcon_core.package_identification:_identify(install) ignored
[1.579s] Level 1:colcon.colcon_core.package_identification:_identify(log) by extensions ['ignore', 'ignore_ament_install']
[1.580s] Level 1:colcon.colcon_core.package_identification:_identify(log) by extension 'ignore'
[1.580s] Level 1:colcon.colcon_core.package_identification:_identify(log) ignored
[1.581s] Level 1:colcon.colcon_core.package_identification:_identify(src) by extensions ['ignore', 'ignore_ament_install']
[1.581s] Level 1:colcon.colcon_core.package_identification:_identify(src) by extension 'ignore'
[1.582s] Level 1:colcon.colcon_core.package_identification:_identify(src) by extension 'ignore_ament_install'
[1.582s] Level 1:colcon.colcon_core.package_identification:_identify(src) by extensions ['colcon_pkg']
[1.582s] Level 1:colcon.colcon_core.package_identification:_identify(src) by extension 'colcon_pkg'
[1.582s] Level 1:colcon.colcon_core.package_identification:_identify(src) by extensions ['colcon_meta']
[1.583s] Level 1:colcon.colcon_core.package_identification:_identify(src) by extension 'colcon_meta'
[1.583s] Level 1:colcon.colcon_core.package_identification:_identify(src) by extensions ['ros']
[1.583s] Level 1:colcon.colcon_core.package_identification:_identify(src) by extension 'ros'
[1.583s] Level 1:colcon.colcon_core.package_identification:_identify(src) by extensions ['cmake', 'python']
[1.584s] Level 1:colcon.colcon_core.package_identification:_identify(src) by extension 'cmake'
[1.584s] Level 1:colcon.colcon_core.package_identification:_identify(src) by extension 'python'
[1.584s] Level 1:colcon.colcon_core.package_identification:_identify(src) by extensions ['python_setup_py']
[1.584s] Level 1:colcon.colcon_core.package_identification:_identify(src) by extension 'python_setup_py'
[1.585s] Level 1:colcon.colcon_core.package_identification:_identify(src/battery_package) by extensions ['ignore', 'ignore_ament_install']
[1.585s] Level 1:colcon.colcon_core.package_identification:_identify(src/battery_package) by extension 'ignore'
[1.586s] Level 1:colcon.colcon_core.package_identification:_identify(src/battery_package) by extension 'ignore_ament_install'
[1.586s] Level 1:colcon.colcon_core.package_identification:_identify(src/battery_package) by extensions ['colcon_pkg']
[1.586s] Level 1:colcon.colcon_core.package_identification:_identify(src/battery_package) by extension 'colcon_pkg'
[1.586s] Level 1:colcon.colcon_core.package_identification:_identify(src/battery_package) by extensions ['colcon_meta']
[1.587s] Level 1:colcon.colcon_core.package_identification:_identify(src/battery_package) by extension 'colcon_meta'
[1.587s] Level 1:colcon.colcon_core.package_identification:_identify(src/battery_package) by extensions ['ros']
[1.587s] Level 1:colcon.colcon_core.package_identification:_identify(src/battery_package) by extension 'ros'
[1.595s] DEBUG:colcon.colcon_core.package_identification:Package 'src/battery_package' with type 'ros.ament_python' and name 'battery_package'
[1.596s] Level 1:colcon.colcon_core.package_identification:_identify(src/build) by extensions ['ignore', 'ignore_ament_install']
[1.596s] Level 1:colcon.colcon_core.package_identification:_identify(src/build) by extension 'ignore'
[1.597s] Level 1:colcon.colcon_core.package_identification:_identify(src/build) ignored
[1.597s] Level 1:colcon.colcon_core.package_identification:_identify(src/can_package) by extensions ['ignore', 'ignore_ament_install']
[1.598s] Level 1:colcon.colcon_core.package_identification:_identify(src/can_package) by extension 'ignore'
[1.598s] Level 1:colcon.colcon_core.package_identification:_identify(src/can_package) by extension 'ignore_ament_install'
[1.598s] Level 1:colcon.colcon_core.package_identification:_identify(src/can_package) by extensions ['colcon_pkg']
[1.598s] Level 1:colcon.colcon_core.package_identification:_identify(src/can_package) by extension 'colcon_pkg'
[1.598s] Level 1:colcon.colcon_core.package_identification:_identify(src/can_package) by extensions ['colcon_meta']
[1.599s] Level 1:colcon.colcon_core.package_identification:_identify(src/can_package) by extension 'colcon_meta'
[1.599s] Level 1:colcon.colcon_core.package_identification:_identify(src/can_package) by extensions ['ros']
[1.599s] Level 1:colcon.colcon_core.package_identification:_identify(src/can_package) by extension 'ros'
[1.602s] DEBUG:colcon.colcon_core.package_identification:Package 'src/can_package' with type 'ros.ament_python' and name 'can_package'
[1.603s] Level 1:colcon.colcon_core.package_identification:_identify(src/control_package) by extensions ['ignore', 'ignore_ament_install']
[1.603s] Level 1:colcon.colcon_core.package_identification:_identify(src/control_package) by extension 'ignore'
[1.603s] Level 1:colcon.colcon_core.package_identification:_identify(src/control_package) by extension 'ignore_ament_install'
[1.604s] Level 1:colcon.colcon_core.package_identification:_identify(src/control_package) by extensions ['colcon_pkg']
[1.604s] Level 1:colcon.colcon_core.package_identification:_identify(src/control_package) by extension 'colcon_pkg'
[1.604s] Level 1:colcon.colcon_core.package_identification:_identify(src/control_package) by extensions ['colcon_meta']
[1.604s] Level 1:colcon.colcon_core.package_identification:_identify(src/control_package) by extension 'colcon_meta'
[1.604s] Level 1:colcon.colcon_core.package_identification:_identify(src/control_package) by extensions ['ros']
[1.604s] Level 1:colcon.colcon_core.package_identification:_identify(src/control_package) by extension 'ros'
[1.607s] DEBUG:colcon.colcon_core.package_identification:Package 'src/control_package' with type 'ros.ament_python' and name 'control_package'
[1.607s] Level 1:colcon.colcon_core.package_identification:_identify(src/display_package) by extensions ['ignore', 'ignore_ament_install']
[1.608s] Level 1:colcon.colcon_core.package_identification:_identify(src/display_package) by extension 'ignore'
[1.608s] Level 1:colcon.colcon_core.package_identification:_identify(src/display_package) by extension 'ignore_ament_install'
[1.608s] Level 1:colcon.colcon_core.package_identification:_identify(src/display_package) by extensions ['colcon_pkg']
[1.608s] Level 1:colcon.colcon_core.package_identification:_identify(src/display_package) by extension 'colcon_pkg'
[1.609s] Level 1:colcon.colcon_core.package_identification:_identify(src/display_package) by extensions ['colcon_meta']
[1.609s] Level 1:colcon.colcon_core.package_identification:_identify(src/display_package) by extension 'colcon_meta'
[1.609s] Level 1:colcon.colcon_core.package_identification:_identify(src/display_package) by extensions ['ros']
[1.609s] Level 1:colcon.colcon_core.package_identification:_identify(src/display_package) by extension 'ros'
[1.612s] DEBUG:colcon.colcon_core.package_identification:Package 'src/display_package' with type 'ros.ament_python' and name 'display_package'
[1.612s] Level 1:colcon.colcon_core.package_identification:_identify(src/gps_package) by extensions ['ignore', 'ignore_ament_install']
[1.613s] Level 1:colcon.colcon_core.package_identification:_identify(src/gps_package) by extension 'ignore'
[1.613s] Level 1:colcon.colcon_core.package_identification:_identify(src/gps_package) by extension 'ignore_ament_install'
[1.613s] Level 1:colcon.colcon_core.package_identification:_identify(src/gps_package) by extensions ['colcon_pkg']
[1.614s] Level 1:colcon.colcon_core.package_identification:_identify(src/gps_package) by extension 'colcon_pkg'
[1.614s] Level 1:colcon.colcon_core.package_identification:_identify(src/gps_package) by extensions ['colcon_meta']
[1.615s] Level 1:colcon.colcon_core.package_identification:_identify(src/gps_package) by extension 'colcon_meta'
[1.615s] Level 1:colcon.colcon_core.package_identification:_identify(src/gps_package) by extensions ['ros']
[1.615s] Level 1:colcon.colcon_core.package_identification:_identify(src/gps_package) by extension 'ros'
[1.618s] DEBUG:colcon.colcon_core.package_identification:Package 'src/gps_package' with type 'ros.ament_python' and name 'gps_package'
[1.619s] Level 1:colcon.colcon_core.package_identification:_identify(src/imu_package) by extensions ['ignore', 'ignore_ament_install']
[1.619s] Level 1:colcon.colcon_core.package_identification:_identify(src/imu_package) by extension 'ignore'
[1.620s] Level 1:colcon.colcon_core.package_identification:_identify(src/imu_package) by extension 'ignore_ament_install'
[1.620s] Level 1:colcon.colcon_core.package_identification:_identify(src/imu_package) by extensions ['colcon_pkg']
[1.620s] Level 1:colcon.colcon_core.package_identification:_identify(src/imu_package) by extension 'colcon_pkg'
[1.620s] Level 1:colcon.colcon_core.package_identification:_identify(src/imu_package) by extensions ['colcon_meta']
[1.621s] Level 1:colcon.colcon_core.package_identification:_identify(src/imu_package) by extension 'colcon_meta'
[1.621s] Level 1:colcon.colcon_core.package_identification:_identify(src/imu_package) by extensions ['ros']
[1.621s] Level 1:colcon.colcon_core.package_identification:_identify(src/imu_package) by extension 'ros'
[1.624s] DEBUG:colcon.colcon_core.package_identification:Package 'src/imu_package' with type 'ros.ament_python' and name 'imu_package'
[1.624s] Level 1:colcon.colcon_core.package_identification:_identify(src/install) by extensions ['ignore', 'ignore_ament_install']
[1.625s] Level 1:colcon.colcon_core.package_identification:_identify(src/install) by extension 'ignore'
[1.626s] Level 1:colcon.colcon_core.package_identification:_identify(src/install) ignored
[1.626s] Level 1:colcon.colcon_core.package_identification:_identify(src/log) by extensions ['ignore', 'ignore_ament_install']
[1.627s] Level 1:colcon.colcon_core.package_identification:_identify(src/log) by extension 'ignore'
[1.627s] Level 1:colcon.colcon_core.package_identification:_identify(src/log) ignored
[1.628s] Level 1:colcon.colcon_core.package_identification:_identify(src/logging_package) by extensions ['ignore', 'ignore_ament_install']
[1.628s] Level 1:colcon.colcon_core.package_identification:_identify(src/logging_package) by extension 'ignore'
[1.628s] Level 1:colcon.colcon_core.package_identification:_identify(src/logging_package) by extension 'ignore_ament_install'
[1.629s] Level 1:colcon.colcon_core.package_identification:_identify(src/logging_package) by extensions ['colcon_pkg']
[1.629s] Level 1:colcon.colcon_core.package_identification:_identify(src/logging_package) by extension 'colcon_pkg'
[1.629s] Level 1:colcon.colcon_core.package_identification:_identify(src/logging_package) by extensions ['colcon_meta']
[1.629s] Level 1:colcon.colcon_core.package_identification:_identify(src/logging_package) by extension 'colcon_meta'
[1.629s] Level 1:colcon.colcon_core.package_identification:_identify(src/logging_package) by extensions ['ros']
[1.630s] Level 1:colcon.colcon_core.package_identification:_identify(src/logging_package) by extension 'ros'
[1.632s] DEBUG:colcon.colcon_core.package_identification:Package 'src/logging_package' with type 'ros.ament_python' and name 'logging_package'
[1.632s] Level 1:colcon.colcon_core.package_identification:_identify(src/main_package) by extensions ['ignore', 'ignore_ament_install']
[1.633s] Level 1:colcon.colcon_core.package_identification:_identify(src/main_package) by extension 'ignore'
[1.633s] Level 1:colcon.colcon_core.package_identification:_identify(src/main_package) by extension 'ignore_ament_install'
[1.633s] Level 1:colcon.colcon_core.package_identification:_identify(src/main_package) by extensions ['colcon_pkg']
[1.633s] Level 1:colcon.colcon_core.package_identification:_identify(src/main_package) by extension 'colcon_pkg'
[1.634s] Level 1:colcon.colcon_core.package_identification:_identify(src/main_package) by extensions ['colcon_meta']
[1.634s] Level 1:colcon.colcon_core.package_identification:_identify(src/main_package) by extension 'colcon_meta'
[1.634s] Level 1:colcon.colcon_core.package_identification:_identify(src/main_package) by extensions ['ros']
[1.634s] Level 1:colcon.colcon_core.package_identification:_identify(src/main_package) by extension 'ros'
[1.637s] DEBUG:colcon.colcon_core.package_identification:Package 'src/main_package' with type 'ros.ament_python' and name 'main_package'
[1.637s] Level 1:colcon.colcon_core.package_identification:_identify(src/mc_package) by extensions ['ignore', 'ignore_ament_install']
[1.638s] Level 1:colcon.colcon_core.package_identification:_identify(src/mc_package) by extension 'ignore'
[1.638s] Level 1:colcon.colcon_core.package_identification:_identify(src/mc_package) by extension 'ignore_ament_install'
[1.638s] Level 1:colcon.colcon_core.package_identification:_identify(src/mc_package) by extensions ['colcon_pkg']
[1.638s] Level 1:colcon.colcon_core.package_identification:_identify(src/mc_package) by extension 'colcon_pkg'
[1.639s] Level 1:colcon.colcon_core.package_identification:_identify(src/mc_package) by extensions ['colcon_meta']
[1.639s] Level 1:colcon.colcon_core.package_identification:_identify(src/mc_package) by extension 'colcon_meta'
[1.639s] Level 1:colcon.colcon_core.package_identification:_identify(src/mc_package) by extensions ['ros']
[1.639s] Level 1:colcon.colcon_core.package_identification:_identify(src/mc_package) by extension 'ros'
[1.641s] DEBUG:colcon.colcon_core.package_identification:Package 'src/mc_package' with type 'ros.ament_python' and name 'mc_package'
[1.642s] Level 1:colcon.colcon_core.package_identification:_identify(src/mppt_package) by extensions ['ignore', 'ignore_ament_install']
[1.642s] Level 1:colcon.colcon_core.package_identification:_identify(src/mppt_package) by extension 'ignore'
[1.643s] Level 1:colcon.colcon_core.package_identification:_identify(src/mppt_package) by extension 'ignore_ament_install'
[1.643s] Level 1:colcon.colcon_core.package_identification:_identify(src/mppt_package) by extensions ['colcon_pkg']
[1.643s] Level 1:colcon.colcon_core.package_identification:_identify(src/mppt_package) by extension 'colcon_pkg'
[1.643s] Level 1:colcon.colcon_core.package_identification:_identify(src/mppt_package) by extensions ['colcon_meta']
[1.643s] Level 1:colcon.colcon_core.package_identification:_identify(src/mppt_package) by extension 'colcon_meta'
[1.644s] Level 1:colcon.colcon_core.package_identification:_identify(src/mppt_package) by extensions ['ros']
[1.644s] Level 1:colcon.colcon_core.package_identification:_identify(src/mppt_package) by extension 'ros'
[1.646s] DEBUG:colcon.colcon_core.package_identification:Package 'src/mppt_package' with type 'ros.ament_python' and name 'mppt_package'
[1.647s] Level 1:colcon.colcon_core.package_identification:_identify(src/my_package) by extensions ['ignore', 'ignore_ament_install']
[1.647s] Level 1:colcon.colcon_core.package_identification:_identify(src/my_package) by extension 'ignore'
[1.647s] Level 1:colcon.colcon_core.package_identification:_identify(src/my_package) by extension 'ignore_ament_install'
[1.648s] Level 1:colcon.colcon_core.package_identification:_identify(src/my_package) by extensions ['colcon_pkg']
[1.648s] Level 1:colcon.colcon_core.package_identification:_identify(src/my_package) by extension 'colcon_pkg'
[1.648s] Level 1:colcon.colcon_core.package_identification:_identify(src/my_package) by extensions ['colcon_meta']
[1.648s] Level 1:colcon.colcon_core.package_identification:_identify(src/my_package) by extension 'colcon_meta'
[1.648s] Level 1:colcon.colcon_core.package_identification:_identify(src/my_package) by extensions ['ros']
[1.648s] Level 1:colcon.colcon_core.package_identification:_identify(src/my_package) by extension 'ros'
[1.650s] DEBUG:colcon.colcon_core.package_identification:Package 'src/my_package' with type 'ros.ament_python' and name 'my_package'
[1.651s] Level 1:colcon.colcon_core.package_identification:_identify(src/rf_package) by extensions ['ignore', 'ignore_ament_install']
[1.651s] Level 1:colcon.colcon_core.package_identification:_identify(src/rf_package) by extension 'ignore'
[1.652s] Level 1:colcon.colcon_core.package_identification:_identify(src/rf_package) by extension 'ignore_ament_install'
[1.652s] Level 1:colcon.colcon_core.package_identification:_identify(src/rf_package) by extensions ['colcon_pkg']
[1.652s] Level 1:colcon.colcon_core.package_identification:_identify(src/rf_package) by extension 'colcon_pkg'
[1.653s] Level 1:colcon.colcon_core.package_identification:_identify(src/rf_package) by extensions ['colcon_meta']
[1.653s] Level 1:colcon.colcon_core.package_identification:_identify(src/rf_package) by extension 'colcon_meta'
[1.653s] Level 1:colcon.colcon_core.package_identification:_identify(src/rf_package) by extensions ['ros']
[1.653s] Level 1:colcon.colcon_core.package_identification:_identify(src/rf_package) by extension 'ros'
[1.656s] DEBUG:colcon.colcon_core.package_identification:Package 'src/rf_package' with type 'ros.ament_python' and name 'rf_package'
[1.656s] Level 1:colcon.colcon_core.package_identification:_identify(src/test_package) by extensions ['ignore', 'ignore_ament_install']
[1.657s] Level 1:colcon.colcon_core.package_identification:_identify(src/test_package) by extension 'ignore'
[1.657s] Level 1:colcon.colcon_core.package_identification:_identify(src/test_package) by extension 'ignore_ament_install'
[1.658s] Level 1:colcon.colcon_core.package_identification:_identify(src/test_package) by extensions ['colcon_pkg']
[1.658s] Level 1:colcon.colcon_core.package_identification:_identify(src/test_package) by extension 'colcon_pkg'
[1.658s] Level 1:colcon.colcon_core.package_identification:_identify(src/test_package) by extensions ['colcon_meta']
[1.658s] Level 1:colcon.colcon_core.package_identification:_identify(src/test_package) by extension 'colcon_meta'
[1.659s] Level 1:colcon.colcon_core.package_identification:_identify(src/test_package) by extensions ['ros']
[1.659s] Level 1:colcon.colcon_core.package_identification:_identify(src/test_package) by extension 'ros'
[1.661s] DEBUG:colcon.colcon_core.package_identification:Package 'src/test_package' with type 'ros.ament_python' and name 'test_package'
[1.661s] Level 1:colcon.colcon_core.package_discovery:discover_packages(recursive) using defaults
[1.662s] Level 1:colcon.colcon_core.package_discovery:discover_packages(ignore) discover
[1.662s] Level 1:colcon.colcon_core.package_discovery:discover_packages(ignore) using defaults
[1.662s] Level 1:colcon.colcon_core.package_discovery:discover_packages(path) discover
[1.662s] Level 1:colcon.colcon_core.package_discovery:discover_packages(path) using defaults
[1.759s] INFO:colcon.colcon_core.package_selection:Skipping not selected package 'battery_package' in 'src/battery_package'
[1.760s] INFO:colcon.colcon_core.package_selection:Skipping not selected package 'can_package' in 'src/can_package'
[1.760s] INFO:colcon.colcon_core.package_selection:Skipping not selected package 'control_package' in 'src/control_package'
[1.760s] INFO:colcon.colcon_core.package_selection:Skipping not selected package 'display_package' in 'src/display_package'
[1.760s] INFO:colcon.colcon_core.package_selection:Skipping not selected package 'gps_package' in 'src/gps_package'
[1.760s] INFO:colcon.colcon_core.package_selection:Skipping not selected package 'imu_package' in 'src/imu_package'
[1.760s] INFO:colcon.colcon_core.package_selection:Skipping not selected package 'logging_package' in 'src/logging_package'
[1.760s] INFO:colcon.colcon_core.package_selection:Skipping not selected package 'mc_package' in 'src/mc_package'
[1.760s] INFO:colcon.colcon_core.package_selection:Skipping not selected package 'mppt_package' in 'src/mppt_package'
[1.760s] INFO:colcon.colcon_core.package_selection:Skipping not selected package 'my_package' in 'src/my_package'
[1.760s] INFO:colcon.colcon_core.package_selection:Skipping not selected package 'rf_package' in 'src/rf_package'
[1.761s] INFO:colcon.colcon_core.package_selection:Skipping not selected package 'test_package' in 'src/test_package'
[1.764s] Level 1:colcon.colcon_core.package_discovery:discover_packages(prefix_path) check parameters
[1.764s] Level 1:colcon.colcon_core.package_discovery:discover_packages(prefix_path) discover
[1.780s] DEBUG:colcon.colcon_installed_package_information.package_discovery:Found 281 installed packages in /opt/ros/iron
[1.787s] Level 1:colcon.colcon_core.package_discovery:discover_packages(prefix_path) using defaults
[2.025s] Level 5:colcon.colcon_core.verb:set package 'main_package' build argument 'cmake_args' from command line to 'None'
[2.026s] Level 5:colcon.colcon_core.verb:set package 'main_package' build argument 'cmake_target' from command line to 'None'
[2.026s] Level 5:colcon.colcon_core.verb:set package 'main_package' build argument 'cmake_target_skip_unavailable' from command line to 'False'
[2.026s] Level 5:colcon.colcon_core.verb:set package 'main_package' build argument 'cmake_clean_cache' from command line to 'False'
[2.026s] Level 5:colcon.colcon_core.verb:set package 'main_package' build argument 'cmake_clean_first' from command line to 'False'
[2.026s] Level 5:colcon.colcon_core.verb:set package 'main_package' build argument 'cmake_force_configure' from command line to 'False'
[2.026s] Level 5:colcon.colcon_core.verb:set package 'main_package' build argument 'ament_cmake_args' from command line to 'None'
[2.026s] Level 5:colcon.colcon_core.verb:set package 'main_package' build argument 'catkin_cmake_args' from command line to 'None'
[2.027s] Level 5:colcon.colcon_core.verb:set package 'main_package' build argument 'catkin_skip_building_tests' from command line to 'False'
[2.027s] DEBUG:colcon.colcon_core.verb:Building package 'main_package' with the following arguments: {'ament_cmake_args': None, 'build_base': '/home/ubuntu/Old_LV/aarush_ros/build/main_package', 'catkin_cmake_args': None, 'catkin_skip_building_tests': False, 'cmake_args': None, 'cmake_clean_cache': False, 'cmake_clean_first': False, 'cmake_force_configure': False, 'cmake_target': None, 'cmake_target_skip_unavailable': False, 'install_base': '/home/ubuntu/Old_LV/aarush_ros/install/main_package', 'merge_install': False, 'path': '/home/ubuntu/Old_LV/aarush_ros/src/main_package', 'symlink_install': False, 'test_result_base': None}
[2.031s] INFO:colcon.colcon_core.executor:Executing jobs using 'parallel' executor
[2.047s] DEBUG:colcon.colcon_parallel_executor.executor.parallel:run_until_complete
[2.048s] INFO:colcon.colcon_ros.task.ament_python.build:Building ROS package in '/home/ubuntu/Old_LV/aarush_ros/src/main_package' with build type 'ament_python'
[2.049s] Level 1:colcon.colcon_core.shell:create_environment_hook('main_package', 'ament_prefix_path')
[2.071s] INFO:colcon.colcon_core.plugin_system:Skipping extension 'colcon_core.shell.bat': Not used on non-Windows systems
[2.072s] INFO:colcon.colcon_core.shell:Creating environment hook '/home/ubuntu/Old_LV/aarush_ros/install/main_package/share/main_package/hook/ament_prefix_path.ps1'
[2.075s] INFO:colcon.colcon_core.shell:Creating environment descriptor '/home/ubuntu/Old_LV/aarush_ros/install/main_package/share/main_package/hook/ament_prefix_path.dsv'
[2.077s] INFO:colcon.colcon_core.shell:Creating environment hook '/home/ubuntu/Old_LV/aarush_ros/install/main_package/share/main_package/hook/ament_prefix_path.sh'
[2.085s] INFO:colcon.colcon_core.shell:Skip shell extension 'powershell' for command environment: Not usable outside of PowerShell
[2.085s] DEBUG:colcon.colcon_core.shell:Skip shell extension 'dsv' for command environment
[3.230s] INFO:colcon.colcon_core.task.python.build:Building Python package in '/home/ubuntu/Old_LV/aarush_ros/src/main_package'
[3.236s] INFO:colcon.colcon_core.shell:Skip shell extension 'powershell' for command environment: Not usable outside of PowerShell
[3.236s] DEBUG:colcon.colcon_core.shell:Skip shell extension 'dsv' for command environment
[4.663s] DEBUG:colcon.colcon_core.event_handler.log_command:Invoking command in '/home/ubuntu/Old_LV/aarush_ros/src/main_package': PYTHONPATH=/home/ubuntu/Old_LV/aarush_ros/build/main_package/prefix_override:/home/ubuntu/Old_LV/aarush_ros/install/main_package/lib/python3.10/site-packages:${PYTHONPATH} /usr/bin/python3 setup.py egg_info --egg-base ../../build/main_package build --build-base /home/ubuntu/Old_LV/aarush_ros/build/main_package/build install --record /home/ubuntu/Old_LV/aarush_ros/build/main_package/install.log --single-version-externally-managed
[5.971s] DEBUG:colcon.colcon_core.event_handler.log_command:Invoked command in '/home/ubuntu/Old_LV/aarush_ros/src/main_package' returned '0': PYTHONPATH=/home/ubuntu/Old_LV/aarush_ros/build/main_package/prefix_override:/home/ubuntu/Old_LV/aarush_ros/install/main_package/lib/python3.10/site-packages:${PYTHONPATH} /usr/bin/python3 setup.py egg_info --egg-base ../../build/main_package build --build-base /home/ubuntu/Old_LV/aarush_ros/build/main_package/build install --record /home/ubuntu/Old_LV/aarush_ros/build/main_package/install.log --single-version-externally-managed
[5.991s] Level 1:colcon.colcon_core.environment:checking '/home/ubuntu/Old_LV/aarush_ros/install/main_package' for CMake module files
[5.993s] Level 1:colcon.colcon_core.environment:checking '/home/ubuntu/Old_LV/aarush_ros/install/main_package' for CMake config files
[5.995s] Level 1:colcon.colcon_core.environment:checking '/home/ubuntu/Old_LV/aarush_ros/install/main_package/lib'
[5.996s] Level 1:colcon.colcon_core.environment:checking '/home/ubuntu/Old_LV/aarush_ros/install/main_package/bin'
[5.996s] Level 1:colcon.colcon_core.environment:checking '/home/ubuntu/Old_LV/aarush_ros/install/main_package/lib/pkgconfig/main_package.pc'
[5.997s] Level 1:colcon.colcon_core.environment:checking '/home/ubuntu/Old_LV/aarush_ros/install/main_package/lib/python3.10/site-packages'
[5.998s] Level 1:colcon.colcon_core.shell:create_environment_hook('main_package', 'pythonpath')
[6.005s] INFO:colcon.colcon_core.shell:Creating environment hook '/home/ubuntu/Old_LV/aarush_ros/install/main_package/share/main_package/hook/pythonpath.ps1'
[6.007s] INFO:colcon.colcon_core.shell:Creating environment descriptor '/home/ubuntu/Old_LV/aarush_ros/install/main_package/share/main_package/hook/pythonpath.dsv'
[6.009s] INFO:colcon.colcon_core.shell:Creating environment hook '/home/ubuntu/Old_LV/aarush_ros/install/main_package/share/main_package/hook/pythonpath.sh'
[6.013s] Level 1:colcon.colcon_core.environment:checking '/home/ubuntu/Old_LV/aarush_ros/install/main_package/bin'
[6.013s] Level 1:colcon.colcon_core.environment:create_environment_scripts_only(main_package)
[6.021s] INFO:colcon.colcon_core.shell:Creating package script '/home/ubuntu/Old_LV/aarush_ros/install/main_package/share/main_package/package.ps1'
[6.026s] INFO:colcon.colcon_core.shell:Creating package descriptor '/home/ubuntu/Old_LV/aarush_ros/install/main_package/share/main_package/package.dsv'
[6.030s] INFO:colcon.colcon_core.shell:Creating package script '/home/ubuntu/Old_LV/aarush_ros/install/main_package/share/main_package/package.sh'
[6.034s] INFO:colcon.colcon_core.shell:Creating package script '/home/ubuntu/Old_LV/aarush_ros/install/main_package/share/main_package/package.bash'
[6.037s] INFO:colcon.colcon_core.shell:Creating package script '/home/ubuntu/Old_LV/aarush_ros/install/main_package/share/main_package/package.zsh'
[6.040s] Level 1:colcon.colcon_core.environment:create_file_with_runtime_dependencies(/home/ubuntu/Old_LV/aarush_ros/install/main_package/share/colcon-core/packages/main_package)
[6.042s] DEBUG:colcon.colcon_parallel_executor.executor.parallel:closing loop
[6.043s] DEBUG:colcon.colcon_parallel_executor.executor.parallel:loop closed
[6.044s] DEBUG:colcon.colcon_parallel_executor.executor.parallel:run_until_complete finished with '0'
[6.044s] DEBUG:colcon.colcon_core.event_reactor:joining thread
[6.066s] INFO:colcon.colcon_core.plugin_system:Skipping extension 'colcon_notification.desktop_notification.terminal_notifier': Not used on non-Darwin systems
[6.066s] INFO:colcon.colcon_core.plugin_system:Skipping extension 'colcon_notification.desktop_notification.win32': Not used on non-Windows systems
[6.067s] INFO:colcon.colcon_notification.desktop_notification:Sending desktop notification using 'notify2'
[6.069s] DEBUG:colcon.colcon_notification.desktop_notification.notify2:Failed to initialize notify2: org.freedesktop.DBus.Error.ServiceUnknown: The name org.freedesktop.Notifications was not provided by any .service files
[6.070s] DEBUG:colcon.colcon_core.event_reactor:joined thread
[6.076s] INFO:colcon.colcon_core.shell:Creating prefix script '/home/ubuntu/Old_LV/aarush_ros/install/local_setup.ps1'
[6.081s] INFO:colcon.colcon_core.shell:Creating prefix util module '/home/ubuntu/Old_LV/aarush_ros/install/_local_setup_util_ps1.py'
[6.087s] INFO:colcon.colcon_core.shell:Creating prefix chain script '/home/ubuntu/Old_LV/aarush_ros/install/setup.ps1'
[6.094s] INFO:colcon.colcon_core.shell:Creating prefix script '/home/ubuntu/Old_LV/aarush_ros/install/local_setup.sh'
[6.096s] INFO:colcon.colcon_core.shell:Creating prefix util module '/home/ubuntu/Old_LV/aarush_ros/install/_local_setup_util_sh.py'
[6.099s] INFO:colcon.colcon_core.shell:Creating prefix chain script '/home/ubuntu/Old_LV/aarush_ros/install/setup.sh'
[6.105s] INFO:colcon.colcon_core.shell:Creating prefix script '/home/ubuntu/Old_LV/aarush_ros/install/local_setup.bash'
[6.107s] INFO:colcon.colcon_core.shell:Creating prefix chain script '/home/ubuntu/Old_LV/aarush_ros/install/setup.bash'
[6.113s] INFO:colcon.colcon_core.shell:Creating prefix script '/home/ubuntu/Old_LV/aarush_ros/install/local_setup.zsh'
[6.115s] INFO:colcon.colcon_core.shell:Creating prefix chain script '/home/ubuntu/Old_LV/aarush_ros/install/setup.zsh'
