[2.407s] Invoking command in '/home/ubuntu/Old_LV/aarush_ros/src/main_package': PYTHONPATH=/home/ubuntu/Old_LV/aarush_ros/build/main_package/prefix_override:/home/ubuntu/Old_LV/aarush_ros/install/main_package/lib/python3.10/site-packages:${PYTHONPATH} /usr/bin/python3 setup.py egg_info --egg-base ../../build/main_package build --build-base /home/ubuntu/Old_LV/aarush_ros/build/main_package/build install --record /home/ubuntu/Old_LV/aarush_ros/build/main_package/install.log --single-version-externally-managed
[3.361s] running egg_info
[3.364s] writing ../../build/main_package/main_package.egg-info/PKG-INFO
[3.365s] writing dependency_links to ../../build/main_package/main_package.egg-info/dependency_links.txt
[3.366s] writing entry points to ../../build/main_package/main_package.egg-info/entry_points.txt
[3.367s] writing requirements to ../../build/main_package/main_package.egg-info/requires.txt
[3.369s] writing top-level names to ../../build/main_package/main_package.egg-info/top_level.txt
[3.376s] reading manifest file '../../build/main_package/main_package.egg-info/SOURCES.txt'
[3.377s] adding license file 'LICENSE'
[3.379s] writing manifest file '../../build/main_package/main_package.egg-info/SOURCES.txt'
[3.380s] running build
[3.381s] running build_py
[3.381s] copying main_package/main_node.py -> /home/ubuntu/Old_LV/aarush_ros/build/main_package/build/lib/main_package
[3.384s] running install
[3.384s] /usr/lib/python3/dist-packages/setuptools/command/install.py:34: SetuptoolsDeprecationWarning: setup.py install is deprecated. Use build and pip and other standards-based tools.
[3.385s]   warnings.warn(
[3.385s] running install_lib
[3.390s] copying /home/ubuntu/Old_LV/aarush_ros/build/main_package/build/lib/main_package/main_node.py -> /home/ubuntu/Old_LV/aarush_ros/install/main_package/lib/python3.10/site-packages/main_package
[3.391s] byte-compiling /home/ubuntu/Old_LV/aarush_ros/install/main_package/lib/python3.10/site-packages/main_package/main_node.py to main_node.cpython-310.pyc
[3.398s]   File "/home/ubuntu/Old_LV/aarush_ros/install/main_package/lib/python3.10/site-packages/main_package/main_node.py", line 598
[3.399s]     final_data[bms_index+57:bms_index+59]    parsed_data[mc_index+0: mc_index+9] = can_sub_data[8:17]
[3.399s]                                              ^^^^^^^^^^^
[3.400s] SyntaxError: invalid syntax
[3.400s] 
[3.400s] running install_data
[3.406s] running install_egg_info
[3.408s] removing '/home/ubuntu/Old_LV/aarush_ros/install/main_package/lib/python3.10/site-packages/main_package-0.0.0-py3.10.egg-info' (and everything under it)
[3.409s] Copying ../../build/main_package/main_package.egg-info to /home/ubuntu/Old_LV/aarush_ros/install/main_package/lib/python3.10/site-packages/main_package-0.0.0-py3.10.egg-info
[3.412s] running install_scripts
[3.493s] Installing main_node script to /home/ubuntu/Old_LV/aarush_ros/install/main_package/lib/main_package
[3.494s] writing list of installed files to '/home/ubuntu/Old_LV/aarush_ros/build/main_package/install.log'
[3.620s] Invoked command in '/home/ubuntu/Old_LV/aarush_ros/src/main_package' returned '0': PYTHONPATH=/home/ubuntu/Old_LV/aarush_ros/build/main_package/prefix_override:/home/ubuntu/Old_LV/aarush_ros/install/main_package/lib/python3.10/site-packages:${PYTHONPATH} /usr/bin/python3 setup.py egg_info --egg-base ../../build/main_package build --build-base /home/ubuntu/Old_LV/aarush_ros/build/main_package/build install --record /home/ubuntu/Old_LV/aarush_ros/build/main_package/install.log --single-version-externally-managed
