[3.307s] Invoking command in '/home/ubuntu/Agnirath_LVS_Strategy/aarush_ros/src/imu_package': PYTHONPATH=/home/ubuntu/Agnirath_LVS_Strategy/aarush_ros/build/imu_package/prefix_override:/home/ubuntu/Agnirath_LVS_Strategy/aarush_ros/install/imu_package/lib/python3.10/site-packages:${PYTHONPATH} /usr/bin/python3 setup.py egg_info --egg-base ../../build/imu_package build --build-base /home/ubuntu/Agnirath_LVS_Strategy/aarush_ros/build/imu_package/build install --record /home/ubuntu/Agnirath_LVS_Strategy/aarush_ros/build/imu_package/install.log --single-version-externally-managed
[4.318s] running egg_info
[4.321s] writing ../../build/imu_package/imu_package.egg-info/PKG-INFO
[4.322s] writing dependency_links to ../../build/imu_package/imu_package.egg-info/dependency_links.txt
[4.323s] writing entry points to ../../build/imu_package/imu_package.egg-info/entry_points.txt
[4.324s] writing requirements to ../../build/imu_package/imu_package.egg-info/requires.txt
[4.324s] writing top-level names to ../../build/imu_package/imu_package.egg-info/top_level.txt
[4.334s] reading manifest file '../../build/imu_package/imu_package.egg-info/SOURCES.txt'
[4.335s] adding license file 'LICENSE'
[4.338s] writing manifest file '../../build/imu_package/imu_package.egg-info/SOURCES.txt'
[4.339s] running build
[4.339s] running build_py
[4.340s] running install
[4.341s] /usr/lib/python3/dist-packages/setuptools/command/install.py:34: SetuptoolsDeprecationWarning: setup.py install is deprecated. Use build and pip and other standards-based tools.
[4.342s]   warnings.warn(
[4.343s] running install_lib
[4.347s] running install_data
[4.350s] running install_egg_info
[4.357s] removing '/home/ubuntu/Agnirath_LVS_Strategy/aarush_ros/install/imu_package/lib/python3.10/site-packages/imu_package-0.0.0-py3.10.egg-info' (and everything under it)
[4.358s] Copying ../../build/imu_package/imu_package.egg-info to /home/ubuntu/Agnirath_LVS_Strategy/aarush_ros/install/imu_package/lib/python3.10/site-packages/imu_package-0.0.0-py3.10.egg-info
[4.363s] running install_scripts
[4.451s] Installing imu_node script to /home/ubuntu/Agnirath_LVS_Strategy/aarush_ros/install/imu_package/lib/imu_package
[4.453s] writing list of installed files to '/home/ubuntu/Agnirath_LVS_Strategy/aarush_ros/build/imu_package/install.log'
[4.606s] Invoked command in '/home/ubuntu/Agnirath_LVS_Strategy/aarush_ros/src/imu_package' returned '0': PYTHONPATH=/home/ubuntu/Agnirath_LVS_Strategy/aarush_ros/build/imu_package/prefix_override:/home/ubuntu/Agnirath_LVS_Strategy/aarush_ros/install/imu_package/lib/python3.10/site-packages:${PYTHONPATH} /usr/bin/python3 setup.py egg_info --egg-base ../../build/imu_package build --build-base /home/ubuntu/Agnirath_LVS_Strategy/aarush_ros/build/imu_package/build install --record /home/ubuntu/Agnirath_LVS_Strategy/aarush_ros/build/imu_package/install.log --single-version-externally-managed
