[4.281s] Invoking command in '/home/ubuntu/Old_LV/aarush_ros/src/gps_package': PYTHONPATH=/home/ubuntu/Old_LV/aarush_ros/build/gps_package/prefix_override:/home/ubuntu/Old_LV/aarush_ros/install/gps_package/lib/python3.10/site-packages:${PYTHONPATH} /usr/bin/python3 setup.py egg_info --egg-base ../../build/gps_package build --build-base /home/ubuntu/Old_LV/aarush_ros/build/gps_package/build install --record /home/ubuntu/Old_LV/aarush_ros/build/gps_package/install.log --single-version-externally-managed
[5.644s] running egg_info
[5.649s] writing ../../build/gps_package/gps_package.egg-info/PKG-INFO
[5.651s] writing dependency_links to ../../build/gps_package/gps_package.egg-info/dependency_links.txt
[5.654s] writing entry points to ../../build/gps_package/gps_package.egg-info/entry_points.txt
[5.656s] writing requirements to ../../build/gps_package/gps_package.egg-info/requires.txt
[5.658s] writing top-level names to ../../build/gps_package/gps_package.egg-info/top_level.txt
[5.671s] reading manifest file '../../build/gps_package/gps_package.egg-info/SOURCES.txt'
[5.672s] adding license file 'LICENSE'
[5.682s] writing manifest file '../../build/gps_package/gps_package.egg-info/SOURCES.txt'
[5.685s] running build
[5.688s] running build_py
[5.694s] running install
[5.694s] /usr/lib/python3/dist-packages/setuptools/command/install.py:34: SetuptoolsDeprecationWarning: setup.py install is deprecated. Use build and pip and other standards-based tools.
[5.694s]   warnings.warn(
[5.697s] running install_lib
[5.703s] running install_data
[5.706s] running install_egg_info
[5.714s] removing '/home/ubuntu/Old_LV/aarush_ros/install/gps_package/lib/python3.10/site-packages/gps_package-0.0.0-py3.10.egg-info' (and everything under it)
[5.728s] Copying ../../build/gps_package/gps_package.egg-info to /home/ubuntu/Old_LV/aarush_ros/install/gps_package/lib/python3.10/site-packages/gps_package-0.0.0-py3.10.egg-info
[5.752s] running install_scripts
[5.848s] Installing gps_node script to /home/ubuntu/Old_LV/aarush_ros/install/gps_package/lib/gps_package
[5.852s] writing list of installed files to '/home/ubuntu/Old_LV/aarush_ros/build/gps_package/install.log'
[6.035s] Invoked command in '/home/ubuntu/Old_LV/aarush_ros/src/gps_package' returned '0': PYTHONPATH=/home/ubuntu/Old_LV/aarush_ros/build/gps_package/prefix_override:/home/ubuntu/Old_LV/aarush_ros/install/gps_package/lib/python3.10/site-packages:${PYTHONPATH} /usr/bin/python3 setup.py egg_info --egg-base ../../build/gps_package build --build-base /home/ubuntu/Old_LV/aarush_ros/build/gps_package/build install --record /home/ubuntu/Old_LV/aarush_ros/build/gps_package/install.log --single-version-externally-managed
