[3.468s] Invoking command in '/home/jaay/Agnirath/Agnirath_LVS_Strategy/aarush_ros/src/rf_package': PYTHONPATH=/home/jaay/Agnirath/Agnirath_LVS_Strategy/aarush_ros/build/rf_package/prefix_override:/home/jaay/Agnirath/Agnirath_LVS_Strategy/aarush_ros/install/rf_package/lib/python3.10/site-packages:${PYTHONPATH} /usr/bin/python3 setup.py egg_info --egg-base ../../build/rf_package build --build-base /home/jaay/Agnirath/Agnirath_LVS_Strategy/aarush_ros/build/rf_package/build install --record /home/jaay/Agnirath/Agnirath_LVS_Strategy/aarush_ros/build/rf_package/install.log --single-version-externally-managed
[3.838s] running egg_info
[3.838s] writing ../../build/rf_package/rf_package.egg-info/PKG-INFO
[3.838s] writing dependency_links to ../../build/rf_package/rf_package.egg-info/dependency_links.txt
[3.838s] writing entry points to ../../build/rf_package/rf_package.egg-info/entry_points.txt
[3.838s] writing requirements to ../../build/rf_package/rf_package.egg-info/requires.txt
[3.838s] writing top-level names to ../../build/rf_package/rf_package.egg-info/top_level.txt
[3.838s] reading manifest file '../../build/rf_package/rf_package.egg-info/SOURCES.txt'
[3.839s] adding license file 'LICENSE'
[3.839s] writing manifest file '../../build/rf_package/rf_package.egg-info/SOURCES.txt'
[3.839s] running build
[3.839s] running build_py
[3.839s] running install
[3.839s] running install_lib
[3.839s] running install_data
[3.840s] running install_egg_info
[3.840s] removing '/home/jaay/Agnirath/Agnirath_LVS_Strategy/aarush_ros/install/rf_package/lib/python3.10/site-packages/rf_package-0.0.0-py3.10.egg-info' (and everything under it)
[3.841s] Copying ../../build/rf_package/rf_package.egg-info to /home/jaay/Agnirath/Agnirath_LVS_Strategy/aarush_ros/install/rf_package/lib/python3.10/site-packages/rf_package-0.0.0-py3.10.egg-info
[3.841s] running install_scripts
[3.858s] Installing rf_node script to /home/jaay/Agnirath/Agnirath_LVS_Strategy/aarush_ros/install/rf_package/lib/rf_package
[3.859s] writing list of installed files to '/home/jaay/Agnirath/Agnirath_LVS_Strategy/aarush_ros/build/rf_package/install.log'
[3.901s] Invoked command in '/home/jaay/Agnirath/Agnirath_LVS_Strategy/aarush_ros/src/rf_package' returned '0': PYTHONPATH=/home/jaay/Agnirath/Agnirath_LVS_Strategy/aarush_ros/build/rf_package/prefix_override:/home/jaay/Agnirath/Agnirath_LVS_Strategy/aarush_ros/install/rf_package/lib/python3.10/site-packages:${PYTHONPATH} /usr/bin/python3 setup.py egg_info --egg-base ../../build/rf_package build --build-base /home/jaay/Agnirath/Agnirath_LVS_Strategy/aarush_ros/build/rf_package/build install --record /home/jaay/Agnirath/Agnirath_LVS_Strategy/aarush_ros/build/rf_package/install.log --single-version-externally-managed
