[2.505s] Invoking command in '/home/ubuntu/Agnirath_LVS_Strategy/aarush_ros/src/gps_package': PYTHONPATH=/home/ubuntu/Agnirath_LVS_Strategy/aarush_ros/build/gps_package/prefix_override:/home/ubuntu/Agnirath_LVS_Strategy/aarush_ros/install/gps_package/lib/python3.10/site-packages:${PYTHONPATH} /usr/bin/python3 setup.py egg_info --egg-base ../../build/gps_package build --build-base /home/ubuntu/Agnirath_LVS_Strategy/aarush_ros/build/gps_package/build install --record /home/ubuntu/Agnirath_LVS_Strategy/aarush_ros/build/gps_package/install.log --single-version-externally-managed
[3.545s] running egg_info
[3.547s] writing ../../build/gps_package/gps_package.egg-info/PKG-INFO
[3.550s] writing dependency_links to ../../build/gps_package/gps_package.egg-info/dependency_links.txt
[3.552s] writing entry points to ../../build/gps_package/gps_package.egg-info/entry_points.txt
[3.554s] writing requirements to ../../build/gps_package/gps_package.egg-info/requires.txt
[3.555s] writing top-level names to ../../build/gps_package/gps_package.egg-info/top_level.txt
[3.568s] reading manifest file '../../build/gps_package/gps_package.egg-info/SOURCES.txt'
[3.571s] adding license file 'LICENSE'
[3.576s] writing manifest file '../../build/gps_package/gps_package.egg-info/SOURCES.txt'
[3.578s] running build
[3.578s] running build_py
[3.582s] running install
[3.583s] /usr/lib/python3/dist-packages/setuptools/command/install.py:34: SetuptoolsDeprecationWarning: setup.py install is deprecated. Use build and pip and other standards-based tools.
[3.584s]   warnings.warn(
[3.587s] running install_lib
[3.594s] running install_data
[3.598s] running install_egg_info
[3.607s] removing '/home/ubuntu/Agnirath_LVS_Strategy/aarush_ros/install/gps_package/lib/python3.10/site-packages/gps_package-0.0.0-py3.10.egg-info' (and everything under it)
[3.610s] Copying ../../build/gps_package/gps_package.egg-info to /home/ubuntu/Agnirath_LVS_Strategy/aarush_ros/install/gps_package/lib/python3.10/site-packages/gps_package-0.0.0-py3.10.egg-info
[3.616s] running install_scripts
[3.715s] Installing gps_node script to /home/ubuntu/Agnirath_LVS_Strategy/aarush_ros/install/gps_package/lib/gps_package
[3.717s] writing list of installed files to '/home/ubuntu/Agnirath_LVS_Strategy/aarush_ros/build/gps_package/install.log'
[3.862s] Invoked command in '/home/ubuntu/Agnirath_LVS_Strategy/aarush_ros/src/gps_package' returned '0': PYTHONPATH=/home/ubuntu/Agnirath_LVS_Strategy/aarush_ros/build/gps_package/prefix_override:/home/ubuntu/Agnirath_LVS_Strategy/aarush_ros/install/gps_package/lib/python3.10/site-packages:${PYTHONPATH} /usr/bin/python3 setup.py egg_info --egg-base ../../build/gps_package build --build-base /home/ubuntu/Agnirath_LVS_Strategy/aarush_ros/build/gps_package/build install --record /home/ubuntu/Agnirath_LVS_Strategy/aarush_ros/build/gps_package/install.log --single-version-externally-managed
