[3.294s] Invoking command in '/home/veadesh/Agnirath/Agnirath_LVS_Strategy/aarush_ros/src/display_package': CONDA_PROMPT_MODIFIER=(base) PYTHONPATH=/home/veadesh/Agnirath/Agnirath_LVS_Strategy/aarush_ros/build/display_package/prefix_override:/home/veadesh/Agnirath/Agnirath_LVS_Strategy/aarush_ros/install/display_package/lib/python3.10/site-packages:${PYTHONPATH} /usr/bin/python3 setup.py egg_info --egg-base ../../build/display_package build --build-base /home/veadesh/Agnirath/Agnirath_LVS_Strategy/aarush_ros/build/display_package/build install --record /home/veadesh/Agnirath/Agnirath_LVS_Strategy/aarush_ros/build/display_package/install.log --single-version-externally-managed
[3.705s] running egg_info
[3.706s] writing ../../build/display_package/display_package.egg-info/PKG-INFO
[3.707s] writing dependency_links to ../../build/display_package/display_package.egg-info/dependency_links.txt
[3.708s] writing entry points to ../../build/display_package/display_package.egg-info/entry_points.txt
[3.708s] writing requirements to ../../build/display_package/display_package.egg-info/requires.txt
[3.708s] writing top-level names to ../../build/display_package/display_package.egg-info/top_level.txt
[3.711s] reading manifest file '../../build/display_package/display_package.egg-info/SOURCES.txt'
[3.712s] adding license file 'LICENSE'
[3.713s] writing manifest file '../../build/display_package/display_package.egg-info/SOURCES.txt'
[3.713s] running build
[3.714s] running build_py
[3.714s] running install
[3.714s] /usr/lib/python3/dist-packages/setuptools/command/install.py:34: SetuptoolsDeprecationWarning: setup.py install is deprecated. Use build and pip and other standards-based tools.
[3.714s]   warnings.warn(
[3.714s] running install_lib
[3.715s] running install_data
[3.716s] running install_egg_info
[3.717s] removing '/home/veadesh/Agnirath/Agnirath_LVS_Strategy/aarush_ros/install/display_package/lib/python3.10/site-packages/display_package-0.0.0-py3.10.egg-info' (and everything under it)
[3.717s] Copying ../../build/display_package/display_package.egg-info to /home/veadesh/Agnirath/Agnirath_LVS_Strategy/aarush_ros/install/display_package/lib/python3.10/site-packages/display_package-0.0.0-py3.10.egg-info
[3.718s] running install_scripts
[3.735s] Installing display_node script to /home/veadesh/Agnirath/Agnirath_LVS_Strategy/aarush_ros/install/display_package/lib/display_package
[3.735s] writing list of installed files to '/home/veadesh/Agnirath/Agnirath_LVS_Strategy/aarush_ros/build/display_package/install.log'
[3.766s] Invoked command in '/home/veadesh/Agnirath/Agnirath_LVS_Strategy/aarush_ros/src/display_package' returned '0': CONDA_PROMPT_MODIFIER=(base) PYTHONPATH=/home/veadesh/Agnirath/Agnirath_LVS_Strategy/aarush_ros/build/display_package/prefix_override:/home/veadesh/Agnirath/Agnirath_LVS_Strategy/aarush_ros/install/display_package/lib/python3.10/site-packages:${PYTHONPATH} /usr/bin/python3 setup.py egg_info --egg-base ../../build/display_package build --build-base /home/veadesh/Agnirath/Agnirath_LVS_Strategy/aarush_ros/build/display_package/build install --record /home/veadesh/Agnirath/Agnirath_LVS_Strategy/aarush_ros/build/display_package/install.log --single-version-externally-managed
