[2.626s] Invoking command in '/home/ubuntu/Agnirath_LVS_Strategy/aarush_ros/src/mppt_package': PYTHONPATH=/home/ubuntu/Agnirath_LVS_Strategy/aarush_ros/build/mppt_package/prefix_override:/home/ubuntu/Agnirath_LVS_Strategy/aarush_ros/install/mppt_package/lib/python3.10/site-packages:${PYTHONPATH} /usr/bin/python3 setup.py egg_info --egg-base ../../build/mppt_package build --build-base /home/ubuntu/Agnirath_LVS_Strategy/aarush_ros/build/mppt_package/build install --record /home/ubuntu/Agnirath_LVS_Strategy/aarush_ros/build/mppt_package/install.log --single-version-externally-managed
[3.690s] running egg_info
[3.694s] writing ../../build/mppt_package/mppt_package.egg-info/PKG-INFO
[3.696s] writing dependency_links to ../../build/mppt_package/mppt_package.egg-info/dependency_links.txt
[3.698s] writing entry points to ../../build/mppt_package/mppt_package.egg-info/entry_points.txt
[3.699s] writing requirements to ../../build/mppt_package/mppt_package.egg-info/requires.txt
[3.700s] writing top-level names to ../../build/mppt_package/mppt_package.egg-info/top_level.txt
[3.710s] reading manifest file '../../build/mppt_package/mppt_package.egg-info/SOURCES.txt'
[3.712s] adding license file 'LICENSE'
[3.715s] writing manifest file '../../build/mppt_package/mppt_package.egg-info/SOURCES.txt'
[3.717s] running build
[3.717s] running build_py
[3.719s] running install
[3.720s] /usr/lib/python3/dist-packages/setuptools/command/install.py:34: SetuptoolsDeprecationWarning: setup.py install is deprecated. Use build and pip and other standards-based tools.
[3.721s]   warnings.warn(
[3.721s] running install_lib
[3.726s] running install_data
[3.728s] running install_egg_info
[3.735s] removing '/home/ubuntu/Agnirath_LVS_Strategy/aarush_ros/install/mppt_package/lib/python3.10/site-packages/mppt_package-0.0.0-py3.10.egg-info' (and everything under it)
[3.736s] Copying ../../build/mppt_package/mppt_package.egg-info to /home/ubuntu/Agnirath_LVS_Strategy/aarush_ros/install/mppt_package/lib/python3.10/site-packages/mppt_package-0.0.0-py3.10.egg-info
[3.740s] running install_scripts
[3.821s] Installing mppt_node script to /home/ubuntu/Agnirath_LVS_Strategy/aarush_ros/install/mppt_package/lib/mppt_package
[3.822s] writing list of installed files to '/home/ubuntu/Agnirath_LVS_Strategy/aarush_ros/build/mppt_package/install.log'
[4.107s] Invoked command in '/home/ubuntu/Agnirath_LVS_Strategy/aarush_ros/src/mppt_package' returned '0': PYTHONPATH=/home/ubuntu/Agnirath_LVS_Strategy/aarush_ros/build/mppt_package/prefix_override:/home/ubuntu/Agnirath_LVS_Strategy/aarush_ros/install/mppt_package/lib/python3.10/site-packages:${PYTHONPATH} /usr/bin/python3 setup.py egg_info --egg-base ../../build/mppt_package build --build-base /home/ubuntu/Agnirath_LVS_Strategy/aarush_ros/build/mppt_package/build install --record /home/ubuntu/Agnirath_LVS_Strategy/aarush_ros/build/mppt_package/install.log --single-version-externally-managed
