[3.287s] Invoking command in '/home/jaay/Agnirath/Agnirath_LVS_Strategy/aarush_ros/src/main_package': PYTHONPATH=/home/jaay/Agnirath/Agnirath_LVS_Strategy/aarush_ros/build/main_package/prefix_override:/home/jaay/Agnirath/Agnirath_LVS_Strategy/aarush_ros/install/main_package/lib/python3.10/site-packages:${PYTHONPATH} /usr/bin/python3 setup.py egg_info --egg-base ../../build/main_package build --build-base /home/jaay/Agnirath/Agnirath_LVS_Strategy/aarush_ros/build/main_package/build install --record /home/jaay/Agnirath/Agnirath_LVS_Strategy/aarush_ros/build/main_package/install.log --single-version-externally-managed
[3.751s] running egg_info
[3.752s] writing ../../build/main_package/main_package.egg-info/PKG-INFO
[3.752s] writing dependency_links to ../../build/main_package/main_package.egg-info/dependency_links.txt
[3.753s] writing entry points to ../../build/main_package/main_package.egg-info/entry_points.txt
[3.753s] writing requirements to ../../build/main_package/main_package.egg-info/requires.txt
[3.753s] writing top-level names to ../../build/main_package/main_package.egg-info/top_level.txt
[3.755s] reading manifest file '../../build/main_package/main_package.egg-info/SOURCES.txt'
[3.756s] adding license file 'LICENSE'
[3.757s] writing manifest file '../../build/main_package/main_package.egg-info/SOURCES.txt'
[3.757s] running build
[3.757s] running build_py
[3.757s] copying main_package/main_node.py -> /home/jaay/Agnirath/Agnirath_LVS_Strategy/aarush_ros/build/main_package/build/lib/main_package
[3.757s] running install
[3.758s] running install_lib
[3.759s] copying /home/jaay/Agnirath/Agnirath_LVS_Strategy/aarush_ros/build/main_package/build/lib/main_package/main_node.py -> /home/jaay/Agnirath/Agnirath_LVS_Strategy/aarush_ros/install/main_package/lib/python3.10/site-packages/main_package
[3.760s] byte-compiling /home/jaay/Agnirath/Agnirath_LVS_Strategy/aarush_ros/install/main_package/lib/python3.10/site-packages/main_package/main_node.py to main_node.cpython-310.pyc
[3.763s] running install_data
[3.764s] running install_egg_info
[3.766s] removing '/home/jaay/Agnirath/Agnirath_LVS_Strategy/aarush_ros/install/main_package/lib/python3.10/site-packages/main_package-0.0.0-py3.10.egg-info' (and everything under it)
[3.767s] Copying ../../build/main_package/main_package.egg-info to /home/jaay/Agnirath/Agnirath_LVS_Strategy/aarush_ros/install/main_package/lib/python3.10/site-packages/main_package-0.0.0-py3.10.egg-info
[3.767s] running install_scripts
[3.793s] Installing main_node script to /home/jaay/Agnirath/Agnirath_LVS_Strategy/aarush_ros/install/main_package/lib/main_package
[3.793s] writing list of installed files to '/home/jaay/Agnirath/Agnirath_LVS_Strategy/aarush_ros/build/main_package/install.log'
[3.845s] Invoked command in '/home/jaay/Agnirath/Agnirath_LVS_Strategy/aarush_ros/src/main_package' returned '0': PYTHONPATH=/home/jaay/Agnirath/Agnirath_LVS_Strategy/aarush_ros/build/main_package/prefix_override:/home/jaay/Agnirath/Agnirath_LVS_Strategy/aarush_ros/install/main_package/lib/python3.10/site-packages:${PYTHONPATH} /usr/bin/python3 setup.py egg_info --egg-base ../../build/main_package build --build-base /home/jaay/Agnirath/Agnirath_LVS_Strategy/aarush_ros/build/main_package/build install --record /home/jaay/Agnirath/Agnirath_LVS_Strategy/aarush_ros/build/main_package/install.log --single-version-externally-managed
