[3.796s] Invoking command in '/home/jaay/Agnirath/Agnirath_LVS_Strategy/aarush_ros/src/gps_package': PYTHONPATH=/home/jaay/Agnirath/Agnirath_LVS_Strategy/aarush_ros/build/gps_package/prefix_override:/home/jaay/Agnirath/Agnirath_LVS_Strategy/aarush_ros/install/gps_package/lib/python3.10/site-packages:${PYTHONPATH} /usr/bin/python3 setup.py egg_info --egg-base ../../build/gps_package build --build-base /home/jaay/Agnirath/Agnirath_LVS_Strategy/aarush_ros/build/gps_package/build install --record /home/jaay/Agnirath/Agnirath_LVS_Strategy/aarush_ros/build/gps_package/install.log --single-version-externally-managed
[3.978s] running egg_info
[3.979s] writing ../../build/gps_package/gps_package.egg-info/PKG-INFO
[3.979s] writing dependency_links to ../../build/gps_package/gps_package.egg-info/dependency_links.txt
[3.979s] writing entry points to ../../build/gps_package/gps_package.egg-info/entry_points.txt
[3.979s] writing requirements to ../../build/gps_package/gps_package.egg-info/requires.txt
[3.980s] writing top-level names to ../../build/gps_package/gps_package.egg-info/top_level.txt
[3.983s] reading manifest file '../../build/gps_package/gps_package.egg-info/SOURCES.txt'
[3.983s] adding license file 'LICENSE'
[3.984s] writing manifest file '../../build/gps_package/gps_package.egg-info/SOURCES.txt'
[3.984s] running build
[3.984s] running build_py
[3.984s] running install
[3.984s] /usr/lib/python3/dist-packages/setuptools/command/install.py:34: SetuptoolsDeprecationWarning: setup.py install is deprecated. Use build and pip and other standards-based tools.
[3.984s]   warnings.warn(
[3.985s] running install_lib
[3.986s] running install_data
[3.986s] running install_egg_info
[3.988s] removing '/home/jaay/Agnirath/Agnirath_LVS_Strategy/aarush_ros/install/gps_package/lib/python3.10/site-packages/gps_package-0.0.0-py3.10.egg-info' (and everything under it)
[3.988s] Copying ../../build/gps_package/gps_package.egg-info to /home/jaay/Agnirath/Agnirath_LVS_Strategy/aarush_ros/install/gps_package/lib/python3.10/site-packages/gps_package-0.0.0-py3.10.egg-info
[3.989s] running install_scripts
[4.010s] Installing gps_node script to /home/jaay/Agnirath/Agnirath_LVS_Strategy/aarush_ros/install/gps_package/lib/gps_package
[4.011s] writing list of installed files to '/home/jaay/Agnirath/Agnirath_LVS_Strategy/aarush_ros/build/gps_package/install.log'
[4.049s] Invoked command in '/home/jaay/Agnirath/Agnirath_LVS_Strategy/aarush_ros/src/gps_package' returned '0': PYTHONPATH=/home/jaay/Agnirath/Agnirath_LVS_Strategy/aarush_ros/build/gps_package/prefix_override:/home/jaay/Agnirath/Agnirath_LVS_Strategy/aarush_ros/install/gps_package/lib/python3.10/site-packages:${PYTHONPATH} /usr/bin/python3 setup.py egg_info --egg-base ../../build/gps_package build --build-base /home/jaay/Agnirath/Agnirath_LVS_Strategy/aarush_ros/build/gps_package/build install --record /home/jaay/Agnirath/Agnirath_LVS_Strategy/aarush_ros/build/gps_package/install.log --single-version-externally-managed
