[3.474s] Invoking command in '/home/jaay/Agnirath/Agnirath_LVS_Strategy/aarush_ros/src/display_package': PYTHONPATH=/home/jaay/Agnirath/Agnirath_LVS_Strategy/aarush_ros/build/display_package/prefix_override:/home/jaay/Agnirath/Agnirath_LVS_Strategy/aarush_ros/install/display_package/lib/python3.10/site-packages:${PYTHONPATH} /usr/bin/python3 setup.py egg_info --egg-base ../../build/display_package build --build-base /home/jaay/Agnirath/Agnirath_LVS_Strategy/aarush_ros/build/display_package/build install --record /home/jaay/Agnirath/Agnirath_LVS_Strategy/aarush_ros/build/display_package/install.log --single-version-externally-managed
[3.903s] running egg_info
[3.904s] writing ../../build/display_package/display_package.egg-info/PKG-INFO
[3.904s] writing dependency_links to ../../build/display_package/display_package.egg-info/dependency_links.txt
[3.904s] writing entry points to ../../build/display_package/display_package.egg-info/entry_points.txt
[3.904s] writing requirements to ../../build/display_package/display_package.egg-info/requires.txt
[3.904s] writing top-level names to ../../build/display_package/display_package.egg-info/top_level.txt
[3.907s] reading manifest file '../../build/display_package/display_package.egg-info/SOURCES.txt'
[3.907s] adding license file 'LICENSE'
[3.908s] writing manifest file '../../build/display_package/display_package.egg-info/SOURCES.txt'
[3.908s] running build
[3.908s] running build_py
[3.908s] running install
[3.909s] running install_lib
[3.910s] running install_data
[3.911s] running install_egg_info
[3.912s] removing '/home/jaay/Agnirath/Agnirath_LVS_Strategy/aarush_ros/install/display_package/lib/python3.10/site-packages/display_package-0.0.0-py3.10.egg-info' (and everything under it)
[3.913s] Copying ../../build/display_package/display_package.egg-info to /home/jaay/Agnirath/Agnirath_LVS_Strategy/aarush_ros/install/display_package/lib/python3.10/site-packages/display_package-0.0.0-py3.10.egg-info
[3.913s] running install_scripts
[3.934s] Installing display_node script to /home/jaay/Agnirath/Agnirath_LVS_Strategy/aarush_ros/install/display_package/lib/display_package
[3.935s] writing list of installed files to '/home/jaay/Agnirath/Agnirath_LVS_Strategy/aarush_ros/build/display_package/install.log'
[3.974s] Invoked command in '/home/jaay/Agnirath/Agnirath_LVS_Strategy/aarush_ros/src/display_package' returned '0': PYTHONPATH=/home/jaay/Agnirath/Agnirath_LVS_Strategy/aarush_ros/build/display_package/prefix_override:/home/jaay/Agnirath/Agnirath_LVS_Strategy/aarush_ros/install/display_package/lib/python3.10/site-packages:${PYTHONPATH} /usr/bin/python3 setup.py egg_info --egg-base ../../build/display_package build --build-base /home/jaay/Agnirath/Agnirath_LVS_Strategy/aarush_ros/build/display_package/build install --record /home/jaay/Agnirath/Agnirath_LVS_Strategy/aarush_ros/build/display_package/install.log --single-version-externally-managed
