[2.726s] Invoking command in '/home/jaay/Agnirath/Agnirath_LVS_Strategy/aarush_ros/src/rf_package': PYTHONPATH=/home/jaay/Agnirath/Agnirath_LVS_Strategy/aarush_ros/build/rf_package/prefix_override:/home/jaay/Agnirath/Agnirath_LVS_Strategy/aarush_ros/install/rf_package/lib/python3.10/site-packages:${PYTHONPATH} /usr/bin/python3 setup.py egg_info --egg-base ../../build/rf_package build --build-base /home/jaay/Agnirath/Agnirath_LVS_Strategy/aarush_ros/build/rf_package/build install --record /home/jaay/Agnirath/Agnirath_LVS_Strategy/aarush_ros/build/rf_package/install.log --single-version-externally-managed
[2.940s] running egg_info
[2.941s] writing ../../build/rf_package/rf_package.egg-info/PKG-INFO
[2.941s] writing dependency_links to ../../build/rf_package/rf_package.egg-info/dependency_links.txt
[2.941s] writing entry points to ../../build/rf_package/rf_package.egg-info/entry_points.txt
[2.941s] writing requirements to ../../build/rf_package/rf_package.egg-info/requires.txt
[2.941s] writing top-level names to ../../build/rf_package/rf_package.egg-info/top_level.txt
[2.944s] reading manifest file '../../build/rf_package/rf_package.egg-info/SOURCES.txt'
[2.944s] adding license file 'LICENSE'
[2.945s] writing manifest file '../../build/rf_package/rf_package.egg-info/SOURCES.txt'
[2.945s] running build
[2.945s] running build_py
[2.946s] running install
[2.946s] running install_lib
[2.947s] running install_data
[2.948s] running install_egg_info
[2.949s] removing '/home/jaay/Agnirath/Agnirath_LVS_Strategy/aarush_ros/install/rf_package/lib/python3.10/site-packages/rf_package-0.0.0-py3.10.egg-info' (and everything under it)
[2.950s] Copying ../../build/rf_package/rf_package.egg-info to /home/jaay/Agnirath/Agnirath_LVS_Strategy/aarush_ros/install/rf_package/lib/python3.10/site-packages/rf_package-0.0.0-py3.10.egg-info
[2.950s] running install_scripts
[2.976s] Installing rf_node script to /home/jaay/Agnirath/Agnirath_LVS_Strategy/aarush_ros/install/rf_package/lib/rf_package
[2.977s] writing list of installed files to '/home/jaay/Agnirath/Agnirath_LVS_Strategy/aarush_ros/build/rf_package/install.log'
[3.037s] Invoked command in '/home/jaay/Agnirath/Agnirath_LVS_Strategy/aarush_ros/src/rf_package' returned '0': PYTHONPATH=/home/jaay/Agnirath/Agnirath_LVS_Strategy/aarush_ros/build/rf_package/prefix_override:/home/jaay/Agnirath/Agnirath_LVS_Strategy/aarush_ros/install/rf_package/lib/python3.10/site-packages:${PYTHONPATH} /usr/bin/python3 setup.py egg_info --egg-base ../../build/rf_package build --build-base /home/jaay/Agnirath/Agnirath_LVS_Strategy/aarush_ros/build/rf_package/build install --record /home/jaay/Agnirath/Agnirath_LVS_Strategy/aarush_ros/build/rf_package/install.log --single-version-externally-managed
