[3.710s] Invoking command in '/home/jaay/Agnirath/Agnirath_LVS_Strategy/aarush_ros/src/my_package': PYTHONPATH=/home/jaay/Agnirath/Agnirath_LVS_Strategy/aarush_ros/build/my_package/prefix_override:/home/jaay/Agnirath/Agnirath_LVS_Strategy/aarush_ros/install/my_package/lib/python3.10/site-packages:${PYTHONPATH} /usr/bin/python3 setup.py egg_info --egg-base ../../build/my_package build --build-base /home/jaay/Agnirath/Agnirath_LVS_Strategy/aarush_ros/build/my_package/build install --record /home/jaay/Agnirath/Agnirath_LVS_Strategy/aarush_ros/build/my_package/install.log --single-version-externally-managed
[4.090s] running egg_info
[4.091s] writing ../../build/my_package/my_package.egg-info/PKG-INFO
[4.091s] writing dependency_links to ../../build/my_package/my_package.egg-info/dependency_links.txt
[4.092s] writing entry points to ../../build/my_package/my_package.egg-info/entry_points.txt
[4.092s] writing requirements to ../../build/my_package/my_package.egg-info/requires.txt
[4.092s] writing top-level names to ../../build/my_package/my_package.egg-info/top_level.txt
[4.097s] reading manifest file '../../build/my_package/my_package.egg-info/SOURCES.txt'
[4.098s] adding license file 'LICENSE'
[4.098s] writing manifest file '../../build/my_package/my_package.egg-info/SOURCES.txt'
[4.099s] running build
[4.099s] running build_py
[4.099s] running install
[4.099s] /usr/lib/python3/dist-packages/setuptools/command/install.py:34: SetuptoolsDeprecationWarning: setup.py install is deprecated. Use build and pip and other standards-based tools.
[4.099s]   warnings.warn(
[4.100s] running install_lib
[4.101s] running install_data
[4.102s] running install_egg_info
[4.104s] removing '/home/jaay/Agnirath/Agnirath_LVS_Strategy/aarush_ros/install/my_package/lib/python3.10/site-packages/my_package-0.0.0-py3.10.egg-info' (and everything under it)
[4.105s] Copying ../../build/my_package/my_package.egg-info to /home/jaay/Agnirath/Agnirath_LVS_Strategy/aarush_ros/install/my_package/lib/python3.10/site-packages/my_package-0.0.0-py3.10.egg-info
[4.106s] running install_scripts
[4.136s] Installing my_node script to /home/jaay/Agnirath/Agnirath_LVS_Strategy/aarush_ros/install/my_package/lib/my_package
[4.136s] writing list of installed files to '/home/jaay/Agnirath/Agnirath_LVS_Strategy/aarush_ros/build/my_package/install.log'
[4.213s] Invoked command in '/home/jaay/Agnirath/Agnirath_LVS_Strategy/aarush_ros/src/my_package' returned '0': PYTHONPATH=/home/jaay/Agnirath/Agnirath_LVS_Strategy/aarush_ros/build/my_package/prefix_override:/home/jaay/Agnirath/Agnirath_LVS_Strategy/aarush_ros/install/my_package/lib/python3.10/site-packages:${PYTHONPATH} /usr/bin/python3 setup.py egg_info --egg-base ../../build/my_package build --build-base /home/jaay/Agnirath/Agnirath_LVS_Strategy/aarush_ros/build/my_package/build install --record /home/jaay/Agnirath/Agnirath_LVS_Strategy/aarush_ros/build/my_package/install.log --single-version-externally-managed
