[2.360s] Invoking command in '/home/ubuntu/Old_LV/aarush_ros/src/mppt_package': PYTHONPATH=/home/ubuntu/Old_LV/aarush_ros/build/mppt_package/prefix_override:/home/ubuntu/Old_LV/aarush_ros/install/mppt_package/lib/python3.10/site-packages:${PYTHONPATH} /usr/bin/python3 setup.py egg_info --egg-base ../../build/mppt_package build --build-base /home/ubuntu/Old_LV/aarush_ros/build/mppt_package/build install --record /home/ubuntu/Old_LV/aarush_ros/build/mppt_package/install.log --single-version-externally-managed
[3.289s] running egg_info
[3.293s] writing ../../build/mppt_package/mppt_package.egg-info/PKG-INFO
[3.294s] writing dependency_links to ../../build/mppt_package/mppt_package.egg-info/dependency_links.txt
[3.295s] writing entry points to ../../build/mppt_package/mppt_package.egg-info/entry_points.txt
[3.296s] writing requirements to ../../build/mppt_package/mppt_package.egg-info/requires.txt
[3.297s] writing top-level names to ../../build/mppt_package/mppt_package.egg-info/top_level.txt
[3.305s] reading manifest file '../../build/mppt_package/mppt_package.egg-info/SOURCES.txt'
[3.307s] adding license file 'LICENSE'
[3.310s] writing manifest file '../../build/mppt_package/mppt_package.egg-info/SOURCES.txt'
[3.310s] running build
[3.311s] running build_py
[3.312s] copying mppt_package/mppt_node.py -> /home/ubuntu/Old_LV/aarush_ros/build/mppt_package/build/lib/mppt_package
[3.313s] running install
[3.314s] /usr/lib/python3/dist-packages/setuptools/command/install.py:34: SetuptoolsDeprecationWarning: setup.py install is deprecated. Use build and pip and other standards-based tools.
[3.328s]   warnings.warn(
[3.333s] running install_lib
[3.335s] copying /home/ubuntu/Old_LV/aarush_ros/build/mppt_package/build/lib/mppt_package/mppt_node.py -> /home/ubuntu/Old_LV/aarush_ros/install/mppt_package/lib/python3.10/site-packages/mppt_package
[3.337s] byte-compiling /home/ubuntu/Old_LV/aarush_ros/install/mppt_package/lib/python3.10/site-packages/mppt_package/mppt_node.py to mppt_node.cpython-310.pyc
[3.340s] running install_data
[3.342s] running install_egg_info
[3.349s] removing '/home/ubuntu/Old_LV/aarush_ros/install/mppt_package/lib/python3.10/site-packages/mppt_package-0.0.0-py3.10.egg-info' (and everything under it)
[3.350s] Copying ../../build/mppt_package/mppt_package.egg-info to /home/ubuntu/Old_LV/aarush_ros/install/mppt_package/lib/python3.10/site-packages/mppt_package-0.0.0-py3.10.egg-info
[3.354s] running install_scripts
[3.433s] Installing mppt_node script to /home/ubuntu/Old_LV/aarush_ros/install/mppt_package/lib/mppt_package
[3.434s] writing list of installed files to '/home/ubuntu/Old_LV/aarush_ros/build/mppt_package/install.log'
[3.568s] Invoked command in '/home/ubuntu/Old_LV/aarush_ros/src/mppt_package' returned '0': PYTHONPATH=/home/ubuntu/Old_LV/aarush_ros/build/mppt_package/prefix_override:/home/ubuntu/Old_LV/aarush_ros/install/mppt_package/lib/python3.10/site-packages:${PYTHONPATH} /usr/bin/python3 setup.py egg_info --egg-base ../../build/mppt_package build --build-base /home/ubuntu/Old_LV/aarush_ros/build/mppt_package/build install --record /home/ubuntu/Old_LV/aarush_ros/build/mppt_package/install.log --single-version-externally-managed
