[2.451s] Invoking command in '/home/ubuntu/Agnirath_LVS_Strategy/aarush_ros/src/control_package': PYTHONPATH=/home/ubuntu/Agnirath_LVS_Strategy/aarush_ros/build/control_package/prefix_override:/home/ubuntu/Agnirath_LVS_Strategy/aarush_ros/install/control_package/lib/python3.10/site-packages:${PYTHONPATH} /usr/bin/python3 setup.py egg_info --egg-base ../../build/control_package build --build-base /home/ubuntu/Agnirath_LVS_Strategy/aarush_ros/build/control_package/build install --record /home/ubuntu/Agnirath_LVS_Strategy/aarush_ros/build/control_package/install.log --single-version-externally-managed
[3.498s] running egg_info
[3.502s] writing ../../build/control_package/control_package.egg-info/PKG-INFO
[3.504s] writing dependency_links to ../../build/control_package/control_package.egg-info/dependency_links.txt
[3.506s] writing entry points to ../../build/control_package/control_package.egg-info/entry_points.txt
[3.507s] writing requirements to ../../build/control_package/control_package.egg-info/requires.txt
[3.508s] writing top-level names to ../../build/control_package/control_package.egg-info/top_level.txt
[3.518s] reading manifest file '../../build/control_package/control_package.egg-info/SOURCES.txt'
[3.520s] adding license file 'LICENSE'
[3.524s] writing manifest file '../../build/control_package/control_package.egg-info/SOURCES.txt'
[3.525s] running build
[3.526s] running build_py
[3.528s] running install
[3.529s] /usr/lib/python3/dist-packages/setuptools/command/install.py:34: SetuptoolsDeprecationWarning: setup.py install is deprecated. Use build and pip and other standards-based tools.
[3.529s]   warnings.warn(
[3.531s] running install_lib
[3.537s] running install_data
[3.540s] running install_egg_info
[3.548s] removing '/home/ubuntu/Agnirath_LVS_Strategy/aarush_ros/install/control_package/lib/python3.10/site-packages/control_package-0.0.0-py3.10.egg-info' (and everything under it)
[3.550s] Copying ../../build/control_package/control_package.egg-info to /home/ubuntu/Agnirath_LVS_Strategy/aarush_ros/install/control_package/lib/python3.10/site-packages/control_package-0.0.0-py3.10.egg-info
[3.555s] running install_scripts
[3.642s] Installing control_node script to /home/ubuntu/Agnirath_LVS_Strategy/aarush_ros/install/control_package/lib/control_package
[3.644s] writing list of installed files to '/home/ubuntu/Agnirath_LVS_Strategy/aarush_ros/build/control_package/install.log'
[3.801s] Invoked command in '/home/ubuntu/Agnirath_LVS_Strategy/aarush_ros/src/control_package' returned '0': PYTHONPATH=/home/ubuntu/Agnirath_LVS_Strategy/aarush_ros/build/control_package/prefix_override:/home/ubuntu/Agnirath_LVS_Strategy/aarush_ros/install/control_package/lib/python3.10/site-packages:${PYTHONPATH} /usr/bin/python3 setup.py egg_info --egg-base ../../build/control_package build --build-base /home/ubuntu/Agnirath_LVS_Strategy/aarush_ros/build/control_package/build install --record /home/ubuntu/Agnirath_LVS_Strategy/aarush_ros/build/control_package/install.log --single-version-externally-managed
