[2.767s] Invoking command in '/home/ubuntu/Agnirath_LVS_Strategy/aarush_ros/src/mc_package': PYTHONPATH=/home/ubuntu/Agnirath_LVS_Strategy/aarush_ros/build/mc_package/prefix_override:/home/ubuntu/Agnirath_LVS_Strategy/aarush_ros/install/mc_package/lib/python3.10/site-packages:${PYTHONPATH} /usr/bin/python3 setup.py egg_info --egg-base ../../build/mc_package build --build-base /home/ubuntu/Agnirath_LVS_Strategy/aarush_ros/build/mc_package/build install --record /home/ubuntu/Agnirath_LVS_Strategy/aarush_ros/build/mc_package/install.log --single-version-externally-managed
[3.856s] running egg_info
[3.861s] writing ../../build/mc_package/mc_package.egg-info/PKG-INFO
[3.863s] writing dependency_links to ../../build/mc_package/mc_package.egg-info/dependency_links.txt
[3.864s] writing entry points to ../../build/mc_package/mc_package.egg-info/entry_points.txt
[3.866s] writing requirements to ../../build/mc_package/mc_package.egg-info/requires.txt
[3.868s] writing top-level names to ../../build/mc_package/mc_package.egg-info/top_level.txt
[3.879s] reading manifest file '../../build/mc_package/mc_package.egg-info/SOURCES.txt'
[3.881s] adding license file 'LICENSE'
[3.886s] writing manifest file '../../build/mc_package/mc_package.egg-info/SOURCES.txt'
[3.887s] running build
[3.888s] running build_py
[3.890s] running install
[3.892s] /usr/lib/python3/dist-packages/setuptools/command/install.py:34: SetuptoolsDeprecationWarning: setup.py install is deprecated. Use build and pip and other standards-based tools.
[3.893s]   warnings.warn(
[3.896s] running install_lib
[3.903s] running install_data
[3.907s] running install_egg_info
[3.918s] removing '/home/ubuntu/Agnirath_LVS_Strategy/aarush_ros/install/mc_package/lib/python3.10/site-packages/mc_package-0.0.0-py3.10.egg-info' (and everything under it)
[3.920s] Copying ../../build/mc_package/mc_package.egg-info to /home/ubuntu/Agnirath_LVS_Strategy/aarush_ros/install/mc_package/lib/python3.10/site-packages/mc_package-0.0.0-py3.10.egg-info
[3.926s] running install_scripts
[4.017s] Installing mc_node script to /home/ubuntu/Agnirath_LVS_Strategy/aarush_ros/install/mc_package/lib/mc_package
[4.018s] writing list of installed files to '/home/ubuntu/Agnirath_LVS_Strategy/aarush_ros/build/mc_package/install.log'
[4.163s] Invoked command in '/home/ubuntu/Agnirath_LVS_Strategy/aarush_ros/src/mc_package' returned '0': PYTHONPATH=/home/ubuntu/Agnirath_LVS_Strategy/aarush_ros/build/mc_package/prefix_override:/home/ubuntu/Agnirath_LVS_Strategy/aarush_ros/install/mc_package/lib/python3.10/site-packages:${PYTHONPATH} /usr/bin/python3 setup.py egg_info --egg-base ../../build/mc_package build --build-base /home/ubuntu/Agnirath_LVS_Strategy/aarush_ros/build/mc_package/build install --record /home/ubuntu/Agnirath_LVS_Strategy/aarush_ros/build/mc_package/install.log --single-version-externally-managed
