[3.619s] Invoking command in '/home/jaay/Agnirath/Agnirath_LVS_Strategy/aarush_ros/src/mc_package': PYTHONPATH=/home/jaay/Agnirath/Agnirath_LVS_Strategy/aarush_ros/build/mc_package/prefix_override:/home/jaay/Agnirath/Agnirath_LVS_Strategy/aarush_ros/install/mc_package/lib/python3.10/site-packages:${PYTHONPATH} /usr/bin/python3 setup.py egg_info --egg-base ../../build/mc_package build --build-base /home/jaay/Agnirath/Agnirath_LVS_Strategy/aarush_ros/build/mc_package/build install --record /home/jaay/Agnirath/Agnirath_LVS_Strategy/aarush_ros/build/mc_package/install.log --single-version-externally-managed
[3.961s] running egg_info
[3.961s] writing ../../build/mc_package/mc_package.egg-info/PKG-INFO
[3.962s] writing dependency_links to ../../build/mc_package/mc_package.egg-info/dependency_links.txt
[3.962s] writing entry points to ../../build/mc_package/mc_package.egg-info/entry_points.txt
[3.962s] writing requirements to ../../build/mc_package/mc_package.egg-info/requires.txt
[3.962s] writing top-level names to ../../build/mc_package/mc_package.egg-info/top_level.txt
[3.965s] reading manifest file '../../build/mc_package/mc_package.egg-info/SOURCES.txt'
[3.965s] adding license file 'LICENSE'
[3.965s] writing manifest file '../../build/mc_package/mc_package.egg-info/SOURCES.txt'
[3.966s] running build
[3.966s] running build_py
[3.966s] running install
[3.966s] running install_lib
[3.968s] running install_data
[3.968s] running install_egg_info
[3.970s] removing '/home/jaay/Agnirath/Agnirath_LVS_Strategy/aarush_ros/install/mc_package/lib/python3.10/site-packages/mc_package-0.0.0-py3.10.egg-info' (and everything under it)
[3.970s] Copying ../../build/mc_package/mc_package.egg-info to /home/jaay/Agnirath/Agnirath_LVS_Strategy/aarush_ros/install/mc_package/lib/python3.10/site-packages/mc_package-0.0.0-py3.10.egg-info
[3.971s] running install_scripts
[3.992s] Installing mc_node script to /home/jaay/Agnirath/Agnirath_LVS_Strategy/aarush_ros/install/mc_package/lib/mc_package
[3.992s] writing list of installed files to '/home/jaay/Agnirath/Agnirath_LVS_Strategy/aarush_ros/build/mc_package/install.log'
[4.036s] Invoked command in '/home/jaay/Agnirath/Agnirath_LVS_Strategy/aarush_ros/src/mc_package' returned '0': PYTHONPATH=/home/jaay/Agnirath/Agnirath_LVS_Strategy/aarush_ros/build/mc_package/prefix_override:/home/jaay/Agnirath/Agnirath_LVS_Strategy/aarush_ros/install/mc_package/lib/python3.10/site-packages:${PYTHONPATH} /usr/bin/python3 setup.py egg_info --egg-base ../../build/mc_package build --build-base /home/jaay/Agnirath/Agnirath_LVS_Strategy/aarush_ros/build/mc_package/build install --record /home/jaay/Agnirath/Agnirath_LVS_Strategy/aarush_ros/build/mc_package/install.log --single-version-externally-managed
