[0.649s] Invoking command in '/home/veadesh/Agnirath/Agnirath_LVS_Strategy/aarush_ros/src/display_package': CONDA_PROMPT_MODIFIER=(base) PYTHONPATH=/home/veadesh/Agnirath/Agnirath_LVS_Strategy/aarush_ros/build/display_package/prefix_override:/home/veadesh/Agnirath/Agnirath_LVS_Strategy/aarush_ros/install/display_package/lib/python3.10/site-packages:${PYTHONPATH} /usr/bin/python3 setup.py egg_info --egg-base ../../build/display_package build --build-base /home/veadesh/Agnirath/Agnirath_LVS_Strategy/aarush_ros/build/display_package/build install --record /home/veadesh/Agnirath/Agnirath_LVS_Strategy/aarush_ros/build/display_package/install.log --single-version-externally-managed
[0.851s] running egg_info
[0.852s] writing ../../build/display_package/display_package.egg-info/PKG-INFO
[0.852s] writing dependency_links to ../../build/display_package/display_package.egg-info/dependency_links.txt
[0.852s] writing entry points to ../../build/display_package/display_package.egg-info/entry_points.txt
[0.852s] writing requirements to ../../build/display_package/display_package.egg-info/requires.txt
[0.852s] writing top-level names to ../../build/display_package/display_package.egg-info/top_level.txt
[0.853s] reading manifest file '../../build/display_package/display_package.egg-info/SOURCES.txt'
[0.854s] adding license file 'LICENSE'
[0.854s] writing manifest file '../../build/display_package/display_package.egg-info/SOURCES.txt'
[0.854s] running build
[0.854s] running build_py
[0.854s] running install
[0.854s] /usr/lib/python3/dist-packages/setuptools/command/install.py:34: SetuptoolsDeprecationWarning: setup.py install is deprecated. Use build and pip and other standards-based tools.
[0.855s]   warnings.warn(
[0.855s] running install_lib
[0.856s] running install_data
[0.856s] running install_egg_info
[0.857s] removing '/home/veadesh/Agnirath/Agnirath_LVS_Strategy/aarush_ros/install/display_package/lib/python3.10/site-packages/display_package-0.0.0-py3.10.egg-info' (and everything under it)
[0.858s] Copying ../../build/display_package/display_package.egg-info to /home/veadesh/Agnirath/Agnirath_LVS_Strategy/aarush_ros/install/display_package/lib/python3.10/site-packages/display_package-0.0.0-py3.10.egg-info
[0.858s] running install_scripts
[0.875s] Installing display_node script to /home/veadesh/Agnirath/Agnirath_LVS_Strategy/aarush_ros/install/display_package/lib/display_package
[0.876s] writing list of installed files to '/home/veadesh/Agnirath/Agnirath_LVS_Strategy/aarush_ros/build/display_package/install.log'
[0.903s] Invoked command in '/home/veadesh/Agnirath/Agnirath_LVS_Strategy/aarush_ros/src/display_package' returned '0': CONDA_PROMPT_MODIFIER=(base) PYTHONPATH=/home/veadesh/Agnirath/Agnirath_LVS_Strategy/aarush_ros/build/display_package/prefix_override:/home/veadesh/Agnirath/Agnirath_LVS_Strategy/aarush_ros/install/display_package/lib/python3.10/site-packages:${PYTHONPATH} /usr/bin/python3 setup.py egg_info --egg-base ../../build/display_package build --build-base /home/veadesh/Agnirath/Agnirath_LVS_Strategy/aarush_ros/build/display_package/build install --record /home/veadesh/Agnirath/Agnirath_LVS_Strategy/aarush_ros/build/display_package/install.log --single-version-externally-managed
