[2.755s] Invoking command in '/home/ubuntu/Agnirath_LVS_Strategy/aarush_ros/src/my_package': PYTHONPATH=/home/ubuntu/Agnirath_LVS_Strategy/aarush_ros/build/my_package/prefix_override:/home/ubuntu/Agnirath_LVS_Strategy/aarush_ros/install/my_package/lib/python3.10/site-packages:${PYTHONPATH} /usr/bin/python3 setup.py egg_info --egg-base ../../build/my_package build --build-base /home/ubuntu/Agnirath_LVS_Strategy/aarush_ros/build/my_package/build install --record /home/ubuntu/Agnirath_LVS_Strategy/aarush_ros/build/my_package/install.log --single-version-externally-managed
[3.820s] running egg_info
[3.826s] writing ../../build/my_package/my_package.egg-info/PKG-INFO
[3.828s] writing dependency_links to ../../build/my_package/my_package.egg-info/dependency_links.txt
[3.830s] writing entry points to ../../build/my_package/my_package.egg-info/entry_points.txt
[3.833s] writing requirements to ../../build/my_package/my_package.egg-info/requires.txt
[3.835s] writing top-level names to ../../build/my_package/my_package.egg-info/top_level.txt
[3.847s] reading manifest file '../../build/my_package/my_package.egg-info/SOURCES.txt'
[3.849s] adding license file 'LICENSE'
[3.854s] writing manifest file '../../build/my_package/my_package.egg-info/SOURCES.txt'
[3.855s] running build
[3.856s] running build_py
[3.859s] running install
[3.861s] /usr/lib/python3/dist-packages/setuptools/command/install.py:34: SetuptoolsDeprecationWarning: setup.py install is deprecated. Use build and pip and other standards-based tools.
[3.861s]   warnings.warn(
[3.864s] running install_lib
[3.871s] running install_data
[3.877s] running install_egg_info
[3.887s] removing '/home/ubuntu/Agnirath_LVS_Strategy/aarush_ros/install/my_package/lib/python3.10/site-packages/my_package-0.0.0-py3.10.egg-info' (and everything under it)
[3.890s] Copying ../../build/my_package/my_package.egg-info to /home/ubuntu/Agnirath_LVS_Strategy/aarush_ros/install/my_package/lib/python3.10/site-packages/my_package-0.0.0-py3.10.egg-info
[3.895s] running install_scripts
[3.987s] Installing my_node script to /home/ubuntu/Agnirath_LVS_Strategy/aarush_ros/install/my_package/lib/my_package
[3.989s] writing list of installed files to '/home/ubuntu/Agnirath_LVS_Strategy/aarush_ros/build/my_package/install.log'
[4.133s] Invoked command in '/home/ubuntu/Agnirath_LVS_Strategy/aarush_ros/src/my_package' returned '0': PYTHONPATH=/home/ubuntu/Agnirath_LVS_Strategy/aarush_ros/build/my_package/prefix_override:/home/ubuntu/Agnirath_LVS_Strategy/aarush_ros/install/my_package/lib/python3.10/site-packages:${PYTHONPATH} /usr/bin/python3 setup.py egg_info --egg-base ../../build/my_package build --build-base /home/ubuntu/Agnirath_LVS_Strategy/aarush_ros/build/my_package/build install --record /home/ubuntu/Agnirath_LVS_Strategy/aarush_ros/build/my_package/install.log --single-version-externally-managed
