[3.593s] Invoking command in '/home/jaay/Agnirath/Agnirath_LVS_Strategy/aarush_ros/src/can_package': PYTHONPATH=/home/jaay/Agnirath/Agnirath_LVS_Strategy/aarush_ros/build/can_package/prefix_override:/home/jaay/Agnirath/Agnirath_LVS_Strategy/aarush_ros/install/can_package/lib/python3.10/site-packages:${PYTHONPATH} /usr/bin/python3 setup.py egg_info --egg-base ../../build/can_package build --build-base /home/jaay/Agnirath/Agnirath_LVS_Strategy/aarush_ros/build/can_package/build install --record /home/jaay/Agnirath/Agnirath_LVS_Strategy/aarush_ros/build/can_package/install.log --single-version-externally-managed
[3.964s] running egg_info
[3.965s] writing ../../build/can_package/can_package.egg-info/PKG-INFO
[3.965s] writing dependency_links to ../../build/can_package/can_package.egg-info/dependency_links.txt
[3.965s] writing entry points to ../../build/can_package/can_package.egg-info/entry_points.txt
[3.965s] writing requirements to ../../build/can_package/can_package.egg-info/requires.txt
[3.965s] writing top-level names to ../../build/can_package/can_package.egg-info/top_level.txt
[3.967s] reading manifest file '../../build/can_package/can_package.egg-info/SOURCES.txt'
[3.968s] adding license file 'LICENSE'
[3.969s] writing manifest file '../../build/can_package/can_package.egg-info/SOURCES.txt'
[3.969s] running build
[3.969s] running build_py
[3.970s] copying can_package/__init__.py -> /home/jaay/Agnirath/Agnirath_LVS_Strategy/aarush_ros/build/can_package/build/lib/can_package
[3.970s] copying can_package/can_node.py -> /home/jaay/Agnirath/Agnirath_LVS_Strategy/aarush_ros/build/can_package/build/lib/can_package
[3.970s] copying can_package/can_node_sim.py -> /home/jaay/Agnirath/Agnirath_LVS_Strategy/aarush_ros/build/can_package/build/lib/can_package
[3.970s] running install
[3.970s] running install_lib
[3.971s] copying /home/jaay/Agnirath/Agnirath_LVS_Strategy/aarush_ros/build/can_package/build/lib/can_package/__init__.py -> /home/jaay/Agnirath/Agnirath_LVS_Strategy/aarush_ros/install/can_package/lib/python3.10/site-packages/can_package
[3.971s] copying /home/jaay/Agnirath/Agnirath_LVS_Strategy/aarush_ros/build/can_package/build/lib/can_package/can_node.py -> /home/jaay/Agnirath/Agnirath_LVS_Strategy/aarush_ros/install/can_package/lib/python3.10/site-packages/can_package
[3.971s] copying /home/jaay/Agnirath/Agnirath_LVS_Strategy/aarush_ros/build/can_package/build/lib/can_package/can_node_sim.py -> /home/jaay/Agnirath/Agnirath_LVS_Strategy/aarush_ros/install/can_package/lib/python3.10/site-packages/can_package
[3.972s] byte-compiling /home/jaay/Agnirath/Agnirath_LVS_Strategy/aarush_ros/install/can_package/lib/python3.10/site-packages/can_package/__init__.py to __init__.cpython-310.pyc
[3.972s] byte-compiling /home/jaay/Agnirath/Agnirath_LVS_Strategy/aarush_ros/install/can_package/lib/python3.10/site-packages/can_package/can_node.py to can_node.cpython-310.pyc
[3.973s] byte-compiling /home/jaay/Agnirath/Agnirath_LVS_Strategy/aarush_ros/install/can_package/lib/python3.10/site-packages/can_package/can_node_sim.py to can_node_sim.cpython-310.pyc
[3.973s] running install_data
[3.974s] copying resource/can_package -> /home/jaay/Agnirath/Agnirath_LVS_Strategy/aarush_ros/install/can_package/share/ament_index/resource_index/packages
[3.974s] copying package.xml -> /home/jaay/Agnirath/Agnirath_LVS_Strategy/aarush_ros/install/can_package/share/can_package
[3.974s] running install_egg_info
[3.976s] removing '/home/jaay/Agnirath/Agnirath_LVS_Strategy/aarush_ros/install/can_package/lib/python3.10/site-packages/can_package-0.0.0-py3.10.egg-info' (and everything under it)
[3.976s] Copying ../../build/can_package/can_package.egg-info to /home/jaay/Agnirath/Agnirath_LVS_Strategy/aarush_ros/install/can_package/lib/python3.10/site-packages/can_package-0.0.0-py3.10.egg-info
[3.977s] running install_scripts
[3.998s] Installing can_node script to /home/jaay/Agnirath/Agnirath_LVS_Strategy/aarush_ros/install/can_package/lib/can_package
[3.998s] Installing can_node_sim script to /home/jaay/Agnirath/Agnirath_LVS_Strategy/aarush_ros/install/can_package/lib/can_package
[3.998s] writing list of installed files to '/home/jaay/Agnirath/Agnirath_LVS_Strategy/aarush_ros/build/can_package/install.log'
[4.044s] Invoked command in '/home/jaay/Agnirath/Agnirath_LVS_Strategy/aarush_ros/src/can_package' returned '0': PYTHONPATH=/home/jaay/Agnirath/Agnirath_LVS_Strategy/aarush_ros/build/can_package/prefix_override:/home/jaay/Agnirath/Agnirath_LVS_Strategy/aarush_ros/install/can_package/lib/python3.10/site-packages:${PYTHONPATH} /usr/bin/python3 setup.py egg_info --egg-base ../../build/can_package build --build-base /home/jaay/Agnirath/Agnirath_LVS_Strategy/aarush_ros/build/can_package/build install --record /home/jaay/Agnirath/Agnirath_LVS_Strategy/aarush_ros/build/can_package/install.log --single-version-externally-managed
