[3.273s] Invoking command in '/home/jaay/Agnirath/Agnirath_LVS_Strategy/aarush_ros/src/can_package': PYTHONPATH=/home/jaay/Agnirath/Agnirath_LVS_Strategy/aarush_ros/build/can_package/prefix_override:/home/jaay/Agnirath/Agnirath_LVS_Strategy/aarush_ros/install/can_package/lib/python3.10/site-packages:${PYTHONPATH} /usr/bin/python3 setup.py egg_info --egg-base ../../build/can_package build --build-base /home/jaay/Agnirath/Agnirath_LVS_Strategy/aarush_ros/build/can_package/build install --record /home/jaay/Agnirath/Agnirath_LVS_Strategy/aarush_ros/build/can_package/install.log --single-version-externally-managed
[3.595s] running egg_info
[3.597s] writing ../../build/can_package/can_package.egg-info/PKG-INFO
[3.597s] writing dependency_links to ../../build/can_package/can_package.egg-info/dependency_links.txt
[3.597s] writing entry points to ../../build/can_package/can_package.egg-info/entry_points.txt
[3.597s] writing requirements to ../../build/can_package/can_package.egg-info/requires.txt
[3.597s] writing top-level names to ../../build/can_package/can_package.egg-info/top_level.txt
[3.601s] reading manifest file '../../build/can_package/can_package.egg-info/SOURCES.txt'
[3.601s] adding license file 'LICENSE'
[3.602s] writing manifest file '../../build/can_package/can_package.egg-info/SOURCES.txt'
[3.603s] running build
[3.603s] running build_py
[3.603s] copying can_package/can_tx_node.py -> /home/jaay/Agnirath/Agnirath_LVS_Strategy/aarush_ros/build/can_package/build/lib/can_package
[3.603s] running install
[3.604s] running install_lib
[3.605s] copying /home/jaay/Agnirath/Agnirath_LVS_Strategy/aarush_ros/build/can_package/build/lib/can_package/can_tx_node.py -> /home/jaay/Agnirath/Agnirath_LVS_Strategy/aarush_ros/install/can_package/lib/python3.10/site-packages/can_package
[3.606s] byte-compiling /home/jaay/Agnirath/Agnirath_LVS_Strategy/aarush_ros/install/can_package/lib/python3.10/site-packages/can_package/can_tx_node.py to can_tx_node.cpython-310.pyc
[3.607s] running install_data
[3.608s] running install_egg_info
[3.610s] removing '/home/jaay/Agnirath/Agnirath_LVS_Strategy/aarush_ros/install/can_package/lib/python3.10/site-packages/can_package-0.0.0-py3.10.egg-info' (and everything under it)
[3.611s] Copying ../../build/can_package/can_package.egg-info to /home/jaay/Agnirath/Agnirath_LVS_Strategy/aarush_ros/install/can_package/lib/python3.10/site-packages/can_package-0.0.0-py3.10.egg-info
[3.612s] running install_scripts
[3.640s] Installing can_node script to /home/jaay/Agnirath/Agnirath_LVS_Strategy/aarush_ros/install/can_package/lib/can_package
[3.641s] Installing can_node_sim script to /home/jaay/Agnirath/Agnirath_LVS_Strategy/aarush_ros/install/can_package/lib/can_package
[3.651s] Installing can_tx_node script to /home/jaay/Agnirath/Agnirath_LVS_Strategy/aarush_ros/install/can_package/lib/can_package
[3.651s] writing list of installed files to '/home/jaay/Agnirath/Agnirath_LVS_Strategy/aarush_ros/build/can_package/install.log'
[3.695s] Invoked command in '/home/jaay/Agnirath/Agnirath_LVS_Strategy/aarush_ros/src/can_package' returned '0': PYTHONPATH=/home/jaay/Agnirath/Agnirath_LVS_Strategy/aarush_ros/build/can_package/prefix_override:/home/jaay/Agnirath/Agnirath_LVS_Strategy/aarush_ros/install/can_package/lib/python3.10/site-packages:${PYTHONPATH} /usr/bin/python3 setup.py egg_info --egg-base ../../build/can_package build --build-base /home/jaay/Agnirath/Agnirath_LVS_Strategy/aarush_ros/build/can_package/build install --record /home/jaay/Agnirath/Agnirath_LVS_Strategy/aarush_ros/build/can_package/install.log --single-version-externally-managed
