[3.643s] Invoking command in '/home/jaay/Agnirath/Agnirath_LVS_Strategy/aarush_ros/src/mppt_package': PYTHONPATH=/home/jaay/Agnirath/Agnirath_LVS_Strategy/aarush_ros/build/mppt_package/prefix_override:/home/jaay/Agnirath/Agnirath_LVS_Strategy/aarush_ros/install/mppt_package/lib/python3.10/site-packages:${PYTHONPATH} /usr/bin/python3 setup.py egg_info --egg-base ../../build/mppt_package build --build-base /home/jaay/Agnirath/Agnirath_LVS_Strategy/aarush_ros/build/mppt_package/build install --record /home/jaay/Agnirath/Agnirath_LVS_Strategy/aarush_ros/build/mppt_package/install.log --single-version-externally-managed
[4.030s] running egg_info
[4.031s] writing ../../build/mppt_package/mppt_package.egg-info/PKG-INFO
[4.032s] writing dependency_links to ../../build/mppt_package/mppt_package.egg-info/dependency_links.txt
[4.032s] writing entry points to ../../build/mppt_package/mppt_package.egg-info/entry_points.txt
[4.032s] writing requirements to ../../build/mppt_package/mppt_package.egg-info/requires.txt
[4.032s] writing top-level names to ../../build/mppt_package/mppt_package.egg-info/top_level.txt
[4.037s] reading manifest file '../../build/mppt_package/mppt_package.egg-info/SOURCES.txt'
[4.037s] adding license file 'LICENSE'
[4.038s] writing manifest file '../../build/mppt_package/mppt_package.egg-info/SOURCES.txt'
[4.038s] running build
[4.038s] running build_py
[4.039s] copying mppt_package/mppt_node_bkup.py -> /home/jaay/Agnirath/Agnirath_LVS_Strategy/aarush_ros/build/mppt_package/build/lib/mppt_package
[4.039s] running install
[4.039s] /usr/lib/python3/dist-packages/setuptools/command/install.py:34: SetuptoolsDeprecationWarning: setup.py install is deprecated. Use build and pip and other standards-based tools.
[4.039s]   warnings.warn(
[4.040s] running install_lib
[4.041s] copying /home/jaay/Agnirath/Agnirath_LVS_Strategy/aarush_ros/build/mppt_package/build/lib/mppt_package/mppt_node_bkup.py -> /home/jaay/Agnirath/Agnirath_LVS_Strategy/aarush_ros/install/mppt_package/lib/python3.10/site-packages/mppt_package
[4.045s] byte-compiling /home/jaay/Agnirath/Agnirath_LVS_Strategy/aarush_ros/install/mppt_package/lib/python3.10/site-packages/mppt_package/mppt_node_bkup.py to mppt_node_bkup.cpython-310.pyc
[4.059s] running install_data
[4.060s] running install_egg_info
[4.061s] removing '/home/jaay/Agnirath/Agnirath_LVS_Strategy/aarush_ros/install/mppt_package/lib/python3.10/site-packages/mppt_package-0.0.0-py3.10.egg-info' (and everything under it)
[4.061s] Copying ../../build/mppt_package/mppt_package.egg-info to /home/jaay/Agnirath/Agnirath_LVS_Strategy/aarush_ros/install/mppt_package/lib/python3.10/site-packages/mppt_package-0.0.0-py3.10.egg-info
[4.061s] running install_scripts
[4.081s] Installing mppt_node script to /home/jaay/Agnirath/Agnirath_LVS_Strategy/aarush_ros/install/mppt_package/lib/mppt_package
[4.081s] writing list of installed files to '/home/jaay/Agnirath/Agnirath_LVS_Strategy/aarush_ros/build/mppt_package/install.log'
[4.153s] Invoked command in '/home/jaay/Agnirath/Agnirath_LVS_Strategy/aarush_ros/src/mppt_package' returned '0': PYTHONPATH=/home/jaay/Agnirath/Agnirath_LVS_Strategy/aarush_ros/build/mppt_package/prefix_override:/home/jaay/Agnirath/Agnirath_LVS_Strategy/aarush_ros/install/mppt_package/lib/python3.10/site-packages:${PYTHONPATH} /usr/bin/python3 setup.py egg_info --egg-base ../../build/mppt_package build --build-base /home/jaay/Agnirath/Agnirath_LVS_Strategy/aarush_ros/build/mppt_package/build install --record /home/jaay/Agnirath/Agnirath_LVS_Strategy/aarush_ros/build/mppt_package/install.log --single-version-externally-managed
