[2.659s] Invoking command in '/home/jaay/Agnirath/Agnirath_LVS_Strategy/aarush_ros/src/gps_package': PYTHONPATH=/home/jaay/Agnirath/Agnirath_LVS_Strategy/aarush_ros/build/gps_package/prefix_override:/home/jaay/Agnirath/Agnirath_LVS_Strategy/aarush_ros/install/gps_package/lib/python3.10/site-packages:${PYTHONPATH} /usr/bin/python3 setup.py egg_info --egg-base ../../build/gps_package build --build-base /home/jaay/Agnirath/Agnirath_LVS_Strategy/aarush_ros/build/gps_package/build install --record /home/jaay/Agnirath/Agnirath_LVS_Strategy/aarush_ros/build/gps_package/install.log --single-version-externally-managed
[2.947s] running egg_info
[2.948s] writing ../../build/gps_package/gps_package.egg-info/PKG-INFO
[2.948s] writing dependency_links to ../../build/gps_package/gps_package.egg-info/dependency_links.txt
[2.948s] writing entry points to ../../build/gps_package/gps_package.egg-info/entry_points.txt
[2.948s] writing requirements to ../../build/gps_package/gps_package.egg-info/requires.txt
[2.948s] writing top-level names to ../../build/gps_package/gps_package.egg-info/top_level.txt
[2.950s] reading manifest file '../../build/gps_package/gps_package.egg-info/SOURCES.txt'
[2.951s] adding license file 'LICENSE'
[2.951s] writing manifest file '../../build/gps_package/gps_package.egg-info/SOURCES.txt'
[2.951s] running build
[2.951s] running build_py
[2.952s] running install
[2.952s] running install_lib
[2.953s] running install_data
[2.954s] running install_egg_info
[2.956s] removing '/home/jaay/Agnirath/Agnirath_LVS_Strategy/aarush_ros/install/gps_package/lib/python3.10/site-packages/gps_package-0.0.0-py3.10.egg-info' (and everything under it)
[2.956s] Copying ../../build/gps_package/gps_package.egg-info to /home/jaay/Agnirath/Agnirath_LVS_Strategy/aarush_ros/install/gps_package/lib/python3.10/site-packages/gps_package-0.0.0-py3.10.egg-info
[2.957s] running install_scripts
[2.978s] Installing gps_node script to /home/jaay/Agnirath/Agnirath_LVS_Strategy/aarush_ros/install/gps_package/lib/gps_package
[2.979s] writing list of installed files to '/home/jaay/Agnirath/Agnirath_LVS_Strategy/aarush_ros/build/gps_package/install.log'
[3.044s] Invoked command in '/home/jaay/Agnirath/Agnirath_LVS_Strategy/aarush_ros/src/gps_package' returned '0': PYTHONPATH=/home/jaay/Agnirath/Agnirath_LVS_Strategy/aarush_ros/build/gps_package/prefix_override:/home/jaay/Agnirath/Agnirath_LVS_Strategy/aarush_ros/install/gps_package/lib/python3.10/site-packages:${PYTHONPATH} /usr/bin/python3 setup.py egg_info --egg-base ../../build/gps_package build --build-base /home/jaay/Agnirath/Agnirath_LVS_Strategy/aarush_ros/build/gps_package/build install --record /home/jaay/Agnirath/Agnirath_LVS_Strategy/aarush_ros/build/gps_package/install.log --single-version-externally-managed
