[3.483s] Invoking command in '/home/veadesh/Agnirath/Agnirath_LVS_Strategy/aarush_ros/src/rf_package': CONDA_PROMPT_MODIFIER=(base) PYTHONPATH=/home/veadesh/Agnirath/Agnirath_LVS_Strategy/aarush_ros/build/rf_package/prefix_override:/home/veadesh/Agnirath/Agnirath_LVS_Strategy/aarush_ros/install/rf_package/lib/python3.10/site-packages:${PYTHONPATH} /usr/bin/python3 setup.py egg_info --egg-base ../../build/rf_package build --build-base /home/veadesh/Agnirath/Agnirath_LVS_Strategy/aarush_ros/build/rf_package/build install --record /home/veadesh/Agnirath/Agnirath_LVS_Strategy/aarush_ros/build/rf_package/install.log --single-version-externally-managed
[3.906s] running egg_info
[3.907s] writing ../../build/rf_package/rf_package.egg-info/PKG-INFO
[3.907s] writing dependency_links to ../../build/rf_package/rf_package.egg-info/dependency_links.txt
[3.907s] writing entry points to ../../build/rf_package/rf_package.egg-info/entry_points.txt
[3.907s] writing requirements to ../../build/rf_package/rf_package.egg-info/requires.txt
[3.907s] writing top-level names to ../../build/rf_package/rf_package.egg-info/top_level.txt
[3.913s] /usr/lib/python3/dist-packages/setuptools/command/install.py:34: SetuptoolsDeprecationWarning: setup.py install is deprecated. Use build and pip and other standards-based tools.
[3.913s]   warnings.warn(
[3.914s] reading manifest file '../../build/rf_package/rf_package.egg-info/SOURCES.txt'
[3.916s] adding license file 'LICENSE'
[3.917s] writing manifest file '../../build/rf_package/rf_package.egg-info/SOURCES.txt'
[3.918s] running build
[3.918s] running build_py
[3.918s] running install
[3.918s] running install_lib
[3.919s] running install_data
[3.920s] running install_egg_info
[3.920s] removing '/home/veadesh/Agnirath/Agnirath_LVS_Strategy/aarush_ros/install/rf_package/lib/python3.10/site-packages/rf_package-0.0.0-py3.10.egg-info' (and everything under it)
[3.920s] Copying ../../build/rf_package/rf_package.egg-info to /home/veadesh/Agnirath/Agnirath_LVS_Strategy/aarush_ros/install/rf_package/lib/python3.10/site-packages/rf_package-0.0.0-py3.10.egg-info
[3.920s] running install_scripts
[3.950s] Installing rf_node script to /home/veadesh/Agnirath/Agnirath_LVS_Strategy/aarush_ros/install/rf_package/lib/rf_package
[3.950s] writing list of installed files to '/home/veadesh/Agnirath/Agnirath_LVS_Strategy/aarush_ros/build/rf_package/install.log'
[4.011s] Invoked command in '/home/veadesh/Agnirath/Agnirath_LVS_Strategy/aarush_ros/src/rf_package' returned '0': CONDA_PROMPT_MODIFIER=(base) PYTHONPATH=/home/veadesh/Agnirath/Agnirath_LVS_Strategy/aarush_ros/build/rf_package/prefix_override:/home/veadesh/Agnirath/Agnirath_LVS_Strategy/aarush_ros/install/rf_package/lib/python3.10/site-packages:${PYTHONPATH} /usr/bin/python3 setup.py egg_info --egg-base ../../build/rf_package build --build-base /home/veadesh/Agnirath/Agnirath_LVS_Strategy/aarush_ros/build/rf_package/build install --record /home/veadesh/Agnirath/Agnirath_LVS_Strategy/aarush_ros/build/rf_package/install.log --single-version-externally-managed
