[3.810s] Invoking command in '/home/jaay/Agnirath/Agnirath_LVS_Strategy/aarush_ros/src/mc_package': PYTHONPATH=/home/jaay/Agnirath/Agnirath_LVS_Strategy/aarush_ros/build/mc_package/prefix_override:/home/jaay/Agnirath/Agnirath_LVS_Strategy/aarush_ros/install/mc_package/lib/python3.10/site-packages:${PYTHONPATH} /usr/bin/python3 setup.py egg_info --egg-base ../../build/mc_package build --build-base /home/jaay/Agnirath/Agnirath_LVS_Strategy/aarush_ros/build/mc_package/build install --record /home/jaay/Agnirath/Agnirath_LVS_Strategy/aarush_ros/build/mc_package/install.log --single-version-externally-managed
[4.154s] running egg_info
[4.154s] writing ../../build/mc_package/mc_package.egg-info/PKG-INFO
[4.154s] writing dependency_links to ../../build/mc_package/mc_package.egg-info/dependency_links.txt
[4.154s] writing entry points to ../../build/mc_package/mc_package.egg-info/entry_points.txt
[4.154s] writing requirements to ../../build/mc_package/mc_package.egg-info/requires.txt
[4.155s] writing top-level names to ../../build/mc_package/mc_package.egg-info/top_level.txt
[4.155s] reading manifest file '../../build/mc_package/mc_package.egg-info/SOURCES.txt'
[4.155s] adding license file 'LICENSE'
[4.155s] writing manifest file '../../build/mc_package/mc_package.egg-info/SOURCES.txt'
[4.155s] running build
[4.155s] running build_py
[4.155s] running install
[4.155s] running install_lib
[4.155s] running install_data
[4.155s] running install_egg_info
[4.156s] removing '/home/jaay/Agnirath/Agnirath_LVS_Strategy/aarush_ros/install/mc_package/lib/python3.10/site-packages/mc_package-0.0.0-py3.10.egg-info' (and everything under it)
[4.156s] Copying ../../build/mc_package/mc_package.egg-info to /home/jaay/Agnirath/Agnirath_LVS_Strategy/aarush_ros/install/mc_package/lib/python3.10/site-packages/mc_package-0.0.0-py3.10.egg-info
[4.157s] running install_scripts
[4.174s] Installing mc_node script to /home/jaay/Agnirath/Agnirath_LVS_Strategy/aarush_ros/install/mc_package/lib/mc_package
[4.174s] writing list of installed files to '/home/jaay/Agnirath/Agnirath_LVS_Strategy/aarush_ros/build/mc_package/install.log'
[4.232s] Invoked command in '/home/jaay/Agnirath/Agnirath_LVS_Strategy/aarush_ros/src/mc_package' returned '0': PYTHONPATH=/home/jaay/Agnirath/Agnirath_LVS_Strategy/aarush_ros/build/mc_package/prefix_override:/home/jaay/Agnirath/Agnirath_LVS_Strategy/aarush_ros/install/mc_package/lib/python3.10/site-packages:${PYTHONPATH} /usr/bin/python3 setup.py egg_info --egg-base ../../build/mc_package build --build-base /home/jaay/Agnirath/Agnirath_LVS_Strategy/aarush_ros/build/mc_package/build install --record /home/jaay/Agnirath/Agnirath_LVS_Strategy/aarush_ros/build/mc_package/install.log --single-version-externally-managed
