[3.300s] Invoking command in '/home/ubuntu/Agnirath_LVS_Strategy/aarush_ros/src/main_package': PYTHONPATH=/home/ubuntu/Agnirath_LVS_Strategy/aarush_ros/build/main_package/prefix_override:/home/ubuntu/Agnirath_LVS_Strategy/aarush_ros/install/main_package/lib/python3.10/site-packages:${PYTHONPATH} /usr/bin/python3 setup.py egg_info --egg-base ../../build/main_package build --build-base /home/ubuntu/Agnirath_LVS_Strategy/aarush_ros/build/main_package/build install --record /home/ubuntu/Agnirath_LVS_Strategy/aarush_ros/build/main_package/install.log --single-version-externally-managed
[4.340s] running egg_info
[4.344s] writing ../../build/main_package/main_package.egg-info/PKG-INFO
[4.346s] writing dependency_links to ../../build/main_package/main_package.egg-info/dependency_links.txt
[4.348s] writing entry points to ../../build/main_package/main_package.egg-info/entry_points.txt
[4.349s] writing requirements to ../../build/main_package/main_package.egg-info/requires.txt
[4.351s] writing top-level names to ../../build/main_package/main_package.egg-info/top_level.txt
[4.361s] reading manifest file '../../build/main_package/main_package.egg-info/SOURCES.txt'
[4.363s] adding license file 'LICENSE'
[4.367s] writing manifest file '../../build/main_package/main_package.egg-info/SOURCES.txt'
[4.369s] running build
[4.370s] running build_py
[4.372s] running install
[4.374s] /usr/lib/python3/dist-packages/setuptools/command/install.py:34: SetuptoolsDeprecationWarning: setup.py install is deprecated. Use build and pip and other standards-based tools.
[4.375s]   warnings.warn(
[4.377s] running install_lib
[4.383s] running install_data
[4.386s] running install_egg_info
[4.398s] removing '/home/ubuntu/Agnirath_LVS_Strategy/aarush_ros/install/main_package/lib/python3.10/site-packages/main_package-0.0.0-py3.10.egg-info' (and everything under it)
[4.400s] Copying ../../build/main_package/main_package.egg-info to /home/ubuntu/Agnirath_LVS_Strategy/aarush_ros/install/main_package/lib/python3.10/site-packages/main_package-0.0.0-py3.10.egg-info
[4.409s] running install_scripts
[4.515s] Installing main_node script to /home/ubuntu/Agnirath_LVS_Strategy/aarush_ros/install/main_package/lib/main_package
[4.518s] writing list of installed files to '/home/ubuntu/Agnirath_LVS_Strategy/aarush_ros/build/main_package/install.log'
[5.592s] Invoked command in '/home/ubuntu/Agnirath_LVS_Strategy/aarush_ros/src/main_package' returned '0': PYTHONPATH=/home/ubuntu/Agnirath_LVS_Strategy/aarush_ros/build/main_package/prefix_override:/home/ubuntu/Agnirath_LVS_Strategy/aarush_ros/install/main_package/lib/python3.10/site-packages:${PYTHONPATH} /usr/bin/python3 setup.py egg_info --egg-base ../../build/main_package build --build-base /home/ubuntu/Agnirath_LVS_Strategy/aarush_ros/build/main_package/build install --record /home/ubuntu/Agnirath_LVS_Strategy/aarush_ros/build/main_package/install.log --single-version-externally-managed
