[4.191s] Invoking command in '/home/jaay/Agnirath/Agnirath_LVS_Strategy/aarush_ros/src/battery_package': PYTHONPATH=/home/jaay/Agnirath/Agnirath_LVS_Strategy/aarush_ros/build/battery_package/prefix_override:/home/jaay/Agnirath/Agnirath_LVS_Strategy/aarush_ros/install/battery_package/lib/python3.10/site-packages:${PYTHONPATH} /usr/bin/python3 setup.py egg_info --egg-base ../../build/battery_package build --build-base /home/jaay/Agnirath/Agnirath_LVS_Strategy/aarush_ros/build/battery_package/build install --record /home/jaay/Agnirath/Agnirath_LVS_Strategy/aarush_ros/build/battery_package/install.log --single-version-externally-managed
[4.560s] running egg_info
[4.561s] writing ../../build/battery_package/battery_package.egg-info/PKG-INFO
[4.562s] writing dependency_links to ../../build/battery_package/battery_package.egg-info/dependency_links.txt
[4.562s] writing entry points to ../../build/battery_package/battery_package.egg-info/entry_points.txt
[4.562s] writing requirements to ../../build/battery_package/battery_package.egg-info/requires.txt
[4.562s] writing top-level names to ../../build/battery_package/battery_package.egg-info/top_level.txt
[4.572s] reading manifest file '../../build/battery_package/battery_package.egg-info/SOURCES.txt'
[4.572s] adding license file 'LICENSE'
[4.575s] writing manifest file '../../build/battery_package/battery_package.egg-info/SOURCES.txt'
[4.575s] running build
[4.575s] running build_py
[4.575s] copying battery_package/battery_node.py -> /home/jaay/Agnirath/Agnirath_LVS_Strategy/aarush_ros/build/battery_package/build/lib/battery_package
[4.576s] running install
[4.576s] /usr/lib/python3/dist-packages/setuptools/command/install.py:34: SetuptoolsDeprecationWarning: setup.py install is deprecated. Use build and pip and other standards-based tools.
[4.576s]   warnings.warn(
[4.576s] running install_lib
[4.577s] copying /home/jaay/Agnirath/Agnirath_LVS_Strategy/aarush_ros/build/battery_package/build/lib/battery_package/battery_node.py -> /home/jaay/Agnirath/Agnirath_LVS_Strategy/aarush_ros/install/battery_package/lib/python3.10/site-packages/battery_package
[4.578s] byte-compiling /home/jaay/Agnirath/Agnirath_LVS_Strategy/aarush_ros/install/battery_package/lib/python3.10/site-packages/battery_package/battery_node.py to battery_node.cpython-310.pyc
[4.583s] running install_data
[4.585s] running install_egg_info
[4.587s] removing '/home/jaay/Agnirath/Agnirath_LVS_Strategy/aarush_ros/install/battery_package/lib/python3.10/site-packages/battery_package-0.0.0-py3.10.egg-info' (and everything under it)
[4.588s] Copying ../../build/battery_package/battery_package.egg-info to /home/jaay/Agnirath/Agnirath_LVS_Strategy/aarush_ros/install/battery_package/lib/python3.10/site-packages/battery_package-0.0.0-py3.10.egg-info
[4.589s] running install_scripts
[4.632s] Installing battery_node script to /home/jaay/Agnirath/Agnirath_LVS_Strategy/aarush_ros/install/battery_package/lib/battery_package
[4.632s] writing list of installed files to '/home/jaay/Agnirath/Agnirath_LVS_Strategy/aarush_ros/build/battery_package/install.log'
[4.813s] Invoked command in '/home/jaay/Agnirath/Agnirath_LVS_Strategy/aarush_ros/src/battery_package' returned '0': PYTHONPATH=/home/jaay/Agnirath/Agnirath_LVS_Strategy/aarush_ros/build/battery_package/prefix_override:/home/jaay/Agnirath/Agnirath_LVS_Strategy/aarush_ros/install/battery_package/lib/python3.10/site-packages:${PYTHONPATH} /usr/bin/python3 setup.py egg_info --egg-base ../../build/battery_package build --build-base /home/jaay/Agnirath/Agnirath_LVS_Strategy/aarush_ros/build/battery_package/build install --record /home/jaay/Agnirath/Agnirath_LVS_Strategy/aarush_ros/build/battery_package/install.log --single-version-externally-managed
