[3.902s] Invoking command in '/home/ubuntu/Old_LV/aarush_ros/src/battery_package': PYTHONPATH=/home/ubuntu/Old_LV/aarush_ros/build/battery_package/prefix_override:/home/ubuntu/Old_LV/aarush_ros/install/battery_package/lib/python3.10/site-packages:${PYTHONPATH} /usr/bin/python3 setup.py egg_info --egg-base ../../build/battery_package build --build-base /home/ubuntu/Old_LV/aarush_ros/build/battery_package/build install --record /home/ubuntu/Old_LV/aarush_ros/build/battery_package/install.log --single-version-externally-managed
[5.129s] running egg_info
[5.133s] writing ../../build/battery_package/battery_package.egg-info/PKG-INFO
[5.135s] writing dependency_links to ../../build/battery_package/battery_package.egg-info/dependency_links.txt
[5.137s] writing entry points to ../../build/battery_package/battery_package.egg-info/entry_points.txt
[5.138s] writing requirements to ../../build/battery_package/battery_package.egg-info/requires.txt
[5.140s] writing top-level names to ../../build/battery_package/battery_package.egg-info/top_level.txt
[5.150s] reading manifest file '../../build/battery_package/battery_package.egg-info/SOURCES.txt'
[5.153s] adding license file 'LICENSE'
[5.157s] writing manifest file '../../build/battery_package/battery_package.egg-info/SOURCES.txt'
[5.159s] running build
[5.160s] running build_py
[5.162s] running install
[5.164s] /usr/lib/python3/dist-packages/setuptools/command/install.py:34: SetuptoolsDeprecationWarning: setup.py install is deprecated. Use build and pip and other standards-based tools.
[5.164s]   warnings.warn(
[5.166s] running install_lib
[5.173s] running install_data
[5.176s] running install_egg_info
[5.185s] removing '/home/ubuntu/Old_LV/aarush_ros/install/battery_package/lib/python3.10/site-packages/battery_package-0.0.0-py3.10.egg-info' (and everything under it)
[5.187s] Copying ../../build/battery_package/battery_package.egg-info to /home/ubuntu/Old_LV/aarush_ros/install/battery_package/lib/python3.10/site-packages/battery_package-0.0.0-py3.10.egg-info
[5.192s] running install_scripts
[5.304s] Installing battery_node script to /home/ubuntu/Old_LV/aarush_ros/install/battery_package/lib/battery_package
[5.308s] writing list of installed files to '/home/ubuntu/Old_LV/aarush_ros/build/battery_package/install.log'
[5.573s] Invoked command in '/home/ubuntu/Old_LV/aarush_ros/src/battery_package' returned '0': PYTHONPATH=/home/ubuntu/Old_LV/aarush_ros/build/battery_package/prefix_override:/home/ubuntu/Old_LV/aarush_ros/install/battery_package/lib/python3.10/site-packages:${PYTHONPATH} /usr/bin/python3 setup.py egg_info --egg-base ../../build/battery_package build --build-base /home/ubuntu/Old_LV/aarush_ros/build/battery_package/build install --record /home/ubuntu/Old_LV/aarush_ros/build/battery_package/install.log --single-version-externally-managed
