[2.762s] Invoking command in '/home/ubuntu/Agnirath_LVS_Strategy/aarush_ros/src/rf_package': PYTHONPATH=/home/ubuntu/Agnirath_LVS_Strategy/aarush_ros/build/rf_package/prefix_override:/home/ubuntu/Agnirath_LVS_Strategy/aarush_ros/install/rf_package/lib/python3.10/site-packages:${PYTHONPATH} /usr/bin/python3 setup.py egg_info --egg-base ../../build/rf_package build --build-base /home/ubuntu/Agnirath_LVS_Strategy/aarush_ros/build/rf_package/build install --record /home/ubuntu/Agnirath_LVS_Strategy/aarush_ros/build/rf_package/install.log --single-version-externally-managed
[3.804s] running egg_info
[3.809s] writing ../../build/rf_package/rf_package.egg-info/PKG-INFO
[3.812s] writing dependency_links to ../../build/rf_package/rf_package.egg-info/dependency_links.txt
[3.814s] writing entry points to ../../build/rf_package/rf_package.egg-info/entry_points.txt
[3.817s] writing requirements to ../../build/rf_package/rf_package.egg-info/requires.txt
[3.819s] writing top-level names to ../../build/rf_package/rf_package.egg-info/top_level.txt
[3.832s] reading manifest file '../../build/rf_package/rf_package.egg-info/SOURCES.txt'
[3.835s] adding license file 'LICENSE'
[3.841s] writing manifest file '../../build/rf_package/rf_package.egg-info/SOURCES.txt'
[3.842s] running build
[3.843s] running build_py
[3.846s] running install
[3.848s] /usr/lib/python3/dist-packages/setuptools/command/install.py:34: SetuptoolsDeprecationWarning: setup.py install is deprecated. Use build and pip and other standards-based tools.
[3.849s]   warnings.warn(
[3.852s] running install_lib
[3.859s] running install_data
[3.863s] running install_egg_info
[3.873s] removing '/home/ubuntu/Agnirath_LVS_Strategy/aarush_ros/install/rf_package/lib/python3.10/site-packages/rf_package-0.0.0-py3.10.egg-info' (and everything under it)
[3.875s] Copying ../../build/rf_package/rf_package.egg-info to /home/ubuntu/Agnirath_LVS_Strategy/aarush_ros/install/rf_package/lib/python3.10/site-packages/rf_package-0.0.0-py3.10.egg-info
[3.883s] running install_scripts
[3.980s] Installing rf_node script to /home/ubuntu/Agnirath_LVS_Strategy/aarush_ros/install/rf_package/lib/rf_package
[3.982s] writing list of installed files to '/home/ubuntu/Agnirath_LVS_Strategy/aarush_ros/build/rf_package/install.log'
[4.128s] Invoked command in '/home/ubuntu/Agnirath_LVS_Strategy/aarush_ros/src/rf_package' returned '0': PYTHONPATH=/home/ubuntu/Agnirath_LVS_Strategy/aarush_ros/build/rf_package/prefix_override:/home/ubuntu/Agnirath_LVS_Strategy/aarush_ros/install/rf_package/lib/python3.10/site-packages:${PYTHONPATH} /usr/bin/python3 setup.py egg_info --egg-base ../../build/rf_package build --build-base /home/ubuntu/Agnirath_LVS_Strategy/aarush_ros/build/rf_package/build install --record /home/ubuntu/Agnirath_LVS_Strategy/aarush_ros/build/rf_package/install.log --single-version-externally-managed
