[3.402s] Invoking command in '/home/ubuntu/Old_LV/aarush_ros/src/can_package': PYTHONPATH=/home/ubuntu/Old_LV/aarush_ros/build/can_package/prefix_override:/home/ubuntu/Old_LV/aarush_ros/install/can_package/lib/python3.10/site-packages:${PYTHONPATH} /usr/bin/python3 setup.py egg_info --egg-base ../../build/can_package build --build-base /home/ubuntu/Old_LV/aarush_ros/build/can_package/build install --record /home/ubuntu/Old_LV/aarush_ros/build/can_package/install.log --single-version-externally-managed
[4.475s] running egg_info
[4.479s] writing ../../build/can_package/can_package.egg-info/PKG-INFO
[4.482s] writing dependency_links to ../../build/can_package/can_package.egg-info/dependency_links.txt
[4.484s] writing entry points to ../../build/can_package/can_package.egg-info/entry_points.txt
[4.485s] writing requirements to ../../build/can_package/can_package.egg-info/requires.txt
[4.487s] writing top-level names to ../../build/can_package/can_package.egg-info/top_level.txt
[4.497s] reading manifest file '../../build/can_package/can_package.egg-info/SOURCES.txt'
[4.498s] adding license file 'LICENSE'
[4.502s] writing manifest file '../../build/can_package/can_package.egg-info/SOURCES.txt'
[4.503s] running build
[4.503s] running build_py
[4.507s] running install
[4.507s] /usr/lib/python3/dist-packages/setuptools/command/install.py:34: SetuptoolsDeprecationWarning: setup.py install is deprecated. Use build and pip and other standards-based tools.
[4.508s]   warnings.warn(
[4.508s] running install_lib
[4.515s] byte-compiling /home/ubuntu/Old_LV/aarush_ros/install/can_package/lib/python3.10/site-packages/can_package/py_tools_decode_test_dup.py to py_tools_decode_test_dup.cpython-310.pyc
[4.518s] running install_data
[4.520s] running install_egg_info
[4.529s] removing '/home/ubuntu/Old_LV/aarush_ros/install/can_package/lib/python3.10/site-packages/can_package-0.0.0-py3.10.egg-info' (and everything under it)
[4.530s] Copying ../../build/can_package/can_package.egg-info to /home/ubuntu/Old_LV/aarush_ros/install/can_package/lib/python3.10/site-packages/can_package-0.0.0-py3.10.egg-info
[4.536s] running install_scripts
[4.641s] Installing can_node_sim script to /home/ubuntu/Old_LV/aarush_ros/install/can_package/lib/can_package
[4.642s] Installing can_rx_node script to /home/ubuntu/Old_LV/aarush_ros/install/can_package/lib/can_package
[4.642s] Installing can_rx_node_dup script to /home/ubuntu/Old_LV/aarush_ros/install/can_package/lib/can_package
[4.643s] Installing can_rx_node_test script to /home/ubuntu/Old_LV/aarush_ros/install/can_package/lib/can_package
[4.644s] Installing can_tx_node script to /home/ubuntu/Old_LV/aarush_ros/install/can_package/lib/can_package
[4.646s] writing list of installed files to '/home/ubuntu/Old_LV/aarush_ros/build/can_package/install.log'
[4.817s] Invoked command in '/home/ubuntu/Old_LV/aarush_ros/src/can_package' returned '0': PYTHONPATH=/home/ubuntu/Old_LV/aarush_ros/build/can_package/prefix_override:/home/ubuntu/Old_LV/aarush_ros/install/can_package/lib/python3.10/site-packages:${PYTHONPATH} /usr/bin/python3 setup.py egg_info --egg-base ../../build/can_package build --build-base /home/ubuntu/Old_LV/aarush_ros/build/can_package/build install --record /home/ubuntu/Old_LV/aarush_ros/build/can_package/install.log --single-version-externally-managed
