[0.681s] Invoking command in '/home/jaay/Agnirath/Agnirath_LVS_Strategy/aarush_ros/src/display_package': PYTHONPATH=/home/jaay/Agnirath/Agnirath_LVS_Strategy/aarush_ros/build/display_package/prefix_override:/home/jaay/Agnirath/Agnirath_LVS_Strategy/aarush_ros/install/display_package/lib/python3.10/site-packages:${PYTHONPATH} /usr/bin/python3 setup.py egg_info --egg-base ../../build/display_package build --build-base /home/jaay/Agnirath/Agnirath_LVS_Strategy/aarush_ros/build/display_package/build install --record /home/jaay/Agnirath/Agnirath_LVS_Strategy/aarush_ros/build/display_package/install.log --single-version-externally-managed
[0.858s] running egg_info
[0.858s] writing ../../build/display_package/display_package.egg-info/PKG-INFO
[0.858s] writing dependency_links to ../../build/display_package/display_package.egg-info/dependency_links.txt
[0.858s] writing entry points to ../../build/display_package/display_package.egg-info/entry_points.txt
[0.858s] writing requirements to ../../build/display_package/display_package.egg-info/requires.txt
[0.858s] writing top-level names to ../../build/display_package/display_package.egg-info/top_level.txt
[0.860s] reading manifest file '../../build/display_package/display_package.egg-info/SOURCES.txt'
[0.860s] adding license file 'LICENSE'
[0.861s] writing manifest file '../../build/display_package/display_package.egg-info/SOURCES.txt'
[0.861s] running build
[0.861s] running build_py
[0.861s] running install
[0.861s] /usr/lib/python3/dist-packages/setuptools/command/install.py:34: SetuptoolsDeprecationWarning: setup.py install is deprecated. Use build and pip and other standards-based tools.
[0.861s]   warnings.warn(
[0.861s] running install_lib
[0.862s] running install_data
[0.862s] running install_egg_info
[0.863s] removing '/home/jaay/Agnirath/Agnirath_LVS_Strategy/aarush_ros/install/display_package/lib/python3.10/site-packages/display_package-0.0.0-py3.10.egg-info' (and everything under it)
[0.864s] Copying ../../build/display_package/display_package.egg-info to /home/jaay/Agnirath/Agnirath_LVS_Strategy/aarush_ros/install/display_package/lib/python3.10/site-packages/display_package-0.0.0-py3.10.egg-info
[0.864s] running install_scripts
[0.878s] Installing display_node script to /home/jaay/Agnirath/Agnirath_LVS_Strategy/aarush_ros/install/display_package/lib/display_package
[0.878s] writing list of installed files to '/home/jaay/Agnirath/Agnirath_LVS_Strategy/aarush_ros/build/display_package/install.log'
[0.901s] Invoked command in '/home/jaay/Agnirath/Agnirath_LVS_Strategy/aarush_ros/src/display_package' returned '0': PYTHONPATH=/home/jaay/Agnirath/Agnirath_LVS_Strategy/aarush_ros/build/display_package/prefix_override:/home/jaay/Agnirath/Agnirath_LVS_Strategy/aarush_ros/install/display_package/lib/python3.10/site-packages:${PYTHONPATH} /usr/bin/python3 setup.py egg_info --egg-base ../../build/display_package build --build-base /home/jaay/Agnirath/Agnirath_LVS_Strategy/aarush_ros/build/display_package/build install --record /home/jaay/Agnirath/Agnirath_LVS_Strategy/aarush_ros/build/display_package/install.log --single-version-externally-managed
