[2.379s] Invoking command in '/home/ubuntu/Old_LV/aarush_ros/src/mppt_package': PYTHONPATH=/home/ubuntu/Old_LV/aarush_ros/build/mppt_package/prefix_override:/home/ubuntu/Old_LV/aarush_ros/install/mppt_package/lib/python3.10/site-packages:${PYTHONPATH} /usr/bin/python3 setup.py egg_info --egg-base ../../build/mppt_package build --build-base /home/ubuntu/Old_LV/aarush_ros/build/mppt_package/build install --record /home/ubuntu/Old_LV/aarush_ros/build/mppt_package/install.log --single-version-externally-managed
[3.275s] running egg_info
[3.278s] writing ../../build/mppt_package/mppt_package.egg-info/PKG-INFO
[3.279s] writing dependency_links to ../../build/mppt_package/mppt_package.egg-info/dependency_links.txt
[3.280s] writing entry points to ../../build/mppt_package/mppt_package.egg-info/entry_points.txt
[3.282s] writing requirements to ../../build/mppt_package/mppt_package.egg-info/requires.txt
[3.283s] writing top-level names to ../../build/mppt_package/mppt_package.egg-info/top_level.txt
[3.290s] reading manifest file '../../build/mppt_package/mppt_package.egg-info/SOURCES.txt'
[3.290s] adding license file 'LICENSE'
[3.294s] writing manifest file '../../build/mppt_package/mppt_package.egg-info/SOURCES.txt'
[3.296s] running build
[3.298s] running build_py
[3.298s] copying mppt_package/mppt_node.py -> /home/ubuntu/Old_LV/aarush_ros/build/mppt_package/build/lib/mppt_package
[3.302s] running install
[3.304s] /usr/lib/python3/dist-packages/setuptools/command/install.py:34: SetuptoolsDeprecationWarning: setup.py install is deprecated. Use build and pip and other standards-based tools.
[3.306s]   warnings.warn(
[3.308s] running install_lib
[3.310s] copying /home/ubuntu/Old_LV/aarush_ros/build/mppt_package/build/lib/mppt_package/mppt_node.py -> /home/ubuntu/Old_LV/aarush_ros/install/mppt_package/lib/python3.10/site-packages/mppt_package
[3.312s] byte-compiling /home/ubuntu/Old_LV/aarush_ros/install/mppt_package/lib/python3.10/site-packages/mppt_package/mppt_node.py to mppt_node.cpython-310.pyc
[3.323s] running install_data
[3.325s] running install_egg_info
[3.334s] removing '/home/ubuntu/Old_LV/aarush_ros/install/mppt_package/lib/python3.10/site-packages/mppt_package-0.0.0-py3.10.egg-info' (and everything under it)
[3.336s] Copying ../../build/mppt_package/mppt_package.egg-info to /home/ubuntu/Old_LV/aarush_ros/install/mppt_package/lib/python3.10/site-packages/mppt_package-0.0.0-py3.10.egg-info
[3.337s] running install_scripts
[3.407s] Installing mppt_node script to /home/ubuntu/Old_LV/aarush_ros/install/mppt_package/lib/mppt_package
[3.410s] writing list of installed files to '/home/ubuntu/Old_LV/aarush_ros/build/mppt_package/install.log'
[3.537s] Invoked command in '/home/ubuntu/Old_LV/aarush_ros/src/mppt_package' returned '0': PYTHONPATH=/home/ubuntu/Old_LV/aarush_ros/build/mppt_package/prefix_override:/home/ubuntu/Old_LV/aarush_ros/install/mppt_package/lib/python3.10/site-packages:${PYTHONPATH} /usr/bin/python3 setup.py egg_info --egg-base ../../build/mppt_package build --build-base /home/ubuntu/Old_LV/aarush_ros/build/mppt_package/build install --record /home/ubuntu/Old_LV/aarush_ros/build/mppt_package/install.log --single-version-externally-managed
