[3.397s] Invoking command in '/home/ubuntu/Agnirath_LVS_Strategy/aarush_ros/src/battery_package': PYTHONPATH=/home/ubuntu/Agnirath_LVS_Strategy/aarush_ros/build/battery_package/prefix_override:/home/ubuntu/Agnirath_LVS_Strategy/aarush_ros/install/battery_package/lib/python3.10/site-packages:${PYTHONPATH} /usr/bin/python3 setup.py egg_info --egg-base ../../build/battery_package build --build-base /home/ubuntu/Agnirath_LVS_Strategy/aarush_ros/build/battery_package/build install --record /home/ubuntu/Agnirath_LVS_Strategy/aarush_ros/build/battery_package/install.log --single-version-externally-managed
[4.441s] running egg_info
[4.445s] writing ../../build/battery_package/battery_package.egg-info/PKG-INFO
[4.447s] writing dependency_links to ../../build/battery_package/battery_package.egg-info/dependency_links.txt
[4.448s] writing entry points to ../../build/battery_package/battery_package.egg-info/entry_points.txt
[4.450s] writing requirements to ../../build/battery_package/battery_package.egg-info/requires.txt
[4.451s] writing top-level names to ../../build/battery_package/battery_package.egg-info/top_level.txt
[4.460s] reading manifest file '../../build/battery_package/battery_package.egg-info/SOURCES.txt'
[4.461s] adding license file 'LICENSE'
[4.464s] writing manifest file '../../build/battery_package/battery_package.egg-info/SOURCES.txt'
[4.465s] running build
[4.465s] running build_py
[4.466s] running install
[4.467s] /usr/lib/python3/dist-packages/setuptools/command/install.py:34: SetuptoolsDeprecationWarning: setup.py install is deprecated. Use build and pip and other standards-based tools.
[4.467s]   warnings.warn(
[4.468s] running install_lib
[4.473s] running install_data
[4.476s] running install_egg_info
[4.482s] removing '/home/ubuntu/Agnirath_LVS_Strategy/aarush_ros/install/battery_package/lib/python3.10/site-packages/battery_package-0.0.0-py3.10.egg-info' (and everything under it)
[4.483s] Copying ../../build/battery_package/battery_package.egg-info to /home/ubuntu/Agnirath_LVS_Strategy/aarush_ros/install/battery_package/lib/python3.10/site-packages/battery_package-0.0.0-py3.10.egg-info
[4.487s] running install_scripts
[4.572s] Installing battery_node script to /home/ubuntu/Agnirath_LVS_Strategy/aarush_ros/install/battery_package/lib/battery_package
[4.573s] writing list of installed files to '/home/ubuntu/Agnirath_LVS_Strategy/aarush_ros/build/battery_package/install.log'
[4.725s] Invoked command in '/home/ubuntu/Agnirath_LVS_Strategy/aarush_ros/src/battery_package' returned '0': PYTHONPATH=/home/ubuntu/Agnirath_LVS_Strategy/aarush_ros/build/battery_package/prefix_override:/home/ubuntu/Agnirath_LVS_Strategy/aarush_ros/install/battery_package/lib/python3.10/site-packages:${PYTHONPATH} /usr/bin/python3 setup.py egg_info --egg-base ../../build/battery_package build --build-base /home/ubuntu/Agnirath_LVS_Strategy/aarush_ros/build/battery_package/build install --record /home/ubuntu/Agnirath_LVS_Strategy/aarush_ros/build/battery_package/install.log --single-version-externally-managed
