[2.140s] Invoking command in '/home/ubuntu/Old_LV/aarush_ros/src/can_package': PYTHONPATH=/home/ubuntu/Old_LV/aarush_ros/build/can_package/prefix_override:/home/ubuntu/Old_LV/aarush_ros/install/can_package/lib/python3.10/site-packages:${PYTHONPATH} /usr/bin/python3 setup.py egg_info --egg-base ../../build/can_package build --build-base /home/ubuntu/Old_LV/aarush_ros/build/can_package/build install --record /home/ubuntu/Old_LV/aarush_ros/build/can_package/install.log --single-version-externally-managed
[3.002s] running egg_info
[3.005s] writing ../../build/can_package/can_package.egg-info/PKG-INFO
[3.006s] writing dependency_links to ../../build/can_package/can_package.egg-info/dependency_links.txt
[3.007s] writing entry points to ../../build/can_package/can_package.egg-info/entry_points.txt
[3.007s] writing requirements to ../../build/can_package/can_package.egg-info/requires.txt
[3.008s] writing top-level names to ../../build/can_package/can_package.egg-info/top_level.txt
[3.017s] reading manifest file '../../build/can_package/can_package.egg-info/SOURCES.txt'
[3.018s] adding license file 'LICENSE'
[3.021s] writing manifest file '../../build/can_package/can_package.egg-info/SOURCES.txt'
[3.022s] running build
[3.022s] running build_py
[3.026s] running install
[3.026s] /usr/lib/python3/dist-packages/setuptools/command/install.py:34: SetuptoolsDeprecationWarning: setup.py install is deprecated. Use build and pip and other standards-based tools.
[3.027s]   warnings.warn(
[3.027s] running install_lib
[3.034s] running install_data
[3.036s] running install_egg_info
[3.041s] removing '/home/ubuntu/Old_LV/aarush_ros/install/can_package/lib/python3.10/site-packages/can_package-0.0.0-py3.10.egg-info' (and everything under it)
[3.043s] Copying ../../build/can_package/can_package.egg-info to /home/ubuntu/Old_LV/aarush_ros/install/can_package/lib/python3.10/site-packages/can_package-0.0.0-py3.10.egg-info
[3.046s] running install_scripts
[3.121s] Installing can_node_sim script to /home/ubuntu/Old_LV/aarush_ros/install/can_package/lib/can_package
[3.122s] Installing can_rx_node script to /home/ubuntu/Old_LV/aarush_ros/install/can_package/lib/can_package
[3.122s] Installing can_rx_node_dup script to /home/ubuntu/Old_LV/aarush_ros/install/can_package/lib/can_package
[3.123s] Installing can_rx_node_v3 script to /home/ubuntu/Old_LV/aarush_ros/install/can_package/lib/can_package
[3.124s] Installing can_tx_node script to /home/ubuntu/Old_LV/aarush_ros/install/can_package/lib/can_package
[3.126s] writing list of installed files to '/home/ubuntu/Old_LV/aarush_ros/build/can_package/install.log'
[3.246s] Invoked command in '/home/ubuntu/Old_LV/aarush_ros/src/can_package' returned '0': PYTHONPATH=/home/ubuntu/Old_LV/aarush_ros/build/can_package/prefix_override:/home/ubuntu/Old_LV/aarush_ros/install/can_package/lib/python3.10/site-packages:${PYTHONPATH} /usr/bin/python3 setup.py egg_info --egg-base ../../build/can_package build --build-base /home/ubuntu/Old_LV/aarush_ros/build/can_package/build install --record /home/ubuntu/Old_LV/aarush_ros/build/can_package/install.log --single-version-externally-managed
