[3.758s] Invoking command in '/home/jaay/Agnirath/Agnirath_LVS_Strategy/aarush_ros/src/main_package': PYTHONPATH=/home/jaay/Agnirath/Agnirath_LVS_Strategy/aarush_ros/build/main_package/prefix_override:/home/jaay/Agnirath/Agnirath_LVS_Strategy/aarush_ros/install/main_package/lib/python3.10/site-packages:${PYTHONPATH} /usr/bin/python3 setup.py egg_info --egg-base ../../build/main_package build --build-base /home/jaay/Agnirath/Agnirath_LVS_Strategy/aarush_ros/build/main_package/build install --record /home/jaay/Agnirath/Agnirath_LVS_Strategy/aarush_ros/build/main_package/install.log --single-version-externally-managed
[4.042s] running egg_info
[4.042s] writing ../../build/main_package/main_package.egg-info/PKG-INFO
[4.043s] writing dependency_links to ../../build/main_package/main_package.egg-info/dependency_links.txt
[4.045s] writing entry points to ../../build/main_package/main_package.egg-info/entry_points.txt
[4.045s] writing requirements to ../../build/main_package/main_package.egg-info/requires.txt
[4.046s] writing top-level names to ../../build/main_package/main_package.egg-info/top_level.txt
[4.048s] reading manifest file '../../build/main_package/main_package.egg-info/SOURCES.txt'
[4.049s] adding license file 'LICENSE'
[4.049s] writing manifest file '../../build/main_package/main_package.egg-info/SOURCES.txt'
[4.049s] running build
[4.049s] running build_py
[4.049s] running install
[4.050s] /usr/lib/python3/dist-packages/setuptools/command/install.py:34: SetuptoolsDeprecationWarning: setup.py install is deprecated. Use build and pip and other standards-based tools.
[4.050s]   warnings.warn(
[4.050s] running install_lib
[4.052s] running install_data
[4.053s] running install_egg_info
[4.056s] removing '/home/jaay/Agnirath/Agnirath_LVS_Strategy/aarush_ros/install/main_package/lib/python3.10/site-packages/main_package-0.0.0-py3.10.egg-info' (and everything under it)
[4.056s] Copying ../../build/main_package/main_package.egg-info to /home/jaay/Agnirath/Agnirath_LVS_Strategy/aarush_ros/install/main_package/lib/python3.10/site-packages/main_package-0.0.0-py3.10.egg-info
[4.057s] running install_scripts
[4.082s] Installing main_node script to /home/jaay/Agnirath/Agnirath_LVS_Strategy/aarush_ros/install/main_package/lib/main_package
[4.082s] writing list of installed files to '/home/jaay/Agnirath/Agnirath_LVS_Strategy/aarush_ros/build/main_package/install.log'
[4.137s] Invoked command in '/home/jaay/Agnirath/Agnirath_LVS_Strategy/aarush_ros/src/main_package' returned '0': PYTHONPATH=/home/jaay/Agnirath/Agnirath_LVS_Strategy/aarush_ros/build/main_package/prefix_override:/home/jaay/Agnirath/Agnirath_LVS_Strategy/aarush_ros/install/main_package/lib/python3.10/site-packages:${PYTHONPATH} /usr/bin/python3 setup.py egg_info --egg-base ../../build/main_package build --build-base /home/jaay/Agnirath/Agnirath_LVS_Strategy/aarush_ros/build/main_package/build install --record /home/jaay/Agnirath/Agnirath_LVS_Strategy/aarush_ros/build/main_package/install.log --single-version-externally-managed
