[4.403s] Invoking command in '/home/ubuntu/Old_LV/aarush_ros/src/imu_package': PYTHONPATH=/home/ubuntu/Old_LV/aarush_ros/build/imu_package/prefix_override:/home/ubuntu/Old_LV/aarush_ros/install/imu_package/lib/python3.10/site-packages:${PYTHONPATH} /usr/bin/python3 setup.py egg_info --egg-base ../../build/imu_package build --build-base /home/ubuntu/Old_LV/aarush_ros/build/imu_package/build install --record /home/ubuntu/Old_LV/aarush_ros/build/imu_package/install.log --single-version-externally-managed
[5.865s] running egg_info
[5.875s] writing ../../build/imu_package/imu_package.egg-info/PKG-INFO
[5.878s] writing dependency_links to ../../build/imu_package/imu_package.egg-info/dependency_links.txt
[5.880s] writing entry points to ../../build/imu_package/imu_package.egg-info/entry_points.txt
[5.881s] writing requirements to ../../build/imu_package/imu_package.egg-info/requires.txt
[5.884s] writing top-level names to ../../build/imu_package/imu_package.egg-info/top_level.txt
[5.888s] reading manifest file '../../build/imu_package/imu_package.egg-info/SOURCES.txt'
[5.891s] adding license file 'LICENSE'
[5.895s] writing manifest file '../../build/imu_package/imu_package.egg-info/SOURCES.txt'
[5.898s] running build
[5.901s] running build_py
[5.904s] running install
[5.912s] /usr/lib/python3/dist-packages/setuptools/command/install.py:34: SetuptoolsDeprecationWarning: setup.py install is deprecated. Use build and pip and other standards-based tools.
[5.923s]   warnings.warn(
[5.929s] running install_lib
[5.932s] running install_data
[5.936s] running install_egg_info
[5.939s] removing '/home/ubuntu/Old_LV/aarush_ros/install/imu_package/lib/python3.10/site-packages/imu_package-0.0.0-py3.10.egg-info' (and everything under it)
[5.942s] Copying ../../build/imu_package/imu_package.egg-info to /home/ubuntu/Old_LV/aarush_ros/install/imu_package/lib/python3.10/site-packages/imu_package-0.0.0-py3.10.egg-info
[5.945s] running install_scripts
[6.075s] Installing imu_node script to /home/ubuntu/Old_LV/aarush_ros/install/imu_package/lib/imu_package
[6.081s] writing list of installed files to '/home/ubuntu/Old_LV/aarush_ros/build/imu_package/install.log'
[6.305s] Invoked command in '/home/ubuntu/Old_LV/aarush_ros/src/imu_package' returned '0': PYTHONPATH=/home/ubuntu/Old_LV/aarush_ros/build/imu_package/prefix_override:/home/ubuntu/Old_LV/aarush_ros/install/imu_package/lib/python3.10/site-packages:${PYTHONPATH} /usr/bin/python3 setup.py egg_info --egg-base ../../build/imu_package build --build-base /home/ubuntu/Old_LV/aarush_ros/build/imu_package/build install --record /home/ubuntu/Old_LV/aarush_ros/build/imu_package/install.log --single-version-externally-managed
