[3.416s] Invoking command in '/home/ubuntu/Agnirath_LVS_Strategy/aarush_ros/src/my_package': PYTHONPATH=/home/ubuntu/Agnirath_LVS_Strategy/aarush_ros/build/my_package/prefix_override:/home/ubuntu/Agnirath_LVS_Strategy/aarush_ros/install/my_package/lib/python3.10/site-packages:${PYTHONPATH} /usr/bin/python3 setup.py egg_info --egg-base ../../build/my_package build --build-base /home/ubuntu/Agnirath_LVS_Strategy/aarush_ros/build/my_package/build install --record /home/ubuntu/Agnirath_LVS_Strategy/aarush_ros/build/my_package/install.log --single-version-externally-managed
[4.437s] running egg_info
[4.441s] writing ../../build/my_package/my_package.egg-info/PKG-INFO
[4.443s] writing dependency_links to ../../build/my_package/my_package.egg-info/dependency_links.txt
[4.444s] writing entry points to ../../build/my_package/my_package.egg-info/entry_points.txt
[4.446s] writing requirements to ../../build/my_package/my_package.egg-info/requires.txt
[4.447s] writing top-level names to ../../build/my_package/my_package.egg-info/top_level.txt
[4.456s] reading manifest file '../../build/my_package/my_package.egg-info/SOURCES.txt'
[4.458s] adding license file 'LICENSE'
[4.461s] writing manifest file '../../build/my_package/my_package.egg-info/SOURCES.txt'
[4.462s] running build
[4.463s] running build_py
[4.465s] running install
[4.466s] /usr/lib/python3/dist-packages/setuptools/command/install.py:34: SetuptoolsDeprecationWarning: setup.py install is deprecated. Use build and pip and other standards-based tools.
[4.467s]   warnings.warn(
[4.469s] running install_lib
[4.474s] running install_data
[4.477s] running install_egg_info
[4.484s] removing '/home/ubuntu/Agnirath_LVS_Strategy/aarush_ros/install/my_package/lib/python3.10/site-packages/my_package-0.0.0-py3.10.egg-info' (and everything under it)
[4.486s] Copying ../../build/my_package/my_package.egg-info to /home/ubuntu/Agnirath_LVS_Strategy/aarush_ros/install/my_package/lib/python3.10/site-packages/my_package-0.0.0-py3.10.egg-info
[4.490s] running install_scripts
[4.594s] Installing my_node script to /home/ubuntu/Agnirath_LVS_Strategy/aarush_ros/install/my_package/lib/my_package
[4.596s] writing list of installed files to '/home/ubuntu/Agnirath_LVS_Strategy/aarush_ros/build/my_package/install.log'
[4.748s] Invoked command in '/home/ubuntu/Agnirath_LVS_Strategy/aarush_ros/src/my_package' returned '0': PYTHONPATH=/home/ubuntu/Agnirath_LVS_Strategy/aarush_ros/build/my_package/prefix_override:/home/ubuntu/Agnirath_LVS_Strategy/aarush_ros/install/my_package/lib/python3.10/site-packages:${PYTHONPATH} /usr/bin/python3 setup.py egg_info --egg-base ../../build/my_package build --build-base /home/ubuntu/Agnirath_LVS_Strategy/aarush_ros/build/my_package/build install --record /home/ubuntu/Agnirath_LVS_Strategy/aarush_ros/build/my_package/install.log --single-version-externally-managed
