[3.121s] Invoking command in '/home/ubuntu/Old_LV/aarush_ros/src/main_package': PYTHONPATH=/home/ubuntu/Old_LV/aarush_ros/build/main_package/prefix_override:/home/ubuntu/Old_LV/aarush_ros/install/main_package/lib/python3.10/site-packages:${PYTHONPATH} /usr/bin/python3 setup.py egg_info --egg-base ../../build/main_package build --build-base /home/ubuntu/Old_LV/aarush_ros/build/main_package/build install --record /home/ubuntu/Old_LV/aarush_ros/build/main_package/install.log --single-version-externally-managed
[4.323s] running egg_info
[4.328s] writing ../../build/main_package/main_package.egg-info/PKG-INFO
[4.331s] writing dependency_links to ../../build/main_package/main_package.egg-info/dependency_links.txt
[4.333s] writing entry points to ../../build/main_package/main_package.egg-info/entry_points.txt
[4.335s] writing requirements to ../../build/main_package/main_package.egg-info/requires.txt
[4.337s] writing top-level names to ../../build/main_package/main_package.egg-info/top_level.txt
[4.341s] reading manifest file '../../build/main_package/main_package.egg-info/SOURCES.txt'
[4.347s] adding license file 'LICENSE'
[4.349s] writing manifest file '../../build/main_package/main_package.egg-info/SOURCES.txt'
[4.352s] running build
[4.354s] running build_py
[4.358s] running install
[4.361s] /usr/lib/python3/dist-packages/setuptools/command/install.py:34: SetuptoolsDeprecationWarning: setup.py install is deprecated. Use build and pip and other standards-based tools.
[4.363s]   warnings.warn(
[4.367s] running install_lib
[4.375s] running install_data
[4.380s] running install_egg_info
[4.392s] removing '/home/ubuntu/Old_LV/aarush_ros/install/main_package/lib/python3.10/site-packages/main_package-0.0.0-py3.10.egg-info' (and everything under it)
[4.404s] Copying ../../build/main_package/main_package.egg-info to /home/ubuntu/Old_LV/aarush_ros/install/main_package/lib/python3.10/site-packages/main_package-0.0.0-py3.10.egg-info
[4.420s] running install_scripts
[4.511s] Installing main_node script to /home/ubuntu/Old_LV/aarush_ros/install/main_package/lib/main_package
[4.516s] writing list of installed files to '/home/ubuntu/Old_LV/aarush_ros/build/main_package/install.log'
[4.700s] Invoked command in '/home/ubuntu/Old_LV/aarush_ros/src/main_package' returned '0': PYTHONPATH=/home/ubuntu/Old_LV/aarush_ros/build/main_package/prefix_override:/home/ubuntu/Old_LV/aarush_ros/install/main_package/lib/python3.10/site-packages:${PYTHONPATH} /usr/bin/python3 setup.py egg_info --egg-base ../../build/main_package build --build-base /home/ubuntu/Old_LV/aarush_ros/build/main_package/build install --record /home/ubuntu/Old_LV/aarush_ros/build/main_package/install.log --single-version-externally-managed
