[0.739s] Invoking command in '/home/jaay/Agnirath/Agnirath_LVS_Strategy/aarush_ros/src/display_package': PYTHONPATH=/home/jaay/Agnirath/Agnirath_LVS_Strategy/aarush_ros/build/display_package/prefix_override:/home/jaay/Agnirath/Agnirath_LVS_Strategy/aarush_ros/install/display_package/lib/python3.10/site-packages:${PYTHONPATH} /usr/bin/python3 setup.py egg_info --egg-base ../../build/display_package build --build-base /home/jaay/Agnirath/Agnirath_LVS_Strategy/aarush_ros/build/display_package/build install --record /home/jaay/Agnirath/Agnirath_LVS_Strategy/aarush_ros/build/display_package/install.log --single-version-externally-managed
[0.932s] running egg_info
[0.933s] writing ../../build/display_package/display_package.egg-info/PKG-INFO
[0.933s] writing dependency_links to ../../build/display_package/display_package.egg-info/dependency_links.txt
[0.933s] writing entry points to ../../build/display_package/display_package.egg-info/entry_points.txt
[0.933s] writing requirements to ../../build/display_package/display_package.egg-info/requires.txt
[0.933s] writing top-level names to ../../build/display_package/display_package.egg-info/top_level.txt
[0.935s] reading manifest file '../../build/display_package/display_package.egg-info/SOURCES.txt'
[0.936s] adding license file 'LICENSE'
[0.936s] writing manifest file '../../build/display_package/display_package.egg-info/SOURCES.txt'
[0.936s] running build
[0.936s] running build_py
[0.936s] copying display_package/display_node.py -> /home/jaay/Agnirath/Agnirath_LVS_Strategy/aarush_ros/build/display_package/build/lib/display_package
[0.937s] running install
[0.937s] /usr/lib/python3/dist-packages/setuptools/command/install.py:34: SetuptoolsDeprecationWarning: setup.py install is deprecated. Use build and pip and other standards-based tools.
[0.937s]   warnings.warn(
[0.937s] running install_lib
[0.937s] copying /home/jaay/Agnirath/Agnirath_LVS_Strategy/aarush_ros/build/display_package/build/lib/display_package/display_node.py -> /home/jaay/Agnirath/Agnirath_LVS_Strategy/aarush_ros/install/display_package/lib/python3.10/site-packages/display_package
[0.938s] byte-compiling /home/jaay/Agnirath/Agnirath_LVS_Strategy/aarush_ros/install/display_package/lib/python3.10/site-packages/display_package/display_node.py to display_node.cpython-310.pyc
[0.946s] running install_data
[0.946s] running install_egg_info
[0.947s] removing '/home/jaay/Agnirath/Agnirath_LVS_Strategy/aarush_ros/install/display_package/lib/python3.10/site-packages/display_package-0.0.0-py3.10.egg-info' (and everything under it)
[0.947s] Copying ../../build/display_package/display_package.egg-info to /home/jaay/Agnirath/Agnirath_LVS_Strategy/aarush_ros/install/display_package/lib/python3.10/site-packages/display_package-0.0.0-py3.10.egg-info
[0.948s] running install_scripts
[0.963s] Installing display_node script to /home/jaay/Agnirath/Agnirath_LVS_Strategy/aarush_ros/install/display_package/lib/display_package
[0.963s] writing list of installed files to '/home/jaay/Agnirath/Agnirath_LVS_Strategy/aarush_ros/build/display_package/install.log'
[0.998s] Invoked command in '/home/jaay/Agnirath/Agnirath_LVS_Strategy/aarush_ros/src/display_package' returned '0': PYTHONPATH=/home/jaay/Agnirath/Agnirath_LVS_Strategy/aarush_ros/build/display_package/prefix_override:/home/jaay/Agnirath/Agnirath_LVS_Strategy/aarush_ros/install/display_package/lib/python3.10/site-packages:${PYTHONPATH} /usr/bin/python3 setup.py egg_info --egg-base ../../build/display_package build --build-base /home/jaay/Agnirath/Agnirath_LVS_Strategy/aarush_ros/build/display_package/build install --record /home/jaay/Agnirath/Agnirath_LVS_Strategy/aarush_ros/build/display_package/install.log --single-version-externally-managed
