[3.466s] Invoking command in '/home/ubuntu/Old_LV/aarush_ros/src/battery_package': PYTHONPATH=/home/ubuntu/Old_LV/aarush_ros/build/battery_package/prefix_override:/home/ubuntu/Old_LV/aarush_ros/install/battery_package/lib/python3.10/site-packages:${PYTHONPATH} /usr/bin/python3 setup.py egg_info --egg-base ../../build/battery_package build --build-base /home/ubuntu/Old_LV/aarush_ros/build/battery_package/build install --record /home/ubuntu/Old_LV/aarush_ros/build/battery_package/install.log --single-version-externally-managed
[4.438s] running egg_info
[4.441s] writing ../../build/battery_package/battery_package.egg-info/PKG-INFO
[4.442s] writing dependency_links to ../../build/battery_package/battery_package.egg-info/dependency_links.txt
[4.443s] writing entry points to ../../build/battery_package/battery_package.egg-info/entry_points.txt
[4.444s] writing requirements to ../../build/battery_package/battery_package.egg-info/requires.txt
[4.444s] writing top-level names to ../../build/battery_package/battery_package.egg-info/top_level.txt
[4.453s] reading manifest file '../../build/battery_package/battery_package.egg-info/SOURCES.txt'
[4.454s] adding license file 'LICENSE'
[4.456s] writing manifest file '../../build/battery_package/battery_package.egg-info/SOURCES.txt'
[4.457s] running build
[4.457s] running build_py
[4.458s] running install
[4.459s] /usr/lib/python3/dist-packages/setuptools/command/install.py:34: SetuptoolsDeprecationWarning: setup.py install is deprecated. Use build and pip and other standards-based tools.
[4.460s]   warnings.warn(
[4.461s] running install_lib
[4.465s] running install_data
[4.468s] running install_egg_info
[4.474s] removing '/home/ubuntu/Old_LV/aarush_ros/install/battery_package/lib/python3.10/site-packages/battery_package-0.0.0-py3.10.egg-info' (and everything under it)
[4.475s] Copying ../../build/battery_package/battery_package.egg-info to /home/ubuntu/Old_LV/aarush_ros/install/battery_package/lib/python3.10/site-packages/battery_package-0.0.0-py3.10.egg-info
[4.479s] running install_scripts
[4.569s] Installing battery_node script to /home/ubuntu/Old_LV/aarush_ros/install/battery_package/lib/battery_package
[4.572s] writing list of installed files to '/home/ubuntu/Old_LV/aarush_ros/build/battery_package/install.log'
[4.724s] Invoked command in '/home/ubuntu/Old_LV/aarush_ros/src/battery_package' returned '0': PYTHONPATH=/home/ubuntu/Old_LV/aarush_ros/build/battery_package/prefix_override:/home/ubuntu/Old_LV/aarush_ros/install/battery_package/lib/python3.10/site-packages:${PYTHONPATH} /usr/bin/python3 setup.py egg_info --egg-base ../../build/battery_package build --build-base /home/ubuntu/Old_LV/aarush_ros/build/battery_package/build install --record /home/ubuntu/Old_LV/aarush_ros/build/battery_package/install.log --single-version-externally-managed
