[2.718s] Invoking command in '/home/jaay/Agnirath/Agnirath_LVS_Strategy/aarush_ros/src/imu_package': PYTHONPATH=/home/jaay/Agnirath/Agnirath_LVS_Strategy/aarush_ros/build/imu_package/prefix_override:/home/jaay/Agnirath/Agnirath_LVS_Strategy/aarush_ros/install/imu_package/lib/python3.10/site-packages:${PYTHONPATH} /usr/bin/python3 setup.py egg_info --egg-base ../../build/imu_package build --build-base /home/jaay/Agnirath/Agnirath_LVS_Strategy/aarush_ros/build/imu_package/build install --record /home/jaay/Agnirath/Agnirath_LVS_Strategy/aarush_ros/build/imu_package/install.log --single-version-externally-managed
[2.987s] running egg_info
[2.987s] creating ../../build/imu_package/imu_package.egg-info
[2.987s] writing ../../build/imu_package/imu_package.egg-info/PKG-INFO
[2.987s] writing dependency_links to ../../build/imu_package/imu_package.egg-info/dependency_links.txt
[2.988s] writing entry points to ../../build/imu_package/imu_package.egg-info/entry_points.txt
[2.988s] writing requirements to ../../build/imu_package/imu_package.egg-info/requires.txt
[2.988s] writing top-level names to ../../build/imu_package/imu_package.egg-info/top_level.txt
[2.988s] writing manifest file '../../build/imu_package/imu_package.egg-info/SOURCES.txt'
[2.990s] reading manifest file '../../build/imu_package/imu_package.egg-info/SOURCES.txt'
[2.990s] adding license file 'LICENSE'
[2.991s] writing manifest file '../../build/imu_package/imu_package.egg-info/SOURCES.txt'
[2.991s] running build
[2.991s] running build_py
[2.991s] creating /home/jaay/Agnirath/Agnirath_LVS_Strategy/aarush_ros/build/imu_package/build
[2.991s] creating /home/jaay/Agnirath/Agnirath_LVS_Strategy/aarush_ros/build/imu_package/build/lib
[2.991s] creating /home/jaay/Agnirath/Agnirath_LVS_Strategy/aarush_ros/build/imu_package/build/lib/imu_package
[2.991s] copying imu_package/imu_node.py -> /home/jaay/Agnirath/Agnirath_LVS_Strategy/aarush_ros/build/imu_package/build/lib/imu_package
[2.991s] copying imu_package/__init__.py -> /home/jaay/Agnirath/Agnirath_LVS_Strategy/aarush_ros/build/imu_package/build/lib/imu_package
[2.992s] running install
[2.992s] running install_lib
[2.992s] creating /home/jaay/Agnirath/Agnirath_LVS_Strategy/aarush_ros/install/imu_package/lib/python3.10/site-packages/imu_package
[2.992s] copying /home/jaay/Agnirath/Agnirath_LVS_Strategy/aarush_ros/build/imu_package/build/lib/imu_package/imu_node.py -> /home/jaay/Agnirath/Agnirath_LVS_Strategy/aarush_ros/install/imu_package/lib/python3.10/site-packages/imu_package
[2.992s] copying /home/jaay/Agnirath/Agnirath_LVS_Strategy/aarush_ros/build/imu_package/build/lib/imu_package/__init__.py -> /home/jaay/Agnirath/Agnirath_LVS_Strategy/aarush_ros/install/imu_package/lib/python3.10/site-packages/imu_package
[2.992s] byte-compiling /home/jaay/Agnirath/Agnirath_LVS_Strategy/aarush_ros/install/imu_package/lib/python3.10/site-packages/imu_package/imu_node.py to imu_node.cpython-310.pyc
[2.993s] byte-compiling /home/jaay/Agnirath/Agnirath_LVS_Strategy/aarush_ros/install/imu_package/lib/python3.10/site-packages/imu_package/__init__.py to __init__.cpython-310.pyc
[2.993s] running install_data
[2.994s] creating /home/jaay/Agnirath/Agnirath_LVS_Strategy/aarush_ros/install/imu_package/share/ament_index
[2.994s] creating /home/jaay/Agnirath/Agnirath_LVS_Strategy/aarush_ros/install/imu_package/share/ament_index/resource_index
[2.994s] creating /home/jaay/Agnirath/Agnirath_LVS_Strategy/aarush_ros/install/imu_package/share/ament_index/resource_index/packages
[2.994s] copying resource/imu_package -> /home/jaay/Agnirath/Agnirath_LVS_Strategy/aarush_ros/install/imu_package/share/ament_index/resource_index/packages
[2.994s] copying package.xml -> /home/jaay/Agnirath/Agnirath_LVS_Strategy/aarush_ros/install/imu_package/share/imu_package
[2.994s] running install_egg_info
[2.995s] Copying ../../build/imu_package/imu_package.egg-info to /home/jaay/Agnirath/Agnirath_LVS_Strategy/aarush_ros/install/imu_package/lib/python3.10/site-packages/imu_package-0.0.0-py3.10.egg-info
[2.996s] running install_scripts
[3.014s] Installing imu_node script to /home/jaay/Agnirath/Agnirath_LVS_Strategy/aarush_ros/install/imu_package/lib/imu_package
[3.015s] writing list of installed files to '/home/jaay/Agnirath/Agnirath_LVS_Strategy/aarush_ros/build/imu_package/install.log'
[3.065s] Invoked command in '/home/jaay/Agnirath/Agnirath_LVS_Strategy/aarush_ros/src/imu_package' returned '0': PYTHONPATH=/home/jaay/Agnirath/Agnirath_LVS_Strategy/aarush_ros/build/imu_package/prefix_override:/home/jaay/Agnirath/Agnirath_LVS_Strategy/aarush_ros/install/imu_package/lib/python3.10/site-packages:${PYTHONPATH} /usr/bin/python3 setup.py egg_info --egg-base ../../build/imu_package build --build-base /home/jaay/Agnirath/Agnirath_LVS_Strategy/aarush_ros/build/imu_package/build install --record /home/jaay/Agnirath/Agnirath_LVS_Strategy/aarush_ros/build/imu_package/install.log --single-version-externally-managed
