[2.673s] Invoking command in '/home/ubuntu/Old_LV/aarush_ros/src/mc_package': PYTHONPATH=/home/ubuntu/Old_LV/aarush_ros/build/mc_package/prefix_override:/home/ubuntu/Old_LV/aarush_ros/install/mc_package/lib/python3.10/site-packages:${PYTHONPATH} /usr/bin/python3 setup.py egg_info --egg-base ../../build/mc_package build --build-base /home/ubuntu/Old_LV/aarush_ros/build/mc_package/build install --record /home/ubuntu/Old_LV/aarush_ros/build/mc_package/install.log --single-version-externally-managed
[3.675s] running egg_info
[3.678s] writing ../../build/mc_package/mc_package.egg-info/PKG-INFO
[3.679s] writing dependency_links to ../../build/mc_package/mc_package.egg-info/dependency_links.txt
[3.683s] writing entry points to ../../build/mc_package/mc_package.egg-info/entry_points.txt
[3.684s] writing requirements to ../../build/mc_package/mc_package.egg-info/requires.txt
[3.684s] writing top-level names to ../../build/mc_package/mc_package.egg-info/top_level.txt
[3.695s] reading manifest file '../../build/mc_package/mc_package.egg-info/SOURCES.txt'
[3.696s] adding license file 'LICENSE'
[3.699s] writing manifest file '../../build/mc_package/mc_package.egg-info/SOURCES.txt'
[3.700s] running build
[3.700s] running build_py
[3.701s] copying mc_package/mc_node.py -> /home/ubuntu/Old_LV/aarush_ros/build/mc_package/build/lib/mc_package
[3.707s] running install
[3.707s] running install_lib
[3.710s] /usr/lib/python3/dist-packages/setuptools/command/install.py:34: SetuptoolsDeprecationWarning: setup.py install is deprecated. Use build and pip and other standards-based tools.
[3.713s]   warnings.warn(
[3.715s] copying /home/ubuntu/Old_LV/aarush_ros/build/mc_package/build/lib/mc_package/mc_node.py -> /home/ubuntu/Old_LV/aarush_ros/install/mc_package/lib/python3.10/site-packages/mc_package
[3.716s] byte-compiling /home/ubuntu/Old_LV/aarush_ros/install/mc_package/lib/python3.10/site-packages/mc_package/mc_node_bkup.py to mc_node_bkup.cpython-310.pyc
[3.716s] byte-compiling /home/ubuntu/Old_LV/aarush_ros/install/mc_package/lib/python3.10/site-packages/mc_package/mc_node.py to mc_node.cpython-310.pyc
[3.717s] running install_data
[3.717s] running install_egg_info
[3.724s] removing '/home/ubuntu/Old_LV/aarush_ros/install/mc_package/lib/python3.10/site-packages/mc_package-0.0.0-py3.10.egg-info' (and everything under it)
[3.724s] Copying ../../build/mc_package/mc_package.egg-info to /home/ubuntu/Old_LV/aarush_ros/install/mc_package/lib/python3.10/site-packages/mc_package-0.0.0-py3.10.egg-info
[3.725s] running install_scripts
[3.804s] Installing mc_node script to /home/ubuntu/Old_LV/aarush_ros/install/mc_package/lib/mc_package
[3.813s] writing list of installed files to '/home/ubuntu/Old_LV/aarush_ros/build/mc_package/install.log'
[3.939s] Invoked command in '/home/ubuntu/Old_LV/aarush_ros/src/mc_package' returned '0': PYTHONPATH=/home/ubuntu/Old_LV/aarush_ros/build/mc_package/prefix_override:/home/ubuntu/Old_LV/aarush_ros/install/mc_package/lib/python3.10/site-packages:${PYTHONPATH} /usr/bin/python3 setup.py egg_info --egg-base ../../build/mc_package build --build-base /home/ubuntu/Old_LV/aarush_ros/build/mc_package/build install --record /home/ubuntu/Old_LV/aarush_ros/build/mc_package/install.log --single-version-externally-managed
