[3.167s] Invoking command in '/home/ubuntu/Old_LV/aarush_ros/src/my_package': PYTHONPATH=/home/ubuntu/Old_LV/aarush_ros/build/my_package/prefix_override:/home/ubuntu/Old_LV/aarush_ros/install/my_package/lib/python3.10/site-packages:${PYTHONPATH} /usr/bin/python3 setup.py egg_info --egg-base ../../build/my_package build --build-base /home/ubuntu/Old_LV/aarush_ros/build/my_package/build install --record /home/ubuntu/Old_LV/aarush_ros/build/my_package/install.log --single-version-externally-managed
[4.350s] running egg_info
[4.358s] writing ../../build/my_package/my_package.egg-info/PKG-INFO
[4.364s] writing dependency_links to ../../build/my_package/my_package.egg-info/dependency_links.txt
[4.369s] writing entry points to ../../build/my_package/my_package.egg-info/entry_points.txt
[4.375s] writing requirements to ../../build/my_package/my_package.egg-info/requires.txt
[4.379s] writing top-level names to ../../build/my_package/my_package.egg-info/top_level.txt
[4.395s] reading manifest file '../../build/my_package/my_package.egg-info/SOURCES.txt'
[4.400s] adding license file 'LICENSE'
[4.407s] writing manifest file '../../build/my_package/my_package.egg-info/SOURCES.txt'
[4.411s] running build
[4.414s] running build_py
[4.421s] running install
[4.425s] /usr/lib/python3/dist-packages/setuptools/command/install.py:34: SetuptoolsDeprecationWarning: setup.py install is deprecated. Use build and pip and other standards-based tools.
[4.427s]   warnings.warn(
[4.429s] running install_lib
[4.438s] running install_data
[4.441s] running install_egg_info
[4.452s] removing '/home/ubuntu/Old_LV/aarush_ros/install/my_package/lib/python3.10/site-packages/my_package-0.0.0-py3.10.egg-info' (and everything under it)
[4.453s] Copying ../../build/my_package/my_package.egg-info to /home/ubuntu/Old_LV/aarush_ros/install/my_package/lib/python3.10/site-packages/my_package-0.0.0-py3.10.egg-info
[4.457s] running install_scripts
[4.565s] Installing my_node script to /home/ubuntu/Old_LV/aarush_ros/install/my_package/lib/my_package
[4.568s] writing list of installed files to '/home/ubuntu/Old_LV/aarush_ros/build/my_package/install.log'
[4.719s] Invoked command in '/home/ubuntu/Old_LV/aarush_ros/src/my_package' returned '0': PYTHONPATH=/home/ubuntu/Old_LV/aarush_ros/build/my_package/prefix_override:/home/ubuntu/Old_LV/aarush_ros/install/my_package/lib/python3.10/site-packages:${PYTHONPATH} /usr/bin/python3 setup.py egg_info --egg-base ../../build/my_package build --build-base /home/ubuntu/Old_LV/aarush_ros/build/my_package/build install --record /home/ubuntu/Old_LV/aarush_ros/build/my_package/install.log --single-version-externally-managed
