[3.562s] Invoking command in '/home/jaay/Agnirath/Agnirath_LVS_Strategy/aarush_ros/src/gps_package': PYTHONPATH=/home/jaay/Agnirath/Agnirath_LVS_Strategy/aarush_ros/build/gps_package/prefix_override:/home/jaay/Agnirath/Agnirath_LVS_Strategy/aarush_ros/install/gps_package/lib/python3.10/site-packages:${PYTHONPATH} /usr/bin/python3 setup.py egg_info --egg-base ../../build/gps_package build --build-base /home/jaay/Agnirath/Agnirath_LVS_Strategy/aarush_ros/build/gps_package/build install --record /home/jaay/Agnirath/Agnirath_LVS_Strategy/aarush_ros/build/gps_package/install.log --single-version-externally-managed
[3.923s] running egg_info
[3.924s] writing ../../build/gps_package/gps_package.egg-info/PKG-INFO
[3.924s] writing dependency_links to ../../build/gps_package/gps_package.egg-info/dependency_links.txt
[3.924s] writing entry points to ../../build/gps_package/gps_package.egg-info/entry_points.txt
[3.925s] writing requirements to ../../build/gps_package/gps_package.egg-info/requires.txt
[3.925s] writing top-level names to ../../build/gps_package/gps_package.egg-info/top_level.txt
[3.927s] reading manifest file '../../build/gps_package/gps_package.egg-info/SOURCES.txt'
[3.928s] adding license file 'LICENSE'
[3.929s] writing manifest file '../../build/gps_package/gps_package.egg-info/SOURCES.txt'
[3.929s] running build
[3.929s] running build_py
[3.930s] running install
[3.930s] running install_lib
[3.930s] running install_data
[3.933s] running install_egg_info
[3.935s] removing '/home/jaay/Agnirath/Agnirath_LVS_Strategy/aarush_ros/install/gps_package/lib/python3.10/site-packages/gps_package-0.0.0-py3.10.egg-info' (and everything under it)
[3.935s] Copying ../../build/gps_package/gps_package.egg-info to /home/jaay/Agnirath/Agnirath_LVS_Strategy/aarush_ros/install/gps_package/lib/python3.10/site-packages/gps_package-0.0.0-py3.10.egg-info
[3.935s] running install_scripts
[3.957s] Installing gps_node script to /home/jaay/Agnirath/Agnirath_LVS_Strategy/aarush_ros/install/gps_package/lib/gps_package
[3.958s] writing list of installed files to '/home/jaay/Agnirath/Agnirath_LVS_Strategy/aarush_ros/build/gps_package/install.log'
[4.034s] Invoked command in '/home/jaay/Agnirath/Agnirath_LVS_Strategy/aarush_ros/src/gps_package' returned '0': PYTHONPATH=/home/jaay/Agnirath/Agnirath_LVS_Strategy/aarush_ros/build/gps_package/prefix_override:/home/jaay/Agnirath/Agnirath_LVS_Strategy/aarush_ros/install/gps_package/lib/python3.10/site-packages:${PYTHONPATH} /usr/bin/python3 setup.py egg_info --egg-base ../../build/gps_package build --build-base /home/jaay/Agnirath/Agnirath_LVS_Strategy/aarush_ros/build/gps_package/build install --record /home/jaay/Agnirath/Agnirath_LVS_Strategy/aarush_ros/build/gps_package/install.log --single-version-externally-managed
