[3.581s] Invoking command in '/home/jaay/Agnirath/Agnirath_LVS_Strategy/aarush_ros/src/control_package': PYTHONPATH=/home/jaay/Agnirath/Agnirath_LVS_Strategy/aarush_ros/build/control_package/prefix_override:/home/jaay/Agnirath/Agnirath_LVS_Strategy/aarush_ros/install/control_package/lib/python3.10/site-packages:${PYTHONPATH} /usr/bin/python3 setup.py egg_info --egg-base ../../build/control_package build --build-base /home/jaay/Agnirath/Agnirath_LVS_Strategy/aarush_ros/build/control_package/build install --record /home/jaay/Agnirath/Agnirath_LVS_Strategy/aarush_ros/build/control_package/install.log --single-version-externally-managed
[3.990s] running egg_info
[3.991s] writing ../../build/control_package/control_package.egg-info/PKG-INFO
[3.991s] writing dependency_links to ../../build/control_package/control_package.egg-info/dependency_links.txt
[3.992s] writing entry points to ../../build/control_package/control_package.egg-info/entry_points.txt
[3.992s] writing requirements to ../../build/control_package/control_package.egg-info/requires.txt
[3.992s] writing top-level names to ../../build/control_package/control_package.egg-info/top_level.txt
[3.994s] reading manifest file '../../build/control_package/control_package.egg-info/SOURCES.txt'
[3.995s] adding license file 'LICENSE'
[3.995s] writing manifest file '../../build/control_package/control_package.egg-info/SOURCES.txt'
[3.996s] running build
[3.996s] running build_py
[3.996s] running install
[3.996s] running install_lib
[3.997s] running install_data
[3.998s] running install_egg_info
[4.000s] removing '/home/jaay/Agnirath/Agnirath_LVS_Strategy/aarush_ros/install/control_package/lib/python3.10/site-packages/control_package-0.0.0-py3.10.egg-info' (and everything under it)
[4.000s] Copying ../../build/control_package/control_package.egg-info to /home/jaay/Agnirath/Agnirath_LVS_Strategy/aarush_ros/install/control_package/lib/python3.10/site-packages/control_package-0.0.0-py3.10.egg-info
[4.001s] running install_scripts
[4.024s] Installing control_node script to /home/jaay/Agnirath/Agnirath_LVS_Strategy/aarush_ros/install/control_package/lib/control_package
[4.025s] writing list of installed files to '/home/jaay/Agnirath/Agnirath_LVS_Strategy/aarush_ros/build/control_package/install.log'
[4.092s] Invoked command in '/home/jaay/Agnirath/Agnirath_LVS_Strategy/aarush_ros/src/control_package' returned '0': PYTHONPATH=/home/jaay/Agnirath/Agnirath_LVS_Strategy/aarush_ros/build/control_package/prefix_override:/home/jaay/Agnirath/Agnirath_LVS_Strategy/aarush_ros/install/control_package/lib/python3.10/site-packages:${PYTHONPATH} /usr/bin/python3 setup.py egg_info --egg-base ../../build/control_package build --build-base /home/jaay/Agnirath/Agnirath_LVS_Strategy/aarush_ros/build/control_package/build install --record /home/jaay/Agnirath/Agnirath_LVS_Strategy/aarush_ros/build/control_package/install.log --single-version-externally-managed
