[3.395s] Invoking command in '/home/ubuntu/Agnirath_LVS_Strategy/aarush_ros/src/rf_package': PYTHONPATH=/home/ubuntu/Agnirath_LVS_Strategy/aarush_ros/build/rf_package/prefix_override:/home/ubuntu/Agnirath_LVS_Strategy/aarush_ros/install/rf_package/lib/python3.10/site-packages:${PYTHONPATH} /usr/bin/python3 setup.py egg_info --egg-base ../../build/rf_package build --build-base /home/ubuntu/Agnirath_LVS_Strategy/aarush_ros/build/rf_package/build install --record /home/ubuntu/Agnirath_LVS_Strategy/aarush_ros/build/rf_package/install.log --single-version-externally-managed
[4.404s] running egg_info
[4.407s] writing ../../build/rf_package/rf_package.egg-info/PKG-INFO
[4.408s] writing dependency_links to ../../build/rf_package/rf_package.egg-info/dependency_links.txt
[4.409s] writing entry points to ../../build/rf_package/rf_package.egg-info/entry_points.txt
[4.410s] writing requirements to ../../build/rf_package/rf_package.egg-info/requires.txt
[4.410s] writing top-level names to ../../build/rf_package/rf_package.egg-info/top_level.txt
[4.419s] reading manifest file '../../build/rf_package/rf_package.egg-info/SOURCES.txt'
[4.420s] adding license file 'LICENSE'
[4.423s] writing manifest file '../../build/rf_package/rf_package.egg-info/SOURCES.txt'
[4.423s] running build
[4.424s] running build_py
[4.424s] running install
[4.425s] /usr/lib/python3/dist-packages/setuptools/command/install.py:34: SetuptoolsDeprecationWarning: setup.py install is deprecated. Use build and pip and other standards-based tools.
[4.426s]   warnings.warn(
[4.426s] running install_lib
[4.431s] running install_data
[4.433s] running install_egg_info
[4.440s] removing '/home/ubuntu/Agnirath_LVS_Strategy/aarush_ros/install/rf_package/lib/python3.10/site-packages/rf_package-0.0.0-py3.10.egg-info' (and everything under it)
[4.441s] Copying ../../build/rf_package/rf_package.egg-info to /home/ubuntu/Agnirath_LVS_Strategy/aarush_ros/install/rf_package/lib/python3.10/site-packages/rf_package-0.0.0-py3.10.egg-info
[4.444s] running install_scripts
[4.525s] Installing rf_node script to /home/ubuntu/Agnirath_LVS_Strategy/aarush_ros/install/rf_package/lib/rf_package
[4.526s] writing list of installed files to '/home/ubuntu/Agnirath_LVS_Strategy/aarush_ros/build/rf_package/install.log'
[4.669s] Invoked command in '/home/ubuntu/Agnirath_LVS_Strategy/aarush_ros/src/rf_package' returned '0': PYTHONPATH=/home/ubuntu/Agnirath_LVS_Strategy/aarush_ros/build/rf_package/prefix_override:/home/ubuntu/Agnirath_LVS_Strategy/aarush_ros/install/rf_package/lib/python3.10/site-packages:${PYTHONPATH} /usr/bin/python3 setup.py egg_info --egg-base ../../build/rf_package build --build-base /home/ubuntu/Agnirath_LVS_Strategy/aarush_ros/build/rf_package/build install --record /home/ubuntu/Agnirath_LVS_Strategy/aarush_ros/build/rf_package/install.log --single-version-externally-managed
