[3.398s] Invoking command in '/home/ubuntu/Agnirath_LVS_Strategy/aarush_ros/src/mc_package': PYTHONPATH=/home/ubuntu/Agnirath_LVS_Strategy/aarush_ros/build/mc_package/prefix_override:/home/ubuntu/Agnirath_LVS_Strategy/aarush_ros/install/mc_package/lib/python3.10/site-packages:${PYTHONPATH} /usr/bin/python3 setup.py egg_info --egg-base ../../build/mc_package build --build-base /home/ubuntu/Agnirath_LVS_Strategy/aarush_ros/build/mc_package/build install --record /home/ubuntu/Agnirath_LVS_Strategy/aarush_ros/build/mc_package/install.log --single-version-externally-managed
[4.410s] running egg_info
[4.413s] writing ../../build/mc_package/mc_package.egg-info/PKG-INFO
[4.414s] writing dependency_links to ../../build/mc_package/mc_package.egg-info/dependency_links.txt
[4.414s] writing entry points to ../../build/mc_package/mc_package.egg-info/entry_points.txt
[4.415s] writing requirements to ../../build/mc_package/mc_package.egg-info/requires.txt
[4.416s] writing top-level names to ../../build/mc_package/mc_package.egg-info/top_level.txt
[4.424s] reading manifest file '../../build/mc_package/mc_package.egg-info/SOURCES.txt'
[4.425s] adding license file 'LICENSE'
[4.428s] writing manifest file '../../build/mc_package/mc_package.egg-info/SOURCES.txt'
[4.429s] running build
[4.430s] running build_py
[4.430s] running install
[4.431s] /usr/lib/python3/dist-packages/setuptools/command/install.py:34: SetuptoolsDeprecationWarning: setup.py install is deprecated. Use build and pip and other standards-based tools.
[4.431s]   warnings.warn(
[4.432s] running install_lib
[4.436s] running install_data
[4.439s] running install_egg_info
[4.445s] removing '/home/ubuntu/Agnirath_LVS_Strategy/aarush_ros/install/mc_package/lib/python3.10/site-packages/mc_package-0.0.0-py3.10.egg-info' (and everything under it)
[4.446s] Copying ../../build/mc_package/mc_package.egg-info to /home/ubuntu/Agnirath_LVS_Strategy/aarush_ros/install/mc_package/lib/python3.10/site-packages/mc_package-0.0.0-py3.10.egg-info
[4.450s] running install_scripts
[4.534s] Installing mc_node script to /home/ubuntu/Agnirath_LVS_Strategy/aarush_ros/install/mc_package/lib/mc_package
[4.535s] writing list of installed files to '/home/ubuntu/Agnirath_LVS_Strategy/aarush_ros/build/mc_package/install.log'
[4.681s] Invoked command in '/home/ubuntu/Agnirath_LVS_Strategy/aarush_ros/src/mc_package' returned '0': PYTHONPATH=/home/ubuntu/Agnirath_LVS_Strategy/aarush_ros/build/mc_package/prefix_override:/home/ubuntu/Agnirath_LVS_Strategy/aarush_ros/install/mc_package/lib/python3.10/site-packages:${PYTHONPATH} /usr/bin/python3 setup.py egg_info --egg-base ../../build/mc_package build --build-base /home/ubuntu/Agnirath_LVS_Strategy/aarush_ros/build/mc_package/build install --record /home/ubuntu/Agnirath_LVS_Strategy/aarush_ros/build/mc_package/install.log --single-version-externally-managed
