[4.140s] Invoking command in '/home/ubuntu/Old_LV/aarush_ros/src/can_package': PYTHONPATH=/home/ubuntu/Old_LV/aarush_ros/build/can_package/prefix_override:/home/ubuntu/Old_LV/aarush_ros/install/can_package/lib/python3.10/site-packages:${PYTHONPATH} /usr/bin/python3 setup.py egg_info --egg-base ../../build/can_package build --build-base /home/ubuntu/Old_LV/aarush_ros/build/can_package/build install --record /home/ubuntu/Old_LV/aarush_ros/build/can_package/install.log --single-version-externally-managed
[5.505s] running egg_info
[5.508s] writing ../../build/can_package/can_package.egg-info/PKG-INFO
[5.511s] writing dependency_links to ../../build/can_package/can_package.egg-info/dependency_links.txt
[5.513s] writing entry points to ../../build/can_package/can_package.egg-info/entry_points.txt
[5.515s] writing requirements to ../../build/can_package/can_package.egg-info/requires.txt
[5.517s] writing top-level names to ../../build/can_package/can_package.egg-info/top_level.txt
[5.541s] reading manifest file '../../build/can_package/can_package.egg-info/SOURCES.txt'
[5.546s] adding license file 'LICENSE'
[5.548s] writing manifest file '../../build/can_package/can_package.egg-info/SOURCES.txt'
[5.554s] running build
[5.555s] running build_py
[5.558s] running install
[5.568s] /usr/lib/python3/dist-packages/setuptools/command/install.py:34: SetuptoolsDeprecationWarning: setup.py install is deprecated. Use build and pip and other standards-based tools.
[5.569s]   warnings.warn(
[5.578s] running install_lib
[5.581s] byte-compiling /home/ubuntu/Old_LV/aarush_ros/install/can_package/lib/python3.10/site-packages/can_package/py_tools_decode_test_dup.py to py_tools_decode_test_dup.cpython-310.pyc
[5.591s] running install_data
[5.595s] running install_egg_info
[5.605s] removing '/home/ubuntu/Old_LV/aarush_ros/install/can_package/lib/python3.10/site-packages/can_package-0.0.0-py3.10.egg-info' (and everything under it)
[5.618s] Copying ../../build/can_package/can_package.egg-info to /home/ubuntu/Old_LV/aarush_ros/install/can_package/lib/python3.10/site-packages/can_package-0.0.0-py3.10.egg-info
[5.649s] running install_scripts
[5.778s] Installing can_node_sim script to /home/ubuntu/Old_LV/aarush_ros/install/can_package/lib/can_package
[5.784s] Installing can_rx_node script to /home/ubuntu/Old_LV/aarush_ros/install/can_package/lib/can_package
[5.792s] Installing can_rx_node_dup script to /home/ubuntu/Old_LV/aarush_ros/install/can_package/lib/can_package
[5.796s] Installing can_rx_node_test script to /home/ubuntu/Old_LV/aarush_ros/install/can_package/lib/can_package
[5.800s] Installing can_tx_node script to /home/ubuntu/Old_LV/aarush_ros/install/can_package/lib/can_package
[5.816s] writing list of installed files to '/home/ubuntu/Old_LV/aarush_ros/build/can_package/install.log'
[6.025s] Invoked command in '/home/ubuntu/Old_LV/aarush_ros/src/can_package' returned '0': PYTHONPATH=/home/ubuntu/Old_LV/aarush_ros/build/can_package/prefix_override:/home/ubuntu/Old_LV/aarush_ros/install/can_package/lib/python3.10/site-packages:${PYTHONPATH} /usr/bin/python3 setup.py egg_info --egg-base ../../build/can_package build --build-base /home/ubuntu/Old_LV/aarush_ros/build/can_package/build install --record /home/ubuntu/Old_LV/aarush_ros/build/can_package/install.log --single-version-externally-managed
