[3.312s] Invoking command in '/home/veadesh/Agnirath/Agnirath_LVS_Strategy/aarush_ros/src/can_package': CONDA_PROMPT_MODIFIER=(base) PYTHONPATH=/home/veadesh/Agnirath/Agnirath_LVS_Strategy/aarush_ros/build/can_package/prefix_override:/home/veadesh/Agnirath/Agnirath_LVS_Strategy/aarush_ros/install/can_package/lib/python3.10/site-packages:${PYTHONPATH} /usr/bin/python3 setup.py egg_info --egg-base ../../build/can_package build --build-base /home/veadesh/Agnirath/Agnirath_LVS_Strategy/aarush_ros/build/can_package/build install --record /home/veadesh/Agnirath/Agnirath_LVS_Strategy/aarush_ros/build/can_package/install.log --single-version-externally-managed
[3.722s] running egg_info
[3.723s] writing ../../build/can_package/can_package.egg-info/PKG-INFO
[3.723s] writing dependency_links to ../../build/can_package/can_package.egg-info/dependency_links.txt
[3.723s] writing entry points to ../../build/can_package/can_package.egg-info/entry_points.txt
[3.724s] writing requirements to ../../build/can_package/can_package.egg-info/requires.txt
[3.724s] writing top-level names to ../../build/can_package/can_package.egg-info/top_level.txt
[3.727s] reading manifest file '../../build/can_package/can_package.egg-info/SOURCES.txt'
[3.728s] adding license file 'LICENSE'
[3.729s] writing manifest file '../../build/can_package/can_package.egg-info/SOURCES.txt'
[3.729s] running build
[3.729s] running build_py
[3.730s] running install
[3.730s] /usr/lib/python3/dist-packages/setuptools/command/install.py:34: SetuptoolsDeprecationWarning: setup.py install is deprecated. Use build and pip and other standards-based tools.
[3.730s]   warnings.warn(
[3.731s] running install_lib
[3.733s] running install_data
[3.734s] running install_egg_info
[3.736s] removing '/home/veadesh/Agnirath/Agnirath_LVS_Strategy/aarush_ros/install/can_package/lib/python3.10/site-packages/can_package-0.0.0-py3.10.egg-info' (and everything under it)
[3.737s] Copying ../../build/can_package/can_package.egg-info to /home/veadesh/Agnirath/Agnirath_LVS_Strategy/aarush_ros/install/can_package/lib/python3.10/site-packages/can_package-0.0.0-py3.10.egg-info
[3.738s] running install_scripts
[3.765s] Installing can_node script to /home/veadesh/Agnirath/Agnirath_LVS_Strategy/aarush_ros/install/can_package/lib/can_package
[3.765s] Installing can_node_sim script to /home/veadesh/Agnirath/Agnirath_LVS_Strategy/aarush_ros/install/can_package/lib/can_package
[3.766s] Installing can_tx_node script to /home/veadesh/Agnirath/Agnirath_LVS_Strategy/aarush_ros/install/can_package/lib/can_package
[3.766s] writing list of installed files to '/home/veadesh/Agnirath/Agnirath_LVS_Strategy/aarush_ros/build/can_package/install.log'
[3.812s] Invoked command in '/home/veadesh/Agnirath/Agnirath_LVS_Strategy/aarush_ros/src/can_package' returned '0': CONDA_PROMPT_MODIFIER=(base) PYTHONPATH=/home/veadesh/Agnirath/Agnirath_LVS_Strategy/aarush_ros/build/can_package/prefix_override:/home/veadesh/Agnirath/Agnirath_LVS_Strategy/aarush_ros/install/can_package/lib/python3.10/site-packages:${PYTHONPATH} /usr/bin/python3 setup.py egg_info --egg-base ../../build/can_package build --build-base /home/veadesh/Agnirath/Agnirath_LVS_Strategy/aarush_ros/build/can_package/build install --record /home/veadesh/Agnirath/Agnirath_LVS_Strategy/aarush_ros/build/can_package/install.log --single-version-externally-managed
