[3.550s] Invoking command in '/home/jaay/Agnirath/Agnirath_LVS_Strategy/aarush_ros/src/battery_package': PYTHONPATH=/home/jaay/Agnirath/Agnirath_LVS_Strategy/aarush_ros/build/battery_package/prefix_override:/home/jaay/Agnirath/Agnirath_LVS_Strategy/aarush_ros/install/battery_package/lib/python3.10/site-packages:${PYTHONPATH} /usr/bin/python3 setup.py egg_info --egg-base ../../build/battery_package build --build-base /home/jaay/Agnirath/Agnirath_LVS_Strategy/aarush_ros/build/battery_package/build install --record /home/jaay/Agnirath/Agnirath_LVS_Strategy/aarush_ros/build/battery_package/install.log --single-version-externally-managed
[3.852s] running egg_info
[3.853s] writing ../../build/battery_package/battery_package.egg-info/PKG-INFO
[3.853s] writing dependency_links to ../../build/battery_package/battery_package.egg-info/dependency_links.txt
[3.853s] writing entry points to ../../build/battery_package/battery_package.egg-info/entry_points.txt
[3.854s] writing requirements to ../../build/battery_package/battery_package.egg-info/requires.txt
[3.854s] writing top-level names to ../../build/battery_package/battery_package.egg-info/top_level.txt
[3.859s] reading manifest file '../../build/battery_package/battery_package.egg-info/SOURCES.txt'
[3.860s] adding license file 'LICENSE'
[3.860s] writing manifest file '../../build/battery_package/battery_package.egg-info/SOURCES.txt'
[3.860s] running build
[3.860s] running build_py
[3.860s] copying battery_package/battery_node.py -> /home/jaay/Agnirath/Agnirath_LVS_Strategy/aarush_ros/build/battery_package/build/lib/battery_package
[3.860s] running install
[3.860s] running install_lib
[3.860s] copying /home/jaay/Agnirath/Agnirath_LVS_Strategy/aarush_ros/build/battery_package/build/lib/battery_package/battery_node.py -> /home/jaay/Agnirath/Agnirath_LVS_Strategy/aarush_ros/install/battery_package/lib/python3.10/site-packages/battery_package
[3.861s] byte-compiling /home/jaay/Agnirath/Agnirath_LVS_Strategy/aarush_ros/install/battery_package/lib/python3.10/site-packages/battery_package/battery_node.py to battery_node.cpython-310.pyc
[3.865s] running install_data
[3.865s] running install_egg_info
[3.865s] removing '/home/jaay/Agnirath/Agnirath_LVS_Strategy/aarush_ros/install/battery_package/lib/python3.10/site-packages/battery_package-0.0.0-py3.10.egg-info' (and everything under it)
[3.865s] Copying ../../build/battery_package/battery_package.egg-info to /home/jaay/Agnirath/Agnirath_LVS_Strategy/aarush_ros/install/battery_package/lib/python3.10/site-packages/battery_package-0.0.0-py3.10.egg-info
[3.865s] running install_scripts
[3.890s] Installing battery_node script to /home/jaay/Agnirath/Agnirath_LVS_Strategy/aarush_ros/install/battery_package/lib/battery_package
[3.891s] writing list of installed files to '/home/jaay/Agnirath/Agnirath_LVS_Strategy/aarush_ros/build/battery_package/install.log'
[3.953s] Invoked command in '/home/jaay/Agnirath/Agnirath_LVS_Strategy/aarush_ros/src/battery_package' returned '0': PYTHONPATH=/home/jaay/Agnirath/Agnirath_LVS_Strategy/aarush_ros/build/battery_package/prefix_override:/home/jaay/Agnirath/Agnirath_LVS_Strategy/aarush_ros/install/battery_package/lib/python3.10/site-packages:${PYTHONPATH} /usr/bin/python3 setup.py egg_info --egg-base ../../build/battery_package build --build-base /home/jaay/Agnirath/Agnirath_LVS_Strategy/aarush_ros/build/battery_package/build install --record /home/jaay/Agnirath/Agnirath_LVS_Strategy/aarush_ros/build/battery_package/install.log --single-version-externally-managed
