[3.403s] Invoking command in '/home/ubuntu/Old_LV/aarush_ros/src/control_package': PYTHONPATH=/home/ubuntu/Old_LV/aarush_ros/build/control_package/prefix_override:/home/ubuntu/Old_LV/aarush_ros/install/control_package/lib/python3.10/site-packages:${PYTHONPATH} /usr/bin/python3 setup.py egg_info --egg-base ../../build/control_package build --build-base /home/ubuntu/Old_LV/aarush_ros/build/control_package/build install --record /home/ubuntu/Old_LV/aarush_ros/build/control_package/install.log --single-version-externally-managed
[4.810s] running egg_info
[4.816s] writing ../../build/control_package/control_package.egg-info/PKG-INFO
[4.821s] writing dependency_links to ../../build/control_package/control_package.egg-info/dependency_links.txt
[4.825s] writing entry points to ../../build/control_package/control_package.egg-info/entry_points.txt
[4.828s] writing requirements to ../../build/control_package/control_package.egg-info/requires.txt
[4.831s] writing top-level names to ../../build/control_package/control_package.egg-info/top_level.txt
[4.843s] reading manifest file '../../build/control_package/control_package.egg-info/SOURCES.txt'
[4.846s] adding license file 'LICENSE'
[4.852s] writing manifest file '../../build/control_package/control_package.egg-info/SOURCES.txt'
[4.862s] running build
[4.864s] running build_py
[4.865s] running install
[4.867s] running install_lib
[4.869s] /usr/lib/python3/dist-packages/setuptools/command/install.py:34: SetuptoolsDeprecationWarning: setup.py install is deprecated. Use build and pip and other standards-based tools.
[4.872s]   warnings.warn(
[4.882s] running install_data
[4.883s] running install_egg_info
[4.890s] removing '/home/ubuntu/Old_LV/aarush_ros/install/control_package/lib/python3.10/site-packages/control_package-0.0.0-py3.10.egg-info' (and everything under it)
[4.900s] Copying ../../build/control_package/control_package.egg-info to /home/ubuntu/Old_LV/aarush_ros/install/control_package/lib/python3.10/site-packages/control_package-0.0.0-py3.10.egg-info
[4.924s] running install_scripts
[5.023s] Installing control_node script to /home/ubuntu/Old_LV/aarush_ros/install/control_package/lib/control_package
[5.025s] writing list of installed files to '/home/ubuntu/Old_LV/aarush_ros/build/control_package/install.log'
[5.198s] Invoked command in '/home/ubuntu/Old_LV/aarush_ros/src/control_package' returned '0': PYTHONPATH=/home/ubuntu/Old_LV/aarush_ros/build/control_package/prefix_override:/home/ubuntu/Old_LV/aarush_ros/install/control_package/lib/python3.10/site-packages:${PYTHONPATH} /usr/bin/python3 setup.py egg_info --egg-base ../../build/control_package build --build-base /home/ubuntu/Old_LV/aarush_ros/build/control_package/build install --record /home/ubuntu/Old_LV/aarush_ros/build/control_package/install.log --single-version-externally-managed
