[2.812s] Invoking command in '/home/jaay/Agnirath/Agnirath_LVS_Strategy/aarush_ros/src/rf_package': PYTHONPATH=/home/jaay/Agnirath/Agnirath_LVS_Strategy/aarush_ros/build/rf_package/prefix_override:/home/jaay/Agnirath/Agnirath_LVS_Strategy/aarush_ros/install/rf_package/lib/python3.10/site-packages:${PYTHONPATH} /usr/bin/python3 setup.py egg_info --egg-base ../../build/rf_package build --build-base /home/jaay/Agnirath/Agnirath_LVS_Strategy/aarush_ros/build/rf_package/build install --record /home/jaay/Agnirath/Agnirath_LVS_Strategy/aarush_ros/build/rf_package/install.log --single-version-externally-managed
[3.019s] running egg_info
[3.019s] creating ../../build/rf_package/rf_package.egg-info
[3.019s] writing ../../build/rf_package/rf_package.egg-info/PKG-INFO
[3.019s] writing dependency_links to ../../build/rf_package/rf_package.egg-info/dependency_links.txt
[3.020s] writing entry points to ../../build/rf_package/rf_package.egg-info/entry_points.txt
[3.020s] writing requirements to ../../build/rf_package/rf_package.egg-info/requires.txt
[3.020s] writing top-level names to ../../build/rf_package/rf_package.egg-info/top_level.txt
[3.020s] writing manifest file '../../build/rf_package/rf_package.egg-info/SOURCES.txt'
[3.022s] reading manifest file '../../build/rf_package/rf_package.egg-info/SOURCES.txt'
[3.023s] adding license file 'LICENSE'
[3.023s] writing manifest file '../../build/rf_package/rf_package.egg-info/SOURCES.txt'
[3.023s] running build
[3.023s] running build_py
[3.024s] creating /home/jaay/Agnirath/Agnirath_LVS_Strategy/aarush_ros/build/rf_package/build
[3.024s] creating /home/jaay/Agnirath/Agnirath_LVS_Strategy/aarush_ros/build/rf_package/build/lib
[3.024s] creating /home/jaay/Agnirath/Agnirath_LVS_Strategy/aarush_ros/build/rf_package/build/lib/rf_package
[3.024s] copying rf_package/__init__.py -> /home/jaay/Agnirath/Agnirath_LVS_Strategy/aarush_ros/build/rf_package/build/lib/rf_package
[3.024s] copying rf_package/rf_node.py -> /home/jaay/Agnirath/Agnirath_LVS_Strategy/aarush_ros/build/rf_package/build/lib/rf_package
[3.024s] running install
[3.024s] running install_lib
[3.025s] creating /home/jaay/Agnirath/Agnirath_LVS_Strategy/aarush_ros/install/rf_package/lib/python3.10/site-packages/rf_package
[3.025s] copying /home/jaay/Agnirath/Agnirath_LVS_Strategy/aarush_ros/build/rf_package/build/lib/rf_package/__init__.py -> /home/jaay/Agnirath/Agnirath_LVS_Strategy/aarush_ros/install/rf_package/lib/python3.10/site-packages/rf_package
[3.025s] copying /home/jaay/Agnirath/Agnirath_LVS_Strategy/aarush_ros/build/rf_package/build/lib/rf_package/rf_node.py -> /home/jaay/Agnirath/Agnirath_LVS_Strategy/aarush_ros/install/rf_package/lib/python3.10/site-packages/rf_package
[3.026s] byte-compiling /home/jaay/Agnirath/Agnirath_LVS_Strategy/aarush_ros/install/rf_package/lib/python3.10/site-packages/rf_package/__init__.py to __init__.cpython-310.pyc
[3.026s] byte-compiling /home/jaay/Agnirath/Agnirath_LVS_Strategy/aarush_ros/install/rf_package/lib/python3.10/site-packages/rf_package/rf_node.py to rf_node.cpython-310.pyc
[3.026s] running install_data
[3.027s] creating /home/jaay/Agnirath/Agnirath_LVS_Strategy/aarush_ros/install/rf_package/share/ament_index
[3.027s] creating /home/jaay/Agnirath/Agnirath_LVS_Strategy/aarush_ros/install/rf_package/share/ament_index/resource_index
[3.027s] creating /home/jaay/Agnirath/Agnirath_LVS_Strategy/aarush_ros/install/rf_package/share/ament_index/resource_index/packages
[3.027s] copying resource/rf_package -> /home/jaay/Agnirath/Agnirath_LVS_Strategy/aarush_ros/install/rf_package/share/ament_index/resource_index/packages
[3.027s] copying package.xml -> /home/jaay/Agnirath/Agnirath_LVS_Strategy/aarush_ros/install/rf_package/share/rf_package
[3.027s] running install_egg_info
[3.029s] Copying ../../build/rf_package/rf_package.egg-info to /home/jaay/Agnirath/Agnirath_LVS_Strategy/aarush_ros/install/rf_package/lib/python3.10/site-packages/rf_package-0.0.0-py3.10.egg-info
[3.030s] running install_scripts
[3.053s] Installing rf_node script to /home/jaay/Agnirath/Agnirath_LVS_Strategy/aarush_ros/install/rf_package/lib/rf_package
[3.054s] writing list of installed files to '/home/jaay/Agnirath/Agnirath_LVS_Strategy/aarush_ros/build/rf_package/install.log'
[3.124s] Invoked command in '/home/jaay/Agnirath/Agnirath_LVS_Strategy/aarush_ros/src/rf_package' returned '0': PYTHONPATH=/home/jaay/Agnirath/Agnirath_LVS_Strategy/aarush_ros/build/rf_package/prefix_override:/home/jaay/Agnirath/Agnirath_LVS_Strategy/aarush_ros/install/rf_package/lib/python3.10/site-packages:${PYTHONPATH} /usr/bin/python3 setup.py egg_info --egg-base ../../build/rf_package build --build-base /home/jaay/Agnirath/Agnirath_LVS_Strategy/aarush_ros/build/rf_package/build install --record /home/jaay/Agnirath/Agnirath_LVS_Strategy/aarush_ros/build/rf_package/install.log --single-version-externally-managed
