[4.982s] Invoking command in '/home/ubuntu/Old_LV/aarush_ros/src/mc_package': PYTHONPATH=/home/ubuntu/Old_LV/aarush_ros/build/mc_package/prefix_override:/home/ubuntu/Old_LV/aarush_ros/install/mc_package/lib/python3.10/site-packages:${PYTHONPATH} /usr/bin/python3 setup.py egg_info --egg-base ../../build/mc_package build --build-base /home/ubuntu/Old_LV/aarush_ros/build/mc_package/build install --record /home/ubuntu/Old_LV/aarush_ros/build/mc_package/install.log --single-version-externally-managed
[6.279s] running egg_info
[6.284s] writing ../../build/mc_package/mc_package.egg-info/PKG-INFO
[6.295s] writing dependency_links to ../../build/mc_package/mc_package.egg-info/dependency_links.txt
[6.297s] writing entry points to ../../build/mc_package/mc_package.egg-info/entry_points.txt
[6.298s] writing requirements to ../../build/mc_package/mc_package.egg-info/requires.txt
[6.300s] writing top-level names to ../../build/mc_package/mc_package.egg-info/top_level.txt
[6.306s] reading manifest file '../../build/mc_package/mc_package.egg-info/SOURCES.txt'
[6.307s] adding license file 'LICENSE'
[6.310s] writing manifest file '../../build/mc_package/mc_package.egg-info/SOURCES.txt'
[6.312s] running build
[6.314s] running build_py
[6.316s] running install
[6.317s] /usr/lib/python3/dist-packages/setuptools/command/install.py:34: SetuptoolsDeprecationWarning: setup.py install is deprecated. Use build and pip and other standards-based tools.
[6.319s]   warnings.warn(
[6.321s] running install_lib
[6.328s] running install_data
[6.331s] running install_egg_info
[6.343s] removing '/home/ubuntu/Old_LV/aarush_ros/install/mc_package/lib/python3.10/site-packages/mc_package-0.0.0-py3.10.egg-info' (and everything under it)
[6.344s] Copying ../../build/mc_package/mc_package.egg-info to /home/ubuntu/Old_LV/aarush_ros/install/mc_package/lib/python3.10/site-packages/mc_package-0.0.0-py3.10.egg-info
[6.344s] running install_scripts
[6.495s] Installing mc_node script to /home/ubuntu/Old_LV/aarush_ros/install/mc_package/lib/mc_package
[6.498s] writing list of installed files to '/home/ubuntu/Old_LV/aarush_ros/build/mc_package/install.log'
[6.712s] Invoked command in '/home/ubuntu/Old_LV/aarush_ros/src/mc_package' returned '0': PYTHONPATH=/home/ubuntu/Old_LV/aarush_ros/build/mc_package/prefix_override:/home/ubuntu/Old_LV/aarush_ros/install/mc_package/lib/python3.10/site-packages:${PYTHONPATH} /usr/bin/python3 setup.py egg_info --egg-base ../../build/mc_package build --build-base /home/ubuntu/Old_LV/aarush_ros/build/mc_package/build install --record /home/ubuntu/Old_LV/aarush_ros/build/mc_package/install.log --single-version-externally-managed
