[4.246s] Invoking command in '/home/jaay/Agnirath/Agnirath_LVS_Strategy/aarush_ros/src/mppt_package': PYTHONPATH=/home/jaay/Agnirath/Agnirath_LVS_Strategy/aarush_ros/build/mppt_package/prefix_override:/home/jaay/Agnirath/Agnirath_LVS_Strategy/aarush_ros/install/mppt_package/lib/python3.10/site-packages:${PYTHONPATH} /usr/bin/python3 setup.py egg_info --egg-base ../../build/mppt_package build --build-base /home/jaay/Agnirath/Agnirath_LVS_Strategy/aarush_ros/build/mppt_package/build install --record /home/jaay/Agnirath/Agnirath_LVS_Strategy/aarush_ros/build/mppt_package/install.log --single-version-externally-managed
[4.714s] running egg_info
[4.714s] writing ../../build/mppt_package/mppt_package.egg-info/PKG-INFO
[4.714s] writing dependency_links to ../../build/mppt_package/mppt_package.egg-info/dependency_links.txt
[4.714s] writing entry points to ../../build/mppt_package/mppt_package.egg-info/entry_points.txt
[4.714s] writing requirements to ../../build/mppt_package/mppt_package.egg-info/requires.txt
[4.714s] writing top-level names to ../../build/mppt_package/mppt_package.egg-info/top_level.txt
[4.721s] reading manifest file '../../build/mppt_package/mppt_package.egg-info/SOURCES.txt'
[4.722s] adding license file 'LICENSE'
[4.722s] writing manifest file '../../build/mppt_package/mppt_package.egg-info/SOURCES.txt'
[4.722s] running build
[4.722s] running build_py
[4.722s] copying mppt_package/mppt_node.py -> /home/jaay/Agnirath/Agnirath_LVS_Strategy/aarush_ros/build/mppt_package/build/lib/mppt_package
[4.723s] running install
[4.723s] /usr/lib/python3/dist-packages/setuptools/command/install.py:34: SetuptoolsDeprecationWarning: setup.py install is deprecated. Use build and pip and other standards-based tools.
[4.723s]   warnings.warn(
[4.723s] running install_lib
[4.723s] copying /home/jaay/Agnirath/Agnirath_LVS_Strategy/aarush_ros/build/mppt_package/build/lib/mppt_package/mppt_node.py -> /home/jaay/Agnirath/Agnirath_LVS_Strategy/aarush_ros/install/mppt_package/lib/python3.10/site-packages/mppt_package
[4.724s] byte-compiling /home/jaay/Agnirath/Agnirath_LVS_Strategy/aarush_ros/install/mppt_package/lib/python3.10/site-packages/mppt_package/mppt_node.py to mppt_node.cpython-310.pyc
[4.728s] running install_data
[4.734s] running install_egg_info
[4.735s] removing '/home/jaay/Agnirath/Agnirath_LVS_Strategy/aarush_ros/install/mppt_package/lib/python3.10/site-packages/mppt_package-0.0.0-py3.10.egg-info' (and everything under it)
[4.736s] Copying ../../build/mppt_package/mppt_package.egg-info to /home/jaay/Agnirath/Agnirath_LVS_Strategy/aarush_ros/install/mppt_package/lib/python3.10/site-packages/mppt_package-0.0.0-py3.10.egg-info
[4.736s] running install_scripts
[4.765s] Installing mppt_node script to /home/jaay/Agnirath/Agnirath_LVS_Strategy/aarush_ros/install/mppt_package/lib/mppt_package
[4.765s] writing list of installed files to '/home/jaay/Agnirath/Agnirath_LVS_Strategy/aarush_ros/build/mppt_package/install.log'
[4.918s] Invoked command in '/home/jaay/Agnirath/Agnirath_LVS_Strategy/aarush_ros/src/mppt_package' returned '0': PYTHONPATH=/home/jaay/Agnirath/Agnirath_LVS_Strategy/aarush_ros/build/mppt_package/prefix_override:/home/jaay/Agnirath/Agnirath_LVS_Strategy/aarush_ros/install/mppt_package/lib/python3.10/site-packages:${PYTHONPATH} /usr/bin/python3 setup.py egg_info --egg-base ../../build/mppt_package build --build-base /home/jaay/Agnirath/Agnirath_LVS_Strategy/aarush_ros/build/mppt_package/build install --record /home/jaay/Agnirath/Agnirath_LVS_Strategy/aarush_ros/build/mppt_package/install.log --single-version-externally-managed
