[3.485s] Invoking command in '/home/ubuntu/Agnirath_LVS_Strategy/aarush_ros/src/can_package': PYTHONPATH=/home/ubuntu/Agnirath_LVS_Strategy/aarush_ros/build/can_package/prefix_override:/home/ubuntu/Agnirath_LVS_Strategy/aarush_ros/install/can_package/lib/python3.10/site-packages:${PYTHONPATH} /usr/bin/python3 setup.py egg_info --egg-base ../../build/can_package build --build-base /home/ubuntu/Agnirath_LVS_Strategy/aarush_ros/build/can_package/build install --record /home/ubuntu/Agnirath_LVS_Strategy/aarush_ros/build/can_package/install.log --single-version-externally-managed
[4.482s] running egg_info
[4.486s] writing ../../build/can_package/can_package.egg-info/PKG-INFO
[4.488s] writing dependency_links to ../../build/can_package/can_package.egg-info/dependency_links.txt
[4.490s] writing entry points to ../../build/can_package/can_package.egg-info/entry_points.txt
[4.491s] writing requirements to ../../build/can_package/can_package.egg-info/requires.txt
[4.492s] writing top-level names to ../../build/can_package/can_package.egg-info/top_level.txt
[4.501s] reading manifest file '../../build/can_package/can_package.egg-info/SOURCES.txt'
[4.505s] adding license file 'LICENSE'
[4.508s] writing manifest file '../../build/can_package/can_package.egg-info/SOURCES.txt'
[4.509s] running build
[4.509s] running build_py
[4.512s] running install
[4.513s] /usr/lib/python3/dist-packages/setuptools/command/install.py:34: SetuptoolsDeprecationWarning: setup.py install is deprecated. Use build and pip and other standards-based tools.
[4.514s]   warnings.warn(
[4.515s] running install_lib
[4.521s] running install_data
[4.524s] running install_egg_info
[4.530s] removing '/home/ubuntu/Agnirath_LVS_Strategy/aarush_ros/install/can_package/lib/python3.10/site-packages/can_package-0.0.0-py3.10.egg-info' (and everything under it)
[4.532s] Copying ../../build/can_package/can_package.egg-info to /home/ubuntu/Agnirath_LVS_Strategy/aarush_ros/install/can_package/lib/python3.10/site-packages/can_package-0.0.0-py3.10.egg-info
[4.536s] running install_scripts
[4.624s] Installing can_node_sim script to /home/ubuntu/Agnirath_LVS_Strategy/aarush_ros/install/can_package/lib/can_package
[4.625s] Installing can_rx_node script to /home/ubuntu/Agnirath_LVS_Strategy/aarush_ros/install/can_package/lib/can_package
[4.626s] Installing can_rx_node_dup script to /home/ubuntu/Agnirath_LVS_Strategy/aarush_ros/install/can_package/lib/can_package
[4.626s] Installing can_tx_node script to /home/ubuntu/Agnirath_LVS_Strategy/aarush_ros/install/can_package/lib/can_package
[4.629s] writing list of installed files to '/home/ubuntu/Agnirath_LVS_Strategy/aarush_ros/build/can_package/install.log'
[4.782s] Invoked command in '/home/ubuntu/Agnirath_LVS_Strategy/aarush_ros/src/can_package' returned '0': PYTHONPATH=/home/ubuntu/Agnirath_LVS_Strategy/aarush_ros/build/can_package/prefix_override:/home/ubuntu/Agnirath_LVS_Strategy/aarush_ros/install/can_package/lib/python3.10/site-packages:${PYTHONPATH} /usr/bin/python3 setup.py egg_info --egg-base ../../build/can_package build --build-base /home/ubuntu/Agnirath_LVS_Strategy/aarush_ros/build/can_package/build install --record /home/ubuntu/Agnirath_LVS_Strategy/aarush_ros/build/can_package/install.log --single-version-externally-managed
