[3.371s] Invoking command in '/home/ubuntu/Agnirath_LVS_Strategy/aarush_ros/src/gps_package': PYTHONPATH=/home/ubuntu/Agnirath_LVS_Strategy/aarush_ros/build/gps_package/prefix_override:/home/ubuntu/Agnirath_LVS_Strategy/aarush_ros/install/gps_package/lib/python3.10/site-packages:${PYTHONPATH} /usr/bin/python3 setup.py egg_info --egg-base ../../build/gps_package build --build-base /home/ubuntu/Agnirath_LVS_Strategy/aarush_ros/build/gps_package/build install --record /home/ubuntu/Agnirath_LVS_Strategy/aarush_ros/build/gps_package/install.log --single-version-externally-managed
[4.399s] running egg_info
[4.402s] writing ../../build/gps_package/gps_package.egg-info/PKG-INFO
[4.403s] writing dependency_links to ../../build/gps_package/gps_package.egg-info/dependency_links.txt
[4.404s] writing entry points to ../../build/gps_package/gps_package.egg-info/entry_points.txt
[4.404s] writing requirements to ../../build/gps_package/gps_package.egg-info/requires.txt
[4.405s] writing top-level names to ../../build/gps_package/gps_package.egg-info/top_level.txt
[4.414s] reading manifest file '../../build/gps_package/gps_package.egg-info/SOURCES.txt'
[4.414s] adding license file 'LICENSE'
[4.417s] writing manifest file '../../build/gps_package/gps_package.egg-info/SOURCES.txt'
[4.418s] running build
[4.418s] running build_py
[4.419s] running install
[4.420s] /usr/lib/python3/dist-packages/setuptools/command/install.py:34: SetuptoolsDeprecationWarning: setup.py install is deprecated. Use build and pip and other standards-based tools.
[4.420s]   warnings.warn(
[4.421s] running install_lib
[4.426s] running install_data
[4.429s] running install_egg_info
[4.435s] removing '/home/ubuntu/Agnirath_LVS_Strategy/aarush_ros/install/gps_package/lib/python3.10/site-packages/gps_package-0.0.0-py3.10.egg-info' (and everything under it)
[4.436s] Copying ../../build/gps_package/gps_package.egg-info to /home/ubuntu/Agnirath_LVS_Strategy/aarush_ros/install/gps_package/lib/python3.10/site-packages/gps_package-0.0.0-py3.10.egg-info
[4.440s] running install_scripts
[4.527s] Installing gps_node script to /home/ubuntu/Agnirath_LVS_Strategy/aarush_ros/install/gps_package/lib/gps_package
[4.529s] writing list of installed files to '/home/ubuntu/Agnirath_LVS_Strategy/aarush_ros/build/gps_package/install.log'
[4.686s] Invoked command in '/home/ubuntu/Agnirath_LVS_Strategy/aarush_ros/src/gps_package' returned '0': PYTHONPATH=/home/ubuntu/Agnirath_LVS_Strategy/aarush_ros/build/gps_package/prefix_override:/home/ubuntu/Agnirath_LVS_Strategy/aarush_ros/install/gps_package/lib/python3.10/site-packages:${PYTHONPATH} /usr/bin/python3 setup.py egg_info --egg-base ../../build/gps_package build --build-base /home/ubuntu/Agnirath_LVS_Strategy/aarush_ros/build/gps_package/build install --record /home/ubuntu/Agnirath_LVS_Strategy/aarush_ros/build/gps_package/install.log --single-version-externally-managed
