running egg_info
creating ../../build/mc_package/mc_package.egg-info
writing ../../build/mc_package/mc_package.egg-info/PKG-INFO
writing dependency_links to ../../build/mc_package/mc_package.egg-info/dependency_links.txt
writing entry points to ../../build/mc_package/mc_package.egg-info/entry_points.txt
writing requirements to ../../build/mc_package/mc_package.egg-info/requires.txt
writing top-level names to ../../build/mc_package/mc_package.egg-info/top_level.txt
writing manifest file '../../build/mc_package/mc_package.egg-info/SOURCES.txt'
reading manifest file '../../build/mc_package/mc_package.egg-info/SOURCES.txt'
adding license file 'LICENSE'
writing manifest file '../../build/mc_package/mc_package.egg-info/SOURCES.txt'
running build
running build_py
creating /home/jaay/Agnirath/Agnirath_LVS_Strategy/aarush_ros/build/mc_package/build
creating /home/jaay/Agnirath/Agnirath_LVS_Strategy/aarush_ros/build/mc_package/build/lib
creating /home/jaay/Agnirath/Agnirath_LVS_Strategy/aarush_ros/build/mc_package/build/lib/mc_package
copying mc_package/mc_node.py -> /home/jaay/Agnirath/Agnirath_LVS_Strategy/aarush_ros/build/mc_package/build/lib/mc_package
copying mc_package/__init__.py -> /home/jaay/Agnirath/Agnirath_LVS_Strategy/aarush_ros/build/mc_package/build/lib/mc_package
running install
running install_lib
creating /home/jaay/Agnirath/Agnirath_LVS_Strategy/aarush_ros/install/mc_package/lib/python3.10/site-packages/mc_package
copying /home/jaay/Agnirath/Agnirath_LVS_Strategy/aarush_ros/build/mc_package/build/lib/mc_package/mc_node.py -> /home/jaay/Agnirath/Agnirath_LVS_Strategy/aarush_ros/install/mc_package/lib/python3.10/site-packages/mc_package
copying /home/jaay/Agnirath/Agnirath_LVS_Strategy/aarush_ros/build/mc_package/build/lib/mc_package/__init__.py -> /home/jaay/Agnirath/Agnirath_LVS_Strategy/aarush_ros/install/mc_package/lib/python3.10/site-packages/mc_package
byte-compiling /home/jaay/Agnirath/Agnirath_LVS_Strategy/aarush_ros/install/mc_package/lib/python3.10/site-packages/mc_package/mc_node.py to mc_node.cpython-310.pyc
byte-compiling /home/jaay/Agnirath/Agnirath_LVS_Strategy/aarush_ros/install/mc_package/lib/python3.10/site-packages/mc_package/__init__.py to __init__.cpython-310.pyc
running install_data
creating /home/jaay/Agnirath/Agnirath_LVS_Strategy/aarush_ros/install/mc_package/share/ament_index
creating /home/jaay/Agnirath/Agnirath_LVS_Strategy/aarush_ros/install/mc_package/share/ament_index/resource_index
creating /home/jaay/Agnirath/Agnirath_LVS_Strategy/aarush_ros/install/mc_package/share/ament_index/resource_index/packages
copying resource/mc_package -> /home/jaay/Agnirath/Agnirath_LVS_Strategy/aarush_ros/install/mc_package/share/ament_index/resource_index/packages
copying package.xml -> /home/jaay/Agnirath/Agnirath_LVS_Strategy/aarush_ros/install/mc_package/share/mc_package
running install_egg_info
Copying ../../build/mc_package/mc_package.egg-info to /home/jaay/Agnirath/Agnirath_LVS_Strategy/aarush_ros/install/mc_package/lib/python3.10/site-packages/mc_package-0.0.0-py3.10.egg-info
running install_scripts
Installing mc_node script to /home/jaay/Agnirath/Agnirath_LVS_Strategy/aarush_ros/install/mc_package/lib/mc_package
writing list of installed files to '/home/jaay/Agnirath/Agnirath_LVS_Strategy/aarush_ros/build/mc_package/install.log'
