[3.560s] Invoking command in '/home/jaay/Agnirath/Agnirath_LVS_Strategy/aarush_ros/src/mc_package': PYTHONPATH=/home/jaay/Agnirath/Agnirath_LVS_Strategy/aarush_ros/build/mc_package/prefix_override:/home/jaay/Agnirath/Agnirath_LVS_Strategy/aarush_ros/install/mc_package/lib/python3.10/site-packages:${PYTHONPATH} /usr/bin/python3 setup.py egg_info --egg-base ../../build/mc_package build --build-base /home/jaay/Agnirath/Agnirath_LVS_Strategy/aarush_ros/build/mc_package/build install --record /home/jaay/Agnirath/Agnirath_LVS_Strategy/aarush_ros/build/mc_package/install.log --single-version-externally-managed
[4.035s] running egg_info
[4.035s] creating ../../build/mc_package/mc_package.egg-info
[4.036s] writing ../../build/mc_package/mc_package.egg-info/PKG-INFO
[4.036s] writing dependency_links to ../../build/mc_package/mc_package.egg-info/dependency_links.txt
[4.036s] writing entry points to ../../build/mc_package/mc_package.egg-info/entry_points.txt
[4.036s] writing requirements to ../../build/mc_package/mc_package.egg-info/requires.txt
[4.037s] writing top-level names to ../../build/mc_package/mc_package.egg-info/top_level.txt
[4.037s] writing manifest file '../../build/mc_package/mc_package.egg-info/SOURCES.txt'
[4.040s] reading manifest file '../../build/mc_package/mc_package.egg-info/SOURCES.txt'
[4.040s] adding license file 'LICENSE'
[4.041s] writing manifest file '../../build/mc_package/mc_package.egg-info/SOURCES.txt'
[4.041s] running build
[4.041s] running build_py
[4.042s] creating /home/jaay/Agnirath/Agnirath_LVS_Strategy/aarush_ros/build/mc_package/build
[4.042s] creating /home/jaay/Agnirath/Agnirath_LVS_Strategy/aarush_ros/build/mc_package/build/lib
[4.042s] creating /home/jaay/Agnirath/Agnirath_LVS_Strategy/aarush_ros/build/mc_package/build/lib/mc_package
[4.042s] copying mc_package/mc_node.py -> /home/jaay/Agnirath/Agnirath_LVS_Strategy/aarush_ros/build/mc_package/build/lib/mc_package
[4.043s] copying mc_package/__init__.py -> /home/jaay/Agnirath/Agnirath_LVS_Strategy/aarush_ros/build/mc_package/build/lib/mc_package
[4.043s] running install
[4.043s] running install_lib
[4.043s] creating /home/jaay/Agnirath/Agnirath_LVS_Strategy/aarush_ros/install/mc_package/lib/python3.10/site-packages/mc_package
[4.044s] copying /home/jaay/Agnirath/Agnirath_LVS_Strategy/aarush_ros/build/mc_package/build/lib/mc_package/mc_node.py -> /home/jaay/Agnirath/Agnirath_LVS_Strategy/aarush_ros/install/mc_package/lib/python3.10/site-packages/mc_package
[4.044s] copying /home/jaay/Agnirath/Agnirath_LVS_Strategy/aarush_ros/build/mc_package/build/lib/mc_package/__init__.py -> /home/jaay/Agnirath/Agnirath_LVS_Strategy/aarush_ros/install/mc_package/lib/python3.10/site-packages/mc_package
[4.044s] byte-compiling /home/jaay/Agnirath/Agnirath_LVS_Strategy/aarush_ros/install/mc_package/lib/python3.10/site-packages/mc_package/mc_node.py to mc_node.cpython-310.pyc
[4.046s] byte-compiling /home/jaay/Agnirath/Agnirath_LVS_Strategy/aarush_ros/install/mc_package/lib/python3.10/site-packages/mc_package/__init__.py to __init__.cpython-310.pyc
[4.046s] running install_data
[4.047s] creating /home/jaay/Agnirath/Agnirath_LVS_Strategy/aarush_ros/install/mc_package/share/ament_index
[4.047s] creating /home/jaay/Agnirath/Agnirath_LVS_Strategy/aarush_ros/install/mc_package/share/ament_index/resource_index
[4.047s] creating /home/jaay/Agnirath/Agnirath_LVS_Strategy/aarush_ros/install/mc_package/share/ament_index/resource_index/packages
[4.047s] copying resource/mc_package -> /home/jaay/Agnirath/Agnirath_LVS_Strategy/aarush_ros/install/mc_package/share/ament_index/resource_index/packages
[4.048s] copying package.xml -> /home/jaay/Agnirath/Agnirath_LVS_Strategy/aarush_ros/install/mc_package/share/mc_package
[4.048s] running install_egg_info
[4.050s] Copying ../../build/mc_package/mc_package.egg-info to /home/jaay/Agnirath/Agnirath_LVS_Strategy/aarush_ros/install/mc_package/lib/python3.10/site-packages/mc_package-0.0.0-py3.10.egg-info
[4.051s] running install_scripts
[4.079s] Installing mc_node script to /home/jaay/Agnirath/Agnirath_LVS_Strategy/aarush_ros/install/mc_package/lib/mc_package
[4.079s] writing list of installed files to '/home/jaay/Agnirath/Agnirath_LVS_Strategy/aarush_ros/build/mc_package/install.log'
[4.151s] Invoked command in '/home/jaay/Agnirath/Agnirath_LVS_Strategy/aarush_ros/src/mc_package' returned '0': PYTHONPATH=/home/jaay/Agnirath/Agnirath_LVS_Strategy/aarush_ros/build/mc_package/prefix_override:/home/jaay/Agnirath/Agnirath_LVS_Strategy/aarush_ros/install/mc_package/lib/python3.10/site-packages:${PYTHONPATH} /usr/bin/python3 setup.py egg_info --egg-base ../../build/mc_package build --build-base /home/jaay/Agnirath/Agnirath_LVS_Strategy/aarush_ros/build/mc_package/build install --record /home/jaay/Agnirath/Agnirath_LVS_Strategy/aarush_ros/build/mc_package/install.log --single-version-externally-managed
