[3.926s] Invoking command in '/home/ubuntu/Old_LV/aarush_ros/src/control_package': PYTHONPATH=/home/ubuntu/Old_LV/aarush_ros/build/control_package/prefix_override:/home/ubuntu/Old_LV/aarush_ros/install/control_package/lib/python3.10/site-packages:${PYTHONPATH} /usr/bin/python3 setup.py egg_info --egg-base ../../build/control_package build --build-base /home/ubuntu/Old_LV/aarush_ros/build/control_package/build install --record /home/ubuntu/Old_LV/aarush_ros/build/control_package/install.log --single-version-externally-managed
[5.073s] running egg_info
[5.077s] writing ../../build/control_package/control_package.egg-info/PKG-INFO
[5.081s] writing dependency_links to ../../build/control_package/control_package.egg-info/dependency_links.txt
[5.083s] writing entry points to ../../build/control_package/control_package.egg-info/entry_points.txt
[5.085s] writing requirements to ../../build/control_package/control_package.egg-info/requires.txt
[5.086s] writing top-level names to ../../build/control_package/control_package.egg-info/top_level.txt
[5.089s] reading manifest file '../../build/control_package/control_package.egg-info/SOURCES.txt'
[5.093s] adding license file 'LICENSE'
[5.096s] writing manifest file '../../build/control_package/control_package.egg-info/SOURCES.txt'
[5.098s] running build
[5.102s] running build_py
[5.104s] running install
[5.106s] /usr/lib/python3/dist-packages/setuptools/command/install.py:34: SetuptoolsDeprecationWarning: setup.py install is deprecated. Use build and pip and other standards-based tools.
[5.109s]   warnings.warn(
[5.109s] running install_lib
[5.110s] running install_data
[5.110s] running install_egg_info
[5.113s] removing '/home/ubuntu/Old_LV/aarush_ros/install/control_package/lib/python3.10/site-packages/control_package-0.0.0-py3.10.egg-info' (and everything under it)
[5.115s] Copying ../../build/control_package/control_package.egg-info to /home/ubuntu/Old_LV/aarush_ros/install/control_package/lib/python3.10/site-packages/control_package-0.0.0-py3.10.egg-info
[5.122s] running install_scripts
[5.214s] Installing control_node script to /home/ubuntu/Old_LV/aarush_ros/install/control_package/lib/control_package
[5.216s] writing list of installed files to '/home/ubuntu/Old_LV/aarush_ros/build/control_package/install.log'
[5.390s] Invoked command in '/home/ubuntu/Old_LV/aarush_ros/src/control_package' returned '0': PYTHONPATH=/home/ubuntu/Old_LV/aarush_ros/build/control_package/prefix_override:/home/ubuntu/Old_LV/aarush_ros/install/control_package/lib/python3.10/site-packages:${PYTHONPATH} /usr/bin/python3 setup.py egg_info --egg-base ../../build/control_package build --build-base /home/ubuntu/Old_LV/aarush_ros/build/control_package/build install --record /home/ubuntu/Old_LV/aarush_ros/build/control_package/install.log --single-version-externally-managed
