[3.035s] Invoking command in '/home/ubuntu/Old_LV/aarush_ros/src/imu_package': PYTHONPATH=/home/ubuntu/Old_LV/aarush_ros/build/imu_package/prefix_override:/home/ubuntu/Old_LV/aarush_ros/install/imu_package/lib/python3.10/site-packages:${PYTHONPATH} /usr/bin/python3 setup.py egg_info --egg-base ../../build/imu_package build --build-base /home/ubuntu/Old_LV/aarush_ros/build/imu_package/build install --record /home/ubuntu/Old_LV/aarush_ros/build/imu_package/install.log --single-version-externally-managed
[4.317s] running egg_info
[4.322s] writing ../../build/imu_package/imu_package.egg-info/PKG-INFO
[4.325s] writing dependency_links to ../../build/imu_package/imu_package.egg-info/dependency_links.txt
[4.327s] writing entry points to ../../build/imu_package/imu_package.egg-info/entry_points.txt
[4.329s] writing requirements to ../../build/imu_package/imu_package.egg-info/requires.txt
[4.332s] writing top-level names to ../../build/imu_package/imu_package.egg-info/top_level.txt
[4.344s] reading manifest file '../../build/imu_package/imu_package.egg-info/SOURCES.txt'
[4.346s] adding license file 'LICENSE'
[4.355s] writing manifest file '../../build/imu_package/imu_package.egg-info/SOURCES.txt'
[4.357s] running build
[4.358s] running build_py
[4.361s] running install
[4.362s] /usr/lib/python3/dist-packages/setuptools/command/install.py:34: SetuptoolsDeprecationWarning: setup.py install is deprecated. Use build and pip and other standards-based tools.
[4.363s]   warnings.warn(
[4.365s] running install_lib
[4.374s] running install_data
[4.377s] running install_egg_info
[4.386s] removing '/home/ubuntu/Old_LV/aarush_ros/install/imu_package/lib/python3.10/site-packages/imu_package-0.0.0-py3.10.egg-info' (and everything under it)
[4.394s] Copying ../../build/imu_package/imu_package.egg-info to /home/ubuntu/Old_LV/aarush_ros/install/imu_package/lib/python3.10/site-packages/imu_package-0.0.0-py3.10.egg-info
[4.419s] running install_scripts
[4.511s] Installing imu_node script to /home/ubuntu/Old_LV/aarush_ros/install/imu_package/lib/imu_package
[4.516s] writing list of installed files to '/home/ubuntu/Old_LV/aarush_ros/build/imu_package/install.log'
[4.691s] Invoked command in '/home/ubuntu/Old_LV/aarush_ros/src/imu_package' returned '0': PYTHONPATH=/home/ubuntu/Old_LV/aarush_ros/build/imu_package/prefix_override:/home/ubuntu/Old_LV/aarush_ros/install/imu_package/lib/python3.10/site-packages:${PYTHONPATH} /usr/bin/python3 setup.py egg_info --egg-base ../../build/imu_package build --build-base /home/ubuntu/Old_LV/aarush_ros/build/imu_package/build install --record /home/ubuntu/Old_LV/aarush_ros/build/imu_package/install.log --single-version-externally-managed
