[3.621s] Invoking command in '/home/jaay/Agnirath/Agnirath_LVS_Strategy/aarush_ros/src/logging_package': PYTHONPATH=/home/jaay/Agnirath/Agnirath_LVS_Strategy/aarush_ros/build/logging_package/prefix_override:/home/jaay/Agnirath/Agnirath_LVS_Strategy/aarush_ros/install/logging_package/lib/python3.10/site-packages:${PYTHONPATH} /usr/bin/python3 setup.py egg_info --egg-base ../../build/logging_package build --build-base /home/jaay/Agnirath/Agnirath_LVS_Strategy/aarush_ros/build/logging_package/build install --record /home/jaay/Agnirath/Agnirath_LVS_Strategy/aarush_ros/build/logging_package/install.log --single-version-externally-managed
[4.027s] running egg_info
[4.028s] writing ../../build/logging_package/logging_package.egg-info/PKG-INFO
[4.028s] writing dependency_links to ../../build/logging_package/logging_package.egg-info/dependency_links.txt
[4.029s] writing entry points to ../../build/logging_package/logging_package.egg-info/entry_points.txt
[4.029s] writing requirements to ../../build/logging_package/logging_package.egg-info/requires.txt
[4.029s] writing top-level names to ../../build/logging_package/logging_package.egg-info/top_level.txt
[4.032s] reading manifest file '../../build/logging_package/logging_package.egg-info/SOURCES.txt'
[4.033s] adding license file 'LICENSE'
[4.033s] writing manifest file '../../build/logging_package/logging_package.egg-info/SOURCES.txt'
[4.034s] running build
[4.034s] running build_py
[4.034s] running install
[4.035s] running install_lib
[4.036s] running install_data
[4.037s] running install_egg_info
[4.040s] removing '/home/jaay/Agnirath/Agnirath_LVS_Strategy/aarush_ros/install/logging_package/lib/python3.10/site-packages/logging_package-0.0.0-py3.10.egg-info' (and everything under it)
[4.044s] Copying ../../build/logging_package/logging_package.egg-info to /home/jaay/Agnirath/Agnirath_LVS_Strategy/aarush_ros/install/logging_package/lib/python3.10/site-packages/logging_package-0.0.0-py3.10.egg-info
[4.045s] running install_scripts
[4.072s] Installing logging_node script to /home/jaay/Agnirath/Agnirath_LVS_Strategy/aarush_ros/install/logging_package/lib/logging_package
[4.073s] writing list of installed files to '/home/jaay/Agnirath/Agnirath_LVS_Strategy/aarush_ros/build/logging_package/install.log'
[4.152s] Invoked command in '/home/jaay/Agnirath/Agnirath_LVS_Strategy/aarush_ros/src/logging_package' returned '0': PYTHONPATH=/home/jaay/Agnirath/Agnirath_LVS_Strategy/aarush_ros/build/logging_package/prefix_override:/home/jaay/Agnirath/Agnirath_LVS_Strategy/aarush_ros/install/logging_package/lib/python3.10/site-packages:${PYTHONPATH} /usr/bin/python3 setup.py egg_info --egg-base ../../build/logging_package build --build-base /home/jaay/Agnirath/Agnirath_LVS_Strategy/aarush_ros/build/logging_package/build install --record /home/jaay/Agnirath/Agnirath_LVS_Strategy/aarush_ros/build/logging_package/install.log --single-version-externally-managed
