[3.918s] Invoking command in '/home/ubuntu/Old_LV/aarush_ros/src/main_package': PYTHONPATH=/home/ubuntu/Old_LV/aarush_ros/build/main_package/prefix_override:/home/ubuntu/Old_LV/aarush_ros/install/main_package/lib/python3.10/site-packages:${PYTHONPATH} /usr/bin/python3 setup.py egg_info --egg-base ../../build/main_package build --build-base /home/ubuntu/Old_LV/aarush_ros/build/main_package/build install --record /home/ubuntu/Old_LV/aarush_ros/build/main_package/install.log --single-version-externally-managed
[5.265s] running egg_info
[5.271s] writing ../../build/main_package/main_package.egg-info/PKG-INFO
[5.274s] writing dependency_links to ../../build/main_package/main_package.egg-info/dependency_links.txt
[5.276s] writing entry points to ../../build/main_package/main_package.egg-info/entry_points.txt
[5.278s] writing requirements to ../../build/main_package/main_package.egg-info/requires.txt
[5.280s] writing top-level names to ../../build/main_package/main_package.egg-info/top_level.txt
[5.291s] reading manifest file '../../build/main_package/main_package.egg-info/SOURCES.txt'
[5.293s] adding license file 'LICENSE'
[5.298s] writing manifest file '../../build/main_package/main_package.egg-info/SOURCES.txt'
[5.299s] running build
[5.300s] running build_py
[5.307s] running install
[5.308s] /usr/lib/python3/dist-packages/setuptools/command/install.py:34: SetuptoolsDeprecationWarning: setup.py install is deprecated. Use build and pip and other standards-based tools.
[5.309s]   warnings.warn(
[5.311s] running install_lib
[5.318s] running install_data
[5.321s] running install_egg_info
[5.329s] removing '/home/ubuntu/Old_LV/aarush_ros/install/main_package/lib/python3.10/site-packages/main_package-0.0.0-py3.10.egg-info' (and everything under it)
[5.339s] Copying ../../build/main_package/main_package.egg-info to /home/ubuntu/Old_LV/aarush_ros/install/main_package/lib/python3.10/site-packages/main_package-0.0.0-py3.10.egg-info
[5.365s] running install_scripts
[5.470s] Installing main_node script to /home/ubuntu/Old_LV/aarush_ros/install/main_package/lib/main_package
[5.475s] writing list of installed files to '/home/ubuntu/Old_LV/aarush_ros/build/main_package/install.log'
[5.727s] Invoked command in '/home/ubuntu/Old_LV/aarush_ros/src/main_package' returned '0': PYTHONPATH=/home/ubuntu/Old_LV/aarush_ros/build/main_package/prefix_override:/home/ubuntu/Old_LV/aarush_ros/install/main_package/lib/python3.10/site-packages:${PYTHONPATH} /usr/bin/python3 setup.py egg_info --egg-base ../../build/main_package build --build-base /home/ubuntu/Old_LV/aarush_ros/build/main_package/build install --record /home/ubuntu/Old_LV/aarush_ros/build/main_package/install.log --single-version-externally-managed
