[2.398s] Invoking command in '/home/ubuntu/Old_LV/aarush_ros/src/main_package': PYTHONPATH=/home/ubuntu/Old_LV/aarush_ros/build/main_package/prefix_override:/home/ubuntu/Old_LV/aarush_ros/install/main_package/lib/python3.10/site-packages:${PYTHONPATH} /usr/bin/python3 setup.py egg_info --egg-base ../../build/main_package build --build-base /home/ubuntu/Old_LV/aarush_ros/build/main_package/build install --record /home/ubuntu/Old_LV/aarush_ros/build/main_package/install.log --single-version-externally-managed
[3.332s] running egg_info
[3.336s] writing ../../build/main_package/main_package.egg-info/PKG-INFO
[3.339s] writing dependency_links to ../../build/main_package/main_package.egg-info/dependency_links.txt
[3.344s] writing entry points to ../../build/main_package/main_package.egg-info/entry_points.txt
[3.349s] writing requirements to ../../build/main_package/main_package.egg-info/requires.txt
[3.351s] writing top-level names to ../../build/main_package/main_package.egg-info/top_level.txt
[3.355s] reading manifest file '../../build/main_package/main_package.egg-info/SOURCES.txt'
[3.357s] adding license file 'LICENSE'
[3.362s] writing manifest file '../../build/main_package/main_package.egg-info/SOURCES.txt'
[3.364s] running build
[3.368s] running build_py
[3.375s] copying main_package/main_node_1.py -> /home/ubuntu/Old_LV/aarush_ros/build/main_package/build/lib/main_package
[3.383s] running install
[3.386s] /usr/lib/python3/dist-packages/setuptools/command/install.py:34: SetuptoolsDeprecationWarning: setup.py install is deprecated. Use build and pip and other standards-based tools.
[3.387s]   warnings.warn(
[3.389s] running install_lib
[3.390s] copying /home/ubuntu/Old_LV/aarush_ros/build/main_package/build/lib/main_package/main_node_1.py -> /home/ubuntu/Old_LV/aarush_ros/install/main_package/lib/python3.10/site-packages/main_package
[3.392s] byte-compiling /home/ubuntu/Old_LV/aarush_ros/install/main_package/lib/python3.10/site-packages/main_package/main_node_1.py to main_node_1.cpython-310.pyc
[3.395s] running install_data
[3.397s] running install_egg_info
[3.400s] removing '/home/ubuntu/Old_LV/aarush_ros/install/main_package/lib/python3.10/site-packages/main_package-0.0.0-py3.10.egg-info' (and everything under it)
[3.402s] Copying ../../build/main_package/main_package.egg-info to /home/ubuntu/Old_LV/aarush_ros/install/main_package/lib/python3.10/site-packages/main_package-0.0.0-py3.10.egg-info
[3.404s] running install_scripts
[3.470s] Installing main_node script to /home/ubuntu/Old_LV/aarush_ros/install/main_package/lib/main_package
[3.472s] writing list of installed files to '/home/ubuntu/Old_LV/aarush_ros/build/main_package/install.log'
[3.598s] Invoked command in '/home/ubuntu/Old_LV/aarush_ros/src/main_package' returned '0': PYTHONPATH=/home/ubuntu/Old_LV/aarush_ros/build/main_package/prefix_override:/home/ubuntu/Old_LV/aarush_ros/install/main_package/lib/python3.10/site-packages:${PYTHONPATH} /usr/bin/python3 setup.py egg_info --egg-base ../../build/main_package build --build-base /home/ubuntu/Old_LV/aarush_ros/build/main_package/build install --record /home/ubuntu/Old_LV/aarush_ros/build/main_package/install.log --single-version-externally-managed
