[3.505s] Invoking command in '/home/jaay/Agnirath/Agnirath_LVS_Strategy/aarush_ros/src/rf_package': PYTHONPATH=/home/jaay/Agnirath/Agnirath_LVS_Strategy/aarush_ros/build/rf_package/prefix_override:/home/jaay/Agnirath/Agnirath_LVS_Strategy/aarush_ros/install/rf_package/lib/python3.10/site-packages:${PYTHONPATH} /usr/bin/python3 setup.py egg_info --egg-base ../../build/rf_package build --build-base /home/jaay/Agnirath/Agnirath_LVS_Strategy/aarush_ros/build/rf_package/build install --record /home/jaay/Agnirath/Agnirath_LVS_Strategy/aarush_ros/build/rf_package/install.log --single-version-externally-managed
[3.928s] running egg_info
[3.929s] writing ../../build/rf_package/rf_package.egg-info/PKG-INFO
[3.929s] writing dependency_links to ../../build/rf_package/rf_package.egg-info/dependency_links.txt
[3.929s] writing entry points to ../../build/rf_package/rf_package.egg-info/entry_points.txt
[3.929s] writing requirements to ../../build/rf_package/rf_package.egg-info/requires.txt
[3.930s] writing top-level names to ../../build/rf_package/rf_package.egg-info/top_level.txt
[3.937s] reading manifest file '../../build/rf_package/rf_package.egg-info/SOURCES.txt'
[3.937s] adding license file 'LICENSE'
[3.937s] writing manifest file '../../build/rf_package/rf_package.egg-info/SOURCES.txt'
[3.937s] running build
[3.937s] running build_py
[3.937s] copying rf_package/rf_demo.py -> /home/jaay/Agnirath/Agnirath_LVS_Strategy/aarush_ros/build/rf_package/build/lib/rf_package
[3.937s] running install
[3.937s] /usr/lib/python3/dist-packages/setuptools/command/install.py:34: SetuptoolsDeprecationWarning: setup.py install is deprecated. Use build and pip and other standards-based tools.
[3.937s]   warnings.warn(
[3.937s] running install_lib
[3.938s] copying /home/jaay/Agnirath/Agnirath_LVS_Strategy/aarush_ros/build/rf_package/build/lib/rf_package/rf_demo.py -> /home/jaay/Agnirath/Agnirath_LVS_Strategy/aarush_ros/install/rf_package/lib/python3.10/site-packages/rf_package
[3.939s] byte-compiling /home/jaay/Agnirath/Agnirath_LVS_Strategy/aarush_ros/install/rf_package/lib/python3.10/site-packages/rf_package/rf_demo.py to rf_demo.cpython-310.pyc
[3.942s] running install_data
[3.943s] running install_egg_info
[3.950s] removing '/home/jaay/Agnirath/Agnirath_LVS_Strategy/aarush_ros/install/rf_package/lib/python3.10/site-packages/rf_package-0.0.0-py3.10.egg-info' (and everything under it)
[3.950s] Copying ../../build/rf_package/rf_package.egg-info to /home/jaay/Agnirath/Agnirath_LVS_Strategy/aarush_ros/install/rf_package/lib/python3.10/site-packages/rf_package-0.0.0-py3.10.egg-info
[3.951s] running install_scripts
[3.974s] Installing rf_node script to /home/jaay/Agnirath/Agnirath_LVS_Strategy/aarush_ros/install/rf_package/lib/rf_package
[3.975s] writing list of installed files to '/home/jaay/Agnirath/Agnirath_LVS_Strategy/aarush_ros/build/rf_package/install.log'
[4.040s] Invoked command in '/home/jaay/Agnirath/Agnirath_LVS_Strategy/aarush_ros/src/rf_package' returned '0': PYTHONPATH=/home/jaay/Agnirath/Agnirath_LVS_Strategy/aarush_ros/build/rf_package/prefix_override:/home/jaay/Agnirath/Agnirath_LVS_Strategy/aarush_ros/install/rf_package/lib/python3.10/site-packages:${PYTHONPATH} /usr/bin/python3 setup.py egg_info --egg-base ../../build/rf_package build --build-base /home/jaay/Agnirath/Agnirath_LVS_Strategy/aarush_ros/build/rf_package/build install --record /home/jaay/Agnirath/Agnirath_LVS_Strategy/aarush_ros/build/rf_package/install.log --single-version-externally-managed
