running egg_info
writing ../../build/display_package/display_package.egg-info/PKG-INFO
writing dependency_links to ../../build/display_package/display_package.egg-info/dependency_links.txt
writing entry points to ../../build/display_package/display_package.egg-info/entry_points.txt
writing requirements to ../../build/display_package/display_package.egg-info/requires.txt
writing top-level names to ../../build/display_package/display_package.egg-info/top_level.txt
reading manifest file '../../build/display_package/display_package.egg-info/SOURCES.txt'
adding license file 'LICENSE'
writing manifest file '../../build/display_package/display_package.egg-info/SOURCES.txt'
running build
running build_py
running install
running install_lib
running install_data
running install_egg_info
removing '/home/jaay/Agnirath/Agnirath_LVS_Strategy/aarush_ros/install/display_package/lib/python3.10/site-packages/display_package-0.0.0-py3.10.egg-info' (and everything under it)
Copying ../../build/display_package/display_package.egg-info to /home/jaay/Agnirath/Agnirath_LVS_Strategy/aarush_ros/install/display_package/lib/python3.10/site-packages/display_package-0.0.0-py3.10.egg-info
running install_scripts
Installing display_node script to /home/jaay/Agnirath/Agnirath_LVS_Strategy/aarush_ros/install/display_package/lib/display_package
writing list of installed files to '/home/jaay/Agnirath/Agnirath_LVS_Strategy/aarush_ros/build/display_package/install.log'
