[2.893s] Invoking command in '/home/ubuntu/Old_LV/aarush_ros/src/gps_package': PYTHONPATH=/home/ubuntu/Old_LV/aarush_ros/build/gps_package/prefix_override:/home/ubuntu/Old_LV/aarush_ros/install/gps_package/lib/python3.10/site-packages:${PYTHONPATH} /usr/bin/python3 setup.py egg_info --egg-base ../../build/gps_package build --build-base /home/ubuntu/Old_LV/aarush_ros/build/gps_package/build install --record /home/ubuntu/Old_LV/aarush_ros/build/gps_package/install.log --single-version-externally-managed
[4.097s] running egg_info
[4.106s] writing ../../build/gps_package/gps_package.egg-info/PKG-INFO
[4.109s] writing dependency_links to ../../build/gps_package/gps_package.egg-info/dependency_links.txt
[4.111s] writing entry points to ../../build/gps_package/gps_package.egg-info/entry_points.txt
[4.113s] writing requirements to ../../build/gps_package/gps_package.egg-info/requires.txt
[4.114s] writing top-level names to ../../build/gps_package/gps_package.egg-info/top_level.txt
[4.127s] reading manifest file '../../build/gps_package/gps_package.egg-info/SOURCES.txt'
[4.129s] adding license file 'LICENSE'
[4.134s] writing manifest file '../../build/gps_package/gps_package.egg-info/SOURCES.txt'
[4.136s] running build
[4.136s] running build_py
[4.139s] running install
[4.141s] /usr/lib/python3/dist-packages/setuptools/command/install.py:34: SetuptoolsDeprecationWarning: setup.py install is deprecated. Use build and pip and other standards-based tools.
[4.141s]   warnings.warn(
[4.144s] running install_lib
[4.153s] running install_data
[4.157s] running install_egg_info
[4.168s] removing '/home/ubuntu/Old_LV/aarush_ros/install/gps_package/lib/python3.10/site-packages/gps_package-0.0.0-py3.10.egg-info' (and everything under it)
[4.176s] Copying ../../build/gps_package/gps_package.egg-info to /home/ubuntu/Old_LV/aarush_ros/install/gps_package/lib/python3.10/site-packages/gps_package-0.0.0-py3.10.egg-info
[4.176s] running install_scripts
[4.284s] Installing gps_node script to /home/ubuntu/Old_LV/aarush_ros/install/gps_package/lib/gps_package
[4.288s] writing list of installed files to '/home/ubuntu/Old_LV/aarush_ros/build/gps_package/install.log'
[4.443s] Invoked command in '/home/ubuntu/Old_LV/aarush_ros/src/gps_package' returned '0': PYTHONPATH=/home/ubuntu/Old_LV/aarush_ros/build/gps_package/prefix_override:/home/ubuntu/Old_LV/aarush_ros/install/gps_package/lib/python3.10/site-packages:${PYTHONPATH} /usr/bin/python3 setup.py egg_info --egg-base ../../build/gps_package build --build-base /home/ubuntu/Old_LV/aarush_ros/build/gps_package/build install --record /home/ubuntu/Old_LV/aarush_ros/build/gps_package/install.log --single-version-externally-managed
