[2.522s] Invoking command in '/home/ubuntu/Agnirath_LVS_Strategy/aarush_ros/src/gps_package': PYTHONPATH=/home/ubuntu/Agnirath_LVS_Strategy/aarush_ros/build/gps_package/prefix_override:/home/ubuntu/Agnirath_LVS_Strategy/aarush_ros/install/gps_package/lib/python3.10/site-packages:${PYTHONPATH} /usr/bin/python3 setup.py egg_info --egg-base ../../build/gps_package build --build-base /home/ubuntu/Agnirath_LVS_Strategy/aarush_ros/build/gps_package/build install --record /home/ubuntu/Agnirath_LVS_Strategy/aarush_ros/build/gps_package/install.log --single-version-externally-managed
[3.584s] running egg_info
[3.590s] writing ../../build/gps_package/gps_package.egg-info/PKG-INFO
[3.592s] writing dependency_links to ../../build/gps_package/gps_package.egg-info/dependency_links.txt
[3.595s] writing entry points to ../../build/gps_package/gps_package.egg-info/entry_points.txt
[3.597s] writing requirements to ../../build/gps_package/gps_package.egg-info/requires.txt
[3.599s] writing top-level names to ../../build/gps_package/gps_package.egg-info/top_level.txt
[3.611s] reading manifest file '../../build/gps_package/gps_package.egg-info/SOURCES.txt'
[3.614s] adding license file 'LICENSE'
[3.619s] writing manifest file '../../build/gps_package/gps_package.egg-info/SOURCES.txt'
[3.621s] running build
[3.622s] running build_py
[3.625s] running install
[3.627s] /usr/lib/python3/dist-packages/setuptools/command/install.py:34: SetuptoolsDeprecationWarning: setup.py install is deprecated. Use build and pip and other standards-based tools.
[3.627s]   warnings.warn(
[3.630s] running install_lib
[3.637s] running install_data
[3.642s] running install_egg_info
[3.652s] removing '/home/ubuntu/Agnirath_LVS_Strategy/aarush_ros/install/gps_package/lib/python3.10/site-packages/gps_package-0.0.0-py3.10.egg-info' (and everything under it)
[3.655s] Copying ../../build/gps_package/gps_package.egg-info to /home/ubuntu/Agnirath_LVS_Strategy/aarush_ros/install/gps_package/lib/python3.10/site-packages/gps_package-0.0.0-py3.10.egg-info
[3.662s] running install_scripts
[3.756s] Installing gps_node script to /home/ubuntu/Agnirath_LVS_Strategy/aarush_ros/install/gps_package/lib/gps_package
[3.758s] writing list of installed files to '/home/ubuntu/Agnirath_LVS_Strategy/aarush_ros/build/gps_package/install.log'
[3.904s] Invoked command in '/home/ubuntu/Agnirath_LVS_Strategy/aarush_ros/src/gps_package' returned '0': PYTHONPATH=/home/ubuntu/Agnirath_LVS_Strategy/aarush_ros/build/gps_package/prefix_override:/home/ubuntu/Agnirath_LVS_Strategy/aarush_ros/install/gps_package/lib/python3.10/site-packages:${PYTHONPATH} /usr/bin/python3 setup.py egg_info --egg-base ../../build/gps_package build --build-base /home/ubuntu/Agnirath_LVS_Strategy/aarush_ros/build/gps_package/build install --record /home/ubuntu/Agnirath_LVS_Strategy/aarush_ros/build/gps_package/install.log --single-version-externally-managed
