[2.291s] Invoking command in '/home/ubuntu/Old_LV/aarush_ros/src/control_package': PYTHONPATH=/home/ubuntu/Old_LV/aarush_ros/build/control_package/prefix_override:/home/ubuntu/Old_LV/aarush_ros/install/control_package/lib/python3.10/site-packages:${PYTHONPATH} /usr/bin/python3 setup.py egg_info --egg-base ../../build/control_package build --build-base /home/ubuntu/Old_LV/aarush_ros/build/control_package/build install --record /home/ubuntu/Old_LV/aarush_ros/build/control_package/install.log --single-version-externally-managed
[3.147s] running egg_info
[3.150s] writing ../../build/control_package/control_package.egg-info/PKG-INFO
[3.151s] writing dependency_links to ../../build/control_package/control_package.egg-info/dependency_links.txt
[3.152s] writing entry points to ../../build/control_package/control_package.egg-info/entry_points.txt
[3.152s] writing requirements to ../../build/control_package/control_package.egg-info/requires.txt
[3.153s] writing top-level names to ../../build/control_package/control_package.egg-info/top_level.txt
[3.161s] reading manifest file '../../build/control_package/control_package.egg-info/SOURCES.txt'
[3.162s] adding license file 'LICENSE'
[3.165s] writing manifest file '../../build/control_package/control_package.egg-info/SOURCES.txt'
[3.166s] running build
[3.166s] running build_py
[3.167s] copying control_package/control_node.py -> /home/ubuntu/Old_LV/aarush_ros/build/control_package/build/lib/control_package
[3.169s] running install
[3.170s] /usr/lib/python3/dist-packages/setuptools/command/install.py:34: SetuptoolsDeprecationWarning: setup.py install is deprecated. Use build and pip and other standards-based tools.
[3.170s]   warnings.warn(
[3.170s] running install_lib
[3.176s] copying /home/ubuntu/Old_LV/aarush_ros/build/control_package/build/lib/control_package/control_node.py -> /home/ubuntu/Old_LV/aarush_ros/install/control_package/lib/python3.10/site-packages/control_package
[3.179s] byte-compiling /home/ubuntu/Old_LV/aarush_ros/install/control_package/lib/python3.10/site-packages/control_package/control_node.py to control_node.cpython-310.pyc
[3.180s] running install_data
[3.180s] running install_egg_info
[3.185s] removing '/home/ubuntu/Old_LV/aarush_ros/install/control_package/lib/python3.10/site-packages/control_package-0.0.0-py3.10.egg-info' (and everything under it)
[3.186s] Copying ../../build/control_package/control_package.egg-info to /home/ubuntu/Old_LV/aarush_ros/install/control_package/lib/python3.10/site-packages/control_package-0.0.0-py3.10.egg-info
[3.189s] running install_scripts
[3.265s] Installing control_node script to /home/ubuntu/Old_LV/aarush_ros/install/control_package/lib/control_package
[3.267s] writing list of installed files to '/home/ubuntu/Old_LV/aarush_ros/build/control_package/install.log'
[3.396s] Invoked command in '/home/ubuntu/Old_LV/aarush_ros/src/control_package' returned '0': PYTHONPATH=/home/ubuntu/Old_LV/aarush_ros/build/control_package/prefix_override:/home/ubuntu/Old_LV/aarush_ros/install/control_package/lib/python3.10/site-packages:${PYTHONPATH} /usr/bin/python3 setup.py egg_info --egg-base ../../build/control_package build --build-base /home/ubuntu/Old_LV/aarush_ros/build/control_package/build install --record /home/ubuntu/Old_LV/aarush_ros/build/control_package/install.log --single-version-externally-managed
