[2.761s] Invoking command in '/home/ubuntu/Agnirath_LVS_Strategy/aarush_ros/src/mc_package': PYTHONPATH=/home/ubuntu/Agnirath_LVS_Strategy/aarush_ros/build/mc_package/prefix_override:/home/ubuntu/Agnirath_LVS_Strategy/aarush_ros/install/mc_package/lib/python3.10/site-packages:${PYTHONPATH} /usr/bin/python3 setup.py egg_info --egg-base ../../build/mc_package build --build-base /home/ubuntu/Agnirath_LVS_Strategy/aarush_ros/build/mc_package/build install --record /home/ubuntu/Agnirath_LVS_Strategy/aarush_ros/build/mc_package/install.log --single-version-externally-managed
[3.812s] running egg_info
[3.817s] writing ../../build/mc_package/mc_package.egg-info/PKG-INFO
[3.820s] writing dependency_links to ../../build/mc_package/mc_package.egg-info/dependency_links.txt
[3.822s] writing entry points to ../../build/mc_package/mc_package.egg-info/entry_points.txt
[3.824s] writing requirements to ../../build/mc_package/mc_package.egg-info/requires.txt
[3.826s] writing top-level names to ../../build/mc_package/mc_package.egg-info/top_level.txt
[3.838s] reading manifest file '../../build/mc_package/mc_package.egg-info/SOURCES.txt'
[3.840s] adding license file 'LICENSE'
[3.845s] writing manifest file '../../build/mc_package/mc_package.egg-info/SOURCES.txt'
[3.846s] running build
[3.847s] running build_py
[3.849s] running install
[3.851s] /usr/lib/python3/dist-packages/setuptools/command/install.py:34: SetuptoolsDeprecationWarning: setup.py install is deprecated. Use build and pip and other standards-based tools.
[3.851s]   warnings.warn(
[3.854s] running install_lib
[3.860s] running install_data
[3.864s] running install_egg_info
[3.872s] removing '/home/ubuntu/Agnirath_LVS_Strategy/aarush_ros/install/mc_package/lib/python3.10/site-packages/mc_package-0.0.0-py3.10.egg-info' (and everything under it)
[3.875s] Copying ../../build/mc_package/mc_package.egg-info to /home/ubuntu/Agnirath_LVS_Strategy/aarush_ros/install/mc_package/lib/python3.10/site-packages/mc_package-0.0.0-py3.10.egg-info
[3.883s] running install_scripts
[3.978s] Installing mc_node script to /home/ubuntu/Agnirath_LVS_Strategy/aarush_ros/install/mc_package/lib/mc_package
[3.980s] writing list of installed files to '/home/ubuntu/Agnirath_LVS_Strategy/aarush_ros/build/mc_package/install.log'
[4.127s] Invoked command in '/home/ubuntu/Agnirath_LVS_Strategy/aarush_ros/src/mc_package' returned '0': PYTHONPATH=/home/ubuntu/Agnirath_LVS_Strategy/aarush_ros/build/mc_package/prefix_override:/home/ubuntu/Agnirath_LVS_Strategy/aarush_ros/install/mc_package/lib/python3.10/site-packages:${PYTHONPATH} /usr/bin/python3 setup.py egg_info --egg-base ../../build/mc_package build --build-base /home/ubuntu/Agnirath_LVS_Strategy/aarush_ros/build/mc_package/build install --record /home/ubuntu/Agnirath_LVS_Strategy/aarush_ros/build/mc_package/install.log --single-version-externally-managed
