running egg_info
creating ../../build/display_package/display_package.egg-info
writing ../../build/display_package/display_package.egg-info/PKG-INFO
writing dependency_links to ../../build/display_package/display_package.egg-info/dependency_links.txt
writing entry points to ../../build/display_package/display_package.egg-info/entry_points.txt
writing requirements to ../../build/display_package/display_package.egg-info/requires.txt
writing top-level names to ../../build/display_package/display_package.egg-info/top_level.txt
writing manifest file '../../build/display_package/display_package.egg-info/SOURCES.txt'
reading manifest file '../../build/display_package/display_package.egg-info/SOURCES.txt'
adding license file 'LICENSE'
writing manifest file '../../build/display_package/display_package.egg-info/SOURCES.txt'
running build
running build_py
creating /home/jaay/Agnirath/Agnirath_LVS_Strategy/aarush_ros/build/display_package/build
creating /home/jaay/Agnirath/Agnirath_LVS_Strategy/aarush_ros/build/display_package/build/lib
creating /home/jaay/Agnirath/Agnirath_LVS_Strategy/aarush_ros/build/display_package/build/lib/display_package
copying display_package/__init__.py -> /home/jaay/Agnirath/Agnirath_LVS_Strategy/aarush_ros/build/display_package/build/lib/display_package
copying display_package/display_node.py -> /home/jaay/Agnirath/Agnirath_LVS_Strategy/aarush_ros/build/display_package/build/lib/display_package
running install
running install_lib
creating /home/jaay/Agnirath/Agnirath_LVS_Strategy/aarush_ros/install/display_package/lib/python3.10/site-packages/display_package
copying /home/jaay/Agnirath/Agnirath_LVS_Strategy/aarush_ros/build/display_package/build/lib/display_package/__init__.py -> /home/jaay/Agnirath/Agnirath_LVS_Strategy/aarush_ros/install/display_package/lib/python3.10/site-packages/display_package
copying /home/jaay/Agnirath/Agnirath_LVS_Strategy/aarush_ros/build/display_package/build/lib/display_package/display_node.py -> /home/jaay/Agnirath/Agnirath_LVS_Strategy/aarush_ros/install/display_package/lib/python3.10/site-packages/display_package
byte-compiling /home/jaay/Agnirath/Agnirath_LVS_Strategy/aarush_ros/install/display_package/lib/python3.10/site-packages/display_package/__init__.py to __init__.cpython-310.pyc
byte-compiling /home/jaay/Agnirath/Agnirath_LVS_Strategy/aarush_ros/install/display_package/lib/python3.10/site-packages/display_package/display_node.py to display_node.cpython-310.pyc
running install_data
creating /home/jaay/Agnirath/Agnirath_LVS_Strategy/aarush_ros/install/display_package/share/ament_index
creating /home/jaay/Agnirath/Agnirath_LVS_Strategy/aarush_ros/install/display_package/share/ament_index/resource_index
creating /home/jaay/Agnirath/Agnirath_LVS_Strategy/aarush_ros/install/display_package/share/ament_index/resource_index/packages
copying resource/display_package -> /home/jaay/Agnirath/Agnirath_LVS_Strategy/aarush_ros/install/display_package/share/ament_index/resource_index/packages
copying package.xml -> /home/jaay/Agnirath/Agnirath_LVS_Strategy/aarush_ros/install/display_package/share/display_package
running install_egg_info
Copying ../../build/display_package/display_package.egg-info to /home/jaay/Agnirath/Agnirath_LVS_Strategy/aarush_ros/install/display_package/lib/python3.10/site-packages/display_package-0.0.0-py3.10.egg-info
running install_scripts
Installing display_node script to /home/jaay/Agnirath/Agnirath_LVS_Strategy/aarush_ros/install/display_package/lib/display_package
writing list of installed files to '/home/jaay/Agnirath/Agnirath_LVS_Strategy/aarush_ros/build/display_package/install.log'
