[2.188s] Invoking command in '/home/ubuntu/Old_LV/aarush_ros/src/can_package': PYTHONPATH=/home/ubuntu/Old_LV/aarush_ros/build/can_package/prefix_override:/home/ubuntu/Old_LV/aarush_ros/install/can_package/lib/python3.10/site-packages:${PYTHONPATH} /usr/bin/python3 setup.py egg_info --egg-base ../../build/can_package build --build-base /home/ubuntu/Old_LV/aarush_ros/build/can_package/build install --record /home/ubuntu/Old_LV/aarush_ros/build/can_package/install.log --single-version-externally-managed
[3.051s] running egg_info
[3.054s] writing ../../build/can_package/can_package.egg-info/PKG-INFO
[3.055s] writing dependency_links to ../../build/can_package/can_package.egg-info/dependency_links.txt
[3.056s] writing entry points to ../../build/can_package/can_package.egg-info/entry_points.txt
[3.057s] writing requirements to ../../build/can_package/can_package.egg-info/requires.txt
[3.058s] writing top-level names to ../../build/can_package/can_package.egg-info/top_level.txt
[3.066s] reading manifest file '../../build/can_package/can_package.egg-info/SOURCES.txt'
[3.067s] adding license file 'LICENSE'
[3.071s] writing manifest file '../../build/can_package/can_package.egg-info/SOURCES.txt'
[3.071s] running build
[3.071s] running build_py
[3.073s] copying can_package/can_rx_node_v3.py -> /home/ubuntu/Old_LV/aarush_ros/build/can_package/build/lib/can_package
[3.076s] running install
[3.076s] /usr/lib/python3/dist-packages/setuptools/command/install.py:34: SetuptoolsDeprecationWarning: setup.py install is deprecated. Use build and pip and other standards-based tools.
[3.076s]   warnings.warn(
[3.077s] running install_lib
[3.081s] copying /home/ubuntu/Old_LV/aarush_ros/build/can_package/build/lib/can_package/can_rx_node_v3.py -> /home/ubuntu/Old_LV/aarush_ros/install/can_package/lib/python3.10/site-packages/can_package
[3.084s] byte-compiling /home/ubuntu/Old_LV/aarush_ros/install/can_package/lib/python3.10/site-packages/can_package/can_rx_node_v3.py to can_rx_node_v3.cpython-310.pyc
[3.087s] running install_data
[3.089s] running install_egg_info
[3.095s] removing '/home/ubuntu/Old_LV/aarush_ros/install/can_package/lib/python3.10/site-packages/can_package-0.0.0-py3.10.egg-info' (and everything under it)
[3.096s] Copying ../../build/can_package/can_package.egg-info to /home/ubuntu/Old_LV/aarush_ros/install/can_package/lib/python3.10/site-packages/can_package-0.0.0-py3.10.egg-info
[3.099s] running install_scripts
[3.172s] Installing can_node_sim script to /home/ubuntu/Old_LV/aarush_ros/install/can_package/lib/can_package
[3.173s] Installing can_rx_node script to /home/ubuntu/Old_LV/aarush_ros/install/can_package/lib/can_package
[3.174s] Installing can_rx_node_dup script to /home/ubuntu/Old_LV/aarush_ros/install/can_package/lib/can_package
[3.174s] Installing can_rx_node_v3 script to /home/ubuntu/Old_LV/aarush_ros/install/can_package/lib/can_package
[3.175s] Installing can_tx_node script to /home/ubuntu/Old_LV/aarush_ros/install/can_package/lib/can_package
[3.177s] writing list of installed files to '/home/ubuntu/Old_LV/aarush_ros/build/can_package/install.log'
[3.298s] Invoked command in '/home/ubuntu/Old_LV/aarush_ros/src/can_package' returned '0': PYTHONPATH=/home/ubuntu/Old_LV/aarush_ros/build/can_package/prefix_override:/home/ubuntu/Old_LV/aarush_ros/install/can_package/lib/python3.10/site-packages:${PYTHONPATH} /usr/bin/python3 setup.py egg_info --egg-base ../../build/can_package build --build-base /home/ubuntu/Old_LV/aarush_ros/build/can_package/build install --record /home/ubuntu/Old_LV/aarush_ros/build/can_package/install.log --single-version-externally-managed
