[1.356s] DEBUG:colcon:Command line arguments: ['/usr/bin/colcon', 'build', '--packages-select', 'main_package']
[1.357s] DEBUG:colcon:Parsed command line arguments: Namespace(log_base=None, log_level=None, verb_name='build', build_base='build', install_base='install', merge_install=False, symlink_install=False, test_result_base=None, continue_on_error=False, executor='parallel', parallel_workers=2, event_handlers=None, ignore_user_meta=False, metas=['./colcon.meta'], base_paths=['.'], packages_ignore=None, packages_ignore_regex=None, paths=None, packages_up_to=None, packages_up_to_regex=None, packages_above=None, packages_above_and_dependencies=None, packages_above_depth=None, packages_select_by_dep=None, packages_skip_by_dep=None, packages_skip_up_to=None, packages_select_build_failed=False, packages_skip_build_finished=False, packages_select_test_failures=False, packages_skip_test_passed=False, packages_select=['main_package'], packages_skip=None, packages_select_regex=None, packages_skip_regex=None, packages_start=None, packages_end=None, allow_overriding=[], cmake_args=None, cmake_target=None, cmake_target_skip_unavailable=False, cmake_clean_cache=False, cmake_clean_first=False, cmake_force_configure=False, ament_cmake_args=None, catkin_cmake_args=None, catkin_skip_building_tests=False, verb_parser=<colcon_defaults.argument_parser.defaults.DefaultArgumentsDecorator object at 0xffff9268b8b0>, verb_extension=<colcon_core.verb.build.BuildVerb object at 0xffff9278ab90>, main=<bound method BuildVerb.main of <colcon_core.verb.build.BuildVerb object at 0xffff9278ab90>>)
[1.497s] Level 1:colcon.colcon_core.package_discovery:discover_packages(colcon_meta) check parameters
[1.498s] Level 1:colcon.colcon_core.package_discovery:discover_packages(recursive) check parameters
[1.498s] Level 1:colcon.colcon_core.package_discovery:discover_packages(ignore) check parameters
[1.498s] Level 1:colcon.colcon_core.package_discovery:discover_packages(path) check parameters
[1.498s] Level 1:colcon.colcon_core.package_discovery:discover_packages(colcon_meta) discover
[1.498s] Level 1:colcon.colcon_core.package_discovery:discover_packages(recursive) discover
[1.498s] INFO:colcon.colcon_core.package_discovery:Crawling recursively for packages in '/home/ubuntu/Old_LV/aarush_ros'
[1.499s] Level 1:colcon.colcon_core.package_identification:_identify(.) by extensions ['ignore', 'ignore_ament_install']
[1.499s] Level 1:colcon.colcon_core.package_identification:_identify(.) by extension 'ignore'
[1.500s] Level 1:colcon.colcon_core.package_identification:_identify(.) by extension 'ignore_ament_install'
[1.500s] Level 1:colcon.colcon_core.package_identification:_identify(.) by extensions ['colcon_pkg']
[1.500s] Level 1:colcon.colcon_core.package_identification:_identify(.) by extension 'colcon_pkg'
[1.500s] Level 1:colcon.colcon_core.package_identification:_identify(.) by extensions ['colcon_meta']
[1.500s] Level 1:colcon.colcon_core.package_identification:_identify(.) by extension 'colcon_meta'
[1.500s] Level 1:colcon.colcon_core.package_identification:_identify(.) by extensions ['ros']
[1.501s] Level 1:colcon.colcon_core.package_identification:_identify(.) by extension 'ros'
[1.547s] Level 1:colcon.colcon_core.package_identification:_identify(.) by extensions ['cmake', 'python']
[1.547s] Level 1:colcon.colcon_core.package_identification:_identify(.) by extension 'cmake'
[1.547s] Level 1:colcon.colcon_core.package_identification:_identify(.) by extension 'python'
[1.547s] Level 1:colcon.colcon_core.package_identification:_identify(.) by extensions ['python_setup_py']
[1.548s] Level 1:colcon.colcon_core.package_identification:_identify(.) by extension 'python_setup_py'
[1.548s] Level 1:colcon.colcon_core.package_identification:_identify(build) by extensions ['ignore', 'ignore_ament_install']
[1.548s] Level 1:colcon.colcon_core.package_identification:_identify(build) by extension 'ignore'
[1.549s] Level 1:colcon.colcon_core.package_identification:_identify(build) ignored
[1.549s] Level 1:colcon.colcon_core.package_identification:_identify(install) by extensions ['ignore', 'ignore_ament_install']
[1.550s] Level 1:colcon.colcon_core.package_identification:_identify(install) by extension 'ignore'
[1.550s] Level 1:colcon.colcon_core.package_identification:_identify(install) ignored
[1.551s] Level 1:colcon.colcon_core.package_identification:_identify(log) by extensions ['ignore', 'ignore_ament_install']
[1.551s] Level 1:colcon.colcon_core.package_identification:_identify(log) by extension 'ignore'
[1.551s] Level 1:colcon.colcon_core.package_identification:_identify(log) ignored
[1.552s] Level 1:colcon.colcon_core.package_identification:_identify(src) by extensions ['ignore', 'ignore_ament_install']
[1.552s] Level 1:colcon.colcon_core.package_identification:_identify(src) by extension 'ignore'
[1.552s] Level 1:colcon.colcon_core.package_identification:_identify(src) by extension 'ignore_ament_install'
[1.552s] Level 1:colcon.colcon_core.package_identification:_identify(src) by extensions ['colcon_pkg']
[1.553s] Level 1:colcon.colcon_core.package_identification:_identify(src) by extension 'colcon_pkg'
[1.553s] Level 1:colcon.colcon_core.package_identification:_identify(src) by extensions ['colcon_meta']
[1.553s] Level 1:colcon.colcon_core.package_identification:_identify(src) by extension 'colcon_meta'
[1.553s] Level 1:colcon.colcon_core.package_identification:_identify(src) by extensions ['ros']
[1.553s] Level 1:colcon.colcon_core.package_identification:_identify(src) by extension 'ros'
[1.553s] Level 1:colcon.colcon_core.package_identification:_identify(src) by extensions ['cmake', 'python']
[1.554s] Level 1:colcon.colcon_core.package_identification:_identify(src) by extension 'cmake'
[1.554s] Level 1:colcon.colcon_core.package_identification:_identify(src) by extension 'python'
[1.554s] Level 1:colcon.colcon_core.package_identification:_identify(src) by extensions ['python_setup_py']
[1.554s] Level 1:colcon.colcon_core.package_identification:_identify(src) by extension 'python_setup_py'
[1.554s] Level 1:colcon.colcon_core.package_identification:_identify(src/battery_package) by extensions ['ignore', 'ignore_ament_install']
[1.555s] Level 1:colcon.colcon_core.package_identification:_identify(src/battery_package) by extension 'ignore'
[1.555s] Level 1:colcon.colcon_core.package_identification:_identify(src/battery_package) by extension 'ignore_ament_install'
[1.555s] Level 1:colcon.colcon_core.package_identification:_identify(src/battery_package) by extensions ['colcon_pkg']
[1.555s] Level 1:colcon.colcon_core.package_identification:_identify(src/battery_package) by extension 'colcon_pkg'
[1.555s] Level 1:colcon.colcon_core.package_identification:_identify(src/battery_package) by extensions ['colcon_meta']
[1.555s] Level 1:colcon.colcon_core.package_identification:_identify(src/battery_package) by extension 'colcon_meta'
[1.556s] Level 1:colcon.colcon_core.package_identification:_identify(src/battery_package) by extensions ['ros']
[1.556s] Level 1:colcon.colcon_core.package_identification:_identify(src/battery_package) by extension 'ros'
[1.564s] DEBUG:colcon.colcon_core.package_identification:Package 'src/battery_package' with type 'ros.ament_python' and name 'battery_package'
[1.564s] Level 1:colcon.colcon_core.package_identification:_identify(src/build) by extensions ['ignore', 'ignore_ament_install']
[1.565s] Level 1:colcon.colcon_core.package_identification:_identify(src/build) by extension 'ignore'
[1.565s] Level 1:colcon.colcon_core.package_identification:_identify(src/build) ignored
[1.565s] Level 1:colcon.colcon_core.package_identification:_identify(src/can_package) by extensions ['ignore', 'ignore_ament_install']
[1.566s] Level 1:colcon.colcon_core.package_identification:_identify(src/can_package) by extension 'ignore'
[1.566s] Level 1:colcon.colcon_core.package_identification:_identify(src/can_package) by extension 'ignore_ament_install'
[1.566s] Level 1:colcon.colcon_core.package_identification:_identify(src/can_package) by extensions ['colcon_pkg']
[1.566s] Level 1:colcon.colcon_core.package_identification:_identify(src/can_package) by extension 'colcon_pkg'
[1.566s] Level 1:colcon.colcon_core.package_identification:_identify(src/can_package) by extensions ['colcon_meta']
[1.567s] Level 1:colcon.colcon_core.package_identification:_identify(src/can_package) by extension 'colcon_meta'
[1.567s] Level 1:colcon.colcon_core.package_identification:_identify(src/can_package) by extensions ['ros']
[1.567s] Level 1:colcon.colcon_core.package_identification:_identify(src/can_package) by extension 'ros'
[1.570s] DEBUG:colcon.colcon_core.package_identification:Package 'src/can_package' with type 'ros.ament_python' and name 'can_package'
[1.570s] Level 1:colcon.colcon_core.package_identification:_identify(src/control_package) by extensions ['ignore', 'ignore_ament_install']
[1.571s] Level 1:colcon.colcon_core.package_identification:_identify(src/control_package) by extension 'ignore'
[1.571s] Level 1:colcon.colcon_core.package_identification:_identify(src/control_package) by extension 'ignore_ament_install'
[1.571s] Level 1:colcon.colcon_core.package_identification:_identify(src/control_package) by extensions ['colcon_pkg']
[1.571s] Level 1:colcon.colcon_core.package_identification:_identify(src/control_package) by extension 'colcon_pkg'
[1.571s] Level 1:colcon.colcon_core.package_identification:_identify(src/control_package) by extensions ['colcon_meta']
[1.571s] Level 1:colcon.colcon_core.package_identification:_identify(src/control_package) by extension 'colcon_meta'
[1.572s] Level 1:colcon.colcon_core.package_identification:_identify(src/control_package) by extensions ['ros']
[1.572s] Level 1:colcon.colcon_core.package_identification:_identify(src/control_package) by extension 'ros'
[1.574s] DEBUG:colcon.colcon_core.package_identification:Package 'src/control_package' with type 'ros.ament_python' and name 'control_package'
[1.574s] Level 1:colcon.colcon_core.package_identification:_identify(src/display_package) by extensions ['ignore', 'ignore_ament_install']
[1.575s] Level 1:colcon.colcon_core.package_identification:_identify(src/display_package) by extension 'ignore'
[1.575s] Level 1:colcon.colcon_core.package_identification:_identify(src/display_package) by extension 'ignore_ament_install'
[1.575s] Level 1:colcon.colcon_core.package_identification:_identify(src/display_package) by extensions ['colcon_pkg']
[1.575s] Level 1:colcon.colcon_core.package_identification:_identify(src/display_package) by extension 'colcon_pkg'
[1.575s] Level 1:colcon.colcon_core.package_identification:_identify(src/display_package) by extensions ['colcon_meta']
[1.575s] Level 1:colcon.colcon_core.package_identification:_identify(src/display_package) by extension 'colcon_meta'
[1.576s] Level 1:colcon.colcon_core.package_identification:_identify(src/display_package) by extensions ['ros']
[1.576s] Level 1:colcon.colcon_core.package_identification:_identify(src/display_package) by extension 'ros'
[1.578s] DEBUG:colcon.colcon_core.package_identification:Package 'src/display_package' with type 'ros.ament_python' and name 'display_package'
[1.578s] Level 1:colcon.colcon_core.package_identification:_identify(src/gps_package) by extensions ['ignore', 'ignore_ament_install']
[1.578s] Level 1:colcon.colcon_core.package_identification:_identify(src/gps_package) by extension 'ignore'
[1.579s] Level 1:colcon.colcon_core.package_identification:_identify(src/gps_package) by extension 'ignore_ament_install'
[1.579s] Level 1:colcon.colcon_core.package_identification:_identify(src/gps_package) by extensions ['colcon_pkg']
[1.579s] Level 1:colcon.colcon_core.package_identification:_identify(src/gps_package) by extension 'colcon_pkg'
[1.579s] Level 1:colcon.colcon_core.package_identification:_identify(src/gps_package) by extensions ['colcon_meta']
[1.579s] Level 1:colcon.colcon_core.package_identification:_identify(src/gps_package) by extension 'colcon_meta'
[1.580s] Level 1:colcon.colcon_core.package_identification:_identify(src/gps_package) by extensions ['ros']
[1.580s] Level 1:colcon.colcon_core.package_identification:_identify(src/gps_package) by extension 'ros'
[1.582s] DEBUG:colcon.colcon_core.package_identification:Package 'src/gps_package' with type 'ros.ament_python' and name 'gps_package'
[1.582s] Level 1:colcon.colcon_core.package_identification:_identify(src/imu_package) by extensions ['ignore', 'ignore_ament_install']
[1.583s] Level 1:colcon.colcon_core.package_identification:_identify(src/imu_package) by extension 'ignore'
[1.583s] Level 1:colcon.colcon_core.package_identification:_identify(src/imu_package) by extension 'ignore_ament_install'
[1.583s] Level 1:colcon.colcon_core.package_identification:_identify(src/imu_package) by extensions ['colcon_pkg']
[1.583s] Level 1:colcon.colcon_core.package_identification:_identify(src/imu_package) by extension 'colcon_pkg'
[1.583s] Level 1:colcon.colcon_core.package_identification:_identify(src/imu_package) by extensions ['colcon_meta']
[1.583s] Level 1:colcon.colcon_core.package_identification:_identify(src/imu_package) by extension 'colcon_meta'
[1.584s] Level 1:colcon.colcon_core.package_identification:_identify(src/imu_package) by extensions ['ros']
[1.584s] Level 1:colcon.colcon_core.package_identification:_identify(src/imu_package) by extension 'ros'
[1.586s] DEBUG:colcon.colcon_core.package_identification:Package 'src/imu_package' with type 'ros.ament_python' and name 'imu_package'
[1.586s] Level 1:colcon.colcon_core.package_identification:_identify(src/install) by extensions ['ignore', 'ignore_ament_install']
[1.586s] Level 1:colcon.colcon_core.package_identification:_identify(src/install) by extension 'ignore'
[1.587s] Level 1:colcon.colcon_core.package_identification:_identify(src/install) ignored
[1.587s] Level 1:colcon.colcon_core.package_identification:_identify(src/log) by extensions ['ignore', 'ignore_ament_install']
[1.587s] Level 1:colcon.colcon_core.package_identification:_identify(src/log) by extension 'ignore'
[1.587s] Level 1:colcon.colcon_core.package_identification:_identify(src/log) ignored
[1.588s] Level 1:colcon.colcon_core.package_identification:_identify(src/logging_package) by extensions ['ignore', 'ignore_ament_install']
[1.588s] Level 1:colcon.colcon_core.package_identification:_identify(src/logging_package) by extension 'ignore'
[1.588s] Level 1:colcon.colcon_core.package_identification:_identify(src/logging_package) by extension 'ignore_ament_install'
[1.589s] Level 1:colcon.colcon_core.package_identification:_identify(src/logging_package) by extensions ['colcon_pkg']
[1.589s] Level 1:colcon.colcon_core.package_identification:_identify(src/logging_package) by extension 'colcon_pkg'
[1.589s] Level 1:colcon.colcon_core.package_identification:_identify(src/logging_package) by extensions ['colcon_meta']
[1.589s] Level 1:colcon.colcon_core.package_identification:_identify(src/logging_package) by extension 'colcon_meta'
[1.589s] Level 1:colcon.colcon_core.package_identification:_identify(src/logging_package) by extensions ['ros']
[1.589s] Level 1:colcon.colcon_core.package_identification:_identify(src/logging_package) by extension 'ros'
[1.591s] DEBUG:colcon.colcon_core.package_identification:Package 'src/logging_package' with type 'ros.ament_python' and name 'logging_package'
[1.592s] Level 1:colcon.colcon_core.package_identification:_identify(src/main_package) by extensions ['ignore', 'ignore_ament_install']
[1.592s] Level 1:colcon.colcon_core.package_identification:_identify(src/main_package) by extension 'ignore'
[1.592s] Level 1:colcon.colcon_core.package_identification:_identify(src/main_package) by extension 'ignore_ament_install'
[1.592s] Level 1:colcon.colcon_core.package_identification:_identify(src/main_package) by extensions ['colcon_pkg']
[1.593s] Level 1:colcon.colcon_core.package_identification:_identify(src/main_package) by extension 'colcon_pkg'
[1.593s] Level 1:colcon.colcon_core.package_identification:_identify(src/main_package) by extensions ['colcon_meta']
[1.593s] Level 1:colcon.colcon_core.package_identification:_identify(src/main_package) by extension 'colcon_meta'
[1.593s] Level 1:colcon.colcon_core.package_identification:_identify(src/main_package) by extensions ['ros']
[1.593s] Level 1:colcon.colcon_core.package_identification:_identify(src/main_package) by extension 'ros'
[1.596s] DEBUG:colcon.colcon_core.package_identification:Package 'src/main_package' with type 'ros.ament_python' and name 'main_package'
[1.596s] Level 1:colcon.colcon_core.package_identification:_identify(src/mc_package) by extensions ['ignore', 'ignore_ament_install']
[1.596s] Level 1:colcon.colcon_core.package_identification:_identify(src/mc_package) by extension 'ignore'
[1.597s] Level 1:colcon.colcon_core.package_identification:_identify(src/mc_package) by extension 'ignore_ament_install'
[1.597s] Level 1:colcon.colcon_core.package_identification:_identify(src/mc_package) by extensions ['colcon_pkg']
[1.597s] Level 1:colcon.colcon_core.package_identification:_identify(src/mc_package) by extension 'colcon_pkg'
[1.597s] Level 1:colcon.colcon_core.package_identification:_identify(src/mc_package) by extensions ['colcon_meta']
[1.597s] Level 1:colcon.colcon_core.package_identification:_identify(src/mc_package) by extension 'colcon_meta'
[1.598s] Level 1:colcon.colcon_core.package_identification:_identify(src/mc_package) by extensions ['ros']
[1.598s] Level 1:colcon.colcon_core.package_identification:_identify(src/mc_package) by extension 'ros'
[1.600s] DEBUG:colcon.colcon_core.package_identification:Package 'src/mc_package' with type 'ros.ament_python' and name 'mc_package'
[1.600s] Level 1:colcon.colcon_core.package_identification:_identify(src/mppt_package) by extensions ['ignore', 'ignore_ament_install']
[1.601s] Level 1:colcon.colcon_core.package_identification:_identify(src/mppt_package) by extension 'ignore'
[1.601s] Level 1:colcon.colcon_core.package_identification:_identify(src/mppt_package) by extension 'ignore_ament_install'
[1.601s] Level 1:colcon.colcon_core.package_identification:_identify(src/mppt_package) by extensions ['colcon_pkg']
[1.601s] Level 1:colcon.colcon_core.package_identification:_identify(src/mppt_package) by extension 'colcon_pkg'
[1.601s] Level 1:colcon.colcon_core.package_identification:_identify(src/mppt_package) by extensions ['colcon_meta']
[1.601s] Level 1:colcon.colcon_core.package_identification:_identify(src/mppt_package) by extension 'colcon_meta'
[1.602s] Level 1:colcon.colcon_core.package_identification:_identify(src/mppt_package) by extensions ['ros']
[1.602s] Level 1:colcon.colcon_core.package_identification:_identify(src/mppt_package) by extension 'ros'
[1.604s] DEBUG:colcon.colcon_core.package_identification:Package 'src/mppt_package' with type 'ros.ament_python' and name 'mppt_package'
[1.604s] Level 1:colcon.colcon_core.package_identification:_identify(src/my_package) by extensions ['ignore', 'ignore_ament_install']
[1.605s] Level 1:colcon.colcon_core.package_identification:_identify(src/my_package) by extension 'ignore'
[1.605s] Level 1:colcon.colcon_core.package_identification:_identify(src/my_package) by extension 'ignore_ament_install'
[1.605s] Level 1:colcon.colcon_core.package_identification:_identify(src/my_package) by extensions ['colcon_pkg']
[1.605s] Level 1:colcon.colcon_core.package_identification:_identify(src/my_package) by extension 'colcon_pkg'
[1.605s] Level 1:colcon.colcon_core.package_identification:_identify(src/my_package) by extensions ['colcon_meta']
[1.606s] Level 1:colcon.colcon_core.package_identification:_identify(src/my_package) by extension 'colcon_meta'
[1.606s] Level 1:colcon.colcon_core.package_identification:_identify(src/my_package) by extensions ['ros']
[1.606s] Level 1:colcon.colcon_core.package_identification:_identify(src/my_package) by extension 'ros'
[1.608s] DEBUG:colcon.colcon_core.package_identification:Package 'src/my_package' with type 'ros.ament_python' and name 'my_package'
[1.608s] Level 1:colcon.colcon_core.package_identification:_identify(src/rf_package) by extensions ['ignore', 'ignore_ament_install']
[1.609s] Level 1:colcon.colcon_core.package_identification:_identify(src/rf_package) by extension 'ignore'
[1.609s] Level 1:colcon.colcon_core.package_identification:_identify(src/rf_package) by extension 'ignore_ament_install'
[1.609s] Level 1:colcon.colcon_core.package_identification:_identify(src/rf_package) by extensions ['colcon_pkg']
[1.609s] Level 1:colcon.colcon_core.package_identification:_identify(src/rf_package) by extension 'colcon_pkg'
[1.609s] Level 1:colcon.colcon_core.package_identification:_identify(src/rf_package) by extensions ['colcon_meta']
[1.609s] Level 1:colcon.colcon_core.package_identification:_identify(src/rf_package) by extension 'colcon_meta'
[1.610s] Level 1:colcon.colcon_core.package_identification:_identify(src/rf_package) by extensions ['ros']
[1.610s] Level 1:colcon.colcon_core.package_identification:_identify(src/rf_package) by extension 'ros'
[1.612s] DEBUG:colcon.colcon_core.package_identification:Package 'src/rf_package' with type 'ros.ament_python' and name 'rf_package'
[1.612s] Level 1:colcon.colcon_core.package_identification:_identify(src/test_package) by extensions ['ignore', 'ignore_ament_install']
[1.613s] Level 1:colcon.colcon_core.package_identification:_identify(src/test_package) by extension 'ignore'
[1.613s] Level 1:colcon.colcon_core.package_identification:_identify(src/test_package) by extension 'ignore_ament_install'
[1.613s] Level 1:colcon.colcon_core.package_identification:_identify(src/test_package) by extensions ['colcon_pkg']
[1.613s] Level 1:colcon.colcon_core.package_identification:_identify(src/test_package) by extension 'colcon_pkg'
[1.613s] Level 1:colcon.colcon_core.package_identification:_identify(src/test_package) by extensions ['colcon_meta']
[1.613s] Level 1:colcon.colcon_core.package_identification:_identify(src/test_package) by extension 'colcon_meta'
[1.614s] Level 1:colcon.colcon_core.package_identification:_identify(src/test_package) by extensions ['ros']
[1.614s] Level 1:colcon.colcon_core.package_identification:_identify(src/test_package) by extension 'ros'
[1.616s] DEBUG:colcon.colcon_core.package_identification:Package 'src/test_package' with type 'ros.ament_python' and name 'test_package'
[1.616s] Level 1:colcon.colcon_core.package_discovery:discover_packages(recursive) using defaults
[1.616s] Level 1:colcon.colcon_core.package_discovery:discover_packages(ignore) discover
[1.616s] Level 1:colcon.colcon_core.package_discovery:discover_packages(ignore) using defaults
[1.616s] Level 1:colcon.colcon_core.package_discovery:discover_packages(path) discover
[1.616s] Level 1:colcon.colcon_core.package_discovery:discover_packages(path) using defaults
[1.718s] INFO:colcon.colcon_core.package_selection:Skipping not selected package 'battery_package' in 'src/battery_package'
[1.718s] INFO:colcon.colcon_core.package_selection:Skipping not selected package 'can_package' in 'src/can_package'
[1.719s] INFO:colcon.colcon_core.package_selection:Skipping not selected package 'control_package' in 'src/control_package'
[1.719s] INFO:colcon.colcon_core.package_selection:Skipping not selected package 'display_package' in 'src/display_package'
[1.719s] INFO:colcon.colcon_core.package_selection:Skipping not selected package 'gps_package' in 'src/gps_package'
[1.719s] INFO:colcon.colcon_core.package_selection:Skipping not selected package 'imu_package' in 'src/imu_package'
[1.719s] INFO:colcon.colcon_core.package_selection:Skipping not selected package 'logging_package' in 'src/logging_package'
[1.719s] INFO:colcon.colcon_core.package_selection:Skipping not selected package 'mc_package' in 'src/mc_package'
[1.719s] INFO:colcon.colcon_core.package_selection:Skipping not selected package 'mppt_package' in 'src/mppt_package'
[1.719s] INFO:colcon.colcon_core.package_selection:Skipping not selected package 'my_package' in 'src/my_package'
[1.719s] INFO:colcon.colcon_core.package_selection:Skipping not selected package 'rf_package' in 'src/rf_package'
[1.719s] INFO:colcon.colcon_core.package_selection:Skipping not selected package 'test_package' in 'src/test_package'
[1.723s] Level 1:colcon.colcon_core.package_discovery:discover_packages(prefix_path) check parameters
[1.723s] Level 1:colcon.colcon_core.package_discovery:discover_packages(prefix_path) discover
[1.737s] DEBUG:colcon.colcon_installed_package_information.package_discovery:Found 14 installed packages in /home/ubuntu/Old_LV/aarush_ros/install
[1.745s] DEBUG:colcon.colcon_installed_package_information.package_discovery:Found 281 installed packages in /opt/ros/iron
[1.752s] Level 1:colcon.colcon_core.package_discovery:discover_packages(prefix_path) using defaults
[1.964s] Level 5:colcon.colcon_core.verb:set package 'main_package' build argument 'cmake_args' from command line to 'None'
[1.964s] Level 5:colcon.colcon_core.verb:set package 'main_package' build argument 'cmake_target' from command line to 'None'
[1.964s] Level 5:colcon.colcon_core.verb:set package 'main_package' build argument 'cmake_target_skip_unavailable' from command line to 'False'
[1.964s] Level 5:colcon.colcon_core.verb:set package 'main_package' build argument 'cmake_clean_cache' from command line to 'False'
[1.964s] Level 5:colcon.colcon_core.verb:set package 'main_package' build argument 'cmake_clean_first' from command line to 'False'
[1.964s] Level 5:colcon.colcon_core.verb:set package 'main_package' build argument 'cmake_force_configure' from command line to 'False'
[1.965s] Level 5:colcon.colcon_core.verb:set package 'main_package' build argument 'ament_cmake_args' from command line to 'None'
[1.965s] Level 5:colcon.colcon_core.verb:set package 'main_package' build argument 'catkin_cmake_args' from command line to 'None'
[1.965s] Level 5:colcon.colcon_core.verb:set package 'main_package' build argument 'catkin_skip_building_tests' from command line to 'False'
[1.965s] DEBUG:colcon.colcon_core.verb:Building package 'main_package' with the following arguments: {'ament_cmake_args': None, 'build_base': '/home/ubuntu/Old_LV/aarush_ros/build/main_package', 'catkin_cmake_args': None, 'catkin_skip_building_tests': False, 'cmake_args': None, 'cmake_clean_cache': False, 'cmake_clean_first': False, 'cmake_force_configure': False, 'cmake_target': None, 'cmake_target_skip_unavailable': False, 'install_base': '/home/ubuntu/Old_LV/aarush_ros/install/main_package', 'merge_install': False, 'path': '/home/ubuntu/Old_LV/aarush_ros/src/main_package', 'symlink_install': False, 'test_result_base': None}
[1.968s] INFO:colcon.colcon_core.executor:Executing jobs using 'parallel' executor
[1.982s] DEBUG:colcon.colcon_parallel_executor.executor.parallel:run_until_complete
[1.983s] INFO:colcon.colcon_ros.task.ament_python.build:Building ROS package in '/home/ubuntu/Old_LV/aarush_ros/src/main_package' with build type 'ament_python'
[1.984s] Level 1:colcon.colcon_core.shell:create_environment_hook('main_package', 'ament_prefix_path')
[2.004s] INFO:colcon.colcon_core.plugin_system:Skipping extension 'colcon_core.shell.bat': Not used on non-Windows systems
[2.006s] INFO:colcon.colcon_core.shell:Creating environment hook '/home/ubuntu/Old_LV/aarush_ros/install/main_package/share/main_package/hook/ament_prefix_path.ps1'
[2.008s] INFO:colcon.colcon_core.shell:Creating environment descriptor '/home/ubuntu/Old_LV/aarush_ros/install/main_package/share/main_package/hook/ament_prefix_path.dsv'
[2.010s] INFO:colcon.colcon_core.shell:Creating environment hook '/home/ubuntu/Old_LV/aarush_ros/install/main_package/share/main_package/hook/ament_prefix_path.sh'
[2.018s] INFO:colcon.colcon_core.shell:Skip shell extension 'powershell' for command environment: Not usable outside of PowerShell
[2.018s] DEBUG:colcon.colcon_core.shell:Skip shell extension 'dsv' for command environment
[3.059s] INFO:colcon.colcon_core.task.python.build:Building Python package in '/home/ubuntu/Old_LV/aarush_ros/src/main_package'
[3.065s] INFO:colcon.colcon_core.shell:Skip shell extension 'powershell' for command environment: Not usable outside of PowerShell
[3.065s] DEBUG:colcon.colcon_core.shell:Skip shell extension 'dsv' for command environment
[4.366s] DEBUG:colcon.colcon_core.event_handler.log_command:Invoking command in '/home/ubuntu/Old_LV/aarush_ros/src/main_package': PYTHONPATH=/home/ubuntu/Old_LV/aarush_ros/build/main_package/prefix_override:/home/ubuntu/Old_LV/aarush_ros/install/main_package/lib/python3.10/site-packages:${PYTHONPATH} /usr/bin/python3 setup.py egg_info --egg-base ../../build/main_package build --build-base /home/ubuntu/Old_LV/aarush_ros/build/main_package/build install --record /home/ubuntu/Old_LV/aarush_ros/build/main_package/install.log --single-version-externally-managed
[5.546s] DEBUG:colcon.colcon_core.event_handler.log_command:Invoked command in '/home/ubuntu/Old_LV/aarush_ros/src/main_package' returned '0': PYTHONPATH=/home/ubuntu/Old_LV/aarush_ros/build/main_package/prefix_override:/home/ubuntu/Old_LV/aarush_ros/install/main_package/lib/python3.10/site-packages:${PYTHONPATH} /usr/bin/python3 setup.py egg_info --egg-base ../../build/main_package build --build-base /home/ubuntu/Old_LV/aarush_ros/build/main_package/build install --record /home/ubuntu/Old_LV/aarush_ros/build/main_package/install.log --single-version-externally-managed
[5.565s] Level 1:colcon.colcon_core.environment:checking '/home/ubuntu/Old_LV/aarush_ros/install/main_package' for CMake module files
[5.566s] Level 1:colcon.colcon_core.environment:checking '/home/ubuntu/Old_LV/aarush_ros/install/main_package' for CMake config files
[5.569s] Level 1:colcon.colcon_core.environment:checking '/home/ubuntu/Old_LV/aarush_ros/install/main_package/lib'
[5.570s] Level 1:colcon.colcon_core.environment:checking '/home/ubuntu/Old_LV/aarush_ros/install/main_package/bin'
[5.570s] Level 1:colcon.colcon_core.environment:checking '/home/ubuntu/Old_LV/aarush_ros/install/main_package/lib/pkgconfig/main_package.pc'
[5.571s] Level 1:colcon.colcon_core.environment:checking '/home/ubuntu/Old_LV/aarush_ros/install/main_package/lib/python3.10/site-packages'
[5.571s] Level 1:colcon.colcon_core.shell:create_environment_hook('main_package', 'pythonpath')
[5.577s] INFO:colcon.colcon_core.shell:Creating environment hook '/home/ubuntu/Old_LV/aarush_ros/install/main_package/share/main_package/hook/pythonpath.ps1'
[5.579s] INFO:colcon.colcon_core.shell:Creating environment descriptor '/home/ubuntu/Old_LV/aarush_ros/install/main_package/share/main_package/hook/pythonpath.dsv'
[5.580s] INFO:colcon.colcon_core.shell:Creating environment hook '/home/ubuntu/Old_LV/aarush_ros/install/main_package/share/main_package/hook/pythonpath.sh'
[5.582s] Level 1:colcon.colcon_core.environment:checking '/home/ubuntu/Old_LV/aarush_ros/install/main_package/bin'
[5.583s] Level 1:colcon.colcon_core.environment:create_environment_scripts_only(main_package)
[5.589s] INFO:colcon.colcon_core.shell:Creating package script '/home/ubuntu/Old_LV/aarush_ros/install/main_package/share/main_package/package.ps1'
[5.593s] INFO:colcon.colcon_core.shell:Creating package descriptor '/home/ubuntu/Old_LV/aarush_ros/install/main_package/share/main_package/package.dsv'
[5.595s] INFO:colcon.colcon_core.shell:Creating package script '/home/ubuntu/Old_LV/aarush_ros/install/main_package/share/main_package/package.sh'
[5.598s] INFO:colcon.colcon_core.shell:Creating package script '/home/ubuntu/Old_LV/aarush_ros/install/main_package/share/main_package/package.bash'
[5.602s] INFO:colcon.colcon_core.shell:Creating package script '/home/ubuntu/Old_LV/aarush_ros/install/main_package/share/main_package/package.zsh'
[5.604s] Level 1:colcon.colcon_core.environment:create_file_with_runtime_dependencies(/home/ubuntu/Old_LV/aarush_ros/install/main_package/share/colcon-core/packages/main_package)
[5.606s] DEBUG:colcon.colcon_parallel_executor.executor.parallel:closing loop
[5.607s] DEBUG:colcon.colcon_parallel_executor.executor.parallel:loop closed
[5.608s] DEBUG:colcon.colcon_parallel_executor.executor.parallel:run_until_complete finished with '0'
[5.608s] DEBUG:colcon.colcon_core.event_reactor:joining thread
[5.627s] INFO:colcon.colcon_core.plugin_system:Skipping extension 'colcon_notification.desktop_notification.terminal_notifier': Not used on non-Darwin systems
[5.627s] INFO:colcon.colcon_core.plugin_system:Skipping extension 'colcon_notification.desktop_notification.win32': Not used on non-Windows systems
[5.628s] INFO:colcon.colcon_notification.desktop_notification:Sending desktop notification using 'notify2'
[5.630s] DEBUG:colcon.colcon_notification.desktop_notification.notify2:Failed to initialize notify2: org.freedesktop.DBus.Error.ServiceUnknown: The name org.freedesktop.Notifications was not provided by any .service files
[5.630s] DEBUG:colcon.colcon_core.event_reactor:joined thread
[5.635s] INFO:colcon.colcon_core.shell:Creating prefix script '/home/ubuntu/Old_LV/aarush_ros/install/local_setup.ps1'
[5.639s] INFO:colcon.colcon_core.shell:Creating prefix util module '/home/ubuntu/Old_LV/aarush_ros/install/_local_setup_util_ps1.py'
[5.644s] INFO:colcon.colcon_core.shell:Creating prefix chain script '/home/ubuntu/Old_LV/aarush_ros/install/setup.ps1'
[5.651s] INFO:colcon.colcon_core.shell:Creating prefix script '/home/ubuntu/Old_LV/aarush_ros/install/local_setup.sh'
[5.653s] INFO:colcon.colcon_core.shell:Creating prefix util module '/home/ubuntu/Old_LV/aarush_ros/install/_local_setup_util_sh.py'
[5.655s] INFO:colcon.colcon_core.shell:Creating prefix chain script '/home/ubuntu/Old_LV/aarush_ros/install/setup.sh'
[5.661s] INFO:colcon.colcon_core.shell:Creating prefix script '/home/ubuntu/Old_LV/aarush_ros/install/local_setup.bash'
[5.663s] INFO:colcon.colcon_core.shell:Creating prefix chain script '/home/ubuntu/Old_LV/aarush_ros/install/setup.bash'
[5.669s] INFO:colcon.colcon_core.shell:Creating prefix script '/home/ubuntu/Old_LV/aarush_ros/install/local_setup.zsh'
[5.671s] INFO:colcon.colcon_core.shell:Creating prefix chain script '/home/ubuntu/Old_LV/aarush_ros/install/setup.zsh'
