[3.453s] Invoking command in '/home/veadesh/Agnirath/Agnirath_LVS_Strategy/aarush_ros/src/mc_package': CONDA_PROMPT_MODIFIER=(base) PYTHONPATH=/home/veadesh/Agnirath/Agnirath_LVS_Strategy/aarush_ros/build/mc_package/prefix_override:/home/veadesh/Agnirath/Agnirath_LVS_Strategy/aarush_ros/install/mc_package/lib/python3.10/site-packages:${PYTHONPATH} /usr/bin/python3 setup.py egg_info --egg-base ../../build/mc_package build --build-base /home/veadesh/Agnirath/Agnirath_LVS_Strategy/aarush_ros/build/mc_package/build install --record /home/veadesh/Agnirath/Agnirath_LVS_Strategy/aarush_ros/build/mc_package/install.log --single-version-externally-managed
[3.769s] running egg_info
[3.769s] writing ../../build/mc_package/mc_package.egg-info/PKG-INFO
[3.769s] writing dependency_links to ../../build/mc_package/mc_package.egg-info/dependency_links.txt
[3.769s] writing entry points to ../../build/mc_package/mc_package.egg-info/entry_points.txt
[3.770s] writing requirements to ../../build/mc_package/mc_package.egg-info/requires.txt
[3.770s] writing top-level names to ../../build/mc_package/mc_package.egg-info/top_level.txt
[3.772s] reading manifest file '../../build/mc_package/mc_package.egg-info/SOURCES.txt'
[3.772s] adding license file 'LICENSE'
[3.772s] writing manifest file '../../build/mc_package/mc_package.egg-info/SOURCES.txt'
[3.772s] running build
[3.772s] running build_py
[3.772s] copying mc_package/mc_node.py -> /home/veadesh/Agnirath/Agnirath_LVS_Strategy/aarush_ros/build/mc_package/build/lib/mc_package
[3.773s] running install
[3.773s] /usr/lib/python3/dist-packages/setuptools/command/install.py:34: SetuptoolsDeprecationWarning: setup.py install is deprecated. Use build and pip and other standards-based tools.
[3.773s]   warnings.warn(
[3.773s] running install_lib
[3.774s] copying /home/veadesh/Agnirath/Agnirath_LVS_Strategy/aarush_ros/build/mc_package/build/lib/mc_package/mc_node.py -> /home/veadesh/Agnirath/Agnirath_LVS_Strategy/aarush_ros/install/mc_package/lib/python3.10/site-packages/mc_package
[3.774s] byte-compiling /home/veadesh/Agnirath/Agnirath_LVS_Strategy/aarush_ros/install/mc_package/lib/python3.10/site-packages/mc_package/mc_node.py to mc_node.cpython-310.pyc
[3.775s] running install_data
[3.776s] running install_egg_info
[3.778s] removing '/home/veadesh/Agnirath/Agnirath_LVS_Strategy/aarush_ros/install/mc_package/lib/python3.10/site-packages/mc_package-0.0.0-py3.10.egg-info' (and everything under it)
[3.778s] Copying ../../build/mc_package/mc_package.egg-info to /home/veadesh/Agnirath/Agnirath_LVS_Strategy/aarush_ros/install/mc_package/lib/python3.10/site-packages/mc_package-0.0.0-py3.10.egg-info
[3.779s] running install_scripts
[3.797s] Installing mc_node script to /home/veadesh/Agnirath/Agnirath_LVS_Strategy/aarush_ros/install/mc_package/lib/mc_package
[3.797s] writing list of installed files to '/home/veadesh/Agnirath/Agnirath_LVS_Strategy/aarush_ros/build/mc_package/install.log'
[3.837s] Invoked command in '/home/veadesh/Agnirath/Agnirath_LVS_Strategy/aarush_ros/src/mc_package' returned '0': CONDA_PROMPT_MODIFIER=(base) PYTHONPATH=/home/veadesh/Agnirath/Agnirath_LVS_Strategy/aarush_ros/build/mc_package/prefix_override:/home/veadesh/Agnirath/Agnirath_LVS_Strategy/aarush_ros/install/mc_package/lib/python3.10/site-packages:${PYTHONPATH} /usr/bin/python3 setup.py egg_info --egg-base ../../build/mc_package build --build-base /home/veadesh/Agnirath/Agnirath_LVS_Strategy/aarush_ros/build/mc_package/build install --record /home/veadesh/Agnirath/Agnirath_LVS_Strategy/aarush_ros/build/mc_package/install.log --single-version-externally-managed
