[2.755s] Invoking command in '/home/ubuntu/Agnirath_LVS_Strategy/aarush_ros/src/logging_package': PYTHONPATH=/home/ubuntu/Agnirath_LVS_Strategy/aarush_ros/build/logging_package/prefix_override:/home/ubuntu/Agnirath_LVS_Strategy/aarush_ros/install/logging_package/lib/python3.10/site-packages:${PYTHONPATH} /usr/bin/python3 setup.py egg_info --egg-base ../../build/logging_package build --build-base /home/ubuntu/Agnirath_LVS_Strategy/aarush_ros/build/logging_package/build install --record /home/ubuntu/Agnirath_LVS_Strategy/aarush_ros/build/logging_package/install.log --single-version-externally-managed
[3.819s] running egg_info
[3.824s] writing ../../build/logging_package/logging_package.egg-info/PKG-INFO
[3.826s] writing dependency_links to ../../build/logging_package/logging_package.egg-info/dependency_links.txt
[3.828s] writing entry points to ../../build/logging_package/logging_package.egg-info/entry_points.txt
[3.830s] writing requirements to ../../build/logging_package/logging_package.egg-info/requires.txt
[3.832s] writing top-level names to ../../build/logging_package/logging_package.egg-info/top_level.txt
[3.843s] reading manifest file '../../build/logging_package/logging_package.egg-info/SOURCES.txt'
[3.845s] adding license file 'LICENSE'
[3.849s] writing manifest file '../../build/logging_package/logging_package.egg-info/SOURCES.txt'
[3.851s] running build
[3.851s] running build_py
[3.854s] running install
[3.855s] /usr/lib/python3/dist-packages/setuptools/command/install.py:34: SetuptoolsDeprecationWarning: setup.py install is deprecated. Use build and pip and other standards-based tools.
[3.856s]   warnings.warn(
[3.858s] running install_lib
[3.866s] running install_data
[3.870s] running install_egg_info
[3.879s] removing '/home/ubuntu/Agnirath_LVS_Strategy/aarush_ros/install/logging_package/lib/python3.10/site-packages/logging_package-0.0.0-py3.10.egg-info' (and everything under it)
[3.882s] Copying ../../build/logging_package/logging_package.egg-info to /home/ubuntu/Agnirath_LVS_Strategy/aarush_ros/install/logging_package/lib/python3.10/site-packages/logging_package-0.0.0-py3.10.egg-info
[3.888s] running install_scripts
[3.981s] Installing logging_node script to /home/ubuntu/Agnirath_LVS_Strategy/aarush_ros/install/logging_package/lib/logging_package
[3.983s] writing list of installed files to '/home/ubuntu/Agnirath_LVS_Strategy/aarush_ros/build/logging_package/install.log'
[4.127s] Invoked command in '/home/ubuntu/Agnirath_LVS_Strategy/aarush_ros/src/logging_package' returned '0': PYTHONPATH=/home/ubuntu/Agnirath_LVS_Strategy/aarush_ros/build/logging_package/prefix_override:/home/ubuntu/Agnirath_LVS_Strategy/aarush_ros/install/logging_package/lib/python3.10/site-packages:${PYTHONPATH} /usr/bin/python3 setup.py egg_info --egg-base ../../build/logging_package build --build-base /home/ubuntu/Agnirath_LVS_Strategy/aarush_ros/build/logging_package/build install --record /home/ubuntu/Agnirath_LVS_Strategy/aarush_ros/build/logging_package/install.log --single-version-externally-managed
