running egg_info
writing ../../build/imu_package/imu_package.egg-info/PKG-INFO
writing dependency_links to ../../build/imu_package/imu_package.egg-info/dependency_links.txt
writing entry points to ../../build/imu_package/imu_package.egg-info/entry_points.txt
writing requirements to ../../build/imu_package/imu_package.egg-info/requires.txt
writing top-level names to ../../build/imu_package/imu_package.egg-info/top_level.txt
reading manifest file '../../build/imu_package/imu_package.egg-info/SOURCES.txt'
adding license file 'LICENSE'
writing manifest file '../../build/imu_package/imu_package.egg-info/SOURCES.txt'
running build
running build_py
copying imu_package/imu_node.py -> /home/veadesh/Agnirath/Agnirath_LVS_Strategy/aarush_ros/build/imu_package/build/lib/imu_package
running install
running install_lib
copying /home/veadesh/Agnirath/Agnirath_LVS_Strategy/aarush_ros/build/imu_package/build/lib/imu_package/imu_node.py -> /home/veadesh/Agnirath/Agnirath_LVS_Strategy/aarush_ros/install/imu_package/lib/python3.10/site-packages/imu_package
byte-compiling /home/veadesh/Agnirath/Agnirath_LVS_Strategy/aarush_ros/install/imu_package/lib/python3.10/site-packages/imu_package/imu_node.py to imu_node.cpython-310.pyc
running install_data
running install_egg_info
removing '/home/veadesh/Agnirath/Agnirath_LVS_Strategy/aarush_ros/install/imu_package/lib/python3.10/site-packages/imu_package-0.0.0-py3.10.egg-info' (and everything under it)
Copying ../../build/imu_package/imu_package.egg-info to /home/veadesh/Agnirath/Agnirath_LVS_Strategy/aarush_ros/install/imu_package/lib/python3.10/site-packages/imu_package-0.0.0-py3.10.egg-info
running install_scripts
Installing imu_node script to /home/veadesh/Agnirath/Agnirath_LVS_Strategy/aarush_ros/install/imu_package/lib/imu_package
writing list of installed files to '/home/veadesh/Agnirath/Agnirath_LVS_Strategy/aarush_ros/build/imu_package/install.log'
