[3.536s] Invoking command in '/home/veadesh/Agnirath/Agnirath_LVS_Strategy/aarush_ros/src/imu_package': CONDA_PROMPT_MODIFIER=(base) PYTHONPATH=/home/veadesh/Agnirath/Agnirath_LVS_Strategy/aarush_ros/build/imu_package/prefix_override:/home/veadesh/Agnirath/Agnirath_LVS_Strategy/aarush_ros/install/imu_package/lib/python3.10/site-packages:${PYTHONPATH} /usr/bin/python3 setup.py egg_info --egg-base ../../build/imu_package build --build-base /home/veadesh/Agnirath/Agnirath_LVS_Strategy/aarush_ros/build/imu_package/build install --record /home/veadesh/Agnirath/Agnirath_LVS_Strategy/aarush_ros/build/imu_package/install.log --single-version-externally-managed
[3.949s] running egg_info
[3.949s] writing ../../build/imu_package/imu_package.egg-info/PKG-INFO
[3.949s] writing dependency_links to ../../build/imu_package/imu_package.egg-info/dependency_links.txt
[3.950s] writing entry points to ../../build/imu_package/imu_package.egg-info/entry_points.txt
[3.950s] writing requirements to ../../build/imu_package/imu_package.egg-info/requires.txt
[3.950s] writing top-level names to ../../build/imu_package/imu_package.egg-info/top_level.txt
[3.954s] reading manifest file '../../build/imu_package/imu_package.egg-info/SOURCES.txt'
[3.955s] adding license file 'LICENSE'
[3.955s] writing manifest file '../../build/imu_package/imu_package.egg-info/SOURCES.txt'
[3.956s] /usr/lib/python3/dist-packages/setuptools/command/install.py:34: SetuptoolsDeprecationWarning: setup.py install is deprecated. Use build and pip and other standards-based tools.
[3.956s]   warnings.warn(
[3.956s] running build
[3.956s] running build_py
[3.956s] copying imu_package/imu_node.py -> /home/veadesh/Agnirath/Agnirath_LVS_Strategy/aarush_ros/build/imu_package/build/lib/imu_package
[3.956s] running install
[3.956s] running install_lib
[3.956s] copying /home/veadesh/Agnirath/Agnirath_LVS_Strategy/aarush_ros/build/imu_package/build/lib/imu_package/imu_node.py -> /home/veadesh/Agnirath/Agnirath_LVS_Strategy/aarush_ros/install/imu_package/lib/python3.10/site-packages/imu_package
[3.956s] byte-compiling /home/veadesh/Agnirath/Agnirath_LVS_Strategy/aarush_ros/install/imu_package/lib/python3.10/site-packages/imu_package/imu_node.py to imu_node.cpython-310.pyc
[3.957s] running install_data
[3.957s] running install_egg_info
[3.966s] removing '/home/veadesh/Agnirath/Agnirath_LVS_Strategy/aarush_ros/install/imu_package/lib/python3.10/site-packages/imu_package-0.0.0-py3.10.egg-info' (and everything under it)
[3.966s] Copying ../../build/imu_package/imu_package.egg-info to /home/veadesh/Agnirath/Agnirath_LVS_Strategy/aarush_ros/install/imu_package/lib/python3.10/site-packages/imu_package-0.0.0-py3.10.egg-info
[3.966s] running install_scripts
[3.998s] Installing imu_node script to /home/veadesh/Agnirath/Agnirath_LVS_Strategy/aarush_ros/install/imu_package/lib/imu_package
[3.998s] writing list of installed files to '/home/veadesh/Agnirath/Agnirath_LVS_Strategy/aarush_ros/build/imu_package/install.log'
[4.036s] Invoked command in '/home/veadesh/Agnirath/Agnirath_LVS_Strategy/aarush_ros/src/imu_package' returned '0': CONDA_PROMPT_MODIFIER=(base) PYTHONPATH=/home/veadesh/Agnirath/Agnirath_LVS_Strategy/aarush_ros/build/imu_package/prefix_override:/home/veadesh/Agnirath/Agnirath_LVS_Strategy/aarush_ros/install/imu_package/lib/python3.10/site-packages:${PYTHONPATH} /usr/bin/python3 setup.py egg_info --egg-base ../../build/imu_package build --build-base /home/veadesh/Agnirath/Agnirath_LVS_Strategy/aarush_ros/build/imu_package/build install --record /home/veadesh/Agnirath/Agnirath_LVS_Strategy/aarush_ros/build/imu_package/install.log --single-version-externally-managed
