[4.158s] Invoking command in '/home/jaay/Agnirath/Agnirath_LVS_Strategy/aarush_ros/src/daq_package': PYTHONPATH=/home/jaay/Agnirath/Agnirath_LVS_Strategy/aarush_ros/build/daq_package/prefix_override:/home/jaay/Agnirath/Agnirath_LVS_Strategy/aarush_ros/install/daq_package/lib/python3.10/site-packages:${PYTHONPATH} /usr/bin/python3 setup.py egg_info --egg-base ../../build/daq_package build --build-base /home/jaay/Agnirath/Agnirath_LVS_Strategy/aarush_ros/build/daq_package/build install --record /home/jaay/Agnirath/Agnirath_LVS_Strategy/aarush_ros/build/daq_package/install.log --single-version-externally-managed
[4.433s] running egg_info
[4.434s] writing ../../build/daq_package/daq_package.egg-info/PKG-INFO
[4.435s] writing dependency_links to ../../build/daq_package/daq_package.egg-info/dependency_links.txt
[4.435s] writing entry points to ../../build/daq_package/daq_package.egg-info/entry_points.txt
[4.435s] writing requirements to ../../build/daq_package/daq_package.egg-info/requires.txt
[4.435s] writing top-level names to ../../build/daq_package/daq_package.egg-info/top_level.txt
[4.441s] reading manifest file '../../build/daq_package/daq_package.egg-info/SOURCES.txt'
[4.442s] adding license file 'LICENSE'
[4.443s] writing manifest file '../../build/daq_package/daq_package.egg-info/SOURCES.txt'
[4.443s] running build
[4.443s] running build_py
[4.444s] copying daq_package/daq_nodeV2.py -> /home/jaay/Agnirath/Agnirath_LVS_Strategy/aarush_ros/build/daq_package/build/lib/daq_package
[4.444s] running install
[4.445s] /usr/lib/python3/dist-packages/setuptools/command/install.py:34: SetuptoolsDeprecationWarning: setup.py install is deprecated. Use build and pip and other standards-based tools.
[4.445s]   warnings.warn(
[4.445s] running install_lib
[4.446s] copying /home/jaay/Agnirath/Agnirath_LVS_Strategy/aarush_ros/build/daq_package/build/lib/daq_package/daq_nodeV2.py -> /home/jaay/Agnirath/Agnirath_LVS_Strategy/aarush_ros/install/daq_package/lib/python3.10/site-packages/daq_package
[4.447s] byte-compiling /home/jaay/Agnirath/Agnirath_LVS_Strategy/aarush_ros/install/daq_package/lib/python3.10/site-packages/daq_package/daq_nodeV2.py to daq_nodeV2.cpython-310.pyc
[4.490s] running install_data
[4.491s] running install_egg_info
[4.494s] removing '/home/jaay/Agnirath/Agnirath_LVS_Strategy/aarush_ros/install/daq_package/lib/python3.10/site-packages/daq_package-0.0.0-py3.10.egg-info' (and everything under it)
[4.494s] Copying ../../build/daq_package/daq_package.egg-info to /home/jaay/Agnirath/Agnirath_LVS_Strategy/aarush_ros/install/daq_package/lib/python3.10/site-packages/daq_package-0.0.0-py3.10.egg-info
[4.497s] running install_scripts
[4.515s] Installing daq_node script to /home/jaay/Agnirath/Agnirath_LVS_Strategy/aarush_ros/install/daq_package/lib/daq_package
[4.516s] writing list of installed files to '/home/jaay/Agnirath/Agnirath_LVS_Strategy/aarush_ros/build/daq_package/install.log'
[4.815s] Invoked command in '/home/jaay/Agnirath/Agnirath_LVS_Strategy/aarush_ros/src/daq_package' returned '0': PYTHONPATH=/home/jaay/Agnirath/Agnirath_LVS_Strategy/aarush_ros/build/daq_package/prefix_override:/home/jaay/Agnirath/Agnirath_LVS_Strategy/aarush_ros/install/daq_package/lib/python3.10/site-packages:${PYTHONPATH} /usr/bin/python3 setup.py egg_info --egg-base ../../build/daq_package build --build-base /home/jaay/Agnirath/Agnirath_LVS_Strategy/aarush_ros/build/daq_package/build install --record /home/jaay/Agnirath/Agnirath_LVS_Strategy/aarush_ros/build/daq_package/install.log --single-version-externally-managed
