[3.589s] Invoking command in '/home/jaay/Agnirath/Agnirath_LVS_Strategy/aarush_ros/src/rf_package': PYTHONPATH=/home/jaay/Agnirath/Agnirath_LVS_Strategy/aarush_ros/build/rf_package/prefix_override:/home/jaay/Agnirath/Agnirath_LVS_Strategy/aarush_ros/install/rf_package/lib/python3.10/site-packages:${PYTHONPATH} /usr/bin/python3 setup.py egg_info --egg-base ../../build/rf_package build --build-base /home/jaay/Agnirath/Agnirath_LVS_Strategy/aarush_ros/build/rf_package/build install --record /home/jaay/Agnirath/Agnirath_LVS_Strategy/aarush_ros/build/rf_package/install.log --single-version-externally-managed
[4.080s] running egg_info
[4.086s] writing ../../build/rf_package/rf_package.egg-info/PKG-INFO
[4.086s] writing dependency_links to ../../build/rf_package/rf_package.egg-info/dependency_links.txt
[4.086s] writing entry points to ../../build/rf_package/rf_package.egg-info/entry_points.txt
[4.087s] writing requirements to ../../build/rf_package/rf_package.egg-info/requires.txt
[4.087s] writing top-level names to ../../build/rf_package/rf_package.egg-info/top_level.txt
[4.087s] reading manifest file '../../build/rf_package/rf_package.egg-info/SOURCES.txt'
[4.087s] adding license file 'LICENSE'
[4.087s] writing manifest file '../../build/rf_package/rf_package.egg-info/SOURCES.txt'
[4.087s] running build
[4.087s] running build_py
[4.087s] running install
[4.087s] running install_lib
[4.090s] running install_data
[4.091s] running install_egg_info
[4.091s] removing '/home/jaay/Agnirath/Agnirath_LVS_Strategy/aarush_ros/install/rf_package/lib/python3.10/site-packages/rf_package-0.0.0-py3.10.egg-info' (and everything under it)
[4.091s] Copying ../../build/rf_package/rf_package.egg-info to /home/jaay/Agnirath/Agnirath_LVS_Strategy/aarush_ros/install/rf_package/lib/python3.10/site-packages/rf_package-0.0.0-py3.10.egg-info
[4.094s] running install_scripts
[4.117s] Installing rf_node script to /home/jaay/Agnirath/Agnirath_LVS_Strategy/aarush_ros/install/rf_package/lib/rf_package
[4.118s] writing list of installed files to '/home/jaay/Agnirath/Agnirath_LVS_Strategy/aarush_ros/build/rf_package/install.log'
[4.194s] Invoked command in '/home/jaay/Agnirath/Agnirath_LVS_Strategy/aarush_ros/src/rf_package' returned '0': PYTHONPATH=/home/jaay/Agnirath/Agnirath_LVS_Strategy/aarush_ros/build/rf_package/prefix_override:/home/jaay/Agnirath/Agnirath_LVS_Strategy/aarush_ros/install/rf_package/lib/python3.10/site-packages:${PYTHONPATH} /usr/bin/python3 setup.py egg_info --egg-base ../../build/rf_package build --build-base /home/jaay/Agnirath/Agnirath_LVS_Strategy/aarush_ros/build/rf_package/build install --record /home/jaay/Agnirath/Agnirath_LVS_Strategy/aarush_ros/build/rf_package/install.log --single-version-externally-managed
