running egg_info
writing ../../build/rf_package/rf_package.egg-info/PKG-INFO
writing dependency_links to ../../build/rf_package/rf_package.egg-info/dependency_links.txt
writing entry points to ../../build/rf_package/rf_package.egg-info/entry_points.txt
writing requirements to ../../build/rf_package/rf_package.egg-info/requires.txt
writing top-level names to ../../build/rf_package/rf_package.egg-info/top_level.txt
reading manifest file '../../build/rf_package/rf_package.egg-info/SOURCES.txt'
adding license file 'LICENSE'
writing manifest file '../../build/rf_package/rf_package.egg-info/SOURCES.txt'
running build
running build_py
copying rf_package/__init__.py -> /home/jaay/Agnirath/Agnirath_LVS_Strategy/aarush_ros/build/rf_package/build/lib/rf_package
copying rf_package/rf_node.py -> /home/jaay/Agnirath/Agnirath_LVS_Strategy/aarush_ros/build/rf_package/build/lib/rf_package
running install
running install_lib
copying /home/jaay/Agnirath/Agnirath_LVS_Strategy/aarush_ros/build/rf_package/build/lib/rf_package/__init__.py -> /home/jaay/Agnirath/Agnirath_LVS_Strategy/aarush_ros/install/rf_package/lib/python3.10/site-packages/rf_package
copying /home/jaay/Agnirath/Agnirath_LVS_Strategy/aarush_ros/build/rf_package/build/lib/rf_package/rf_node.py -> /home/jaay/Agnirath/Agnirath_LVS_Strategy/aarush_ros/install/rf_package/lib/python3.10/site-packages/rf_package
byte-compiling /home/jaay/Agnirath/Agnirath_LVS_Strategy/aarush_ros/install/rf_package/lib/python3.10/site-packages/rf_package/__init__.py to __init__.cpython-310.pyc
byte-compiling /home/jaay/Agnirath/Agnirath_LVS_Strategy/aarush_ros/install/rf_package/lib/python3.10/site-packages/rf_package/rf_node.py to rf_node.cpython-310.pyc
running install_data
copying resource/rf_package -> /home/jaay/Agnirath/Agnirath_LVS_Strategy/aarush_ros/install/rf_package/share/ament_index/resource_index/packages
copying package.xml -> /home/jaay/Agnirath/Agnirath_LVS_Strategy/aarush_ros/install/rf_package/share/rf_package
running install_egg_info
removing '/home/jaay/Agnirath/Agnirath_LVS_Strategy/aarush_ros/install/rf_package/lib/python3.10/site-packages/rf_package-0.0.0-py3.10.egg-info' (and everything under it)
Copying ../../build/rf_package/rf_package.egg-info to /home/jaay/Agnirath/Agnirath_LVS_Strategy/aarush_ros/install/rf_package/lib/python3.10/site-packages/rf_package-0.0.0-py3.10.egg-info
running install_scripts
Installing rf_node script to /home/jaay/Agnirath/Agnirath_LVS_Strategy/aarush_ros/install/rf_package/lib/rf_package
writing list of installed files to '/home/jaay/Agnirath/Agnirath_LVS_Strategy/aarush_ros/build/rf_package/install.log'
