[3.447s] Invoking command in '/home/jaay/Agnirath/Agnirath_LVS_Strategy/aarush_ros/src/rf_package': PYTHONPATH=/home/jaay/Agnirath/Agnirath_LVS_Strategy/aarush_ros/build/rf_package/prefix_override:/home/jaay/Agnirath/Agnirath_LVS_Strategy/aarush_ros/install/rf_package/lib/python3.10/site-packages:${PYTHONPATH} /usr/bin/python3 setup.py egg_info --egg-base ../../build/rf_package build --build-base /home/jaay/Agnirath/Agnirath_LVS_Strategy/aarush_ros/build/rf_package/build install --record /home/jaay/Agnirath/Agnirath_LVS_Strategy/aarush_ros/build/rf_package/install.log --single-version-externally-managed
[3.894s] running egg_info
[3.895s] writing ../../build/rf_package/rf_package.egg-info/PKG-INFO
[3.896s] writing dependency_links to ../../build/rf_package/rf_package.egg-info/dependency_links.txt
[3.896s] writing entry points to ../../build/rf_package/rf_package.egg-info/entry_points.txt
[3.896s] writing requirements to ../../build/rf_package/rf_package.egg-info/requires.txt
[3.896s] writing top-level names to ../../build/rf_package/rf_package.egg-info/top_level.txt
[3.899s] reading manifest file '../../build/rf_package/rf_package.egg-info/SOURCES.txt'
[3.899s] adding license file 'LICENSE'
[3.900s] writing manifest file '../../build/rf_package/rf_package.egg-info/SOURCES.txt'
[3.901s] running build
[3.901s] running build_py
[3.901s] copying rf_package/__init__.py -> /home/jaay/Agnirath/Agnirath_LVS_Strategy/aarush_ros/build/rf_package/build/lib/rf_package
[3.901s] copying rf_package/rf_node.py -> /home/jaay/Agnirath/Agnirath_LVS_Strategy/aarush_ros/build/rf_package/build/lib/rf_package
[3.901s] running install
[3.902s] running install_lib
[3.903s] copying /home/jaay/Agnirath/Agnirath_LVS_Strategy/aarush_ros/build/rf_package/build/lib/rf_package/__init__.py -> /home/jaay/Agnirath/Agnirath_LVS_Strategy/aarush_ros/install/rf_package/lib/python3.10/site-packages/rf_package
[3.903s] copying /home/jaay/Agnirath/Agnirath_LVS_Strategy/aarush_ros/build/rf_package/build/lib/rf_package/rf_node.py -> /home/jaay/Agnirath/Agnirath_LVS_Strategy/aarush_ros/install/rf_package/lib/python3.10/site-packages/rf_package
[3.904s] byte-compiling /home/jaay/Agnirath/Agnirath_LVS_Strategy/aarush_ros/install/rf_package/lib/python3.10/site-packages/rf_package/__init__.py to __init__.cpython-310.pyc
[3.904s] byte-compiling /home/jaay/Agnirath/Agnirath_LVS_Strategy/aarush_ros/install/rf_package/lib/python3.10/site-packages/rf_package/rf_node.py to rf_node.cpython-310.pyc
[3.904s] running install_data
[3.905s] copying resource/rf_package -> /home/jaay/Agnirath/Agnirath_LVS_Strategy/aarush_ros/install/rf_package/share/ament_index/resource_index/packages
[3.905s] copying package.xml -> /home/jaay/Agnirath/Agnirath_LVS_Strategy/aarush_ros/install/rf_package/share/rf_package
[3.905s] running install_egg_info
[3.908s] removing '/home/jaay/Agnirath/Agnirath_LVS_Strategy/aarush_ros/install/rf_package/lib/python3.10/site-packages/rf_package-0.0.0-py3.10.egg-info' (and everything under it)
[3.908s] Copying ../../build/rf_package/rf_package.egg-info to /home/jaay/Agnirath/Agnirath_LVS_Strategy/aarush_ros/install/rf_package/lib/python3.10/site-packages/rf_package-0.0.0-py3.10.egg-info
[3.909s] running install_scripts
[3.940s] Installing rf_node script to /home/jaay/Agnirath/Agnirath_LVS_Strategy/aarush_ros/install/rf_package/lib/rf_package
[3.940s] writing list of installed files to '/home/jaay/Agnirath/Agnirath_LVS_Strategy/aarush_ros/build/rf_package/install.log'
[4.008s] Invoked command in '/home/jaay/Agnirath/Agnirath_LVS_Strategy/aarush_ros/src/rf_package' returned '0': PYTHONPATH=/home/jaay/Agnirath/Agnirath_LVS_Strategy/aarush_ros/build/rf_package/prefix_override:/home/jaay/Agnirath/Agnirath_LVS_Strategy/aarush_ros/install/rf_package/lib/python3.10/site-packages:${PYTHONPATH} /usr/bin/python3 setup.py egg_info --egg-base ../../build/rf_package build --build-base /home/jaay/Agnirath/Agnirath_LVS_Strategy/aarush_ros/build/rf_package/build install --record /home/jaay/Agnirath/Agnirath_LVS_Strategy/aarush_ros/build/rf_package/install.log --single-version-externally-managed
