[3.729s] Invoking command in '/home/jaay/Agnirath/Agnirath_LVS_Strategy/aarush_ros/src/control_package': PYTHONPATH=/home/jaay/Agnirath/Agnirath_LVS_Strategy/aarush_ros/build/control_package/prefix_override:/home/jaay/Agnirath/Agnirath_LVS_Strategy/aarush_ros/install/control_package/lib/python3.10/site-packages:${PYTHONPATH} /usr/bin/python3 setup.py egg_info --egg-base ../../build/control_package build --build-base /home/jaay/Agnirath/Agnirath_LVS_Strategy/aarush_ros/build/control_package/build install --record /home/jaay/Agnirath/Agnirath_LVS_Strategy/aarush_ros/build/control_package/install.log --single-version-externally-managed
[4.107s] running egg_info
[4.108s] writing ../../build/control_package/control_package.egg-info/PKG-INFO
[4.108s] writing dependency_links to ../../build/control_package/control_package.egg-info/dependency_links.txt
[4.108s] writing entry points to ../../build/control_package/control_package.egg-info/entry_points.txt
[4.108s] writing requirements to ../../build/control_package/control_package.egg-info/requires.txt
[4.109s] writing top-level names to ../../build/control_package/control_package.egg-info/top_level.txt
[4.112s] reading manifest file '../../build/control_package/control_package.egg-info/SOURCES.txt'
[4.112s] adding license file 'LICENSE'
[4.113s] writing manifest file '../../build/control_package/control_package.egg-info/SOURCES.txt'
[4.113s] running build
[4.113s] running build_py
[4.113s] running install
[4.113s] /usr/lib/python3/dist-packages/setuptools/command/install.py:34: SetuptoolsDeprecationWarning: setup.py install is deprecated. Use build and pip and other standards-based tools.
[4.113s]   warnings.warn(
[4.114s] running install_lib
[4.115s] running install_data
[4.115s] running install_egg_info
[4.117s] removing '/home/jaay/Agnirath/Agnirath_LVS_Strategy/aarush_ros/install/control_package/lib/python3.10/site-packages/control_package-0.0.0-py3.10.egg-info' (and everything under it)
[4.117s] Copying ../../build/control_package/control_package.egg-info to /home/jaay/Agnirath/Agnirath_LVS_Strategy/aarush_ros/install/control_package/lib/python3.10/site-packages/control_package-0.0.0-py3.10.egg-info
[4.118s] running install_scripts
[4.141s] Installing control_node script to /home/jaay/Agnirath/Agnirath_LVS_Strategy/aarush_ros/install/control_package/lib/control_package
[4.142s] writing list of installed files to '/home/jaay/Agnirath/Agnirath_LVS_Strategy/aarush_ros/build/control_package/install.log'
[4.215s] Invoked command in '/home/jaay/Agnirath/Agnirath_LVS_Strategy/aarush_ros/src/control_package' returned '0': PYTHONPATH=/home/jaay/Agnirath/Agnirath_LVS_Strategy/aarush_ros/build/control_package/prefix_override:/home/jaay/Agnirath/Agnirath_LVS_Strategy/aarush_ros/install/control_package/lib/python3.10/site-packages:${PYTHONPATH} /usr/bin/python3 setup.py egg_info --egg-base ../../build/control_package build --build-base /home/jaay/Agnirath/Agnirath_LVS_Strategy/aarush_ros/build/control_package/build install --record /home/jaay/Agnirath/Agnirath_LVS_Strategy/aarush_ros/build/control_package/install.log --single-version-externally-managed
