[3.548s] Invoking command in '/home/jaay/Agnirath/Agnirath_LVS_Strategy/aarush_ros/src/display_package': PYTHONPATH=/home/jaay/Agnirath/Agnirath_LVS_Strategy/aarush_ros/build/display_package/prefix_override:/home/jaay/Agnirath/Agnirath_LVS_Strategy/aarush_ros/install/display_package/lib/python3.10/site-packages:${PYTHONPATH} /usr/bin/python3 setup.py egg_info --egg-base ../../build/display_package build --build-base /home/jaay/Agnirath/Agnirath_LVS_Strategy/aarush_ros/build/display_package/build install --record /home/jaay/Agnirath/Agnirath_LVS_Strategy/aarush_ros/build/display_package/install.log --single-version-externally-managed
[3.791s] running egg_info
[3.792s] writing ../../build/display_package/display_package.egg-info/PKG-INFO
[3.793s] writing dependency_links to ../../build/display_package/display_package.egg-info/dependency_links.txt
[3.793s] writing entry points to ../../build/display_package/display_package.egg-info/entry_points.txt
[3.793s] writing requirements to ../../build/display_package/display_package.egg-info/requires.txt
[3.793s] writing top-level names to ../../build/display_package/display_package.egg-info/top_level.txt
[3.796s] reading manifest file '../../build/display_package/display_package.egg-info/SOURCES.txt'
[3.796s] adding license file 'LICENSE'
[3.797s] writing manifest file '../../build/display_package/display_package.egg-info/SOURCES.txt'
[3.797s] running build
[3.797s] running build_py
[3.798s] running install
[3.798s] running install_lib
[3.800s] running install_data
[3.800s] running install_egg_info
[3.802s] removing '/home/jaay/Agnirath/Agnirath_LVS_Strategy/aarush_ros/install/display_package/lib/python3.10/site-packages/display_package-0.0.0-py3.10.egg-info' (and everything under it)
[3.802s] Copying ../../build/display_package/display_package.egg-info to /home/jaay/Agnirath/Agnirath_LVS_Strategy/aarush_ros/install/display_package/lib/python3.10/site-packages/display_package-0.0.0-py3.10.egg-info
[3.803s] running install_scripts
[3.828s] Installing display_node script to /home/jaay/Agnirath/Agnirath_LVS_Strategy/aarush_ros/install/display_package/lib/display_package
[3.829s] writing list of installed files to '/home/jaay/Agnirath/Agnirath_LVS_Strategy/aarush_ros/build/display_package/install.log'
[3.876s] Invoked command in '/home/jaay/Agnirath/Agnirath_LVS_Strategy/aarush_ros/src/display_package' returned '0': PYTHONPATH=/home/jaay/Agnirath/Agnirath_LVS_Strategy/aarush_ros/build/display_package/prefix_override:/home/jaay/Agnirath/Agnirath_LVS_Strategy/aarush_ros/install/display_package/lib/python3.10/site-packages:${PYTHONPATH} /usr/bin/python3 setup.py egg_info --egg-base ../../build/display_package build --build-base /home/jaay/Agnirath/Agnirath_LVS_Strategy/aarush_ros/build/display_package/build install --record /home/jaay/Agnirath/Agnirath_LVS_Strategy/aarush_ros/build/display_package/install.log --single-version-externally-managed
