[3.568s] Invoking command in '/home/jaay/Agnirath/Agnirath_LVS_Strategy/aarush_ros/src/logging_package': PYTHONPATH=/home/jaay/Agnirath/Agnirath_LVS_Strategy/aarush_ros/build/logging_package/prefix_override:/home/jaay/Agnirath/Agnirath_LVS_Strategy/aarush_ros/install/logging_package/lib/python3.10/site-packages:${PYTHONPATH} /usr/bin/python3 setup.py egg_info --egg-base ../../build/logging_package build --build-base /home/jaay/Agnirath/Agnirath_LVS_Strategy/aarush_ros/build/logging_package/build install --record /home/jaay/Agnirath/Agnirath_LVS_Strategy/aarush_ros/build/logging_package/install.log --single-version-externally-managed
[3.891s] running egg_info
[3.891s] writing ../../build/logging_package/logging_package.egg-info/PKG-INFO
[3.891s] writing dependency_links to ../../build/logging_package/logging_package.egg-info/dependency_links.txt
[3.892s] writing entry points to ../../build/logging_package/logging_package.egg-info/entry_points.txt
[3.892s] writing requirements to ../../build/logging_package/logging_package.egg-info/requires.txt
[3.892s] writing top-level names to ../../build/logging_package/logging_package.egg-info/top_level.txt
[3.894s] reading manifest file '../../build/logging_package/logging_package.egg-info/SOURCES.txt'
[3.894s] adding license file 'LICENSE'
[3.895s] writing manifest file '../../build/logging_package/logging_package.egg-info/SOURCES.txt'
[3.895s] running build
[3.896s] running build_py
[3.896s] running install
[3.896s] running install_lib
[3.897s] running install_data
[3.898s] running install_egg_info
[3.899s] removing '/home/jaay/Agnirath/Agnirath_LVS_Strategy/aarush_ros/install/logging_package/lib/python3.10/site-packages/logging_package-0.0.0-py3.10.egg-info' (and everything under it)
[3.900s] Copying ../../build/logging_package/logging_package.egg-info to /home/jaay/Agnirath/Agnirath_LVS_Strategy/aarush_ros/install/logging_package/lib/python3.10/site-packages/logging_package-0.0.0-py3.10.egg-info
[3.901s] running install_scripts
[3.923s] Installing logging_node script to /home/jaay/Agnirath/Agnirath_LVS_Strategy/aarush_ros/install/logging_package/lib/logging_package
[3.923s] writing list of installed files to '/home/jaay/Agnirath/Agnirath_LVS_Strategy/aarush_ros/build/logging_package/install.log'
[3.973s] Invoked command in '/home/jaay/Agnirath/Agnirath_LVS_Strategy/aarush_ros/src/logging_package' returned '0': PYTHONPATH=/home/jaay/Agnirath/Agnirath_LVS_Strategy/aarush_ros/build/logging_package/prefix_override:/home/jaay/Agnirath/Agnirath_LVS_Strategy/aarush_ros/install/logging_package/lib/python3.10/site-packages:${PYTHONPATH} /usr/bin/python3 setup.py egg_info --egg-base ../../build/logging_package build --build-base /home/jaay/Agnirath/Agnirath_LVS_Strategy/aarush_ros/build/logging_package/build install --record /home/jaay/Agnirath/Agnirath_LVS_Strategy/aarush_ros/build/logging_package/install.log --single-version-externally-managed
