[2.391s] Invoking command in '/home/ubuntu/Old_LV/aarush_ros/src/main_package': PYTHONPATH=/home/ubuntu/Old_LV/aarush_ros/build/main_package/prefix_override:/home/ubuntu/Old_LV/aarush_ros/install/main_package/lib/python3.10/site-packages:${PYTHONPATH} /usr/bin/python3 setup.py egg_info --egg-base ../../build/main_package build --build-base /home/ubuntu/Old_LV/aarush_ros/build/main_package/build install --record /home/ubuntu/Old_LV/aarush_ros/build/main_package/install.log --single-version-externally-managed
[3.348s] running egg_info
[3.351s] writing ../../build/main_package/main_package.egg-info/PKG-INFO
[3.352s] writing dependency_links to ../../build/main_package/main_package.egg-info/dependency_links.txt
[3.354s] writing entry points to ../../build/main_package/main_package.egg-info/entry_points.txt
[3.354s] writing requirements to ../../build/main_package/main_package.egg-info/requires.txt
[3.355s] writing top-level names to ../../build/main_package/main_package.egg-info/top_level.txt
[3.363s] reading manifest file '../../build/main_package/main_package.egg-info/SOURCES.txt'
[3.364s] adding license file 'LICENSE'
[3.367s] writing manifest file '../../build/main_package/main_package.egg-info/SOURCES.txt'
[3.368s] running build
[3.369s] running build_py
[3.369s] copying main_package/main_node.py -> /home/ubuntu/Old_LV/aarush_ros/build/main_package/build/lib/main_package
[3.371s] running install
[3.375s] /usr/lib/python3/dist-packages/setuptools/command/install.py:34: SetuptoolsDeprecationWarning: setup.py install is deprecated. Use build and pip and other standards-based tools.
[3.375s]   warnings.warn(
[3.376s] running install_lib
[3.376s] copying /home/ubuntu/Old_LV/aarush_ros/build/main_package/build/lib/main_package/main_node.py -> /home/ubuntu/Old_LV/aarush_ros/install/main_package/lib/python3.10/site-packages/main_package
[3.378s] byte-compiling /home/ubuntu/Old_LV/aarush_ros/install/main_package/lib/python3.10/site-packages/main_package/main_node.py to main_node.cpython-310.pyc
[3.388s] running install_data
[3.391s] running install_egg_info
[3.397s] removing '/home/ubuntu/Old_LV/aarush_ros/install/main_package/lib/python3.10/site-packages/main_package-0.0.0-py3.10.egg-info' (and everything under it)
[3.398s] Copying ../../build/main_package/main_package.egg-info to /home/ubuntu/Old_LV/aarush_ros/install/main_package/lib/python3.10/site-packages/main_package-0.0.0-py3.10.egg-info
[3.401s] running install_scripts
[3.483s] Installing main_node script to /home/ubuntu/Old_LV/aarush_ros/install/main_package/lib/main_package
[3.484s] writing list of installed files to '/home/ubuntu/Old_LV/aarush_ros/build/main_package/install.log'
[3.611s] Invoked command in '/home/ubuntu/Old_LV/aarush_ros/src/main_package' returned '0': PYTHONPATH=/home/ubuntu/Old_LV/aarush_ros/build/main_package/prefix_override:/home/ubuntu/Old_LV/aarush_ros/install/main_package/lib/python3.10/site-packages:${PYTHONPATH} /usr/bin/python3 setup.py egg_info --egg-base ../../build/main_package build --build-base /home/ubuntu/Old_LV/aarush_ros/build/main_package/build install --record /home/ubuntu/Old_LV/aarush_ros/build/main_package/install.log --single-version-externally-managed
