[0.728s] Invoking command in '/home/jaay/repositories/Agnirath_LVS_Strategy/aarush_ros/src/main_package': PYTHONPATH=/home/jaay/repositories/Agnirath_LVS_Strategy/aarush_ros/build/main_package/prefix_override:/home/jaay/repositories/Agnirath_LVS_Strategy/aarush_ros/install/main_package/lib/python3.10/site-packages:${PYTHONPATH} /usr/bin/python3 setup.py egg_info --egg-base ../../build/main_package build --build-base /home/jaay/repositories/Agnirath_LVS_Strategy/aarush_ros/build/main_package/build install --record /home/jaay/repositories/Agnirath_LVS_Strategy/aarush_ros/build/main_package/install.log --single-version-externally-managed
[0.920s] running egg_info
[0.920s] writing ../../build/main_package/main_package.egg-info/PKG-INFO
[0.920s] writing dependency_links to ../../build/main_package/main_package.egg-info/dependency_links.txt
[0.921s] writing entry points to ../../build/main_package/main_package.egg-info/entry_points.txt
[0.921s] writing requirements to ../../build/main_package/main_package.egg-info/requires.txt
[0.921s] writing top-level names to ../../build/main_package/main_package.egg-info/top_level.txt
[0.922s] reading manifest file '../../build/main_package/main_package.egg-info/SOURCES.txt'
[0.922s] adding license file 'LICENSE'
[0.922s] writing manifest file '../../build/main_package/main_package.egg-info/SOURCES.txt'
[0.922s] running build
[0.922s] running build_py
[0.923s] running install
[0.923s] running install_lib
[0.923s] running install_data
[0.924s] running install_egg_info
[0.925s] removing '/home/jaay/repositories/Agnirath_LVS_Strategy/aarush_ros/install/main_package/lib/python3.10/site-packages/main_package-0.0.0-py3.10.egg-info' (and everything under it)
[0.925s] Copying ../../build/main_package/main_package.egg-info to /home/jaay/repositories/Agnirath_LVS_Strategy/aarush_ros/install/main_package/lib/python3.10/site-packages/main_package-0.0.0-py3.10.egg-info
[0.925s] running install_scripts
[0.938s] Installing main_node script to /home/jaay/repositories/Agnirath_LVS_Strategy/aarush_ros/install/main_package/lib/main_package
[0.938s] writing list of installed files to '/home/jaay/repositories/Agnirath_LVS_Strategy/aarush_ros/build/main_package/install.log'
[0.958s] Invoked command in '/home/jaay/repositories/Agnirath_LVS_Strategy/aarush_ros/src/main_package' returned '0': PYTHONPATH=/home/jaay/repositories/Agnirath_LVS_Strategy/aarush_ros/build/main_package/prefix_override:/home/jaay/repositories/Agnirath_LVS_Strategy/aarush_ros/install/main_package/lib/python3.10/site-packages:${PYTHONPATH} /usr/bin/python3 setup.py egg_info --egg-base ../../build/main_package build --build-base /home/jaay/repositories/Agnirath_LVS_Strategy/aarush_ros/build/main_package/build install --record /home/jaay/repositories/Agnirath_LVS_Strategy/aarush_ros/build/main_package/install.log --single-version-externally-managed
