[2.711s] Invoking command in '/home/jaay/Agnirath/Agnirath_LVS_Strategy/aarush_ros/src/control_package': PYTHONPATH=/home/jaay/Agnirath/Agnirath_LVS_Strategy/aarush_ros/build/control_package/prefix_override:/home/jaay/Agnirath/Agnirath_LVS_Strategy/aarush_ros/install/control_package/lib/python3.10/site-packages:${PYTHONPATH} /usr/bin/python3 setup.py egg_info --egg-base ../../build/control_package build --build-base /home/jaay/Agnirath/Agnirath_LVS_Strategy/aarush_ros/build/control_package/build install --record /home/jaay/Agnirath/Agnirath_LVS_Strategy/aarush_ros/build/control_package/install.log --single-version-externally-managed
[2.993s] running egg_info
[2.994s] writing ../../build/control_package/control_package.egg-info/PKG-INFO
[2.995s] writing dependency_links to ../../build/control_package/control_package.egg-info/dependency_links.txt
[2.995s] writing entry points to ../../build/control_package/control_package.egg-info/entry_points.txt
[2.995s] writing requirements to ../../build/control_package/control_package.egg-info/requires.txt
[2.995s] writing top-level names to ../../build/control_package/control_package.egg-info/top_level.txt
[2.997s] reading manifest file '../../build/control_package/control_package.egg-info/SOURCES.txt'
[2.997s] adding license file 'LICENSE'
[2.998s] writing manifest file '../../build/control_package/control_package.egg-info/SOURCES.txt'
[2.998s] running build
[2.998s] running build_py
[2.998s] copying control_package/control_node.py -> /home/jaay/Agnirath/Agnirath_LVS_Strategy/aarush_ros/build/control_package/build/lib/control_package
[2.999s] running install
[2.999s] running install_lib
[3.000s] copying /home/jaay/Agnirath/Agnirath_LVS_Strategy/aarush_ros/build/control_package/build/lib/control_package/control_node.py -> /home/jaay/Agnirath/Agnirath_LVS_Strategy/aarush_ros/install/control_package/lib/python3.10/site-packages/control_package
[3.000s] byte-compiling /home/jaay/Agnirath/Agnirath_LVS_Strategy/aarush_ros/install/control_package/lib/python3.10/site-packages/control_package/control_node.py to control_node.cpython-310.pyc
[3.001s] running install_data
[3.002s] running install_egg_info
[3.003s] removing '/home/jaay/Agnirath/Agnirath_LVS_Strategy/aarush_ros/install/control_package/lib/python3.10/site-packages/control_package-0.0.0-py3.10.egg-info' (and everything under it)
[3.004s] Copying ../../build/control_package/control_package.egg-info to /home/jaay/Agnirath/Agnirath_LVS_Strategy/aarush_ros/install/control_package/lib/python3.10/site-packages/control_package-0.0.0-py3.10.egg-info
[3.005s] running install_scripts
[3.023s] Installing control_node script to /home/jaay/Agnirath/Agnirath_LVS_Strategy/aarush_ros/install/control_package/lib/control_package
[3.023s] writing list of installed files to '/home/jaay/Agnirath/Agnirath_LVS_Strategy/aarush_ros/build/control_package/install.log'
[3.100s] Invoked command in '/home/jaay/Agnirath/Agnirath_LVS_Strategy/aarush_ros/src/control_package' returned '0': PYTHONPATH=/home/jaay/Agnirath/Agnirath_LVS_Strategy/aarush_ros/build/control_package/prefix_override:/home/jaay/Agnirath/Agnirath_LVS_Strategy/aarush_ros/install/control_package/lib/python3.10/site-packages:${PYTHONPATH} /usr/bin/python3 setup.py egg_info --egg-base ../../build/control_package build --build-base /home/jaay/Agnirath/Agnirath_LVS_Strategy/aarush_ros/build/control_package/build install --record /home/jaay/Agnirath/Agnirath_LVS_Strategy/aarush_ros/build/control_package/install.log --single-version-externally-managed
