[3.689s] Invoking command in '/home/jaay/Agnirath/Agnirath_LVS_Strategy/aarush_ros/src/rf_package': PYTHONPATH=/home/jaay/Agnirath/Agnirath_LVS_Strategy/aarush_ros/build/rf_package/prefix_override:/home/jaay/Agnirath/Agnirath_LVS_Strategy/aarush_ros/install/rf_package/lib/python3.10/site-packages:${PYTHONPATH} /usr/bin/python3 setup.py egg_info --egg-base ../../build/rf_package build --build-base /home/jaay/Agnirath/Agnirath_LVS_Strategy/aarush_ros/build/rf_package/build install --record /home/jaay/Agnirath/Agnirath_LVS_Strategy/aarush_ros/build/rf_package/install.log --single-version-externally-managed
[4.135s] running egg_info
[4.135s] writing ../../build/rf_package/rf_package.egg-info/PKG-INFO
[4.135s] writing dependency_links to ../../build/rf_package/rf_package.egg-info/dependency_links.txt
[4.135s] writing entry points to ../../build/rf_package/rf_package.egg-info/entry_points.txt
[4.135s] writing requirements to ../../build/rf_package/rf_package.egg-info/requires.txt
[4.135s] writing top-level names to ../../build/rf_package/rf_package.egg-info/top_level.txt
[4.139s] reading manifest file '../../build/rf_package/rf_package.egg-info/SOURCES.txt'
[4.139s] adding license file 'LICENSE'
[4.140s] writing manifest file '../../build/rf_package/rf_package.egg-info/SOURCES.txt'
[4.140s] running build
[4.140s] running build_py
[4.140s] running install
[4.143s] /usr/lib/python3/dist-packages/setuptools/command/install.py:34: SetuptoolsDeprecationWarning: setup.py install is deprecated. Use build and pip and other standards-based tools.
[4.143s]   warnings.warn(
[4.143s] running install_lib
[4.143s] running install_data
[4.143s] running install_egg_info
[4.144s] removing '/home/jaay/Agnirath/Agnirath_LVS_Strategy/aarush_ros/install/rf_package/lib/python3.10/site-packages/rf_package-0.0.0-py3.10.egg-info' (and everything under it)
[4.144s] Copying ../../build/rf_package/rf_package.egg-info to /home/jaay/Agnirath/Agnirath_LVS_Strategy/aarush_ros/install/rf_package/lib/python3.10/site-packages/rf_package-0.0.0-py3.10.egg-info
[4.148s] running install_scripts
[4.165s] Installing rf_node script to /home/jaay/Agnirath/Agnirath_LVS_Strategy/aarush_ros/install/rf_package/lib/rf_package
[4.166s] writing list of installed files to '/home/jaay/Agnirath/Agnirath_LVS_Strategy/aarush_ros/build/rf_package/install.log'
[4.220s] Invoked command in '/home/jaay/Agnirath/Agnirath_LVS_Strategy/aarush_ros/src/rf_package' returned '0': PYTHONPATH=/home/jaay/Agnirath/Agnirath_LVS_Strategy/aarush_ros/build/rf_package/prefix_override:/home/jaay/Agnirath/Agnirath_LVS_Strategy/aarush_ros/install/rf_package/lib/python3.10/site-packages:${PYTHONPATH} /usr/bin/python3 setup.py egg_info --egg-base ../../build/rf_package build --build-base /home/jaay/Agnirath/Agnirath_LVS_Strategy/aarush_ros/build/rf_package/build install --record /home/jaay/Agnirath/Agnirath_LVS_Strategy/aarush_ros/build/rf_package/install.log --single-version-externally-managed
