[2.583s] Invoking command in '/home/ubuntu/Old_LV/aarush_ros/src/gps_package': PYTHONPATH=/home/ubuntu/Old_LV/aarush_ros/build/gps_package/prefix_override:/home/ubuntu/Old_LV/aarush_ros/install/gps_package/lib/python3.10/site-packages:${PYTHONPATH} /usr/bin/python3 setup.py egg_info --egg-base ../../build/gps_package build --build-base /home/ubuntu/Old_LV/aarush_ros/build/gps_package/build install --record /home/ubuntu/Old_LV/aarush_ros/build/gps_package/install.log --single-version-externally-managed
[3.627s] running egg_info
[3.631s] writing ../../build/gps_package/gps_package.egg-info/PKG-INFO
[3.633s] writing dependency_links to ../../build/gps_package/gps_package.egg-info/dependency_links.txt
[3.635s] writing entry points to ../../build/gps_package/gps_package.egg-info/entry_points.txt
[3.637s] writing requirements to ../../build/gps_package/gps_package.egg-info/requires.txt
[3.638s] writing top-level names to ../../build/gps_package/gps_package.egg-info/top_level.txt
[3.648s] reading manifest file '../../build/gps_package/gps_package.egg-info/SOURCES.txt'
[3.650s] adding license file 'LICENSE'
[3.653s] writing manifest file '../../build/gps_package/gps_package.egg-info/SOURCES.txt'
[3.655s] running build
[3.656s] running build_py
[3.658s] running install
[3.659s] /usr/lib/python3/dist-packages/setuptools/command/install.py:34: SetuptoolsDeprecationWarning: setup.py install is deprecated. Use build and pip and other standards-based tools.
[3.660s]   warnings.warn(
[3.662s] running install_lib
[3.668s] running install_data
[3.671s] running install_egg_info
[3.678s] removing '/home/ubuntu/Old_LV/aarush_ros/install/gps_package/lib/python3.10/site-packages/gps_package-0.0.0-py3.10.egg-info' (and everything under it)
[3.680s] Copying ../../build/gps_package/gps_package.egg-info to /home/ubuntu/Old_LV/aarush_ros/install/gps_package/lib/python3.10/site-packages/gps_package-0.0.0-py3.10.egg-info
[3.686s] running install_scripts
[3.774s] Installing gps_node script to /home/ubuntu/Old_LV/aarush_ros/install/gps_package/lib/gps_package
[3.776s] writing list of installed files to '/home/ubuntu/Old_LV/aarush_ros/build/gps_package/install.log'
[3.935s] Invoked command in '/home/ubuntu/Old_LV/aarush_ros/src/gps_package' returned '0': PYTHONPATH=/home/ubuntu/Old_LV/aarush_ros/build/gps_package/prefix_override:/home/ubuntu/Old_LV/aarush_ros/install/gps_package/lib/python3.10/site-packages:${PYTHONPATH} /usr/bin/python3 setup.py egg_info --egg-base ../../build/gps_package build --build-base /home/ubuntu/Old_LV/aarush_ros/build/gps_package/build install --record /home/ubuntu/Old_LV/aarush_ros/build/gps_package/install.log --single-version-externally-managed
