[2.652s] Invoking command in '/home/ubuntu/Agnirath_LVS_Strategy/aarush_ros/src/imu_package': PYTHONPATH=/home/ubuntu/Agnirath_LVS_Strategy/aarush_ros/build/imu_package/prefix_override:/home/ubuntu/Agnirath_LVS_Strategy/aarush_ros/install/imu_package/lib/python3.10/site-packages:${PYTHONPATH} /usr/bin/python3 setup.py egg_info --egg-base ../../build/imu_package build --build-base /home/ubuntu/Agnirath_LVS_Strategy/aarush_ros/build/imu_package/build install --record /home/ubuntu/Agnirath_LVS_Strategy/aarush_ros/build/imu_package/install.log --single-version-externally-managed
[3.693s] running egg_info
[3.696s] writing ../../build/imu_package/imu_package.egg-info/PKG-INFO
[3.697s] writing dependency_links to ../../build/imu_package/imu_package.egg-info/dependency_links.txt
[3.698s] writing entry points to ../../build/imu_package/imu_package.egg-info/entry_points.txt
[3.699s] writing requirements to ../../build/imu_package/imu_package.egg-info/requires.txt
[3.699s] writing top-level names to ../../build/imu_package/imu_package.egg-info/top_level.txt
[3.708s] reading manifest file '../../build/imu_package/imu_package.egg-info/SOURCES.txt'
[3.708s] adding license file 'LICENSE'
[3.711s] writing manifest file '../../build/imu_package/imu_package.egg-info/SOURCES.txt'
[3.712s] running build
[3.712s] running build_py
[3.713s] running install
[3.714s] /usr/lib/python3/dist-packages/setuptools/command/install.py:34: SetuptoolsDeprecationWarning: setup.py install is deprecated. Use build and pip and other standards-based tools.
[3.714s]   warnings.warn(
[3.715s] running install_lib
[3.720s] running install_data
[3.722s] running install_egg_info
[3.729s] removing '/home/ubuntu/Agnirath_LVS_Strategy/aarush_ros/install/imu_package/lib/python3.10/site-packages/imu_package-0.0.0-py3.10.egg-info' (and everything under it)
[3.730s] Copying ../../build/imu_package/imu_package.egg-info to /home/ubuntu/Agnirath_LVS_Strategy/aarush_ros/install/imu_package/lib/python3.10/site-packages/imu_package-0.0.0-py3.10.egg-info
[3.734s] running install_scripts
[3.815s] Installing imu_node script to /home/ubuntu/Agnirath_LVS_Strategy/aarush_ros/install/imu_package/lib/imu_package
[3.817s] writing list of installed files to '/home/ubuntu/Agnirath_LVS_Strategy/aarush_ros/build/imu_package/install.log'
[4.131s] Invoked command in '/home/ubuntu/Agnirath_LVS_Strategy/aarush_ros/src/imu_package' returned '0': PYTHONPATH=/home/ubuntu/Agnirath_LVS_Strategy/aarush_ros/build/imu_package/prefix_override:/home/ubuntu/Agnirath_LVS_Strategy/aarush_ros/install/imu_package/lib/python3.10/site-packages:${PYTHONPATH} /usr/bin/python3 setup.py egg_info --egg-base ../../build/imu_package build --build-base /home/ubuntu/Agnirath_LVS_Strategy/aarush_ros/build/imu_package/build install --record /home/ubuntu/Agnirath_LVS_Strategy/aarush_ros/build/imu_package/install.log --single-version-externally-managed
