[3.822s] Invoking command in '/home/jaay/Agnirath/Agnirath_LVS_Strategy/aarush_ros/src/serial_package': PYTHONPATH=/home/jaay/Agnirath/Agnirath_LVS_Strategy/aarush_ros/build/serial_package/prefix_override:/home/jaay/Agnirath/Agnirath_LVS_Strategy/aarush_ros/install/serial_package/lib/python3.10/site-packages:${PYTHONPATH} /usr/bin/python3 setup.py egg_info --egg-base ../../build/serial_package build --build-base /home/jaay/Agnirath/Agnirath_LVS_Strategy/aarush_ros/build/serial_package/build install --record /home/jaay/Agnirath/Agnirath_LVS_Strategy/aarush_ros/build/serial_package/install.log --single-version-externally-managed
[4.163s] running egg_info
[4.163s] writing ../../build/serial_package/serial_package.egg-info/PKG-INFO
[4.163s] writing dependency_links to ../../build/serial_package/serial_package.egg-info/dependency_links.txt
[4.164s] writing entry points to ../../build/serial_package/serial_package.egg-info/entry_points.txt
[4.164s] writing requirements to ../../build/serial_package/serial_package.egg-info/requires.txt
[4.164s] writing top-level names to ../../build/serial_package/serial_package.egg-info/top_level.txt
[4.166s] reading manifest file '../../build/serial_package/serial_package.egg-info/SOURCES.txt'
[4.167s] adding license file 'LICENSE'
[4.167s] writing manifest file '../../build/serial_package/serial_package.egg-info/SOURCES.txt'
[4.167s] running build
[4.168s] running build_py
[4.168s] copying serial_package/serial_node.py -> /home/jaay/Agnirath/Agnirath_LVS_Strategy/aarush_ros/build/serial_package/build/lib/serial_package
[4.168s] running install
[4.168s] /usr/lib/python3/dist-packages/setuptools/command/install.py:34: SetuptoolsDeprecationWarning: setup.py install is deprecated. Use build and pip and other standards-based tools.
[4.168s]   warnings.warn(
[4.169s] running install_lib
[4.170s] copying /home/jaay/Agnirath/Agnirath_LVS_Strategy/aarush_ros/build/serial_package/build/lib/serial_package/serial_node.py -> /home/jaay/Agnirath/Agnirath_LVS_Strategy/aarush_ros/install/serial_package/lib/python3.10/site-packages/serial_package
[4.170s] byte-compiling /home/jaay/Agnirath/Agnirath_LVS_Strategy/aarush_ros/install/serial_package/lib/python3.10/site-packages/serial_package/serial_node.py to serial_node.cpython-310.pyc
[4.171s] running install_data
[4.172s] running install_egg_info
[4.174s] removing '/home/jaay/Agnirath/Agnirath_LVS_Strategy/aarush_ros/install/serial_package/lib/python3.10/site-packages/serial_package-0.0.0-py3.10.egg-info' (and everything under it)
[4.174s] Copying ../../build/serial_package/serial_package.egg-info to /home/jaay/Agnirath/Agnirath_LVS_Strategy/aarush_ros/install/serial_package/lib/python3.10/site-packages/serial_package-0.0.0-py3.10.egg-info
[4.175s] running install_scripts
[4.199s] Installing serial_node script to /home/jaay/Agnirath/Agnirath_LVS_Strategy/aarush_ros/install/serial_package/lib/serial_package
[4.201s] writing list of installed files to '/home/jaay/Agnirath/Agnirath_LVS_Strategy/aarush_ros/build/serial_package/install.log'
[4.256s] Invoked command in '/home/jaay/Agnirath/Agnirath_LVS_Strategy/aarush_ros/src/serial_package' returned '0': PYTHONPATH=/home/jaay/Agnirath/Agnirath_LVS_Strategy/aarush_ros/build/serial_package/prefix_override:/home/jaay/Agnirath/Agnirath_LVS_Strategy/aarush_ros/install/serial_package/lib/python3.10/site-packages:${PYTHONPATH} /usr/bin/python3 setup.py egg_info --egg-base ../../build/serial_package build --build-base /home/jaay/Agnirath/Agnirath_LVS_Strategy/aarush_ros/build/serial_package/build install --record /home/jaay/Agnirath/Agnirath_LVS_Strategy/aarush_ros/build/serial_package/install.log --single-version-externally-managed
