[3.409s] Invoking command in '/home/ubuntu/Agnirath_LVS_Strategy/aarush_ros/src/mppt_package': PYTHONPATH=/home/ubuntu/Agnirath_LVS_Strategy/aarush_ros/build/mppt_package/prefix_override:/home/ubuntu/Agnirath_LVS_Strategy/aarush_ros/install/mppt_package/lib/python3.10/site-packages:${PYTHONPATH} /usr/bin/python3 setup.py egg_info --egg-base ../../build/mppt_package build --build-base /home/ubuntu/Agnirath_LVS_Strategy/aarush_ros/build/mppt_package/build install --record /home/ubuntu/Agnirath_LVS_Strategy/aarush_ros/build/mppt_package/install.log --single-version-externally-managed
[4.409s] running egg_info
[4.412s] writing ../../build/mppt_package/mppt_package.egg-info/PKG-INFO
[4.413s] writing dependency_links to ../../build/mppt_package/mppt_package.egg-info/dependency_links.txt
[4.414s] writing entry points to ../../build/mppt_package/mppt_package.egg-info/entry_points.txt
[4.415s] writing requirements to ../../build/mppt_package/mppt_package.egg-info/requires.txt
[4.415s] writing top-level names to ../../build/mppt_package/mppt_package.egg-info/top_level.txt
[4.423s] reading manifest file '../../build/mppt_package/mppt_package.egg-info/SOURCES.txt'
[4.423s] adding license file 'LICENSE'
[4.426s] writing manifest file '../../build/mppt_package/mppt_package.egg-info/SOURCES.txt'
[4.427s] running build
[4.428s] running build_py
[4.428s] running install
[4.429s] /usr/lib/python3/dist-packages/setuptools/command/install.py:34: SetuptoolsDeprecationWarning: setup.py install is deprecated. Use build and pip and other standards-based tools.
[4.429s]   warnings.warn(
[4.430s] running install_lib
[4.435s] running install_data
[4.437s] running install_egg_info
[4.443s] removing '/home/ubuntu/Agnirath_LVS_Strategy/aarush_ros/install/mppt_package/lib/python3.10/site-packages/mppt_package-0.0.0-py3.10.egg-info' (and everything under it)
[4.444s] Copying ../../build/mppt_package/mppt_package.egg-info to /home/ubuntu/Agnirath_LVS_Strategy/aarush_ros/install/mppt_package/lib/python3.10/site-packages/mppt_package-0.0.0-py3.10.egg-info
[4.448s] running install_scripts
[4.532s] Installing mppt_node script to /home/ubuntu/Agnirath_LVS_Strategy/aarush_ros/install/mppt_package/lib/mppt_package
[4.533s] writing list of installed files to '/home/ubuntu/Agnirath_LVS_Strategy/aarush_ros/build/mppt_package/install.log'
[4.679s] Invoked command in '/home/ubuntu/Agnirath_LVS_Strategy/aarush_ros/src/mppt_package' returned '0': PYTHONPATH=/home/ubuntu/Agnirath_LVS_Strategy/aarush_ros/build/mppt_package/prefix_override:/home/ubuntu/Agnirath_LVS_Strategy/aarush_ros/install/mppt_package/lib/python3.10/site-packages:${PYTHONPATH} /usr/bin/python3 setup.py egg_info --egg-base ../../build/mppt_package build --build-base /home/ubuntu/Agnirath_LVS_Strategy/aarush_ros/build/mppt_package/build install --record /home/ubuntu/Agnirath_LVS_Strategy/aarush_ros/build/mppt_package/install.log --single-version-externally-managed
