[3.307s] Invoking command in '/home/ubuntu/Old_LV/aarush_ros/src/rf_package': PYTHONPATH=/home/ubuntu/Old_LV/aarush_ros/build/rf_package/prefix_override:/home/ubuntu/Old_LV/aarush_ros/install/rf_package/lib/python3.10/site-packages:${PYTHONPATH} /usr/bin/python3 setup.py egg_info --egg-base ../../build/rf_package build --build-base /home/ubuntu/Old_LV/aarush_ros/build/rf_package/build install --record /home/ubuntu/Old_LV/aarush_ros/build/rf_package/install.log --single-version-externally-managed
[4.305s] running egg_info
[4.309s] writing ../../build/rf_package/rf_package.egg-info/PKG-INFO
[4.310s] writing dependency_links to ../../build/rf_package/rf_package.egg-info/dependency_links.txt
[4.311s] writing entry points to ../../build/rf_package/rf_package.egg-info/entry_points.txt
[4.312s] writing requirements to ../../build/rf_package/rf_package.egg-info/requires.txt
[4.312s] writing top-level names to ../../build/rf_package/rf_package.egg-info/top_level.txt
[4.322s] reading manifest file '../../build/rf_package/rf_package.egg-info/SOURCES.txt'
[4.323s] adding license file 'LICENSE'
[4.326s] writing manifest file '../../build/rf_package/rf_package.egg-info/SOURCES.txt'
[4.327s] running build
[4.327s] running build_py
[4.328s] running install
[4.329s] /usr/lib/python3/dist-packages/setuptools/command/install.py:34: SetuptoolsDeprecationWarning: setup.py install is deprecated. Use build and pip and other standards-based tools.
[4.329s]   warnings.warn(
[4.330s] running install_lib
[4.335s] running install_data
[4.338s] running install_egg_info
[4.346s] removing '/home/ubuntu/Old_LV/aarush_ros/install/rf_package/lib/python3.10/site-packages/rf_package-0.0.0-py3.10.egg-info' (and everything under it)
[4.347s] Copying ../../build/rf_package/rf_package.egg-info to /home/ubuntu/Old_LV/aarush_ros/install/rf_package/lib/python3.10/site-packages/rf_package-0.0.0-py3.10.egg-info
[4.352s] running install_scripts
[4.443s] Installing rf_node script to /home/ubuntu/Old_LV/aarush_ros/install/rf_package/lib/rf_package
[4.445s] writing list of installed files to '/home/ubuntu/Old_LV/aarush_ros/build/rf_package/install.log'
[4.603s] Invoked command in '/home/ubuntu/Old_LV/aarush_ros/src/rf_package' returned '0': PYTHONPATH=/home/ubuntu/Old_LV/aarush_ros/build/rf_package/prefix_override:/home/ubuntu/Old_LV/aarush_ros/install/rf_package/lib/python3.10/site-packages:${PYTHONPATH} /usr/bin/python3 setup.py egg_info --egg-base ../../build/rf_package build --build-base /home/ubuntu/Old_LV/aarush_ros/build/rf_package/build install --record /home/ubuntu/Old_LV/aarush_ros/build/rf_package/install.log --single-version-externally-managed
