[4.292s] Invoking command in '/home/jaay/Agnirath/Agnirath_LVS_Strategy/aarush_ros/src/display_package': PYTHONPATH=/home/jaay/Agnirath/Agnirath_LVS_Strategy/aarush_ros/build/display_package/prefix_override:/home/jaay/Agnirath/Agnirath_LVS_Strategy/aarush_ros/install/display_package/lib/python3.10/site-packages:${PYTHONPATH} /usr/bin/python3 setup.py egg_info --egg-base ../../build/display_package build --build-base /home/jaay/Agnirath/Agnirath_LVS_Strategy/aarush_ros/build/display_package/build install --record /home/jaay/Agnirath/Agnirath_LVS_Strategy/aarush_ros/build/display_package/install.log --single-version-externally-managed
[4.605s] running egg_info
[4.606s] writing ../../build/display_package/display_package.egg-info/PKG-INFO
[4.606s] writing dependency_links to ../../build/display_package/display_package.egg-info/dependency_links.txt
[4.607s] writing entry points to ../../build/display_package/display_package.egg-info/entry_points.txt
[4.607s] writing requirements to ../../build/display_package/display_package.egg-info/requires.txt
[4.607s] writing top-level names to ../../build/display_package/display_package.egg-info/top_level.txt
[4.609s] reading manifest file '../../build/display_package/display_package.egg-info/SOURCES.txt'
[4.609s] adding license file 'LICENSE'
[4.609s] writing manifest file '../../build/display_package/display_package.egg-info/SOURCES.txt'
[4.610s] running build
[4.610s] running build_py
[4.610s] copying display_package/display_node_V2.py -> /home/jaay/Agnirath/Agnirath_LVS_Strategy/aarush_ros/build/display_package/build/lib/display_package
[4.610s] copying display_package/display_node.py -> /home/jaay/Agnirath/Agnirath_LVS_Strategy/aarush_ros/build/display_package/build/lib/display_package
[4.610s] copying display_package/display_node_V1.py -> /home/jaay/Agnirath/Agnirath_LVS_Strategy/aarush_ros/build/display_package/build/lib/display_package
[4.610s] running install
[4.610s] /usr/lib/python3/dist-packages/setuptools/command/install.py:34: SetuptoolsDeprecationWarning: setup.py install is deprecated. Use build and pip and other standards-based tools.
[4.611s]   warnings.warn(
[4.611s] running install_lib
[4.611s] copying /home/jaay/Agnirath/Agnirath_LVS_Strategy/aarush_ros/build/display_package/build/lib/display_package/display_node_V2.py -> /home/jaay/Agnirath/Agnirath_LVS_Strategy/aarush_ros/install/display_package/lib/python3.10/site-packages/display_package
[4.611s] copying /home/jaay/Agnirath/Agnirath_LVS_Strategy/aarush_ros/build/display_package/build/lib/display_package/display_node.py -> /home/jaay/Agnirath/Agnirath_LVS_Strategy/aarush_ros/install/display_package/lib/python3.10/site-packages/display_package
[4.613s] copying /home/jaay/Agnirath/Agnirath_LVS_Strategy/aarush_ros/build/display_package/build/lib/display_package/display_node_V1.py -> /home/jaay/Agnirath/Agnirath_LVS_Strategy/aarush_ros/install/display_package/lib/python3.10/site-packages/display_package
[4.613s] byte-compiling /home/jaay/Agnirath/Agnirath_LVS_Strategy/aarush_ros/install/display_package/lib/python3.10/site-packages/display_package/display_node_V2.py to display_node_V2.cpython-310.pyc
[4.635s] byte-compiling /home/jaay/Agnirath/Agnirath_LVS_Strategy/aarush_ros/install/display_package/lib/python3.10/site-packages/display_package/display_node.py to display_node.cpython-310.pyc
[4.645s] byte-compiling /home/jaay/Agnirath/Agnirath_LVS_Strategy/aarush_ros/install/display_package/lib/python3.10/site-packages/display_package/display_node_V1.py to display_node_V1.cpython-310.pyc
[4.663s] running install_data
[4.664s] running install_egg_info
[4.666s] removing '/home/jaay/Agnirath/Agnirath_LVS_Strategy/aarush_ros/install/display_package/lib/python3.10/site-packages/display_package-0.0.0-py3.10.egg-info' (and everything under it)
[4.667s] Copying ../../build/display_package/display_package.egg-info to /home/jaay/Agnirath/Agnirath_LVS_Strategy/aarush_ros/install/display_package/lib/python3.10/site-packages/display_package-0.0.0-py3.10.egg-info
[4.667s] running install_scripts
[4.688s] Installing display_node script to /home/jaay/Agnirath/Agnirath_LVS_Strategy/aarush_ros/install/display_package/lib/display_package
[4.688s] writing list of installed files to '/home/jaay/Agnirath/Agnirath_LVS_Strategy/aarush_ros/build/display_package/install.log'
[4.940s] Invoked command in '/home/jaay/Agnirath/Agnirath_LVS_Strategy/aarush_ros/src/display_package' returned '0': PYTHONPATH=/home/jaay/Agnirath/Agnirath_LVS_Strategy/aarush_ros/build/display_package/prefix_override:/home/jaay/Agnirath/Agnirath_LVS_Strategy/aarush_ros/install/display_package/lib/python3.10/site-packages:${PYTHONPATH} /usr/bin/python3 setup.py egg_info --egg-base ../../build/display_package build --build-base /home/jaay/Agnirath/Agnirath_LVS_Strategy/aarush_ros/build/display_package/build install --record /home/jaay/Agnirath/Agnirath_LVS_Strategy/aarush_ros/build/display_package/install.log --single-version-externally-managed
