[4.571s] Invoking command in '/home/ubuntu/Old_LV/aarush_ros/src/rf_package': PYTHONPATH=/home/ubuntu/Old_LV/aarush_ros/build/rf_package/prefix_override:/home/ubuntu/Old_LV/aarush_ros/install/rf_package/lib/python3.10/site-packages:${PYTHONPATH} /usr/bin/python3 setup.py egg_info --egg-base ../../build/rf_package build --build-base /home/ubuntu/Old_LV/aarush_ros/build/rf_package/build install --record /home/ubuntu/Old_LV/aarush_ros/build/rf_package/install.log --single-version-externally-managed
[5.904s] running egg_info
[5.908s] writing ../../build/rf_package/rf_package.egg-info/PKG-INFO
[5.911s] writing dependency_links to ../../build/rf_package/rf_package.egg-info/dependency_links.txt
[5.913s] writing entry points to ../../build/rf_package/rf_package.egg-info/entry_points.txt
[5.915s] writing requirements to ../../build/rf_package/rf_package.egg-info/requires.txt
[5.916s] writing top-level names to ../../build/rf_package/rf_package.egg-info/top_level.txt
[5.926s] reading manifest file '../../build/rf_package/rf_package.egg-info/SOURCES.txt'
[5.928s] adding license file 'LICENSE'
[5.932s] writing manifest file '../../build/rf_package/rf_package.egg-info/SOURCES.txt'
[5.933s] running build
[5.934s] running build_py
[5.940s] running install
[5.942s] /usr/lib/python3/dist-packages/setuptools/command/install.py:34: SetuptoolsDeprecationWarning: setup.py install is deprecated. Use build and pip and other standards-based tools.
[5.942s]   warnings.warn(
[5.945s] running install_lib
[5.951s] running install_data
[5.954s] running install_egg_info
[5.962s] removing '/home/ubuntu/Old_LV/aarush_ros/install/rf_package/lib/python3.10/site-packages/rf_package-0.0.0-py3.10.egg-info' (and everything under it)
[5.964s] Copying ../../build/rf_package/rf_package.egg-info to /home/ubuntu/Old_LV/aarush_ros/install/rf_package/lib/python3.10/site-packages/rf_package-0.0.0-py3.10.egg-info
[5.971s] running install_scripts
[6.086s] Installing rf_node script to /home/ubuntu/Old_LV/aarush_ros/install/rf_package/lib/rf_package
[6.088s] writing list of installed files to '/home/ubuntu/Old_LV/aarush_ros/build/rf_package/install.log'
[6.266s] Invoked command in '/home/ubuntu/Old_LV/aarush_ros/src/rf_package' returned '0': PYTHONPATH=/home/ubuntu/Old_LV/aarush_ros/build/rf_package/prefix_override:/home/ubuntu/Old_LV/aarush_ros/install/rf_package/lib/python3.10/site-packages:${PYTHONPATH} /usr/bin/python3 setup.py egg_info --egg-base ../../build/rf_package build --build-base /home/ubuntu/Old_LV/aarush_ros/build/rf_package/build install --record /home/ubuntu/Old_LV/aarush_ros/build/rf_package/install.log --single-version-externally-managed
