[3.405s] Invoking command in '/home/ubuntu/Agnirath_LVS_Strategy/aarush_ros/src/my_package': PYTHONPATH=/home/ubuntu/Agnirath_LVS_Strategy/aarush_ros/build/my_package/prefix_override:/home/ubuntu/Agnirath_LVS_Strategy/aarush_ros/install/my_package/lib/python3.10/site-packages:${PYTHONPATH} /usr/bin/python3 setup.py egg_info --egg-base ../../build/my_package build --build-base /home/ubuntu/Agnirath_LVS_Strategy/aarush_ros/build/my_package/build install --record /home/ubuntu/Agnirath_LVS_Strategy/aarush_ros/build/my_package/install.log --single-version-externally-managed
[4.438s] running egg_info
[4.444s] writing ../../build/my_package/my_package.egg-info/PKG-INFO
[4.447s] writing dependency_links to ../../build/my_package/my_package.egg-info/dependency_links.txt
[4.448s] writing entry points to ../../build/my_package/my_package.egg-info/entry_points.txt
[4.451s] writing requirements to ../../build/my_package/my_package.egg-info/requires.txt
[4.453s] writing top-level names to ../../build/my_package/my_package.egg-info/top_level.txt
[4.468s] reading manifest file '../../build/my_package/my_package.egg-info/SOURCES.txt'
[4.470s] adding license file 'LICENSE'
[4.475s] writing manifest file '../../build/my_package/my_package.egg-info/SOURCES.txt'
[4.477s] running build
[4.477s] running build_py
[4.479s] running install
[4.481s] /usr/lib/python3/dist-packages/setuptools/command/install.py:34: SetuptoolsDeprecationWarning: setup.py install is deprecated. Use build and pip and other standards-based tools.
[4.481s]   warnings.warn(
[4.483s] running install_lib
[4.490s] running install_data
[4.494s] running install_egg_info
[4.501s] removing '/home/ubuntu/Agnirath_LVS_Strategy/aarush_ros/install/my_package/lib/python3.10/site-packages/my_package-0.0.0-py3.10.egg-info' (and everything under it)
[4.503s] Copying ../../build/my_package/my_package.egg-info to /home/ubuntu/Agnirath_LVS_Strategy/aarush_ros/install/my_package/lib/python3.10/site-packages/my_package-0.0.0-py3.10.egg-info
[4.509s] running install_scripts
[4.603s] Installing my_node script to /home/ubuntu/Agnirath_LVS_Strategy/aarush_ros/install/my_package/lib/my_package
[4.607s] writing list of installed files to '/home/ubuntu/Agnirath_LVS_Strategy/aarush_ros/build/my_package/install.log'
[4.805s] Invoked command in '/home/ubuntu/Agnirath_LVS_Strategy/aarush_ros/src/my_package' returned '0': PYTHONPATH=/home/ubuntu/Agnirath_LVS_Strategy/aarush_ros/build/my_package/prefix_override:/home/ubuntu/Agnirath_LVS_Strategy/aarush_ros/install/my_package/lib/python3.10/site-packages:${PYTHONPATH} /usr/bin/python3 setup.py egg_info --egg-base ../../build/my_package build --build-base /home/ubuntu/Agnirath_LVS_Strategy/aarush_ros/build/my_package/build install --record /home/ubuntu/Agnirath_LVS_Strategy/aarush_ros/build/my_package/install.log --single-version-externally-managed
