[3.448s] Invoking command in '/home/ubuntu/Agnirath_LVS_Strategy/aarush_ros/src/gps_package': PYTHONPATH=/home/ubuntu/Agnirath_LVS_Strategy/aarush_ros/build/gps_package/prefix_override:/home/ubuntu/Agnirath_LVS_Strategy/aarush_ros/install/gps_package/lib/python3.10/site-packages:${PYTHONPATH} /usr/bin/python3 setup.py egg_info --egg-base ../../build/gps_package build --build-base /home/ubuntu/Agnirath_LVS_Strategy/aarush_ros/build/gps_package/build install --record /home/ubuntu/Agnirath_LVS_Strategy/aarush_ros/build/gps_package/install.log --single-version-externally-managed
[4.492s] running egg_info
[4.495s] writing ../../build/gps_package/gps_package.egg-info/PKG-INFO
[4.496s] writing dependency_links to ../../build/gps_package/gps_package.egg-info/dependency_links.txt
[4.497s] writing entry points to ../../build/gps_package/gps_package.egg-info/entry_points.txt
[4.499s] writing requirements to ../../build/gps_package/gps_package.egg-info/requires.txt
[4.499s] writing top-level names to ../../build/gps_package/gps_package.egg-info/top_level.txt
[4.509s] reading manifest file '../../build/gps_package/gps_package.egg-info/SOURCES.txt'
[4.511s] adding license file 'LICENSE'
[4.514s] writing manifest file '../../build/gps_package/gps_package.egg-info/SOURCES.txt'
[4.515s] running build
[4.515s] running build_py
[4.517s] running install
[4.518s] /usr/lib/python3/dist-packages/setuptools/command/install.py:34: SetuptoolsDeprecationWarning: setup.py install is deprecated. Use build and pip and other standards-based tools.
[4.518s]   warnings.warn(
[4.520s] running install_lib
[4.525s] running install_data
[4.528s] running install_egg_info
[4.536s] removing '/home/ubuntu/Agnirath_LVS_Strategy/aarush_ros/install/gps_package/lib/python3.10/site-packages/gps_package-0.0.0-py3.10.egg-info' (and everything under it)
[4.537s] Copying ../../build/gps_package/gps_package.egg-info to /home/ubuntu/Agnirath_LVS_Strategy/aarush_ros/install/gps_package/lib/python3.10/site-packages/gps_package-0.0.0-py3.10.egg-info
[4.541s] running install_scripts
[4.630s] Installing gps_node script to /home/ubuntu/Agnirath_LVS_Strategy/aarush_ros/install/gps_package/lib/gps_package
[4.631s] writing list of installed files to '/home/ubuntu/Agnirath_LVS_Strategy/aarush_ros/build/gps_package/install.log'
[4.794s] Invoked command in '/home/ubuntu/Agnirath_LVS_Strategy/aarush_ros/src/gps_package' returned '0': PYTHONPATH=/home/ubuntu/Agnirath_LVS_Strategy/aarush_ros/build/gps_package/prefix_override:/home/ubuntu/Agnirath_LVS_Strategy/aarush_ros/install/gps_package/lib/python3.10/site-packages:${PYTHONPATH} /usr/bin/python3 setup.py egg_info --egg-base ../../build/gps_package build --build-base /home/ubuntu/Agnirath_LVS_Strategy/aarush_ros/build/gps_package/build install --record /home/ubuntu/Agnirath_LVS_Strategy/aarush_ros/build/gps_package/install.log --single-version-externally-managed
