[2.133s] Invoking command in '/home/ubuntu/Agnirath_LVS_Strategy/aarush_ros/src/my_package': PYTHONPATH=/home/ubuntu/Agnirath_LVS_Strategy/aarush_ros/build/my_package/prefix_override:/home/ubuntu/Agnirath_LVS_Strategy/aarush_ros/install/my_package/lib/python3.10/site-packages:${PYTHONPATH} /usr/bin/python3 setup.py egg_info --egg-base ../../build/my_package build --build-base /home/ubuntu/Agnirath_LVS_Strategy/aarush_ros/build/my_package/build install --record /home/ubuntu/Agnirath_LVS_Strategy/aarush_ros/build/my_package/install.log --single-version-externally-managed
[2.985s] running egg_info
[2.988s] creating ../../build/my_package/my_package.egg-info
[2.988s] writing ../../build/my_package/my_package.egg-info/PKG-INFO
[2.989s] writing dependency_links to ../../build/my_package/my_package.egg-info/dependency_links.txt
[2.990s] writing entry points to ../../build/my_package/my_package.egg-info/entry_points.txt
[2.991s] writing requirements to ../../build/my_package/my_package.egg-info/requires.txt
[2.991s] writing top-level names to ../../build/my_package/my_package.egg-info/top_level.txt
[2.992s] writing manifest file '../../build/my_package/my_package.egg-info/SOURCES.txt'
[2.999s] reading manifest file '../../build/my_package/my_package.egg-info/SOURCES.txt'
[2.999s] adding license file 'LICENSE'
[3.002s] writing manifest file '../../build/my_package/my_package.egg-info/SOURCES.txt'
[3.003s] running build
[3.003s] running build_py
[3.004s] creating /home/ubuntu/Agnirath_LVS_Strategy/aarush_ros/build/my_package/build
[3.005s] creating /home/ubuntu/Agnirath_LVS_Strategy/aarush_ros/build/my_package/build/lib
[3.005s] creating /home/ubuntu/Agnirath_LVS_Strategy/aarush_ros/build/my_package/build/lib/my_package
[3.006s] copying my_package/__init__.py -> /home/ubuntu/Agnirath_LVS_Strategy/aarush_ros/build/my_package/build/lib/my_package
[3.006s] copying my_package/my_node.py -> /home/ubuntu/Agnirath_LVS_Strategy/aarush_ros/build/my_package/build/lib/my_package
[3.006s] running install
[3.007s] /usr/lib/python3/dist-packages/setuptools/command/install.py:34: SetuptoolsDeprecationWarning: setup.py install is deprecated. Use build and pip and other standards-based tools.
[3.007s]   warnings.warn(
[3.008s] running install_lib
[3.010s] creating /home/ubuntu/Agnirath_LVS_Strategy/aarush_ros/install/my_package/lib/python3.10/site-packages/my_package
[3.011s] copying /home/ubuntu/Agnirath_LVS_Strategy/aarush_ros/build/my_package/build/lib/my_package/__init__.py -> /home/ubuntu/Agnirath_LVS_Strategy/aarush_ros/install/my_package/lib/python3.10/site-packages/my_package
[3.011s] copying /home/ubuntu/Agnirath_LVS_Strategy/aarush_ros/build/my_package/build/lib/my_package/my_node.py -> /home/ubuntu/Agnirath_LVS_Strategy/aarush_ros/install/my_package/lib/python3.10/site-packages/my_package
[3.013s] byte-compiling /home/ubuntu/Agnirath_LVS_Strategy/aarush_ros/install/my_package/lib/python3.10/site-packages/my_package/__init__.py to __init__.cpython-310.pyc
[3.014s] byte-compiling /home/ubuntu/Agnirath_LVS_Strategy/aarush_ros/install/my_package/lib/python3.10/site-packages/my_package/my_node.py to my_node.cpython-310.pyc
[3.015s] running install_data
[3.017s] creating /home/ubuntu/Agnirath_LVS_Strategy/aarush_ros/install/my_package/share/ament_index
[3.018s] creating /home/ubuntu/Agnirath_LVS_Strategy/aarush_ros/install/my_package/share/ament_index/resource_index
[3.018s] creating /home/ubuntu/Agnirath_LVS_Strategy/aarush_ros/install/my_package/share/ament_index/resource_index/packages
[3.019s] copying resource/my_package -> /home/ubuntu/Agnirath_LVS_Strategy/aarush_ros/install/my_package/share/ament_index/resource_index/packages
[3.019s] copying package.xml -> /home/ubuntu/Agnirath_LVS_Strategy/aarush_ros/install/my_package/share/my_package
[3.020s] running install_egg_info
[3.025s] Copying ../../build/my_package/my_package.egg-info to /home/ubuntu/Agnirath_LVS_Strategy/aarush_ros/install/my_package/lib/python3.10/site-packages/my_package-0.0.0-py3.10.egg-info
[3.028s] running install_scripts
[3.102s] Installing my_node script to /home/ubuntu/Agnirath_LVS_Strategy/aarush_ros/install/my_package/lib/my_package
[3.103s] writing list of installed files to '/home/ubuntu/Agnirath_LVS_Strategy/aarush_ros/build/my_package/install.log'
[3.224s] Invoked command in '/home/ubuntu/Agnirath_LVS_Strategy/aarush_ros/src/my_package' returned '0': PYTHONPATH=/home/ubuntu/Agnirath_LVS_Strategy/aarush_ros/build/my_package/prefix_override:/home/ubuntu/Agnirath_LVS_Strategy/aarush_ros/install/my_package/lib/python3.10/site-packages:${PYTHONPATH} /usr/bin/python3 setup.py egg_info --egg-base ../../build/my_package build --build-base /home/ubuntu/Agnirath_LVS_Strategy/aarush_ros/build/my_package/build install --record /home/ubuntu/Agnirath_LVS_Strategy/aarush_ros/build/my_package/install.log --single-version-externally-managed
