[3.965s] Invoking command in '/home/jaay/Agnirath/Agnirath_LVS_Strategy/aarush_ros/src/serial_package': PYTHONPATH=/home/jaay/Agnirath/Agnirath_LVS_Strategy/aarush_ros/build/serial_package/prefix_override:/home/jaay/Agnirath/Agnirath_LVS_Strategy/aarush_ros/install/serial_package/lib/python3.10/site-packages:${PYTHONPATH} /usr/bin/python3 setup.py egg_info --egg-base ../../build/serial_package build --build-base /home/jaay/Agnirath/Agnirath_LVS_Strategy/aarush_ros/build/serial_package/build install --record /home/jaay/Agnirath/Agnirath_LVS_Strategy/aarush_ros/build/serial_package/install.log --single-version-externally-managed
[4.276s] running egg_info
[4.277s] writing ../../build/serial_package/serial_package.egg-info/PKG-INFO
[4.277s] writing dependency_links to ../../build/serial_package/serial_package.egg-info/dependency_links.txt
[4.278s] writing entry points to ../../build/serial_package/serial_package.egg-info/entry_points.txt
[4.278s] writing requirements to ../../build/serial_package/serial_package.egg-info/requires.txt
[4.279s] writing top-level names to ../../build/serial_package/serial_package.egg-info/top_level.txt
[4.280s] reading manifest file '../../build/serial_package/serial_package.egg-info/SOURCES.txt'
[4.281s] adding license file 'LICENSE'
[4.281s] writing manifest file '../../build/serial_package/serial_package.egg-info/SOURCES.txt'
[4.281s] running build
[4.282s] running build_py
[4.282s] running install
[4.282s] /usr/lib/python3/dist-packages/setuptools/command/install.py:34: SetuptoolsDeprecationWarning: setup.py install is deprecated. Use build and pip and other standards-based tools.
[4.282s]   warnings.warn(
[4.282s] running install_lib
[4.283s] running install_data
[4.284s] running install_egg_info
[4.286s] removing '/home/jaay/Agnirath/Agnirath_LVS_Strategy/aarush_ros/install/serial_package/lib/python3.10/site-packages/serial_package-0.0.0-py3.10.egg-info' (and everything under it)
[4.286s] Copying ../../build/serial_package/serial_package.egg-info to /home/jaay/Agnirath/Agnirath_LVS_Strategy/aarush_ros/install/serial_package/lib/python3.10/site-packages/serial_package-0.0.0-py3.10.egg-info
[4.287s] running install_scripts
[4.314s] Installing serial_node script to /home/jaay/Agnirath/Agnirath_LVS_Strategy/aarush_ros/install/serial_package/lib/serial_package
[4.315s] writing list of installed files to '/home/jaay/Agnirath/Agnirath_LVS_Strategy/aarush_ros/build/serial_package/install.log'
[4.514s] Invoked command in '/home/jaay/Agnirath/Agnirath_LVS_Strategy/aarush_ros/src/serial_package' returned '0': PYTHONPATH=/home/jaay/Agnirath/Agnirath_LVS_Strategy/aarush_ros/build/serial_package/prefix_override:/home/jaay/Agnirath/Agnirath_LVS_Strategy/aarush_ros/install/serial_package/lib/python3.10/site-packages:${PYTHONPATH} /usr/bin/python3 setup.py egg_info --egg-base ../../build/serial_package build --build-base /home/jaay/Agnirath/Agnirath_LVS_Strategy/aarush_ros/build/serial_package/build install --record /home/jaay/Agnirath/Agnirath_LVS_Strategy/aarush_ros/build/serial_package/install.log --single-version-externally-managed
