[3.280s] Invoking command in '/home/veadesh/Agnirath/Agnirath_LVS_Strategy/aarush_ros/src/logging_package': CONDA_PROMPT_MODIFIER=(base) PYTHONPATH=/home/veadesh/Agnirath/Agnirath_LVS_Strategy/aarush_ros/build/logging_package/prefix_override:/home/veadesh/Agnirath/Agnirath_LVS_Strategy/aarush_ros/install/logging_package/lib/python3.10/site-packages:${PYTHONPATH} /usr/bin/python3 setup.py egg_info --egg-base ../../build/logging_package build --build-base /home/veadesh/Agnirath/Agnirath_LVS_Strategy/aarush_ros/build/logging_package/build install --record /home/veadesh/Agnirath/Agnirath_LVS_Strategy/aarush_ros/build/logging_package/install.log --single-version-externally-managed
[3.546s] running egg_info
[3.547s] writing ../../build/logging_package/logging_package.egg-info/PKG-INFO
[3.548s] writing dependency_links to ../../build/logging_package/logging_package.egg-info/dependency_links.txt
[3.548s] writing entry points to ../../build/logging_package/logging_package.egg-info/entry_points.txt
[3.548s] writing requirements to ../../build/logging_package/logging_package.egg-info/requires.txt
[3.548s] writing top-level names to ../../build/logging_package/logging_package.egg-info/top_level.txt
[3.551s] reading manifest file '../../build/logging_package/logging_package.egg-info/SOURCES.txt'
[3.551s] adding license file 'LICENSE'
[3.552s] writing manifest file '../../build/logging_package/logging_package.egg-info/SOURCES.txt'
[3.552s] running build
[3.552s] running build_py
[3.552s] running install
[3.552s] /usr/lib/python3/dist-packages/setuptools/command/install.py:34: SetuptoolsDeprecationWarning: setup.py install is deprecated. Use build and pip and other standards-based tools.
[3.553s]   warnings.warn(
[3.553s] running install_lib
[3.555s] running install_data
[3.555s] running install_egg_info
[3.557s] removing '/home/veadesh/Agnirath/Agnirath_LVS_Strategy/aarush_ros/install/logging_package/lib/python3.10/site-packages/logging_package-0.0.0-py3.10.egg-info' (and everything under it)
[3.558s] Copying ../../build/logging_package/logging_package.egg-info to /home/veadesh/Agnirath/Agnirath_LVS_Strategy/aarush_ros/install/logging_package/lib/python3.10/site-packages/logging_package-0.0.0-py3.10.egg-info
[3.559s] running install_scripts
[3.583s] Installing logging_node script to /home/veadesh/Agnirath/Agnirath_LVS_Strategy/aarush_ros/install/logging_package/lib/logging_package
[3.584s] writing list of installed files to '/home/veadesh/Agnirath/Agnirath_LVS_Strategy/aarush_ros/build/logging_package/install.log'
[3.625s] Invoked command in '/home/veadesh/Agnirath/Agnirath_LVS_Strategy/aarush_ros/src/logging_package' returned '0': CONDA_PROMPT_MODIFIER=(base) PYTHONPATH=/home/veadesh/Agnirath/Agnirath_LVS_Strategy/aarush_ros/build/logging_package/prefix_override:/home/veadesh/Agnirath/Agnirath_LVS_Strategy/aarush_ros/install/logging_package/lib/python3.10/site-packages:${PYTHONPATH} /usr/bin/python3 setup.py egg_info --egg-base ../../build/logging_package build --build-base /home/veadesh/Agnirath/Agnirath_LVS_Strategy/aarush_ros/build/logging_package/build install --record /home/veadesh/Agnirath/Agnirath_LVS_Strategy/aarush_ros/build/logging_package/install.log --single-version-externally-managed
