[3.813s] Invoking command in '/home/jaay/Agnirath/Agnirath_LVS_Strategy/aarush_ros/src/display_package': PYTHONPATH=/home/jaay/Agnirath/Agnirath_LVS_Strategy/aarush_ros/build/display_package/prefix_override:/home/jaay/Agnirath/Agnirath_LVS_Strategy/aarush_ros/install/display_package/lib/python3.10/site-packages:${PYTHONPATH} /usr/bin/python3 setup.py egg_info --egg-base ../../build/display_package build --build-base /home/jaay/Agnirath/Agnirath_LVS_Strategy/aarush_ros/build/display_package/build install --record /home/jaay/Agnirath/Agnirath_LVS_Strategy/aarush_ros/build/display_package/install.log --single-version-externally-managed
[4.084s] running egg_info
[4.084s] writing ../../build/display_package/display_package.egg-info/PKG-INFO
[4.085s] writing dependency_links to ../../build/display_package/display_package.egg-info/dependency_links.txt
[4.085s] writing entry points to ../../build/display_package/display_package.egg-info/entry_points.txt
[4.085s] writing requirements to ../../build/display_package/display_package.egg-info/requires.txt
[4.085s] writing top-level names to ../../build/display_package/display_package.egg-info/top_level.txt
[4.088s] reading manifest file '../../build/display_package/display_package.egg-info/SOURCES.txt'
[4.088s] adding license file 'LICENSE'
[4.089s] writing manifest file '../../build/display_package/display_package.egg-info/SOURCES.txt'
[4.089s] running build
[4.089s] running build_py
[4.089s] running install
[4.090s] running install_lib
[4.091s] running install_data
[4.092s] running install_egg_info
[4.094s] removing '/home/jaay/Agnirath/Agnirath_LVS_Strategy/aarush_ros/install/display_package/lib/python3.10/site-packages/display_package-0.0.0-py3.10.egg-info' (and everything under it)
[4.094s] Copying ../../build/display_package/display_package.egg-info to /home/jaay/Agnirath/Agnirath_LVS_Strategy/aarush_ros/install/display_package/lib/python3.10/site-packages/display_package-0.0.0-py3.10.egg-info
[4.095s] running install_scripts
[4.117s] Installing display_node script to /home/jaay/Agnirath/Agnirath_LVS_Strategy/aarush_ros/install/display_package/lib/display_package
[4.117s] writing list of installed files to '/home/jaay/Agnirath/Agnirath_LVS_Strategy/aarush_ros/build/display_package/install.log'
[4.196s] Invoked command in '/home/jaay/Agnirath/Agnirath_LVS_Strategy/aarush_ros/src/display_package' returned '0': PYTHONPATH=/home/jaay/Agnirath/Agnirath_LVS_Strategy/aarush_ros/build/display_package/prefix_override:/home/jaay/Agnirath/Agnirath_LVS_Strategy/aarush_ros/install/display_package/lib/python3.10/site-packages:${PYTHONPATH} /usr/bin/python3 setup.py egg_info --egg-base ../../build/display_package build --build-base /home/jaay/Agnirath/Agnirath_LVS_Strategy/aarush_ros/build/display_package/build install --record /home/jaay/Agnirath/Agnirath_LVS_Strategy/aarush_ros/build/display_package/install.log --single-version-externally-managed
