[0.640s] Invoking command in '/home/jaay/Agnirath/Agnirath_LVS_Strategy/aarush_ros/src/can_package': PYTHONPATH=/home/jaay/Agnirath/Agnirath_LVS_Strategy/aarush_ros/build/can_package/prefix_override:/home/jaay/Agnirath/Agnirath_LVS_Strategy/aarush_ros/install/can_package/lib/python3.10/site-packages:${PYTHONPATH} /usr/bin/python3 setup.py egg_info --egg-base ../../build/can_package build --build-base /home/jaay/Agnirath/Agnirath_LVS_Strategy/aarush_ros/build/can_package/build install --record /home/jaay/Agnirath/Agnirath_LVS_Strategy/aarush_ros/build/can_package/install.log --single-version-externally-managed
[0.857s] running egg_info
[0.857s] creating ../../build/can_package/can_package.egg-info
[0.857s] writing ../../build/can_package/can_package.egg-info/PKG-INFO
[0.857s] writing dependency_links to ../../build/can_package/can_package.egg-info/dependency_links.txt
[0.857s] writing entry points to ../../build/can_package/can_package.egg-info/entry_points.txt
[0.857s] writing requirements to ../../build/can_package/can_package.egg-info/requires.txt
[0.857s] writing top-level names to ../../build/can_package/can_package.egg-info/top_level.txt
[0.858s] writing manifest file '../../build/can_package/can_package.egg-info/SOURCES.txt'
[0.859s] reading manifest file '../../build/can_package/can_package.egg-info/SOURCES.txt'
[0.859s] adding license file 'LICENSE'
[0.860s] writing manifest file '../../build/can_package/can_package.egg-info/SOURCES.txt'
[0.860s] running build
[0.860s] running build_py
[0.860s] creating /home/jaay/Agnirath/Agnirath_LVS_Strategy/aarush_ros/build/can_package/build
[0.860s] creating /home/jaay/Agnirath/Agnirath_LVS_Strategy/aarush_ros/build/can_package/build/lib
[0.860s] creating /home/jaay/Agnirath/Agnirath_LVS_Strategy/aarush_ros/build/can_package/build/lib/can_package
[0.860s] copying can_package/__init__.py -> /home/jaay/Agnirath/Agnirath_LVS_Strategy/aarush_ros/build/can_package/build/lib/can_package
[0.860s] copying can_package/can_node.py -> /home/jaay/Agnirath/Agnirath_LVS_Strategy/aarush_ros/build/can_package/build/lib/can_package
[0.860s] copying can_package/can_node_sim.py -> /home/jaay/Agnirath/Agnirath_LVS_Strategy/aarush_ros/build/can_package/build/lib/can_package
[0.860s] running install
[0.861s] running install_lib
[0.861s] creating /home/jaay/Agnirath/Agnirath_LVS_Strategy/aarush_ros/install/can_package/lib/python3.10/site-packages/can_package
[0.861s] copying /home/jaay/Agnirath/Agnirath_LVS_Strategy/aarush_ros/build/can_package/build/lib/can_package/__init__.py -> /home/jaay/Agnirath/Agnirath_LVS_Strategy/aarush_ros/install/can_package/lib/python3.10/site-packages/can_package
[0.861s] copying /home/jaay/Agnirath/Agnirath_LVS_Strategy/aarush_ros/build/can_package/build/lib/can_package/can_node.py -> /home/jaay/Agnirath/Agnirath_LVS_Strategy/aarush_ros/install/can_package/lib/python3.10/site-packages/can_package
[0.861s] copying /home/jaay/Agnirath/Agnirath_LVS_Strategy/aarush_ros/build/can_package/build/lib/can_package/can_node_sim.py -> /home/jaay/Agnirath/Agnirath_LVS_Strategy/aarush_ros/install/can_package/lib/python3.10/site-packages/can_package
[0.862s] byte-compiling /home/jaay/Agnirath/Agnirath_LVS_Strategy/aarush_ros/install/can_package/lib/python3.10/site-packages/can_package/__init__.py to __init__.cpython-310.pyc
[0.862s] byte-compiling /home/jaay/Agnirath/Agnirath_LVS_Strategy/aarush_ros/install/can_package/lib/python3.10/site-packages/can_package/can_node.py to can_node.cpython-310.pyc
[0.863s] byte-compiling /home/jaay/Agnirath/Agnirath_LVS_Strategy/aarush_ros/install/can_package/lib/python3.10/site-packages/can_package/can_node_sim.py to can_node_sim.cpython-310.pyc
[0.863s] running install_data
[0.863s] creating /home/jaay/Agnirath/Agnirath_LVS_Strategy/aarush_ros/install/can_package/share/ament_index
[0.864s] creating /home/jaay/Agnirath/Agnirath_LVS_Strategy/aarush_ros/install/can_package/share/ament_index/resource_index
[0.864s] creating /home/jaay/Agnirath/Agnirath_LVS_Strategy/aarush_ros/install/can_package/share/ament_index/resource_index/packages
[0.864s] copying resource/can_package -> /home/jaay/Agnirath/Agnirath_LVS_Strategy/aarush_ros/install/can_package/share/ament_index/resource_index/packages
[0.864s] copying package.xml -> /home/jaay/Agnirath/Agnirath_LVS_Strategy/aarush_ros/install/can_package/share/can_package
[0.864s] running install_egg_info
[0.865s] Copying ../../build/can_package/can_package.egg-info to /home/jaay/Agnirath/Agnirath_LVS_Strategy/aarush_ros/install/can_package/lib/python3.10/site-packages/can_package-0.0.0-py3.10.egg-info
[0.866s] running install_scripts
[0.880s] Installing can_node script to /home/jaay/Agnirath/Agnirath_LVS_Strategy/aarush_ros/install/can_package/lib/can_package
[0.881s] Installing can_node_sim script to /home/jaay/Agnirath/Agnirath_LVS_Strategy/aarush_ros/install/can_package/lib/can_package
[0.881s] writing list of installed files to '/home/jaay/Agnirath/Agnirath_LVS_Strategy/aarush_ros/build/can_package/install.log'
[0.922s] Invoked command in '/home/jaay/Agnirath/Agnirath_LVS_Strategy/aarush_ros/src/can_package' returned '0': PYTHONPATH=/home/jaay/Agnirath/Agnirath_LVS_Strategy/aarush_ros/build/can_package/prefix_override:/home/jaay/Agnirath/Agnirath_LVS_Strategy/aarush_ros/install/can_package/lib/python3.10/site-packages:${PYTHONPATH} /usr/bin/python3 setup.py egg_info --egg-base ../../build/can_package build --build-base /home/jaay/Agnirath/Agnirath_LVS_Strategy/aarush_ros/build/can_package/build install --record /home/jaay/Agnirath/Agnirath_LVS_Strategy/aarush_ros/build/can_package/install.log --single-version-externally-managed
