[3.392s] Invoking command in '/home/ubuntu/Old_LV/aarush_ros/src/display_package': PYTHONPATH=/home/ubuntu/Old_LV/aarush_ros/build/display_package/prefix_override:/home/ubuntu/Old_LV/aarush_ros/install/display_package/lib/python3.10/site-packages:${PYTHONPATH} /usr/bin/python3 setup.py egg_info --egg-base ../../build/display_package build --build-base /home/ubuntu/Old_LV/aarush_ros/build/display_package/build install --record /home/ubuntu/Old_LV/aarush_ros/build/display_package/install.log --single-version-externally-managed
[4.453s] running egg_info
[4.457s] writing ../../build/display_package/display_package.egg-info/PKG-INFO
[4.459s] writing dependency_links to ../../build/display_package/display_package.egg-info/dependency_links.txt
[4.461s] writing entry points to ../../build/display_package/display_package.egg-info/entry_points.txt
[4.463s] writing requirements to ../../build/display_package/display_package.egg-info/requires.txt
[4.464s] writing top-level names to ../../build/display_package/display_package.egg-info/top_level.txt
[4.481s] reading manifest file '../../build/display_package/display_package.egg-info/SOURCES.txt'
[4.483s] adding license file 'LICENSE'
[4.488s] writing manifest file '../../build/display_package/display_package.egg-info/SOURCES.txt'
[4.490s] running build
[4.491s] running build_py
[4.494s] running install
[4.496s] /usr/lib/python3/dist-packages/setuptools/command/install.py:34: SetuptoolsDeprecationWarning: setup.py install is deprecated. Use build and pip and other standards-based tools.
[4.497s]   warnings.warn(
[4.500s] running install_lib
[4.508s] running install_data
[4.512s] running install_egg_info
[4.522s] removing '/home/ubuntu/Old_LV/aarush_ros/install/display_package/lib/python3.10/site-packages/display_package-0.0.0-py3.10.egg-info' (and everything under it)
[4.525s] Copying ../../build/display_package/display_package.egg-info to /home/ubuntu/Old_LV/aarush_ros/install/display_package/lib/python3.10/site-packages/display_package-0.0.0-py3.10.egg-info
[4.531s] running install_scripts
[4.631s] Installing display_node script to /home/ubuntu/Old_LV/aarush_ros/install/display_package/lib/display_package
[4.632s] writing list of installed files to '/home/ubuntu/Old_LV/aarush_ros/build/display_package/install.log'
[5.681s] Invoked command in '/home/ubuntu/Old_LV/aarush_ros/src/display_package' returned '0': PYTHONPATH=/home/ubuntu/Old_LV/aarush_ros/build/display_package/prefix_override:/home/ubuntu/Old_LV/aarush_ros/install/display_package/lib/python3.10/site-packages:${PYTHONPATH} /usr/bin/python3 setup.py egg_info --egg-base ../../build/display_package build --build-base /home/ubuntu/Old_LV/aarush_ros/build/display_package/build install --record /home/ubuntu/Old_LV/aarush_ros/build/display_package/install.log --single-version-externally-managed
