[3.490s] Invoking command in '/home/veadesh/Agnirath/Agnirath_LVS_Strategy/aarush_ros/src/mppt_package': CONDA_PROMPT_MODIFIER=(base) PYTHONPATH=/home/veadesh/Agnirath/Agnirath_LVS_Strategy/aarush_ros/build/mppt_package/prefix_override:/home/veadesh/Agnirath/Agnirath_LVS_Strategy/aarush_ros/install/mppt_package/lib/python3.10/site-packages:${PYTHONPATH} /usr/bin/python3 setup.py egg_info --egg-base ../../build/mppt_package build --build-base /home/veadesh/Agnirath/Agnirath_LVS_Strategy/aarush_ros/build/mppt_package/build install --record /home/veadesh/Agnirath/Agnirath_LVS_Strategy/aarush_ros/build/mppt_package/install.log --single-version-externally-managed
[3.842s] /usr/lib/python3/dist-packages/setuptools/command/install.py:34: SetuptoolsDeprecationWarning: setup.py install is deprecated. Use build and pip and other standards-based tools.
[3.842s]   warnings.warn(
[3.842s] running egg_info
[3.842s] writing ../../build/mppt_package/mppt_package.egg-info/PKG-INFO
[3.843s] writing dependency_links to ../../build/mppt_package/mppt_package.egg-info/dependency_links.txt
[3.843s] writing entry points to ../../build/mppt_package/mppt_package.egg-info/entry_points.txt
[3.843s] writing requirements to ../../build/mppt_package/mppt_package.egg-info/requires.txt
[3.843s] writing top-level names to ../../build/mppt_package/mppt_package.egg-info/top_level.txt
[3.843s] reading manifest file '../../build/mppt_package/mppt_package.egg-info/SOURCES.txt'
[3.843s] adding license file 'LICENSE'
[3.843s] writing manifest file '../../build/mppt_package/mppt_package.egg-info/SOURCES.txt'
[3.843s] running build
[3.843s] running build_py
[3.844s] running install
[3.844s] running install_lib
[3.844s] running install_data
[3.844s] running install_egg_info
[3.844s] removing '/home/veadesh/Agnirath/Agnirath_LVS_Strategy/aarush_ros/install/mppt_package/lib/python3.10/site-packages/mppt_package-0.0.0-py3.10.egg-info' (and everything under it)
[3.844s] Copying ../../build/mppt_package/mppt_package.egg-info to /home/veadesh/Agnirath/Agnirath_LVS_Strategy/aarush_ros/install/mppt_package/lib/python3.10/site-packages/mppt_package-0.0.0-py3.10.egg-info
[3.844s] running install_scripts
[3.863s] Installing mppt_node script to /home/veadesh/Agnirath/Agnirath_LVS_Strategy/aarush_ros/install/mppt_package/lib/mppt_package
[3.863s] writing list of installed files to '/home/veadesh/Agnirath/Agnirath_LVS_Strategy/aarush_ros/build/mppt_package/install.log'
[3.916s] Invoked command in '/home/veadesh/Agnirath/Agnirath_LVS_Strategy/aarush_ros/src/mppt_package' returned '0': CONDA_PROMPT_MODIFIER=(base) PYTHONPATH=/home/veadesh/Agnirath/Agnirath_LVS_Strategy/aarush_ros/build/mppt_package/prefix_override:/home/veadesh/Agnirath/Agnirath_LVS_Strategy/aarush_ros/install/mppt_package/lib/python3.10/site-packages:${PYTHONPATH} /usr/bin/python3 setup.py egg_info --egg-base ../../build/mppt_package build --build-base /home/veadesh/Agnirath/Agnirath_LVS_Strategy/aarush_ros/build/mppt_package/build install --record /home/veadesh/Agnirath/Agnirath_LVS_Strategy/aarush_ros/build/mppt_package/install.log --single-version-externally-managed
