[3.275s] Invoking command in '/home/veadesh/Agnirath/Agnirath_LVS_Strategy/aarush_ros/src/gps_package': CONDA_PROMPT_MODIFIER=(base) PYTHONPATH=/home/veadesh/Agnirath/Agnirath_LVS_Strategy/aarush_ros/build/gps_package/prefix_override:/home/veadesh/Agnirath/Agnirath_LVS_Strategy/aarush_ros/install/gps_package/lib/python3.10/site-packages:${PYTHONPATH} /usr/bin/python3 setup.py egg_info --egg-base ../../build/gps_package build --build-base /home/veadesh/Agnirath/Agnirath_LVS_Strategy/aarush_ros/build/gps_package/build install --record /home/veadesh/Agnirath/Agnirath_LVS_Strategy/aarush_ros/build/gps_package/install.log --single-version-externally-managed
[3.553s] running egg_info
[3.553s] writing ../../build/gps_package/gps_package.egg-info/PKG-INFO
[3.553s] writing dependency_links to ../../build/gps_package/gps_package.egg-info/dependency_links.txt
[3.553s] writing entry points to ../../build/gps_package/gps_package.egg-info/entry_points.txt
[3.553s] writing requirements to ../../build/gps_package/gps_package.egg-info/requires.txt
[3.554s] writing top-level names to ../../build/gps_package/gps_package.egg-info/top_level.txt
[3.556s] reading manifest file '../../build/gps_package/gps_package.egg-info/SOURCES.txt'
[3.556s] adding license file 'LICENSE'
[3.560s] writing manifest file '../../build/gps_package/gps_package.egg-info/SOURCES.txt'
[3.561s] running build
[3.561s] running build_py
[3.561s] running install
[3.562s] /usr/lib/python3/dist-packages/setuptools/command/install.py:34: SetuptoolsDeprecationWarning: setup.py install is deprecated. Use build and pip and other standards-based tools.
[3.562s]   warnings.warn(
[3.562s] running install_lib
[3.562s] running install_data
[3.562s] running install_egg_info
[3.564s] removing '/home/veadesh/Agnirath/Agnirath_LVS_Strategy/aarush_ros/install/gps_package/lib/python3.10/site-packages/gps_package-0.0.0-py3.10.egg-info' (and everything under it)
[3.565s] Copying ../../build/gps_package/gps_package.egg-info to /home/veadesh/Agnirath/Agnirath_LVS_Strategy/aarush_ros/install/gps_package/lib/python3.10/site-packages/gps_package-0.0.0-py3.10.egg-info
[3.566s] running install_scripts
[3.599s] Installing gps_node script to /home/veadesh/Agnirath/Agnirath_LVS_Strategy/aarush_ros/install/gps_package/lib/gps_package
[3.600s] writing list of installed files to '/home/veadesh/Agnirath/Agnirath_LVS_Strategy/aarush_ros/build/gps_package/install.log'
[3.674s] Invoked command in '/home/veadesh/Agnirath/Agnirath_LVS_Strategy/aarush_ros/src/gps_package' returned '0': CONDA_PROMPT_MODIFIER=(base) PYTHONPATH=/home/veadesh/Agnirath/Agnirath_LVS_Strategy/aarush_ros/build/gps_package/prefix_override:/home/veadesh/Agnirath/Agnirath_LVS_Strategy/aarush_ros/install/gps_package/lib/python3.10/site-packages:${PYTHONPATH} /usr/bin/python3 setup.py egg_info --egg-base ../../build/gps_package build --build-base /home/veadesh/Agnirath/Agnirath_LVS_Strategy/aarush_ros/build/gps_package/build install --record /home/veadesh/Agnirath/Agnirath_LVS_Strategy/aarush_ros/build/gps_package/install.log --single-version-externally-managed
