[4.522s] Invoking command in '/home/ubuntu/Old_LV/aarush_ros/src/battery_package': PYTHONPATH=/home/ubuntu/Old_LV/aarush_ros/build/battery_package/prefix_override:/home/ubuntu/Old_LV/aarush_ros/install/battery_package/lib/python3.10/site-packages:${PYTHONPATH} /usr/bin/python3 setup.py egg_info --egg-base ../../build/battery_package build --build-base /home/ubuntu/Old_LV/aarush_ros/build/battery_package/build install --record /home/ubuntu/Old_LV/aarush_ros/build/battery_package/install.log --single-version-externally-managed
[6.162s] running egg_info
[6.166s] writing ../../build/battery_package/battery_package.egg-info/PKG-INFO
[6.168s] writing dependency_links to ../../build/battery_package/battery_package.egg-info/dependency_links.txt
[6.178s] writing entry points to ../../build/battery_package/battery_package.egg-info/entry_points.txt
[6.182s] writing requirements to ../../build/battery_package/battery_package.egg-info/requires.txt
[6.187s] writing top-level names to ../../build/battery_package/battery_package.egg-info/top_level.txt
[6.195s] reading manifest file '../../build/battery_package/battery_package.egg-info/SOURCES.txt'
[6.198s] adding license file 'LICENSE'
[6.202s] writing manifest file '../../build/battery_package/battery_package.egg-info/SOURCES.txt'
[6.205s] running build
[6.217s] running build_py
[6.217s] running install
[6.217s] /usr/lib/python3/dist-packages/setuptools/command/install.py:34: SetuptoolsDeprecationWarning: setup.py install is deprecated. Use build and pip and other standards-based tools.
[6.218s]   warnings.warn(
[6.218s] running install_lib
[6.220s] running install_data
[6.221s] running install_egg_info
[6.221s] removing '/home/ubuntu/Old_LV/aarush_ros/install/battery_package/lib/python3.10/site-packages/battery_package-0.0.0-py3.10.egg-info' (and everything under it)
[6.228s] Copying ../../build/battery_package/battery_package.egg-info to /home/ubuntu/Old_LV/aarush_ros/install/battery_package/lib/python3.10/site-packages/battery_package-0.0.0-py3.10.egg-info
[6.250s] running install_scripts
[6.348s] Installing battery_node script to /home/ubuntu/Old_LV/aarush_ros/install/battery_package/lib/battery_package
[6.354s] writing list of installed files to '/home/ubuntu/Old_LV/aarush_ros/build/battery_package/install.log'
[7.572s] Invoked command in '/home/ubuntu/Old_LV/aarush_ros/src/battery_package' returned '0': PYTHONPATH=/home/ubuntu/Old_LV/aarush_ros/build/battery_package/prefix_override:/home/ubuntu/Old_LV/aarush_ros/install/battery_package/lib/python3.10/site-packages:${PYTHONPATH} /usr/bin/python3 setup.py egg_info --egg-base ../../build/battery_package build --build-base /home/ubuntu/Old_LV/aarush_ros/build/battery_package/build install --record /home/ubuntu/Old_LV/aarush_ros/build/battery_package/install.log --single-version-externally-managed
