[3.374s] Invoking command in '/home/ubuntu/Agnirath_LVS_Strategy/aarush_ros/src/mppt_package': PYTHONPATH=/home/ubuntu/Agnirath_LVS_Strategy/aarush_ros/build/mppt_package/prefix_override:/home/ubuntu/Agnirath_LVS_Strategy/aarush_ros/install/mppt_package/lib/python3.10/site-packages:${PYTHONPATH} /usr/bin/python3 setup.py egg_info --egg-base ../../build/mppt_package build --build-base /home/ubuntu/Agnirath_LVS_Strategy/aarush_ros/build/mppt_package/build install --record /home/ubuntu/Agnirath_LVS_Strategy/aarush_ros/build/mppt_package/install.log --single-version-externally-managed
[4.443s] running egg_info
[4.448s] writing ../../build/mppt_package/mppt_package.egg-info/PKG-INFO
[4.450s] writing dependency_links to ../../build/mppt_package/mppt_package.egg-info/dependency_links.txt
[4.452s] writing entry points to ../../build/mppt_package/mppt_package.egg-info/entry_points.txt
[4.454s] writing requirements to ../../build/mppt_package/mppt_package.egg-info/requires.txt
[4.455s] writing top-level names to ../../build/mppt_package/mppt_package.egg-info/top_level.txt
[4.466s] reading manifest file '../../build/mppt_package/mppt_package.egg-info/SOURCES.txt'
[4.468s] adding license file 'LICENSE'
[4.472s] writing manifest file '../../build/mppt_package/mppt_package.egg-info/SOURCES.txt'
[4.473s] running build
[4.474s] running build_py
[4.476s] running install
[4.477s] /usr/lib/python3/dist-packages/setuptools/command/install.py:34: SetuptoolsDeprecationWarning: setup.py install is deprecated. Use build and pip and other standards-based tools.
[4.478s]   warnings.warn(
[4.479s] running install_lib
[4.484s] running install_data
[4.487s] running install_egg_info
[4.494s] removing '/home/ubuntu/Agnirath_LVS_Strategy/aarush_ros/install/mppt_package/lib/python3.10/site-packages/mppt_package-0.0.0-py3.10.egg-info' (and everything under it)
[4.496s] Copying ../../build/mppt_package/mppt_package.egg-info to /home/ubuntu/Agnirath_LVS_Strategy/aarush_ros/install/mppt_package/lib/python3.10/site-packages/mppt_package-0.0.0-py3.10.egg-info
[4.499s] running install_scripts
[4.600s] Installing mppt_node script to /home/ubuntu/Agnirath_LVS_Strategy/aarush_ros/install/mppt_package/lib/mppt_package
[4.602s] writing list of installed files to '/home/ubuntu/Agnirath_LVS_Strategy/aarush_ros/build/mppt_package/install.log'
[4.786s] Invoked command in '/home/ubuntu/Agnirath_LVS_Strategy/aarush_ros/src/mppt_package' returned '0': PYTHONPATH=/home/ubuntu/Agnirath_LVS_Strategy/aarush_ros/build/mppt_package/prefix_override:/home/ubuntu/Agnirath_LVS_Strategy/aarush_ros/install/mppt_package/lib/python3.10/site-packages:${PYTHONPATH} /usr/bin/python3 setup.py egg_info --egg-base ../../build/mppt_package build --build-base /home/ubuntu/Agnirath_LVS_Strategy/aarush_ros/build/mppt_package/build install --record /home/ubuntu/Agnirath_LVS_Strategy/aarush_ros/build/mppt_package/install.log --single-version-externally-managed
