[0.731s] Invoking command in '/home/jaay/repositories/Agnirath_LVS_Strategy/aarush_ros/src/control_package': PYTHONPATH=/home/jaay/repositories/Agnirath_LVS_Strategy/aarush_ros/build/control_package/prefix_override:/home/jaay/repositories/Agnirath_LVS_Strategy/aarush_ros/install/control_package/lib/python3.10/site-packages:${PYTHONPATH} /usr/bin/python3 setup.py egg_info --egg-base ../../build/control_package build --build-base /home/jaay/repositories/Agnirath_LVS_Strategy/aarush_ros/build/control_package/build install --record /home/jaay/repositories/Agnirath_LVS_Strategy/aarush_ros/build/control_package/install.log --single-version-externally-managed
[0.933s] running egg_info
[0.933s] creating ../../build/control_package/control_package.egg-info
[0.934s] writing ../../build/control_package/control_package.egg-info/PKG-INFO
[0.934s] writing dependency_links to ../../build/control_package/control_package.egg-info/dependency_links.txt
[0.934s] writing entry points to ../../build/control_package/control_package.egg-info/entry_points.txt
[0.934s] writing requirements to ../../build/control_package/control_package.egg-info/requires.txt
[0.934s] writing top-level names to ../../build/control_package/control_package.egg-info/top_level.txt
[0.934s] writing manifest file '../../build/control_package/control_package.egg-info/SOURCES.txt'
[0.935s] reading manifest file '../../build/control_package/control_package.egg-info/SOURCES.txt'
[0.935s] adding license file 'LICENSE'
[0.936s] writing manifest file '../../build/control_package/control_package.egg-info/SOURCES.txt'
[0.936s] running build
[0.936s] running build_py
[0.936s] creating /home/jaay/repositories/Agnirath_LVS_Strategy/aarush_ros/build/control_package/build
[0.936s] creating /home/jaay/repositories/Agnirath_LVS_Strategy/aarush_ros/build/control_package/build/lib
[0.936s] creating /home/jaay/repositories/Agnirath_LVS_Strategy/aarush_ros/build/control_package/build/lib/control_package
[0.936s] copying control_package/control_node.py -> /home/jaay/repositories/Agnirath_LVS_Strategy/aarush_ros/build/control_package/build/lib/control_package
[0.936s] copying control_package/__init__.py -> /home/jaay/repositories/Agnirath_LVS_Strategy/aarush_ros/build/control_package/build/lib/control_package
[0.936s] running install
[0.936s] running install_lib
[0.937s] creating /home/jaay/repositories/Agnirath_LVS_Strategy/aarush_ros/install/control_package/lib/python3.10/site-packages/control_package
[0.937s] copying /home/jaay/repositories/Agnirath_LVS_Strategy/aarush_ros/build/control_package/build/lib/control_package/control_node.py -> /home/jaay/repositories/Agnirath_LVS_Strategy/aarush_ros/install/control_package/lib/python3.10/site-packages/control_package
[0.937s] copying /home/jaay/repositories/Agnirath_LVS_Strategy/aarush_ros/build/control_package/build/lib/control_package/__init__.py -> /home/jaay/repositories/Agnirath_LVS_Strategy/aarush_ros/install/control_package/lib/python3.10/site-packages/control_package
[0.937s] byte-compiling /home/jaay/repositories/Agnirath_LVS_Strategy/aarush_ros/install/control_package/lib/python3.10/site-packages/control_package/control_node.py to control_node.cpython-310.pyc
[0.938s] byte-compiling /home/jaay/repositories/Agnirath_LVS_Strategy/aarush_ros/install/control_package/lib/python3.10/site-packages/control_package/__init__.py to __init__.cpython-310.pyc
[0.938s] running install_data
[0.938s] creating /home/jaay/repositories/Agnirath_LVS_Strategy/aarush_ros/install/control_package/share/ament_index
[0.938s] creating /home/jaay/repositories/Agnirath_LVS_Strategy/aarush_ros/install/control_package/share/ament_index/resource_index
[0.938s] creating /home/jaay/repositories/Agnirath_LVS_Strategy/aarush_ros/install/control_package/share/ament_index/resource_index/packages
[0.938s] copying resource/control_package -> /home/jaay/repositories/Agnirath_LVS_Strategy/aarush_ros/install/control_package/share/ament_index/resource_index/packages
[0.938s] copying package.xml -> /home/jaay/repositories/Agnirath_LVS_Strategy/aarush_ros/install/control_package/share/control_package
[0.938s] running install_egg_info
[0.939s] Copying ../../build/control_package/control_package.egg-info to /home/jaay/repositories/Agnirath_LVS_Strategy/aarush_ros/install/control_package/lib/python3.10/site-packages/control_package-0.0.0-py3.10.egg-info
[0.940s] running install_scripts
[0.954s] Installing control_node script to /home/jaay/repositories/Agnirath_LVS_Strategy/aarush_ros/install/control_package/lib/control_package
[0.954s] writing list of installed files to '/home/jaay/repositories/Agnirath_LVS_Strategy/aarush_ros/build/control_package/install.log'
[0.979s] Invoked command in '/home/jaay/repositories/Agnirath_LVS_Strategy/aarush_ros/src/control_package' returned '0': PYTHONPATH=/home/jaay/repositories/Agnirath_LVS_Strategy/aarush_ros/build/control_package/prefix_override:/home/jaay/repositories/Agnirath_LVS_Strategy/aarush_ros/install/control_package/lib/python3.10/site-packages:${PYTHONPATH} /usr/bin/python3 setup.py egg_info --egg-base ../../build/control_package build --build-base /home/jaay/repositories/Agnirath_LVS_Strategy/aarush_ros/build/control_package/build install --record /home/jaay/repositories/Agnirath_LVS_Strategy/aarush_ros/build/control_package/install.log --single-version-externally-managed
