[2.609s] Invoking command in '/home/ubuntu/Old_LV/aarush_ros/src/rf_package': PYTHONPATH=/home/ubuntu/Old_LV/aarush_ros/build/rf_package/prefix_override:/home/ubuntu/Old_LV/aarush_ros/install/rf_package/lib/python3.10/site-packages:${PYTHONPATH} /usr/bin/python3 setup.py egg_info --egg-base ../../build/rf_package build --build-base /home/ubuntu/Old_LV/aarush_ros/build/rf_package/build install --record /home/ubuntu/Old_LV/aarush_ros/build/rf_package/install.log --single-version-externally-managed
[3.684s] running egg_info
[3.688s] writing ../../build/rf_package/rf_package.egg-info/PKG-INFO
[3.689s] writing dependency_links to ../../build/rf_package/rf_package.egg-info/dependency_links.txt
[3.690s] writing entry points to ../../build/rf_package/rf_package.egg-info/entry_points.txt
[3.691s] writing requirements to ../../build/rf_package/rf_package.egg-info/requires.txt
[3.691s] writing top-level names to ../../build/rf_package/rf_package.egg-info/top_level.txt
[3.701s] reading manifest file '../../build/rf_package/rf_package.egg-info/SOURCES.txt'
[3.701s] adding license file 'LICENSE'
[3.704s] writing manifest file '../../build/rf_package/rf_package.egg-info/SOURCES.txt'
[3.705s] running build
[3.706s] running build_py
[3.706s] running install
[3.707s] /usr/lib/python3/dist-packages/setuptools/command/install.py:34: SetuptoolsDeprecationWarning: setup.py install is deprecated. Use build and pip and other standards-based tools.
[3.707s]   warnings.warn(
[3.708s] running install_lib
[3.713s] running install_data
[3.715s] running install_egg_info
[3.722s] removing '/home/ubuntu/Old_LV/aarush_ros/install/rf_package/lib/python3.10/site-packages/rf_package-0.0.0-py3.10.egg-info' (and everything under it)
[3.723s] Copying ../../build/rf_package/rf_package.egg-info to /home/ubuntu/Old_LV/aarush_ros/install/rf_package/lib/python3.10/site-packages/rf_package-0.0.0-py3.10.egg-info
[3.727s] running install_scripts
[3.812s] Installing rf_node script to /home/ubuntu/Old_LV/aarush_ros/install/rf_package/lib/rf_package
[3.814s] writing list of installed files to '/home/ubuntu/Old_LV/aarush_ros/build/rf_package/install.log'
[4.101s] Invoked command in '/home/ubuntu/Old_LV/aarush_ros/src/rf_package' returned '0': PYTHONPATH=/home/ubuntu/Old_LV/aarush_ros/build/rf_package/prefix_override:/home/ubuntu/Old_LV/aarush_ros/install/rf_package/lib/python3.10/site-packages:${PYTHONPATH} /usr/bin/python3 setup.py egg_info --egg-base ../../build/rf_package build --build-base /home/ubuntu/Old_LV/aarush_ros/build/rf_package/build install --record /home/ubuntu/Old_LV/aarush_ros/build/rf_package/install.log --single-version-externally-managed
