[4.101s] Invoking command in '/home/jaay/Agnirath/Agnirath_LVS_Strategy/aarush_ros/src/gps_package': PYTHONPATH=/home/jaay/Agnirath/Agnirath_LVS_Strategy/aarush_ros/build/gps_package/prefix_override:/home/jaay/Agnirath/Agnirath_LVS_Strategy/aarush_ros/install/gps_package/lib/python3.10/site-packages:${PYTHONPATH} /usr/bin/python3 setup.py egg_info --egg-base ../../build/gps_package build --build-base /home/jaay/Agnirath/Agnirath_LVS_Strategy/aarush_ros/build/gps_package/build install --record /home/jaay/Agnirath/Agnirath_LVS_Strategy/aarush_ros/build/gps_package/install.log --single-version-externally-managed
[4.525s] running egg_info
[4.526s] writing ../../build/gps_package/gps_package.egg-info/PKG-INFO
[4.526s] writing dependency_links to ../../build/gps_package/gps_package.egg-info/dependency_links.txt
[4.526s] writing entry points to ../../build/gps_package/gps_package.egg-info/entry_points.txt
[4.527s] writing requirements to ../../build/gps_package/gps_package.egg-info/requires.txt
[4.527s] writing top-level names to ../../build/gps_package/gps_package.egg-info/top_level.txt
[4.532s] reading manifest file '../../build/gps_package/gps_package.egg-info/SOURCES.txt'
[4.533s] adding license file 'LICENSE'
[4.534s] writing manifest file '../../build/gps_package/gps_package.egg-info/SOURCES.txt'
[4.534s] running build
[4.534s] running build_py
[4.535s] copying gps_package/gps_node.py -> /home/jaay/Agnirath/Agnirath_LVS_Strategy/aarush_ros/build/gps_package/build/lib/gps_package
[4.535s] running install
[4.536s] /usr/lib/python3/dist-packages/setuptools/command/install.py:34: SetuptoolsDeprecationWarning: setup.py install is deprecated. Use build and pip and other standards-based tools.
[4.536s]   warnings.warn(
[4.536s] running install_lib
[4.537s] copying /home/jaay/Agnirath/Agnirath_LVS_Strategy/aarush_ros/build/gps_package/build/lib/gps_package/gps_node.py -> /home/jaay/Agnirath/Agnirath_LVS_Strategy/aarush_ros/install/gps_package/lib/python3.10/site-packages/gps_package
[4.538s] byte-compiling /home/jaay/Agnirath/Agnirath_LVS_Strategy/aarush_ros/install/gps_package/lib/python3.10/site-packages/gps_package/gps_node.py to gps_node.cpython-310.pyc
[4.540s] running install_data
[4.541s] running install_egg_info
[4.544s] removing '/home/jaay/Agnirath/Agnirath_LVS_Strategy/aarush_ros/install/gps_package/lib/python3.10/site-packages/gps_package-0.0.0-py3.10.egg-info' (and everything under it)
[4.550s] Copying ../../build/gps_package/gps_package.egg-info to /home/jaay/Agnirath/Agnirath_LVS_Strategy/aarush_ros/install/gps_package/lib/python3.10/site-packages/gps_package-0.0.0-py3.10.egg-info
[4.553s] running install_scripts
[4.614s] Installing gps_node script to /home/jaay/Agnirath/Agnirath_LVS_Strategy/aarush_ros/install/gps_package/lib/gps_package
[4.615s] writing list of installed files to '/home/jaay/Agnirath/Agnirath_LVS_Strategy/aarush_ros/build/gps_package/install.log'
[4.789s] Invoked command in '/home/jaay/Agnirath/Agnirath_LVS_Strategy/aarush_ros/src/gps_package' returned '0': PYTHONPATH=/home/jaay/Agnirath/Agnirath_LVS_Strategy/aarush_ros/build/gps_package/prefix_override:/home/jaay/Agnirath/Agnirath_LVS_Strategy/aarush_ros/install/gps_package/lib/python3.10/site-packages:${PYTHONPATH} /usr/bin/python3 setup.py egg_info --egg-base ../../build/gps_package build --build-base /home/jaay/Agnirath/Agnirath_LVS_Strategy/aarush_ros/build/gps_package/build install --record /home/jaay/Agnirath/Agnirath_LVS_Strategy/aarush_ros/build/gps_package/install.log --single-version-externally-managed
