[3.532s] Invoking command in '/home/veadesh/Agnirath/Agnirath_LVS_Strategy/aarush_ros/src/battery_package': CONDA_PROMPT_MODIFIER=(base) PYTHONPATH=/home/veadesh/Agnirath/Agnirath_LVS_Strategy/aarush_ros/build/battery_package/prefix_override:/home/veadesh/Agnirath/Agnirath_LVS_Strategy/aarush_ros/install/battery_package/lib/python3.10/site-packages:${PYTHONPATH} /usr/bin/python3 setup.py egg_info --egg-base ../../build/battery_package build --build-base /home/veadesh/Agnirath/Agnirath_LVS_Strategy/aarush_ros/build/battery_package/build install --record /home/veadesh/Agnirath/Agnirath_LVS_Strategy/aarush_ros/build/battery_package/install.log --single-version-externally-managed
[3.843s] running egg_info
[3.844s] writing ../../build/battery_package/battery_package.egg-info/PKG-INFO
[3.844s] writing dependency_links to ../../build/battery_package/battery_package.egg-info/dependency_links.txt
[3.845s] writing entry points to ../../build/battery_package/battery_package.egg-info/entry_points.txt
[3.845s] writing requirements to ../../build/battery_package/battery_package.egg-info/requires.txt
[3.845s] writing top-level names to ../../build/battery_package/battery_package.egg-info/top_level.txt
[3.847s] reading manifest file '../../build/battery_package/battery_package.egg-info/SOURCES.txt'
[3.848s] adding license file 'LICENSE'
[3.848s] writing manifest file '../../build/battery_package/battery_package.egg-info/SOURCES.txt'
[3.848s] running build
[3.848s] running build_py
[3.849s] running install
[3.849s] /usr/lib/python3/dist-packages/setuptools/command/install.py:34: SetuptoolsDeprecationWarning: setup.py install is deprecated. Use build and pip and other standards-based tools.
[3.849s]   warnings.warn(
[3.849s] running install_lib
[3.851s] running install_data
[3.851s] running install_egg_info
[3.853s] removing '/home/veadesh/Agnirath/Agnirath_LVS_Strategy/aarush_ros/install/battery_package/lib/python3.10/site-packages/battery_package-0.0.0-py3.10.egg-info' (and everything under it)
[3.853s] Copying ../../build/battery_package/battery_package.egg-info to /home/veadesh/Agnirath/Agnirath_LVS_Strategy/aarush_ros/install/battery_package/lib/python3.10/site-packages/battery_package-0.0.0-py3.10.egg-info
[3.854s] running install_scripts
[3.872s] Installing battery_node script to /home/veadesh/Agnirath/Agnirath_LVS_Strategy/aarush_ros/install/battery_package/lib/battery_package
[3.872s] writing list of installed files to '/home/veadesh/Agnirath/Agnirath_LVS_Strategy/aarush_ros/build/battery_package/install.log'
[3.905s] Invoked command in '/home/veadesh/Agnirath/Agnirath_LVS_Strategy/aarush_ros/src/battery_package' returned '0': CONDA_PROMPT_MODIFIER=(base) PYTHONPATH=/home/veadesh/Agnirath/Agnirath_LVS_Strategy/aarush_ros/build/battery_package/prefix_override:/home/veadesh/Agnirath/Agnirath_LVS_Strategy/aarush_ros/install/battery_package/lib/python3.10/site-packages:${PYTHONPATH} /usr/bin/python3 setup.py egg_info --egg-base ../../build/battery_package build --build-base /home/veadesh/Agnirath/Agnirath_LVS_Strategy/aarush_ros/build/battery_package/build install --record /home/veadesh/Agnirath/Agnirath_LVS_Strategy/aarush_ros/build/battery_package/install.log --single-version-externally-managed
