[3.737s] Invoking command in '/home/jaay/Agnirath/Agnirath_LVS_Strategy/aarush_ros/src/battery_package': PYTHONPATH=/home/jaay/Agnirath/Agnirath_LVS_Strategy/aarush_ros/build/battery_package/prefix_override:/home/jaay/Agnirath/Agnirath_LVS_Strategy/aarush_ros/install/battery_package/lib/python3.10/site-packages:${PYTHONPATH} /usr/bin/python3 setup.py egg_info --egg-base ../../build/battery_package build --build-base /home/jaay/Agnirath/Agnirath_LVS_Strategy/aarush_ros/build/battery_package/build install --record /home/jaay/Agnirath/Agnirath_LVS_Strategy/aarush_ros/build/battery_package/install.log --single-version-externally-managed
[4.220s] running egg_info
[4.221s] writing ../../build/battery_package/battery_package.egg-info/PKG-INFO
[4.222s] writing dependency_links to ../../build/battery_package/battery_package.egg-info/dependency_links.txt
[4.222s] writing entry points to ../../build/battery_package/battery_package.egg-info/entry_points.txt
[4.222s] writing requirements to ../../build/battery_package/battery_package.egg-info/requires.txt
[4.222s] writing top-level names to ../../build/battery_package/battery_package.egg-info/top_level.txt
[4.225s] reading manifest file '../../build/battery_package/battery_package.egg-info/SOURCES.txt'
[4.226s] adding license file 'LICENSE'
[4.226s] writing manifest file '../../build/battery_package/battery_package.egg-info/SOURCES.txt'
[4.226s] running build
[4.226s] running build_py
[4.227s] running install
[4.227s] running install_lib
[4.228s] running install_data
[4.233s] running install_egg_info
[4.233s] removing '/home/jaay/Agnirath/Agnirath_LVS_Strategy/aarush_ros/install/battery_package/lib/python3.10/site-packages/battery_package-0.0.0-py3.10.egg-info' (and everything under it)
[4.234s] Copying ../../build/battery_package/battery_package.egg-info to /home/jaay/Agnirath/Agnirath_LVS_Strategy/aarush_ros/install/battery_package/lib/python3.10/site-packages/battery_package-0.0.0-py3.10.egg-info
[4.234s] running install_scripts
[4.259s] Installing battery_node script to /home/jaay/Agnirath/Agnirath_LVS_Strategy/aarush_ros/install/battery_package/lib/battery_package
[4.259s] writing list of installed files to '/home/jaay/Agnirath/Agnirath_LVS_Strategy/aarush_ros/build/battery_package/install.log'
[4.304s] Invoked command in '/home/jaay/Agnirath/Agnirath_LVS_Strategy/aarush_ros/src/battery_package' returned '0': PYTHONPATH=/home/jaay/Agnirath/Agnirath_LVS_Strategy/aarush_ros/build/battery_package/prefix_override:/home/jaay/Agnirath/Agnirath_LVS_Strategy/aarush_ros/install/battery_package/lib/python3.10/site-packages:${PYTHONPATH} /usr/bin/python3 setup.py egg_info --egg-base ../../build/battery_package build --build-base /home/jaay/Agnirath/Agnirath_LVS_Strategy/aarush_ros/build/battery_package/build install --record /home/jaay/Agnirath/Agnirath_LVS_Strategy/aarush_ros/build/battery_package/install.log --single-version-externally-managed
