[3.873s] Invoking command in '/home/ubuntu/Old_LV/aarush_ros/src/display_package': PYTHONPATH=/home/ubuntu/Old_LV/aarush_ros/build/display_package/prefix_override:/home/ubuntu/Old_LV/aarush_ros/install/display_package/lib/python3.10/site-packages:${PYTHONPATH} /usr/bin/python3 setup.py egg_info --egg-base ../../build/display_package build --build-base /home/ubuntu/Old_LV/aarush_ros/build/display_package/build install --record /home/ubuntu/Old_LV/aarush_ros/build/display_package/install.log --single-version-externally-managed
[5.115s] running egg_info
[5.120s] writing ../../build/display_package/display_package.egg-info/PKG-INFO
[5.123s] writing dependency_links to ../../build/display_package/display_package.egg-info/dependency_links.txt
[5.125s] writing entry points to ../../build/display_package/display_package.egg-info/entry_points.txt
[5.131s] writing requirements to ../../build/display_package/display_package.egg-info/requires.txt
[5.133s] writing top-level names to ../../build/display_package/display_package.egg-info/top_level.txt
[5.148s] reading manifest file '../../build/display_package/display_package.egg-info/SOURCES.txt'
[5.150s] adding license file 'LICENSE'
[5.155s] writing manifest file '../../build/display_package/display_package.egg-info/SOURCES.txt'
[5.158s] running build
[5.158s] running build_py
[5.162s] running install
[5.168s] /usr/lib/python3/dist-packages/setuptools/command/install.py:34: SetuptoolsDeprecationWarning: setup.py install is deprecated. Use build and pip and other standards-based tools.
[5.169s]   warnings.warn(
[5.172s] running install_lib
[5.179s] running install_data
[5.183s] running install_egg_info
[5.194s] removing '/home/ubuntu/Old_LV/aarush_ros/install/display_package/lib/python3.10/site-packages/display_package-0.0.0-py3.10.egg-info' (and everything under it)
[5.203s] Copying ../../build/display_package/display_package.egg-info to /home/ubuntu/Old_LV/aarush_ros/install/display_package/lib/python3.10/site-packages/display_package-0.0.0-py3.10.egg-info
[5.226s] running install_scripts
[5.332s] Installing display_node script to /home/ubuntu/Old_LV/aarush_ros/install/display_package/lib/display_package
[5.334s] writing list of installed files to '/home/ubuntu/Old_LV/aarush_ros/build/display_package/install.log'
[6.578s] Invoked command in '/home/ubuntu/Old_LV/aarush_ros/src/display_package' returned '0': PYTHONPATH=/home/ubuntu/Old_LV/aarush_ros/build/display_package/prefix_override:/home/ubuntu/Old_LV/aarush_ros/install/display_package/lib/python3.10/site-packages:${PYTHONPATH} /usr/bin/python3 setup.py egg_info --egg-base ../../build/display_package build --build-base /home/ubuntu/Old_LV/aarush_ros/build/display_package/build install --record /home/ubuntu/Old_LV/aarush_ros/build/display_package/install.log --single-version-externally-managed
