[2.233s] Invoking command in '/home/ubuntu/Old_LV/aarush_ros/src/can_package': PYTHONPATH=/home/ubuntu/Old_LV/aarush_ros/build/can_package/prefix_override:/home/ubuntu/Old_LV/aarush_ros/install/can_package/lib/python3.10/site-packages:${PYTHONPATH} /usr/bin/python3 setup.py egg_info --egg-base ../../build/can_package build --build-base /home/ubuntu/Old_LV/aarush_ros/build/can_package/build install --record /home/ubuntu/Old_LV/aarush_ros/build/can_package/install.log --single-version-externally-managed
[3.088s] running egg_info
[3.091s] writing ../../build/can_package/can_package.egg-info/PKG-INFO
[3.092s] writing dependency_links to ../../build/can_package/can_package.egg-info/dependency_links.txt
[3.093s] writing entry points to ../../build/can_package/can_package.egg-info/entry_points.txt
[3.094s] writing requirements to ../../build/can_package/can_package.egg-info/requires.txt
[3.094s] writing top-level names to ../../build/can_package/can_package.egg-info/top_level.txt
[3.102s] reading manifest file '../../build/can_package/can_package.egg-info/SOURCES.txt'
[3.103s] adding license file 'LICENSE'
[3.107s] writing manifest file '../../build/can_package/can_package.egg-info/SOURCES.txt'
[3.107s] running build
[3.108s] running build_py
[3.109s] copying can_package/can_rx_node_test.py -> /home/ubuntu/Old_LV/aarush_ros/build/can_package/build/lib/can_package
[3.112s] running install
[3.112s] /usr/lib/python3/dist-packages/setuptools/command/install.py:34: SetuptoolsDeprecationWarning: setup.py install is deprecated. Use build and pip and other standards-based tools.
[3.113s]   warnings.warn(
[3.113s] running install_lib
[3.117s] copying /home/ubuntu/Old_LV/aarush_ros/build/can_package/build/lib/can_package/can_rx_node_test.py -> /home/ubuntu/Old_LV/aarush_ros/install/can_package/lib/python3.10/site-packages/can_package
[3.120s] byte-compiling /home/ubuntu/Old_LV/aarush_ros/install/can_package/lib/python3.10/site-packages/can_package/py_tools_decode_test_dup.py to py_tools_decode_test_dup.cpython-310.pyc
[3.122s] byte-compiling /home/ubuntu/Old_LV/aarush_ros/install/can_package/lib/python3.10/site-packages/can_package/can_rx_node_test.py to can_rx_node_test.cpython-310.pyc
[3.124s] running install_data
[3.126s] running install_egg_info
[3.132s] removing '/home/ubuntu/Old_LV/aarush_ros/install/can_package/lib/python3.10/site-packages/can_package-0.0.0-py3.10.egg-info' (and everything under it)
[3.133s] Copying ../../build/can_package/can_package.egg-info to /home/ubuntu/Old_LV/aarush_ros/install/can_package/lib/python3.10/site-packages/can_package-0.0.0-py3.10.egg-info
[3.136s] running install_scripts
[3.211s] Installing can_node_sim script to /home/ubuntu/Old_LV/aarush_ros/install/can_package/lib/can_package
[3.211s] Installing can_rx_node script to /home/ubuntu/Old_LV/aarush_ros/install/can_package/lib/can_package
[3.212s] Installing can_rx_node_dup script to /home/ubuntu/Old_LV/aarush_ros/install/can_package/lib/can_package
[3.213s] Installing can_rx_node_test script to /home/ubuntu/Old_LV/aarush_ros/install/can_package/lib/can_package
[3.213s] Installing can_tx_node script to /home/ubuntu/Old_LV/aarush_ros/install/can_package/lib/can_package
[3.216s] writing list of installed files to '/home/ubuntu/Old_LV/aarush_ros/build/can_package/install.log'
[3.337s] Invoked command in '/home/ubuntu/Old_LV/aarush_ros/src/can_package' returned '0': PYTHONPATH=/home/ubuntu/Old_LV/aarush_ros/build/can_package/prefix_override:/home/ubuntu/Old_LV/aarush_ros/install/can_package/lib/python3.10/site-packages:${PYTHONPATH} /usr/bin/python3 setup.py egg_info --egg-base ../../build/can_package build --build-base /home/ubuntu/Old_LV/aarush_ros/build/can_package/build install --record /home/ubuntu/Old_LV/aarush_ros/build/can_package/install.log --single-version-externally-managed
