[2.376s] Invoking command in '/home/ubuntu/Old_LV/aarush_ros/src/main_package': PYTHONPATH=/home/ubuntu/Old_LV/aarush_ros/build/main_package/prefix_override:/home/ubuntu/Old_LV/aarush_ros/install/main_package/lib/python3.10/site-packages:${PYTHONPATH} /usr/bin/python3 setup.py egg_info --egg-base ../../build/main_package build --build-base /home/ubuntu/Old_LV/aarush_ros/build/main_package/build install --record /home/ubuntu/Old_LV/aarush_ros/build/main_package/install.log --single-version-externally-managed
[3.307s] running egg_info
[3.310s] writing ../../build/main_package/main_package.egg-info/PKG-INFO
[3.311s] writing dependency_links to ../../build/main_package/main_package.egg-info/dependency_links.txt
[3.312s] writing entry points to ../../build/main_package/main_package.egg-info/entry_points.txt
[3.313s] writing requirements to ../../build/main_package/main_package.egg-info/requires.txt
[3.313s] writing top-level names to ../../build/main_package/main_package.egg-info/top_level.txt
[3.321s] reading manifest file '../../build/main_package/main_package.egg-info/SOURCES.txt'
[3.322s] adding license file 'LICENSE'
[3.325s] writing manifest file '../../build/main_package/main_package.egg-info/SOURCES.txt'
[3.325s] running build
[3.326s] running build_py
[3.328s] copying main_package/main_node.py -> /home/ubuntu/Old_LV/aarush_ros/build/main_package/build/lib/main_package
[3.328s] running install
[3.329s] /usr/lib/python3/dist-packages/setuptools/command/install.py:34: SetuptoolsDeprecationWarning: setup.py install is deprecated. Use build and pip and other standards-based tools.
[3.329s]   warnings.warn(
[3.330s] running install_lib
[3.332s] copying /home/ubuntu/Old_LV/aarush_ros/build/main_package/build/lib/main_package/main_node.py -> /home/ubuntu/Old_LV/aarush_ros/install/main_package/lib/python3.10/site-packages/main_package
[3.335s] byte-compiling /home/ubuntu/Old_LV/aarush_ros/install/main_package/lib/python3.10/site-packages/main_package/main_node.py to main_node.cpython-310.pyc
[3.340s] Sorry: IndentationError: unindent does not match any outer indentation level (main_node.py, line 684)
[3.341s] running install_data
[3.343s] running install_egg_info
[3.349s] removing '/home/ubuntu/Old_LV/aarush_ros/install/main_package/lib/python3.10/site-packages/main_package-0.0.0-py3.10.egg-info' (and everything under it)
[3.350s] Copying ../../build/main_package/main_package.egg-info to /home/ubuntu/Old_LV/aarush_ros/install/main_package/lib/python3.10/site-packages/main_package-0.0.0-py3.10.egg-info
[3.353s] running install_scripts
[3.433s] Installing main_node script to /home/ubuntu/Old_LV/aarush_ros/install/main_package/lib/main_package
[3.434s] writing list of installed files to '/home/ubuntu/Old_LV/aarush_ros/build/main_package/install.log'
[3.557s] Invoked command in '/home/ubuntu/Old_LV/aarush_ros/src/main_package' returned '0': PYTHONPATH=/home/ubuntu/Old_LV/aarush_ros/build/main_package/prefix_override:/home/ubuntu/Old_LV/aarush_ros/install/main_package/lib/python3.10/site-packages:${PYTHONPATH} /usr/bin/python3 setup.py egg_info --egg-base ../../build/main_package build --build-base /home/ubuntu/Old_LV/aarush_ros/build/main_package/build install --record /home/ubuntu/Old_LV/aarush_ros/build/main_package/install.log --single-version-externally-managed
