[3.593s] Invoking command in '/home/jaay/Agnirath/Agnirath_LVS_Strategy/aarush_ros/src/gps_package': PYTHONPATH=/home/jaay/Agnirath/Agnirath_LVS_Strategy/aarush_ros/build/gps_package/prefix_override:/home/jaay/Agnirath/Agnirath_LVS_Strategy/aarush_ros/install/gps_package/lib/python3.10/site-packages:${PYTHONPATH} /usr/bin/python3 setup.py egg_info --egg-base ../../build/gps_package build --build-base /home/jaay/Agnirath/Agnirath_LVS_Strategy/aarush_ros/build/gps_package/build install --record /home/jaay/Agnirath/Agnirath_LVS_Strategy/aarush_ros/build/gps_package/install.log --single-version-externally-managed
[4.053s] running egg_info
[4.054s] writing ../../build/gps_package/gps_package.egg-info/PKG-INFO
[4.055s] writing dependency_links to ../../build/gps_package/gps_package.egg-info/dependency_links.txt
[4.055s] writing entry points to ../../build/gps_package/gps_package.egg-info/entry_points.txt
[4.055s] writing requirements to ../../build/gps_package/gps_package.egg-info/requires.txt
[4.055s] writing top-level names to ../../build/gps_package/gps_package.egg-info/top_level.txt
[4.058s] reading manifest file '../../build/gps_package/gps_package.egg-info/SOURCES.txt'
[4.059s] adding license file 'LICENSE'
[4.060s] writing manifest file '../../build/gps_package/gps_package.egg-info/SOURCES.txt'
[4.060s] running build
[4.060s] running build_py
[4.060s] copying gps_package/gps_node copy.py -> /home/jaay/Agnirath/Agnirath_LVS_Strategy/aarush_ros/build/gps_package/build/lib/gps_package
[4.060s] copying gps_package/__init__.py -> /home/jaay/Agnirath/Agnirath_LVS_Strategy/aarush_ros/build/gps_package/build/lib/gps_package
[4.061s] copying gps_package/gps_node.py -> /home/jaay/Agnirath/Agnirath_LVS_Strategy/aarush_ros/build/gps_package/build/lib/gps_package
[4.061s] running install
[4.061s] running install_lib
[4.063s] copying /home/jaay/Agnirath/Agnirath_LVS_Strategy/aarush_ros/build/gps_package/build/lib/gps_package/gps_node copy.py -> /home/jaay/Agnirath/Agnirath_LVS_Strategy/aarush_ros/install/gps_package/lib/python3.10/site-packages/gps_package
[4.063s] copying /home/jaay/Agnirath/Agnirath_LVS_Strategy/aarush_ros/build/gps_package/build/lib/gps_package/__init__.py -> /home/jaay/Agnirath/Agnirath_LVS_Strategy/aarush_ros/install/gps_package/lib/python3.10/site-packages/gps_package
[4.063s] copying /home/jaay/Agnirath/Agnirath_LVS_Strategy/aarush_ros/build/gps_package/build/lib/gps_package/gps_node.py -> /home/jaay/Agnirath/Agnirath_LVS_Strategy/aarush_ros/install/gps_package/lib/python3.10/site-packages/gps_package
[4.063s] byte-compiling /home/jaay/Agnirath/Agnirath_LVS_Strategy/aarush_ros/install/gps_package/lib/python3.10/site-packages/gps_package/gps_node copy.py to gps_node copy.cpython-310.pyc
[4.064s] byte-compiling /home/jaay/Agnirath/Agnirath_LVS_Strategy/aarush_ros/install/gps_package/lib/python3.10/site-packages/gps_package/__init__.py to __init__.cpython-310.pyc
[4.064s] byte-compiling /home/jaay/Agnirath/Agnirath_LVS_Strategy/aarush_ros/install/gps_package/lib/python3.10/site-packages/gps_package/gps_node.py to gps_node.cpython-310.pyc
[4.065s] running install_data
[4.065s] copying resource/gps_package -> /home/jaay/Agnirath/Agnirath_LVS_Strategy/aarush_ros/install/gps_package/share/ament_index/resource_index/packages
[4.066s] copying package.xml -> /home/jaay/Agnirath/Agnirath_LVS_Strategy/aarush_ros/install/gps_package/share/gps_package
[4.066s] running install_egg_info
[4.067s] removing '/home/jaay/Agnirath/Agnirath_LVS_Strategy/aarush_ros/install/gps_package/lib/python3.10/site-packages/gps_package-0.0.0-py3.10.egg-info' (and everything under it)
[4.068s] Copying ../../build/gps_package/gps_package.egg-info to /home/jaay/Agnirath/Agnirath_LVS_Strategy/aarush_ros/install/gps_package/lib/python3.10/site-packages/gps_package-0.0.0-py3.10.egg-info
[4.068s] running install_scripts
[4.091s] Installing gps_node script to /home/jaay/Agnirath/Agnirath_LVS_Strategy/aarush_ros/install/gps_package/lib/gps_package
[4.091s] writing list of installed files to '/home/jaay/Agnirath/Agnirath_LVS_Strategy/aarush_ros/build/gps_package/install.log'
[4.154s] Invoked command in '/home/jaay/Agnirath/Agnirath_LVS_Strategy/aarush_ros/src/gps_package' returned '0': PYTHONPATH=/home/jaay/Agnirath/Agnirath_LVS_Strategy/aarush_ros/build/gps_package/prefix_override:/home/jaay/Agnirath/Agnirath_LVS_Strategy/aarush_ros/install/gps_package/lib/python3.10/site-packages:${PYTHONPATH} /usr/bin/python3 setup.py egg_info --egg-base ../../build/gps_package build --build-base /home/jaay/Agnirath/Agnirath_LVS_Strategy/aarush_ros/build/gps_package/build install --record /home/jaay/Agnirath/Agnirath_LVS_Strategy/aarush_ros/build/gps_package/install.log --single-version-externally-managed
