[3.225s] Invoking command in '/home/jaay/Agnirath/Agnirath_LVS_Strategy/aarush_ros/src/control_package': PYTHONPATH=/home/jaay/Agnirath/Agnirath_LVS_Strategy/aarush_ros/build/control_package/prefix_override:/home/jaay/Agnirath/Agnirath_LVS_Strategy/aarush_ros/install/control_package/lib/python3.10/site-packages:${PYTHONPATH} /usr/bin/python3 setup.py egg_info --egg-base ../../build/control_package build --build-base /home/jaay/Agnirath/Agnirath_LVS_Strategy/aarush_ros/build/control_package/build install --record /home/jaay/Agnirath/Agnirath_LVS_Strategy/aarush_ros/build/control_package/install.log --single-version-externally-managed
[3.547s] running egg_info
[3.547s] writing ../../build/control_package/control_package.egg-info/PKG-INFO
[3.548s] writing dependency_links to ../../build/control_package/control_package.egg-info/dependency_links.txt
[3.548s] writing entry points to ../../build/control_package/control_package.egg-info/entry_points.txt
[3.548s] writing requirements to ../../build/control_package/control_package.egg-info/requires.txt
[3.548s] writing top-level names to ../../build/control_package/control_package.egg-info/top_level.txt
[3.548s] reading manifest file '../../build/control_package/control_package.egg-info/SOURCES.txt'
[3.548s] adding license file 'LICENSE'
[3.548s] writing manifest file '../../build/control_package/control_package.egg-info/SOURCES.txt'
[3.548s] running build
[3.548s] running build_py
[3.548s] running install
[3.549s] running install_lib
[3.550s] running install_data
[3.551s] running install_egg_info
[3.551s] removing '/home/jaay/Agnirath/Agnirath_LVS_Strategy/aarush_ros/install/control_package/lib/python3.10/site-packages/control_package-0.0.0-py3.10.egg-info' (and everything under it)
[3.551s] Copying ../../build/control_package/control_package.egg-info to /home/jaay/Agnirath/Agnirath_LVS_Strategy/aarush_ros/install/control_package/lib/python3.10/site-packages/control_package-0.0.0-py3.10.egg-info
[3.551s] running install_scripts
[3.562s] Installing control_node script to /home/jaay/Agnirath/Agnirath_LVS_Strategy/aarush_ros/install/control_package/lib/control_package
[3.562s] writing list of installed files to '/home/jaay/Agnirath/Agnirath_LVS_Strategy/aarush_ros/build/control_package/install.log'
[3.630s] Invoked command in '/home/jaay/Agnirath/Agnirath_LVS_Strategy/aarush_ros/src/control_package' returned '0': PYTHONPATH=/home/jaay/Agnirath/Agnirath_LVS_Strategy/aarush_ros/build/control_package/prefix_override:/home/jaay/Agnirath/Agnirath_LVS_Strategy/aarush_ros/install/control_package/lib/python3.10/site-packages:${PYTHONPATH} /usr/bin/python3 setup.py egg_info --egg-base ../../build/control_package build --build-base /home/jaay/Agnirath/Agnirath_LVS_Strategy/aarush_ros/build/control_package/build install --record /home/jaay/Agnirath/Agnirath_LVS_Strategy/aarush_ros/build/control_package/install.log --single-version-externally-managed
