[3.832s] Invoking command in '/home/jaay/Agnirath/Agnirath_LVS_Strategy/aarush_ros/src/control_package': PYTHONPATH=/home/jaay/Agnirath/Agnirath_LVS_Strategy/aarush_ros/build/control_package/prefix_override:/home/jaay/Agnirath/Agnirath_LVS_Strategy/aarush_ros/install/control_package/lib/python3.10/site-packages:${PYTHONPATH} /usr/bin/python3 setup.py egg_info --egg-base ../../build/control_package build --build-base /home/jaay/Agnirath/Agnirath_LVS_Strategy/aarush_ros/build/control_package/build install --record /home/jaay/Agnirath/Agnirath_LVS_Strategy/aarush_ros/build/control_package/install.log --single-version-externally-managed
[4.238s] running egg_info
[4.239s] writing ../../build/control_package/control_package.egg-info/PKG-INFO
[4.240s] writing dependency_links to ../../build/control_package/control_package.egg-info/dependency_links.txt
[4.240s] writing entry points to ../../build/control_package/control_package.egg-info/entry_points.txt
[4.240s] writing requirements to ../../build/control_package/control_package.egg-info/requires.txt
[4.240s] writing top-level names to ../../build/control_package/control_package.egg-info/top_level.txt
[4.243s] reading manifest file '../../build/control_package/control_package.egg-info/SOURCES.txt'
[4.243s] adding license file 'LICENSE'
[4.245s] writing manifest file '../../build/control_package/control_package.egg-info/SOURCES.txt'
[4.245s] running build
[4.245s] running build_py
[4.245s] copying control_package/control_node.py -> /home/jaay/Agnirath/Agnirath_LVS_Strategy/aarush_ros/build/control_package/build/lib/control_package
[4.245s] running install
[4.246s] running install_lib
[4.247s] copying /home/jaay/Agnirath/Agnirath_LVS_Strategy/aarush_ros/build/control_package/build/lib/control_package/control_node.py -> /home/jaay/Agnirath/Agnirath_LVS_Strategy/aarush_ros/install/control_package/lib/python3.10/site-packages/control_package
[4.248s] byte-compiling /home/jaay/Agnirath/Agnirath_LVS_Strategy/aarush_ros/install/control_package/lib/python3.10/site-packages/control_package/control_node.py to control_node.cpython-310.pyc
[4.249s] running install_data
[4.250s] running install_egg_info
[4.253s] removing '/home/jaay/Agnirath/Agnirath_LVS_Strategy/aarush_ros/install/control_package/lib/python3.10/site-packages/control_package-0.0.0-py3.10.egg-info' (and everything under it)
[4.253s] Copying ../../build/control_package/control_package.egg-info to /home/jaay/Agnirath/Agnirath_LVS_Strategy/aarush_ros/install/control_package/lib/python3.10/site-packages/control_package-0.0.0-py3.10.egg-info
[4.254s] running install_scripts
[4.284s] Installing control_node script to /home/jaay/Agnirath/Agnirath_LVS_Strategy/aarush_ros/install/control_package/lib/control_package
[4.285s] writing list of installed files to '/home/jaay/Agnirath/Agnirath_LVS_Strategy/aarush_ros/build/control_package/install.log'
[4.348s] Invoked command in '/home/jaay/Agnirath/Agnirath_LVS_Strategy/aarush_ros/src/control_package' returned '0': PYTHONPATH=/home/jaay/Agnirath/Agnirath_LVS_Strategy/aarush_ros/build/control_package/prefix_override:/home/jaay/Agnirath/Agnirath_LVS_Strategy/aarush_ros/install/control_package/lib/python3.10/site-packages:${PYTHONPATH} /usr/bin/python3 setup.py egg_info --egg-base ../../build/control_package build --build-base /home/jaay/Agnirath/Agnirath_LVS_Strategy/aarush_ros/build/control_package/build install --record /home/jaay/Agnirath/Agnirath_LVS_Strategy/aarush_ros/build/control_package/install.log --single-version-externally-managed
