[2.395s] Invoking command in '/home/ubuntu/Old_LV/aarush_ros/src/main_package': PYTHONPATH=/home/ubuntu/Old_LV/aarush_ros/build/main_package/prefix_override:/home/ubuntu/Old_LV/aarush_ros/install/main_package/lib/python3.10/site-packages:${PYTHONPATH} /usr/bin/python3 setup.py egg_info --egg-base ../../build/main_package build --build-base /home/ubuntu/Old_LV/aarush_ros/build/main_package/build install --record /home/ubuntu/Old_LV/aarush_ros/build/main_package/install.log --single-version-externally-managed
[3.318s] running egg_info
[3.324s] writing ../../build/main_package/main_package.egg-info/PKG-INFO
[3.326s] writing dependency_links to ../../build/main_package/main_package.egg-info/dependency_links.txt
[3.328s] writing entry points to ../../build/main_package/main_package.egg-info/entry_points.txt
[3.330s] writing requirements to ../../build/main_package/main_package.egg-info/requires.txt
[3.341s] writing top-level names to ../../build/main_package/main_package.egg-info/top_level.txt
[3.341s] reading manifest file '../../build/main_package/main_package.egg-info/SOURCES.txt'
[3.344s] adding license file 'LICENSE'
[3.357s] writing manifest file '../../build/main_package/main_package.egg-info/SOURCES.txt'
[3.362s] running build
[3.362s] running build_py
[3.365s] copying main_package/main_node_1.py -> /home/ubuntu/Old_LV/aarush_ros/build/main_package/build/lib/main_package
[3.366s] running install
[3.368s] /usr/lib/python3/dist-packages/setuptools/command/install.py:34: SetuptoolsDeprecationWarning: setup.py install is deprecated. Use build and pip and other standards-based tools.
[3.378s]   warnings.warn(
[3.380s] running install_lib
[3.381s] copying /home/ubuntu/Old_LV/aarush_ros/build/main_package/build/lib/main_package/main_node_1.py -> /home/ubuntu/Old_LV/aarush_ros/install/main_package/lib/python3.10/site-packages/main_package
[3.383s] byte-compiling /home/ubuntu/Old_LV/aarush_ros/install/main_package/lib/python3.10/site-packages/main_package/main_node_1.py to main_node_1.cpython-310.pyc
[3.386s] running install_data
[3.388s] running install_egg_info
[3.390s] removing '/home/ubuntu/Old_LV/aarush_ros/install/main_package/lib/python3.10/site-packages/main_package-0.0.0-py3.10.egg-info' (and everything under it)
[3.392s] Copying ../../build/main_package/main_package.egg-info to /home/ubuntu/Old_LV/aarush_ros/install/main_package/lib/python3.10/site-packages/main_package-0.0.0-py3.10.egg-info
[3.394s] running install_scripts
[3.460s] Installing main_node script to /home/ubuntu/Old_LV/aarush_ros/install/main_package/lib/main_package
[3.467s] writing list of installed files to '/home/ubuntu/Old_LV/aarush_ros/build/main_package/install.log'
[3.586s] Invoked command in '/home/ubuntu/Old_LV/aarush_ros/src/main_package' returned '0': PYTHONPATH=/home/ubuntu/Old_LV/aarush_ros/build/main_package/prefix_override:/home/ubuntu/Old_LV/aarush_ros/install/main_package/lib/python3.10/site-packages:${PYTHONPATH} /usr/bin/python3 setup.py egg_info --egg-base ../../build/main_package build --build-base /home/ubuntu/Old_LV/aarush_ros/build/main_package/build install --record /home/ubuntu/Old_LV/aarush_ros/build/main_package/install.log --single-version-externally-managed
