[2.920s] Invoking command in '/home/jaay/Agnirath/Agnirath_LVS_Strategy/aarush_ros/src/battery_package': PYTHONPATH=/home/jaay/Agnirath/Agnirath_LVS_Strategy/aarush_ros/build/battery_package/prefix_override:/home/jaay/Agnirath/Agnirath_LVS_Strategy/aarush_ros/install/battery_package/lib/python3.10/site-packages:${PYTHONPATH} /usr/bin/python3 setup.py egg_info --egg-base ../../build/battery_package build --build-base /home/jaay/Agnirath/Agnirath_LVS_Strategy/aarush_ros/build/battery_package/build install --record /home/jaay/Agnirath/Agnirath_LVS_Strategy/aarush_ros/build/battery_package/install.log --single-version-externally-managed
[3.279s] running egg_info
[3.279s] creating ../../build/battery_package/battery_package.egg-info
[3.279s] writing ../../build/battery_package/battery_package.egg-info/PKG-INFO
[3.279s] writing dependency_links to ../../build/battery_package/battery_package.egg-info/dependency_links.txt
[3.280s] writing entry points to ../../build/battery_package/battery_package.egg-info/entry_points.txt
[3.280s] writing requirements to ../../build/battery_package/battery_package.egg-info/requires.txt
[3.280s] writing top-level names to ../../build/battery_package/battery_package.egg-info/top_level.txt
[3.280s] writing manifest file '../../build/battery_package/battery_package.egg-info/SOURCES.txt'
[3.281s] reading manifest file '../../build/battery_package/battery_package.egg-info/SOURCES.txt'
[3.281s] adding license file 'LICENSE'
[3.282s] writing manifest file '../../build/battery_package/battery_package.egg-info/SOURCES.txt'
[3.282s] running build
[3.282s] running build_py
[3.282s] creating /home/jaay/Agnirath/Agnirath_LVS_Strategy/aarush_ros/build/battery_package/build
[3.282s] creating /home/jaay/Agnirath/Agnirath_LVS_Strategy/aarush_ros/build/battery_package/build/lib
[3.282s] creating /home/jaay/Agnirath/Agnirath_LVS_Strategy/aarush_ros/build/battery_package/build/lib/battery_package
[3.282s] copying battery_package/__init__.py -> /home/jaay/Agnirath/Agnirath_LVS_Strategy/aarush_ros/build/battery_package/build/lib/battery_package
[3.282s] copying battery_package/battery_node.py -> /home/jaay/Agnirath/Agnirath_LVS_Strategy/aarush_ros/build/battery_package/build/lib/battery_package
[3.282s] running install
[3.283s] running install_lib
[3.283s] creating /home/jaay/Agnirath/Agnirath_LVS_Strategy/aarush_ros/install/battery_package/lib/python3.10/site-packages/battery_package
[3.283s] copying /home/jaay/Agnirath/Agnirath_LVS_Strategy/aarush_ros/build/battery_package/build/lib/battery_package/__init__.py -> /home/jaay/Agnirath/Agnirath_LVS_Strategy/aarush_ros/install/battery_package/lib/python3.10/site-packages/battery_package
[3.283s] copying /home/jaay/Agnirath/Agnirath_LVS_Strategy/aarush_ros/build/battery_package/build/lib/battery_package/battery_node.py -> /home/jaay/Agnirath/Agnirath_LVS_Strategy/aarush_ros/install/battery_package/lib/python3.10/site-packages/battery_package
[3.284s] byte-compiling /home/jaay/Agnirath/Agnirath_LVS_Strategy/aarush_ros/install/battery_package/lib/python3.10/site-packages/battery_package/__init__.py to __init__.cpython-310.pyc
[3.284s] byte-compiling /home/jaay/Agnirath/Agnirath_LVS_Strategy/aarush_ros/install/battery_package/lib/python3.10/site-packages/battery_package/battery_node.py to battery_node.cpython-310.pyc
[3.284s] running install_data
[3.284s] creating /home/jaay/Agnirath/Agnirath_LVS_Strategy/aarush_ros/install/battery_package/share/ament_index
[3.284s] creating /home/jaay/Agnirath/Agnirath_LVS_Strategy/aarush_ros/install/battery_package/share/ament_index/resource_index
[3.285s] creating /home/jaay/Agnirath/Agnirath_LVS_Strategy/aarush_ros/install/battery_package/share/ament_index/resource_index/packages
[3.285s] copying resource/battery_package -> /home/jaay/Agnirath/Agnirath_LVS_Strategy/aarush_ros/install/battery_package/share/ament_index/resource_index/packages
[3.285s] copying package.xml -> /home/jaay/Agnirath/Agnirath_LVS_Strategy/aarush_ros/install/battery_package/share/battery_package
[3.285s] running install_egg_info
[3.286s] Copying ../../build/battery_package/battery_package.egg-info to /home/jaay/Agnirath/Agnirath_LVS_Strategy/aarush_ros/install/battery_package/lib/python3.10/site-packages/battery_package-0.0.0-py3.10.egg-info
[3.286s] running install_scripts
[3.301s] Installing battery_node script to /home/jaay/Agnirath/Agnirath_LVS_Strategy/aarush_ros/install/battery_package/lib/battery_package
[3.301s] writing list of installed files to '/home/jaay/Agnirath/Agnirath_LVS_Strategy/aarush_ros/build/battery_package/install.log'
[3.330s] Invoked command in '/home/jaay/Agnirath/Agnirath_LVS_Strategy/aarush_ros/src/battery_package' returned '0': PYTHONPATH=/home/jaay/Agnirath/Agnirath_LVS_Strategy/aarush_ros/build/battery_package/prefix_override:/home/jaay/Agnirath/Agnirath_LVS_Strategy/aarush_ros/install/battery_package/lib/python3.10/site-packages:${PYTHONPATH} /usr/bin/python3 setup.py egg_info --egg-base ../../build/battery_package build --build-base /home/jaay/Agnirath/Agnirath_LVS_Strategy/aarush_ros/build/battery_package/build install --record /home/jaay/Agnirath/Agnirath_LVS_Strategy/aarush_ros/build/battery_package/install.log --single-version-externally-managed
