[2.616s] Invoking command in '/home/ubuntu/Old_LV/aarush_ros/src/mppt_package': PYTHONPATH=/home/ubuntu/Old_LV/aarush_ros/build/mppt_package/prefix_override:/home/ubuntu/Old_LV/aarush_ros/install/mppt_package/lib/python3.10/site-packages:${PYTHONPATH} /usr/bin/python3 setup.py egg_info --egg-base ../../build/mppt_package build --build-base /home/ubuntu/Old_LV/aarush_ros/build/mppt_package/build install --record /home/ubuntu/Old_LV/aarush_ros/build/mppt_package/install.log --single-version-externally-managed
[3.700s] running egg_info
[3.704s] writing ../../build/mppt_package/mppt_package.egg-info/PKG-INFO
[3.706s] writing dependency_links to ../../build/mppt_package/mppt_package.egg-info/dependency_links.txt
[3.708s] writing entry points to ../../build/mppt_package/mppt_package.egg-info/entry_points.txt
[3.709s] writing requirements to ../../build/mppt_package/mppt_package.egg-info/requires.txt
[3.710s] writing top-level names to ../../build/mppt_package/mppt_package.egg-info/top_level.txt
[3.720s] reading manifest file '../../build/mppt_package/mppt_package.egg-info/SOURCES.txt'
[3.722s] adding license file 'LICENSE'
[3.725s] writing manifest file '../../build/mppt_package/mppt_package.egg-info/SOURCES.txt'
[3.727s] running build
[3.727s] running build_py
[3.729s] running install
[3.730s] /usr/lib/python3/dist-packages/setuptools/command/install.py:34: SetuptoolsDeprecationWarning: setup.py install is deprecated. Use build and pip and other standards-based tools.
[3.731s]   warnings.warn(
[3.732s] running install_lib
[3.736s] running install_data
[3.739s] running install_egg_info
[3.746s] removing '/home/ubuntu/Old_LV/aarush_ros/install/mppt_package/lib/python3.10/site-packages/mppt_package-0.0.0-py3.10.egg-info' (and everything under it)
[3.747s] Copying ../../build/mppt_package/mppt_package.egg-info to /home/ubuntu/Old_LV/aarush_ros/install/mppt_package/lib/python3.10/site-packages/mppt_package-0.0.0-py3.10.egg-info
[3.752s] running install_scripts
[3.837s] Installing mppt_node script to /home/ubuntu/Old_LV/aarush_ros/install/mppt_package/lib/mppt_package
[3.838s] writing list of installed files to '/home/ubuntu/Old_LV/aarush_ros/build/mppt_package/install.log'
[4.141s] Invoked command in '/home/ubuntu/Old_LV/aarush_ros/src/mppt_package' returned '0': PYTHONPATH=/home/ubuntu/Old_LV/aarush_ros/build/mppt_package/prefix_override:/home/ubuntu/Old_LV/aarush_ros/install/mppt_package/lib/python3.10/site-packages:${PYTHONPATH} /usr/bin/python3 setup.py egg_info --egg-base ../../build/mppt_package build --build-base /home/ubuntu/Old_LV/aarush_ros/build/mppt_package/build install --record /home/ubuntu/Old_LV/aarush_ros/build/mppt_package/install.log --single-version-externally-managed
