[3.390s] Invoking command in '/home/ubuntu/Old_LV/aarush_ros/src/control_package': PYTHONPATH=/home/ubuntu/Old_LV/aarush_ros/build/control_package/prefix_override:/home/ubuntu/Old_LV/aarush_ros/install/control_package/lib/python3.10/site-packages:${PYTHONPATH} /usr/bin/python3 setup.py egg_info --egg-base ../../build/control_package build --build-base /home/ubuntu/Old_LV/aarush_ros/build/control_package/build install --record /home/ubuntu/Old_LV/aarush_ros/build/control_package/install.log --single-version-externally-managed
[4.429s] running egg_info
[4.432s] writing ../../build/control_package/control_package.egg-info/PKG-INFO
[4.433s] writing dependency_links to ../../build/control_package/control_package.egg-info/dependency_links.txt
[4.434s] writing entry points to ../../build/control_package/control_package.egg-info/entry_points.txt
[4.435s] writing requirements to ../../build/control_package/control_package.egg-info/requires.txt
[4.436s] writing top-level names to ../../build/control_package/control_package.egg-info/top_level.txt
[4.445s] reading manifest file '../../build/control_package/control_package.egg-info/SOURCES.txt'
[4.446s] adding license file 'LICENSE'
[4.449s] writing manifest file '../../build/control_package/control_package.egg-info/SOURCES.txt'
[4.450s] running build
[4.450s] running build_py
[4.451s] running install
[4.452s] /usr/lib/python3/dist-packages/setuptools/command/install.py:34: SetuptoolsDeprecationWarning: setup.py install is deprecated. Use build and pip and other standards-based tools.
[4.452s]   warnings.warn(
[4.453s] running install_lib
[4.457s] running install_data
[4.460s] running install_egg_info
[4.467s] removing '/home/ubuntu/Old_LV/aarush_ros/install/control_package/lib/python3.10/site-packages/control_package-0.0.0-py3.10.egg-info' (and everything under it)
[4.468s] Copying ../../build/control_package/control_package.egg-info to /home/ubuntu/Old_LV/aarush_ros/install/control_package/lib/python3.10/site-packages/control_package-0.0.0-py3.10.egg-info
[4.471s] running install_scripts
[4.554s] Installing control_node script to /home/ubuntu/Old_LV/aarush_ros/install/control_package/lib/control_package
[4.556s] writing list of installed files to '/home/ubuntu/Old_LV/aarush_ros/build/control_package/install.log'
[4.697s] Invoked command in '/home/ubuntu/Old_LV/aarush_ros/src/control_package' returned '0': PYTHONPATH=/home/ubuntu/Old_LV/aarush_ros/build/control_package/prefix_override:/home/ubuntu/Old_LV/aarush_ros/install/control_package/lib/python3.10/site-packages:${PYTHONPATH} /usr/bin/python3 setup.py egg_info --egg-base ../../build/control_package build --build-base /home/ubuntu/Old_LV/aarush_ros/build/control_package/build install --record /home/ubuntu/Old_LV/aarush_ros/build/control_package/install.log --single-version-externally-managed
