[3.385s] Invoking command in '/home/ubuntu/Old_LV/aarush_ros/src/mppt_package': PYTHONPATH=/home/ubuntu/Old_LV/aarush_ros/build/mppt_package/prefix_override:/home/ubuntu/Old_LV/aarush_ros/install/mppt_package/lib/python3.10/site-packages:${PYTHONPATH} /usr/bin/python3 setup.py egg_info --egg-base ../../build/mppt_package build --build-base /home/ubuntu/Old_LV/aarush_ros/build/mppt_package/build install --record /home/ubuntu/Old_LV/aarush_ros/build/mppt_package/install.log --single-version-externally-managed
[4.386s] running egg_info
[4.389s] writing ../../build/mppt_package/mppt_package.egg-info/PKG-INFO
[4.390s] writing dependency_links to ../../build/mppt_package/mppt_package.egg-info/dependency_links.txt
[4.391s] writing entry points to ../../build/mppt_package/mppt_package.egg-info/entry_points.txt
[4.392s] writing requirements to ../../build/mppt_package/mppt_package.egg-info/requires.txt
[4.392s] writing top-level names to ../../build/mppt_package/mppt_package.egg-info/top_level.txt
[4.400s] reading manifest file '../../build/mppt_package/mppt_package.egg-info/SOURCES.txt'
[4.401s] adding license file 'LICENSE'
[4.404s] writing manifest file '../../build/mppt_package/mppt_package.egg-info/SOURCES.txt'
[4.405s] running build
[4.406s] running build_py
[4.406s] running install
[4.407s] /usr/lib/python3/dist-packages/setuptools/command/install.py:34: SetuptoolsDeprecationWarning: setup.py install is deprecated. Use build and pip and other standards-based tools.
[4.407s]   warnings.warn(
[4.408s] running install_lib
[4.413s] running install_data
[4.415s] running install_egg_info
[4.422s] removing '/home/ubuntu/Old_LV/aarush_ros/install/mppt_package/lib/python3.10/site-packages/mppt_package-0.0.0-py3.10.egg-info' (and everything under it)
[4.423s] Copying ../../build/mppt_package/mppt_package.egg-info to /home/ubuntu/Old_LV/aarush_ros/install/mppt_package/lib/python3.10/site-packages/mppt_package-0.0.0-py3.10.egg-info
[4.427s] running install_scripts
[4.530s] Installing mppt_node script to /home/ubuntu/Old_LV/aarush_ros/install/mppt_package/lib/mppt_package
[4.533s] writing list of installed files to '/home/ubuntu/Old_LV/aarush_ros/build/mppt_package/install.log'
[4.697s] Invoked command in '/home/ubuntu/Old_LV/aarush_ros/src/mppt_package' returned '0': PYTHONPATH=/home/ubuntu/Old_LV/aarush_ros/build/mppt_package/prefix_override:/home/ubuntu/Old_LV/aarush_ros/install/mppt_package/lib/python3.10/site-packages:${PYTHONPATH} /usr/bin/python3 setup.py egg_info --egg-base ../../build/mppt_package build --build-base /home/ubuntu/Old_LV/aarush_ros/build/mppt_package/build install --record /home/ubuntu/Old_LV/aarush_ros/build/mppt_package/install.log --single-version-externally-managed
