[3.433s] Invoking command in '/home/ubuntu/Old_LV/aarush_ros/src/battery_package': PYTHONPATH=/home/ubuntu/Old_LV/aarush_ros/build/battery_package/prefix_override:/home/ubuntu/Old_LV/aarush_ros/install/battery_package/lib/python3.10/site-packages:${PYTHONPATH} /usr/bin/python3 setup.py egg_info --egg-base ../../build/battery_package build --build-base /home/ubuntu/Old_LV/aarush_ros/build/battery_package/build install --record /home/ubuntu/Old_LV/aarush_ros/build/battery_package/install.log --single-version-externally-managed
[4.555s] running egg_info
[4.558s] writing ../../build/battery_package/battery_package.egg-info/PKG-INFO
[4.560s] writing dependency_links to ../../build/battery_package/battery_package.egg-info/dependency_links.txt
[4.561s] writing entry points to ../../build/battery_package/battery_package.egg-info/entry_points.txt
[4.562s] writing requirements to ../../build/battery_package/battery_package.egg-info/requires.txt
[4.562s] writing top-level names to ../../build/battery_package/battery_package.egg-info/top_level.txt
[4.572s] reading manifest file '../../build/battery_package/battery_package.egg-info/SOURCES.txt'
[4.573s] adding license file 'LICENSE'
[4.577s] writing manifest file '../../build/battery_package/battery_package.egg-info/SOURCES.txt'
[4.577s] running build
[4.578s] running build_py
[4.580s] running install
[4.581s] /usr/lib/python3/dist-packages/setuptools/command/install.py:34: SetuptoolsDeprecationWarning: setup.py install is deprecated. Use build and pip and other standards-based tools.
[4.581s]   warnings.warn(
[4.582s] running install_lib
[4.587s] running install_data
[4.590s] running install_egg_info
[4.597s] removing '/home/ubuntu/Old_LV/aarush_ros/install/battery_package/lib/python3.10/site-packages/battery_package-0.0.0-py3.10.egg-info' (and everything under it)
[4.599s] Copying ../../build/battery_package/battery_package.egg-info to /home/ubuntu/Old_LV/aarush_ros/install/battery_package/lib/python3.10/site-packages/battery_package-0.0.0-py3.10.egg-info
[4.604s] running install_scripts
[4.694s] Installing battery_node script to /home/ubuntu/Old_LV/aarush_ros/install/battery_package/lib/battery_package
[4.696s] writing list of installed files to '/home/ubuntu/Old_LV/aarush_ros/build/battery_package/install.log'
[4.846s] Invoked command in '/home/ubuntu/Old_LV/aarush_ros/src/battery_package' returned '0': PYTHONPATH=/home/ubuntu/Old_LV/aarush_ros/build/battery_package/prefix_override:/home/ubuntu/Old_LV/aarush_ros/install/battery_package/lib/python3.10/site-packages:${PYTHONPATH} /usr/bin/python3 setup.py egg_info --egg-base ../../build/battery_package build --build-base /home/ubuntu/Old_LV/aarush_ros/build/battery_package/build install --record /home/ubuntu/Old_LV/aarush_ros/build/battery_package/install.log --single-version-externally-managed
