running egg_info
creating ../../build/gps_package/gps_package.egg-info
writing ../../build/gps_package/gps_package.egg-info/PKG-INFO
writing dependency_links to ../../build/gps_package/gps_package.egg-info/dependency_links.txt
writing entry points to ../../build/gps_package/gps_package.egg-info/entry_points.txt
writing requirements to ../../build/gps_package/gps_package.egg-info/requires.txt
writing top-level names to ../../build/gps_package/gps_package.egg-info/top_level.txt
writing manifest file '../../build/gps_package/gps_package.egg-info/SOURCES.txt'
reading manifest file '../../build/gps_package/gps_package.egg-info/SOURCES.txt'
adding license file 'LICENSE'
writing manifest file '../../build/gps_package/gps_package.egg-info/SOURCES.txt'
running build
running build_py
creating /home/jaay/Agnirath/Agnirath_LVS_Strategy/aarush_ros/build/gps_package/build
creating /home/jaay/Agnirath/Agnirath_LVS_Strategy/aarush_ros/build/gps_package/build/lib
creating /home/jaay/Agnirath/Agnirath_LVS_Strategy/aarush_ros/build/gps_package/build/lib/gps_package
copying gps_package/gps_node copy.py -> /home/jaay/Agnirath/Agnirath_LVS_Strategy/aarush_ros/build/gps_package/build/lib/gps_package
copying gps_package/__init__.py -> /home/jaay/Agnirath/Agnirath_LVS_Strategy/aarush_ros/build/gps_package/build/lib/gps_package
copying gps_package/gps_node.py -> /home/jaay/Agnirath/Agnirath_LVS_Strategy/aarush_ros/build/gps_package/build/lib/gps_package
running install
running install_lib
creating /home/jaay/Agnirath/Agnirath_LVS_Strategy/aarush_ros/install/gps_package/lib/python3.10/site-packages/gps_package
copying /home/jaay/Agnirath/Agnirath_LVS_Strategy/aarush_ros/build/gps_package/build/lib/gps_package/gps_node copy.py -> /home/jaay/Agnirath/Agnirath_LVS_Strategy/aarush_ros/install/gps_package/lib/python3.10/site-packages/gps_package
copying /home/jaay/Agnirath/Agnirath_LVS_Strategy/aarush_ros/build/gps_package/build/lib/gps_package/__init__.py -> /home/jaay/Agnirath/Agnirath_LVS_Strategy/aarush_ros/install/gps_package/lib/python3.10/site-packages/gps_package
copying /home/jaay/Agnirath/Agnirath_LVS_Strategy/aarush_ros/build/gps_package/build/lib/gps_package/gps_node.py -> /home/jaay/Agnirath/Agnirath_LVS_Strategy/aarush_ros/install/gps_package/lib/python3.10/site-packages/gps_package
byte-compiling /home/jaay/Agnirath/Agnirath_LVS_Strategy/aarush_ros/install/gps_package/lib/python3.10/site-packages/gps_package/gps_node copy.py to gps_node copy.cpython-310.pyc
byte-compiling /home/jaay/Agnirath/Agnirath_LVS_Strategy/aarush_ros/install/gps_package/lib/python3.10/site-packages/gps_package/__init__.py to __init__.cpython-310.pyc
byte-compiling /home/jaay/Agnirath/Agnirath_LVS_Strategy/aarush_ros/install/gps_package/lib/python3.10/site-packages/gps_package/gps_node.py to gps_node.cpython-310.pyc
running install_data
creating /home/jaay/Agnirath/Agnirath_LVS_Strategy/aarush_ros/install/gps_package/share/ament_index
creating /home/jaay/Agnirath/Agnirath_LVS_Strategy/aarush_ros/install/gps_package/share/ament_index/resource_index
creating /home/jaay/Agnirath/Agnirath_LVS_Strategy/aarush_ros/install/gps_package/share/ament_index/resource_index/packages
copying resource/gps_package -> /home/jaay/Agnirath/Agnirath_LVS_Strategy/aarush_ros/install/gps_package/share/ament_index/resource_index/packages
copying package.xml -> /home/jaay/Agnirath/Agnirath_LVS_Strategy/aarush_ros/install/gps_package/share/gps_package
running install_egg_info
Copying ../../build/gps_package/gps_package.egg-info to /home/jaay/Agnirath/Agnirath_LVS_Strategy/aarush_ros/install/gps_package/lib/python3.10/site-packages/gps_package-0.0.0-py3.10.egg-info
running install_scripts
Installing gps_node script to /home/jaay/Agnirath/Agnirath_LVS_Strategy/aarush_ros/install/gps_package/lib/gps_package
writing list of installed files to '/home/jaay/Agnirath/Agnirath_LVS_Strategy/aarush_ros/build/gps_package/install.log'
