[2.753s] Invoking command in '/home/jaay/Agnirath/Agnirath_LVS_Strategy/aarush_ros/src/gps_package': PYTHONPATH=/home/jaay/Agnirath/Agnirath_LVS_Strategy/aarush_ros/build/gps_package/prefix_override:/home/jaay/Agnirath/Agnirath_LVS_Strategy/aarush_ros/install/gps_package/lib/python3.10/site-packages:${PYTHONPATH} /usr/bin/python3 setup.py egg_info --egg-base ../../build/gps_package build --build-base /home/jaay/Agnirath/Agnirath_LVS_Strategy/aarush_ros/build/gps_package/build install --record /home/jaay/Agnirath/Agnirath_LVS_Strategy/aarush_ros/build/gps_package/install.log --single-version-externally-managed
[3.022s] running egg_info
[3.022s] creating ../../build/gps_package/gps_package.egg-info
[3.023s] writing ../../build/gps_package/gps_package.egg-info/PKG-INFO
[3.023s] writing dependency_links to ../../build/gps_package/gps_package.egg-info/dependency_links.txt
[3.023s] writing entry points to ../../build/gps_package/gps_package.egg-info/entry_points.txt
[3.023s] writing requirements to ../../build/gps_package/gps_package.egg-info/requires.txt
[3.023s] writing top-level names to ../../build/gps_package/gps_package.egg-info/top_level.txt
[3.023s] writing manifest file '../../build/gps_package/gps_package.egg-info/SOURCES.txt'
[3.025s] reading manifest file '../../build/gps_package/gps_package.egg-info/SOURCES.txt'
[3.025s] adding license file 'LICENSE'
[3.026s] writing manifest file '../../build/gps_package/gps_package.egg-info/SOURCES.txt'
[3.026s] running build
[3.027s] running build_py
[3.027s] creating /home/jaay/Agnirath/Agnirath_LVS_Strategy/aarush_ros/build/gps_package/build
[3.027s] creating /home/jaay/Agnirath/Agnirath_LVS_Strategy/aarush_ros/build/gps_package/build/lib
[3.027s] creating /home/jaay/Agnirath/Agnirath_LVS_Strategy/aarush_ros/build/gps_package/build/lib/gps_package
[3.027s] copying gps_package/gps_node copy.py -> /home/jaay/Agnirath/Agnirath_LVS_Strategy/aarush_ros/build/gps_package/build/lib/gps_package
[3.027s] copying gps_package/__init__.py -> /home/jaay/Agnirath/Agnirath_LVS_Strategy/aarush_ros/build/gps_package/build/lib/gps_package
[3.028s] copying gps_package/gps_node.py -> /home/jaay/Agnirath/Agnirath_LVS_Strategy/aarush_ros/build/gps_package/build/lib/gps_package
[3.028s] running install
[3.028s] running install_lib
[3.028s] creating /home/jaay/Agnirath/Agnirath_LVS_Strategy/aarush_ros/install/gps_package/lib/python3.10/site-packages/gps_package
[3.028s] copying /home/jaay/Agnirath/Agnirath_LVS_Strategy/aarush_ros/build/gps_package/build/lib/gps_package/gps_node copy.py -> /home/jaay/Agnirath/Agnirath_LVS_Strategy/aarush_ros/install/gps_package/lib/python3.10/site-packages/gps_package
[3.028s] copying /home/jaay/Agnirath/Agnirath_LVS_Strategy/aarush_ros/build/gps_package/build/lib/gps_package/__init__.py -> /home/jaay/Agnirath/Agnirath_LVS_Strategy/aarush_ros/install/gps_package/lib/python3.10/site-packages/gps_package
[3.028s] copying /home/jaay/Agnirath/Agnirath_LVS_Strategy/aarush_ros/build/gps_package/build/lib/gps_package/gps_node.py -> /home/jaay/Agnirath/Agnirath_LVS_Strategy/aarush_ros/install/gps_package/lib/python3.10/site-packages/gps_package
[3.029s] byte-compiling /home/jaay/Agnirath/Agnirath_LVS_Strategy/aarush_ros/install/gps_package/lib/python3.10/site-packages/gps_package/gps_node copy.py to gps_node copy.cpython-310.pyc
[3.030s] byte-compiling /home/jaay/Agnirath/Agnirath_LVS_Strategy/aarush_ros/install/gps_package/lib/python3.10/site-packages/gps_package/__init__.py to __init__.cpython-310.pyc
[3.030s] byte-compiling /home/jaay/Agnirath/Agnirath_LVS_Strategy/aarush_ros/install/gps_package/lib/python3.10/site-packages/gps_package/gps_node.py to gps_node.cpython-310.pyc
[3.030s] running install_data
[3.031s] creating /home/jaay/Agnirath/Agnirath_LVS_Strategy/aarush_ros/install/gps_package/share/ament_index
[3.031s] creating /home/jaay/Agnirath/Agnirath_LVS_Strategy/aarush_ros/install/gps_package/share/ament_index/resource_index
[3.032s] creating /home/jaay/Agnirath/Agnirath_LVS_Strategy/aarush_ros/install/gps_package/share/ament_index/resource_index/packages
[3.032s] copying resource/gps_package -> /home/jaay/Agnirath/Agnirath_LVS_Strategy/aarush_ros/install/gps_package/share/ament_index/resource_index/packages
[3.032s] copying package.xml -> /home/jaay/Agnirath/Agnirath_LVS_Strategy/aarush_ros/install/gps_package/share/gps_package
[3.032s] running install_egg_info
[3.033s] Copying ../../build/gps_package/gps_package.egg-info to /home/jaay/Agnirath/Agnirath_LVS_Strategy/aarush_ros/install/gps_package/lib/python3.10/site-packages/gps_package-0.0.0-py3.10.egg-info
[3.034s] running install_scripts
[3.056s] Installing gps_node script to /home/jaay/Agnirath/Agnirath_LVS_Strategy/aarush_ros/install/gps_package/lib/gps_package
[3.056s] writing list of installed files to '/home/jaay/Agnirath/Agnirath_LVS_Strategy/aarush_ros/build/gps_package/install.log'
[3.124s] Invoked command in '/home/jaay/Agnirath/Agnirath_LVS_Strategy/aarush_ros/src/gps_package' returned '0': PYTHONPATH=/home/jaay/Agnirath/Agnirath_LVS_Strategy/aarush_ros/build/gps_package/prefix_override:/home/jaay/Agnirath/Agnirath_LVS_Strategy/aarush_ros/install/gps_package/lib/python3.10/site-packages:${PYTHONPATH} /usr/bin/python3 setup.py egg_info --egg-base ../../build/gps_package build --build-base /home/jaay/Agnirath/Agnirath_LVS_Strategy/aarush_ros/build/gps_package/build install --record /home/jaay/Agnirath/Agnirath_LVS_Strategy/aarush_ros/build/gps_package/install.log --single-version-externally-managed
