[3.831s] Invoking command in '/home/jaay/Agnirath/Agnirath_LVS_Strategy/aarush_ros/src/mc_package': PYTHONPATH=/home/jaay/Agnirath/Agnirath_LVS_Strategy/aarush_ros/build/mc_package/prefix_override:/home/jaay/Agnirath/Agnirath_LVS_Strategy/aarush_ros/install/mc_package/lib/python3.10/site-packages:${PYTHONPATH} /usr/bin/python3 setup.py egg_info --egg-base ../../build/mc_package build --build-base /home/jaay/Agnirath/Agnirath_LVS_Strategy/aarush_ros/build/mc_package/build install --record /home/jaay/Agnirath/Agnirath_LVS_Strategy/aarush_ros/build/mc_package/install.log --single-version-externally-managed
[4.196s] running egg_info
[4.197s] writing ../../build/mc_package/mc_package.egg-info/PKG-INFO
[4.197s] writing dependency_links to ../../build/mc_package/mc_package.egg-info/dependency_links.txt
[4.198s] writing entry points to ../../build/mc_package/mc_package.egg-info/entry_points.txt
[4.198s] writing requirements to ../../build/mc_package/mc_package.egg-info/requires.txt
[4.198s] writing top-level names to ../../build/mc_package/mc_package.egg-info/top_level.txt
[4.202s] reading manifest file '../../build/mc_package/mc_package.egg-info/SOURCES.txt'
[4.202s] adding license file 'LICENSE'
[4.203s] writing manifest file '../../build/mc_package/mc_package.egg-info/SOURCES.txt'
[4.203s] running build
[4.203s] running build_py
[4.203s] running install
[4.204s] /usr/lib/python3/dist-packages/setuptools/command/install.py:34: SetuptoolsDeprecationWarning: setup.py install is deprecated. Use build and pip and other standards-based tools.
[4.204s]   warnings.warn(
[4.204s] running install_lib
[4.205s] running install_data
[4.206s] running install_egg_info
[4.209s] removing '/home/jaay/Agnirath/Agnirath_LVS_Strategy/aarush_ros/install/mc_package/lib/python3.10/site-packages/mc_package-0.0.0-py3.10.egg-info' (and everything under it)
[4.209s] Copying ../../build/mc_package/mc_package.egg-info to /home/jaay/Agnirath/Agnirath_LVS_Strategy/aarush_ros/install/mc_package/lib/python3.10/site-packages/mc_package-0.0.0-py3.10.egg-info
[4.209s] running install_scripts
[4.237s] Installing mc_node script to /home/jaay/Agnirath/Agnirath_LVS_Strategy/aarush_ros/install/mc_package/lib/mc_package
[4.238s] writing list of installed files to '/home/jaay/Agnirath/Agnirath_LVS_Strategy/aarush_ros/build/mc_package/install.log'
[4.291s] Invoked command in '/home/jaay/Agnirath/Agnirath_LVS_Strategy/aarush_ros/src/mc_package' returned '0': PYTHONPATH=/home/jaay/Agnirath/Agnirath_LVS_Strategy/aarush_ros/build/mc_package/prefix_override:/home/jaay/Agnirath/Agnirath_LVS_Strategy/aarush_ros/install/mc_package/lib/python3.10/site-packages:${PYTHONPATH} /usr/bin/python3 setup.py egg_info --egg-base ../../build/mc_package build --build-base /home/jaay/Agnirath/Agnirath_LVS_Strategy/aarush_ros/build/mc_package/build install --record /home/jaay/Agnirath/Agnirath_LVS_Strategy/aarush_ros/build/mc_package/install.log --single-version-externally-managed
