[2.756s] Invoking command in '/home/jaay/Agnirath/Agnirath_LVS_Strategy/aarush_ros/src/can_package': PYTHONPATH=/home/jaay/Agnirath/Agnirath_LVS_Strategy/aarush_ros/build/can_package/prefix_override:/home/jaay/Agnirath/Agnirath_LVS_Strategy/aarush_ros/install/can_package/lib/python3.10/site-packages:${PYTHONPATH} /usr/bin/python3 setup.py egg_info --egg-base ../../build/can_package build --build-base /home/jaay/Agnirath/Agnirath_LVS_Strategy/aarush_ros/build/can_package/build install --record /home/jaay/Agnirath/Agnirath_LVS_Strategy/aarush_ros/build/can_package/install.log --single-version-externally-managed
[3.035s] running egg_info
[3.035s] writing ../../build/can_package/can_package.egg-info/PKG-INFO
[3.036s] writing dependency_links to ../../build/can_package/can_package.egg-info/dependency_links.txt
[3.036s] writing entry points to ../../build/can_package/can_package.egg-info/entry_points.txt
[3.036s] writing requirements to ../../build/can_package/can_package.egg-info/requires.txt
[3.036s] writing top-level names to ../../build/can_package/can_package.egg-info/top_level.txt
[3.039s] reading manifest file '../../build/can_package/can_package.egg-info/SOURCES.txt'
[3.039s] adding license file 'LICENSE'
[3.040s] writing manifest file '../../build/can_package/can_package.egg-info/SOURCES.txt'
[3.040s] running build
[3.040s] running build_py
[3.042s] running install
[3.042s] running install_lib
[3.043s] running install_data
[3.043s] running install_egg_info
[3.045s] removing '/home/jaay/Agnirath/Agnirath_LVS_Strategy/aarush_ros/install/can_package/lib/python3.10/site-packages/can_package-0.0.0-py3.10.egg-info' (and everything under it)
[3.046s] Copying ../../build/can_package/can_package.egg-info to /home/jaay/Agnirath/Agnirath_LVS_Strategy/aarush_ros/install/can_package/lib/python3.10/site-packages/can_package-0.0.0-py3.10.egg-info
[3.047s] running install_scripts
[3.066s] Installing can_node script to /home/jaay/Agnirath/Agnirath_LVS_Strategy/aarush_ros/install/can_package/lib/can_package
[3.066s] Installing can_node_sim script to /home/jaay/Agnirath/Agnirath_LVS_Strategy/aarush_ros/install/can_package/lib/can_package
[3.067s] writing list of installed files to '/home/jaay/Agnirath/Agnirath_LVS_Strategy/aarush_ros/build/can_package/install.log'
[3.117s] Invoked command in '/home/jaay/Agnirath/Agnirath_LVS_Strategy/aarush_ros/src/can_package' returned '0': PYTHONPATH=/home/jaay/Agnirath/Agnirath_LVS_Strategy/aarush_ros/build/can_package/prefix_override:/home/jaay/Agnirath/Agnirath_LVS_Strategy/aarush_ros/install/can_package/lib/python3.10/site-packages:${PYTHONPATH} /usr/bin/python3 setup.py egg_info --egg-base ../../build/can_package build --build-base /home/jaay/Agnirath/Agnirath_LVS_Strategy/aarush_ros/build/can_package/build install --record /home/jaay/Agnirath/Agnirath_LVS_Strategy/aarush_ros/build/can_package/install.log --single-version-externally-managed
