[3.605s] Invoking command in '/home/jaay/Agnirath/Agnirath_LVS_Strategy/aarush_ros/src/gps_package': PYTHONPATH=/home/jaay/Agnirath/Agnirath_LVS_Strategy/aarush_ros/build/gps_package/prefix_override:/home/jaay/Agnirath/Agnirath_LVS_Strategy/aarush_ros/install/gps_package/lib/python3.10/site-packages:${PYTHONPATH} /usr/bin/python3 setup.py egg_info --egg-base ../../build/gps_package build --build-base /home/jaay/Agnirath/Agnirath_LVS_Strategy/aarush_ros/build/gps_package/build install --record /home/jaay/Agnirath/Agnirath_LVS_Strategy/aarush_ros/build/gps_package/install.log --single-version-externally-managed
[4.087s] running egg_info
[4.088s] writing ../../build/gps_package/gps_package.egg-info/PKG-INFO
[4.088s] writing dependency_links to ../../build/gps_package/gps_package.egg-info/dependency_links.txt
[4.088s] writing entry points to ../../build/gps_package/gps_package.egg-info/entry_points.txt
[4.088s] writing requirements to ../../build/gps_package/gps_package.egg-info/requires.txt
[4.088s] writing top-level names to ../../build/gps_package/gps_package.egg-info/top_level.txt
[4.092s] reading manifest file '../../build/gps_package/gps_package.egg-info/SOURCES.txt'
[4.092s] adding license file 'LICENSE'
[4.093s] writing manifest file '../../build/gps_package/gps_package.egg-info/SOURCES.txt'
[4.093s] running build
[4.093s] running build_py
[4.094s] running install
[4.094s] running install_lib
[4.096s] running install_data
[4.097s] running install_egg_info
[4.100s] removing '/home/jaay/Agnirath/Agnirath_LVS_Strategy/aarush_ros/install/gps_package/lib/python3.10/site-packages/gps_package-0.0.0-py3.10.egg-info' (and everything under it)
[4.100s] Copying ../../build/gps_package/gps_package.egg-info to /home/jaay/Agnirath/Agnirath_LVS_Strategy/aarush_ros/install/gps_package/lib/python3.10/site-packages/gps_package-0.0.0-py3.10.egg-info
[4.101s] running install_scripts
[4.129s] Installing gps_node script to /home/jaay/Agnirath/Agnirath_LVS_Strategy/aarush_ros/install/gps_package/lib/gps_package
[4.129s] writing list of installed files to '/home/jaay/Agnirath/Agnirath_LVS_Strategy/aarush_ros/build/gps_package/install.log'
[4.208s] Invoked command in '/home/jaay/Agnirath/Agnirath_LVS_Strategy/aarush_ros/src/gps_package' returned '0': PYTHONPATH=/home/jaay/Agnirath/Agnirath_LVS_Strategy/aarush_ros/build/gps_package/prefix_override:/home/jaay/Agnirath/Agnirath_LVS_Strategy/aarush_ros/install/gps_package/lib/python3.10/site-packages:${PYTHONPATH} /usr/bin/python3 setup.py egg_info --egg-base ../../build/gps_package build --build-base /home/jaay/Agnirath/Agnirath_LVS_Strategy/aarush_ros/build/gps_package/build install --record /home/jaay/Agnirath/Agnirath_LVS_Strategy/aarush_ros/build/gps_package/install.log --single-version-externally-managed
