[3.069s] Invoking command in '/home/ubuntu/Agnirath_LVS_Strategy/aarush_ros/src/gps_package': PYTHONPATH=/home/ubuntu/Agnirath_LVS_Strategy/aarush_ros/build/gps_package/prefix_override:/home/ubuntu/Agnirath_LVS_Strategy/aarush_ros/install/gps_package/lib/python3.10/site-packages:${PYTHONPATH} /usr/bin/python3 setup.py egg_info --egg-base ../../build/gps_package build --build-base /home/ubuntu/Agnirath_LVS_Strategy/aarush_ros/build/gps_package/build install --record /home/ubuntu/Agnirath_LVS_Strategy/aarush_ros/build/gps_package/install.log --single-version-externally-managed
[4.103s] running egg_info
[4.106s] writing ../../build/gps_package/gps_package.egg-info/PKG-INFO
[4.107s] writing dependency_links to ../../build/gps_package/gps_package.egg-info/dependency_links.txt
[4.108s] writing entry points to ../../build/gps_package/gps_package.egg-info/entry_points.txt
[4.108s] writing requirements to ../../build/gps_package/gps_package.egg-info/requires.txt
[4.109s] writing top-level names to ../../build/gps_package/gps_package.egg-info/top_level.txt
[4.117s] reading manifest file '../../build/gps_package/gps_package.egg-info/SOURCES.txt'
[4.118s] adding license file 'LICENSE'
[4.122s] writing manifest file '../../build/gps_package/gps_package.egg-info/SOURCES.txt'
[4.122s] running build
[4.123s] running build_py
[4.123s] running install
[4.124s] /usr/lib/python3/dist-packages/setuptools/command/install.py:34: SetuptoolsDeprecationWarning: setup.py install is deprecated. Use build and pip and other standards-based tools.
[4.125s]   warnings.warn(
[4.125s] running install_lib
[4.130s] running install_data
[4.132s] running install_egg_info
[4.139s] removing '/home/ubuntu/Agnirath_LVS_Strategy/aarush_ros/install/gps_package/lib/python3.10/site-packages/gps_package-0.0.0-py3.10.egg-info' (and everything under it)
[4.140s] Copying ../../build/gps_package/gps_package.egg-info to /home/ubuntu/Agnirath_LVS_Strategy/aarush_ros/install/gps_package/lib/python3.10/site-packages/gps_package-0.0.0-py3.10.egg-info
[4.144s] running install_scripts
[4.231s] Installing gps_node script to /home/ubuntu/Agnirath_LVS_Strategy/aarush_ros/install/gps_package/lib/gps_package
[4.233s] writing list of installed files to '/home/ubuntu/Agnirath_LVS_Strategy/aarush_ros/build/gps_package/install.log'
[4.396s] Invoked command in '/home/ubuntu/Agnirath_LVS_Strategy/aarush_ros/src/gps_package' returned '0': PYTHONPATH=/home/ubuntu/Agnirath_LVS_Strategy/aarush_ros/build/gps_package/prefix_override:/home/ubuntu/Agnirath_LVS_Strategy/aarush_ros/install/gps_package/lib/python3.10/site-packages:${PYTHONPATH} /usr/bin/python3 setup.py egg_info --egg-base ../../build/gps_package build --build-base /home/ubuntu/Agnirath_LVS_Strategy/aarush_ros/build/gps_package/build install --record /home/ubuntu/Agnirath_LVS_Strategy/aarush_ros/build/gps_package/install.log --single-version-externally-managed
