[3.456s] Invoking command in '/home/ubuntu/Old_LV/aarush_ros/src/rf_package': PYTHONPATH=/home/ubuntu/Old_LV/aarush_ros/build/rf_package/prefix_override:/home/ubuntu/Old_LV/aarush_ros/install/rf_package/lib/python3.10/site-packages:${PYTHONPATH} /usr/bin/python3 setup.py egg_info --egg-base ../../build/rf_package build --build-base /home/ubuntu/Old_LV/aarush_ros/build/rf_package/build install --record /home/ubuntu/Old_LV/aarush_ros/build/rf_package/install.log --single-version-externally-managed
[4.469s] running egg_info
[4.472s] writing ../../build/rf_package/rf_package.egg-info/PKG-INFO
[4.474s] writing dependency_links to ../../build/rf_package/rf_package.egg-info/dependency_links.txt
[4.475s] writing entry points to ../../build/rf_package/rf_package.egg-info/entry_points.txt
[4.476s] writing requirements to ../../build/rf_package/rf_package.egg-info/requires.txt
[4.476s] writing top-level names to ../../build/rf_package/rf_package.egg-info/top_level.txt
[4.486s] reading manifest file '../../build/rf_package/rf_package.egg-info/SOURCES.txt'
[4.488s] adding license file 'LICENSE'
[4.491s] writing manifest file '../../build/rf_package/rf_package.egg-info/SOURCES.txt'
[4.491s] running build
[4.492s] running build_py
[4.493s] running install
[4.494s] /usr/lib/python3/dist-packages/setuptools/command/install.py:34: SetuptoolsDeprecationWarning: setup.py install is deprecated. Use build and pip and other standards-based tools.
[4.494s]   warnings.warn(
[4.495s] running install_lib
[4.500s] running install_data
[4.503s] running install_egg_info
[4.510s] removing '/home/ubuntu/Old_LV/aarush_ros/install/rf_package/lib/python3.10/site-packages/rf_package-0.0.0-py3.10.egg-info' (and everything under it)
[4.511s] Copying ../../build/rf_package/rf_package.egg-info to /home/ubuntu/Old_LV/aarush_ros/install/rf_package/lib/python3.10/site-packages/rf_package-0.0.0-py3.10.egg-info
[4.516s] running install_scripts
[4.598s] Installing rf_node script to /home/ubuntu/Old_LV/aarush_ros/install/rf_package/lib/rf_package
[4.599s] writing list of installed files to '/home/ubuntu/Old_LV/aarush_ros/build/rf_package/install.log'
[4.744s] Invoked command in '/home/ubuntu/Old_LV/aarush_ros/src/rf_package' returned '0': PYTHONPATH=/home/ubuntu/Old_LV/aarush_ros/build/rf_package/prefix_override:/home/ubuntu/Old_LV/aarush_ros/install/rf_package/lib/python3.10/site-packages:${PYTHONPATH} /usr/bin/python3 setup.py egg_info --egg-base ../../build/rf_package build --build-base /home/ubuntu/Old_LV/aarush_ros/build/rf_package/build install --record /home/ubuntu/Old_LV/aarush_ros/build/rf_package/install.log --single-version-externally-managed
